model_out:  ./checkpoint/cifar10_vgg_adv
==> Preparing data..
Files already downloaded and verified
Training data will be SHUFFLED
Files already downloaded and verified
running experiment with mixup_in_epoch=0, hidden_in_epoch=5, mixup_alpha=1.0
Epoch: 0
batch idx 55 hidden train
batch idx 165 hidden train
batch idx 167 hidden train
batch idx 206 hidden train
batch idx 306 hidden train
5140 torch.Size([50000]) tensor(64.4385, device='cuda:0')
[TRAIN] Acc: 10.000
[TEST] Acc: 10.000
Epoch: 1
batch idx 71 hidden train
batch idx 126 hidden train
batch idx 151 hidden train
batch idx 267 hidden train
batch idx 270 hidden train
4768 torch.Size([50000]) tensor(48.2679, device='cuda:0')
[TRAIN] Acc: 10.000
[TEST] Acc: 10.000
Epoch: 2
batch idx 14 hidden train
batch idx 91 hidden train
batch idx 174 hidden train
batch idx 343 hidden train
batch idx 360 hidden train
4960 torch.Size([50000]) tensor(48.2337, device='cuda:0')
[TRAIN] Acc: 13.750
[TEST] Acc: 10.000
Epoch: 3
batch idx 108 hidden train
batch idx 177 hidden train
batch idx 209 hidden train
batch idx 324 hidden train
batch idx 356 hidden train
4965 torch.Size([50000]) tensor(91.2316, device='cuda:0')
[TRAIN] Acc: 11.250
[TEST] Acc: 12.420
Epoch: 4
batch idx 77 hidden train
batch idx 96 hidden train
batch idx 181 hidden train
batch idx 283 hidden train
batch idx 338 hidden train
5320 torch.Size([50000]) tensor(107.0900, device='cuda:0')
[TRAIN] Acc: 13.750
[TEST] Acc: 12.490
Epoch: 5
batch idx 81 hidden train
batch idx 89 hidden train
batch idx 205 hidden train
batch idx 231 hidden train
batch idx 359 hidden train
5323 torch.Size([50000]) tensor(191.3614, device='cuda:0')
[TRAIN] Acc: 7.500
[TEST] Acc: 10.000
Epoch: 6
batch idx 18 hidden train
batch idx 44 hidden train
batch idx 134 hidden train
batch idx 179 hidden train
batch idx 341 hidden train
6031 torch.Size([50000]) tensor(205.6848, device='cuda:0')
[TRAIN] Acc: 18.750
[TEST] Acc: 18.900
Epoch: 7
batch idx 114 hidden train
batch idx 171 hidden train
batch idx 213 hidden train
batch idx 286 hidden train
batch idx 386 hidden train
6319 torch.Size([50000]) tensor(279.7788, device='cuda:0')
[TRAIN] Acc: 8.750
[TEST] Acc: 12.930
Epoch: 8
batch idx 24 hidden train
batch idx 57 hidden train
batch idx 303 hidden train
batch idx 322 hidden train
batch idx 375 hidden train
7815 torch.Size([50000]) tensor(180.4530, device='cuda:0')
[TRAIN] Acc: 23.750
[TEST] Acc: 21.320
Epoch: 9
batch idx 121 hidden train
batch idx 176 hidden train
batch idx 220 hidden train
batch idx 291 hidden train
batch idx 304 hidden train
9648 torch.Size([50000]) tensor(269.5690, device='cuda:0')
[TRAIN] Acc: 20.000
[TEST] Acc: 22.980
Epoch: 10
batch idx 29 hidden train
batch idx 257 hidden train
batch idx 270 hidden train
batch idx 290 hidden train
batch idx 389 hidden train
11184 torch.Size([50000]) tensor(244.2675, device='cuda:0')
[TRAIN] Acc: 27.500
[TEST] Acc: 30.800
Epoch: 11
batch idx 29 hidden train
batch idx 67 hidden train
batch idx 149 hidden train
batch idx 261 hidden train
batch idx 346 hidden train
11877 torch.Size([50000]) tensor(301.6507, device='cuda:0')
[TRAIN] Acc: 26.250
[TEST] Acc: 29.840
Epoch: 12
batch idx 55 hidden train
batch idx 132 hidden train
batch idx 250 hidden train
batch idx 282 hidden train
batch idx 364 hidden train
13448 torch.Size([50000]) tensor(275.7781, device='cuda:0')
[TRAIN] Acc: 38.750
[TEST] Acc: 31.650
Epoch: 13
batch idx 104 hidden train
batch idx 108 hidden train
batch idx 189 hidden train
batch idx 274 hidden train
batch idx 289 hidden train
14854 torch.Size([50000]) tensor(295.8635, device='cuda:0')
[TRAIN] Acc: 37.500
[TEST] Acc: 38.110
Epoch: 14
batch idx 64 hidden train
batch idx 143 hidden train
batch idx 268 hidden train
batch idx 295 hidden train
batch idx 329 hidden train
16466 torch.Size([50000]) tensor(324.6933, device='cuda:0')
[TRAIN] Acc: 46.250
[TEST] Acc: 39.660
Epoch: 15
batch idx 128 hidden train
batch idx 216 hidden train
batch idx 267 hidden train
batch idx 308 hidden train
batch idx 351 hidden train
17661 torch.Size([50000]) tensor(334.6440, device='cuda:0')
[TRAIN] Acc: 36.250
[TEST] Acc: 40.570
Epoch: 16
batch idx 10 hidden train
batch idx 19 hidden train
batch idx 72 hidden train
batch idx 343 hidden train
batch idx 348 hidden train
19125 torch.Size([50000]) tensor(328.3203, device='cuda:0')
[TRAIN] Acc: 40.000
[TEST] Acc: 48.120
Epoch: 17
batch idx 52 hidden train
batch idx 56 hidden train
batch idx 94 hidden train
batch idx 109 hidden train
batch idx 192 hidden train
20356 torch.Size([50000]) tensor(344.9181, device='cuda:0')
[TRAIN] Acc: 56.250
[TEST] Acc: 54.070
Epoch: 18
batch idx 91 hidden train
batch idx 209 hidden train
batch idx 218 hidden train
batch idx 257 hidden train
batch idx 354 hidden train
22390 torch.Size([50000]) tensor(361.2849, device='cuda:0')
[TRAIN] Acc: 61.250
[TEST] Acc: 55.600
Epoch: 19
batch idx 237 hidden train
batch idx 250 hidden train
batch idx 276 hidden train
batch idx 360 hidden train
batch idx 377 hidden train
23456 torch.Size([50000]) tensor(467.7029, device='cuda:0')
[TRAIN] Acc: 60.000
[TEST] Acc: 58.480
Epoch: 20
batch idx 9 hidden train
batch idx 15 hidden train
batch idx 30 hidden train
batch idx 97 hidden train
batch idx 225 hidden train
24479 torch.Size([50000]) tensor(383.3220, device='cuda:0')
[TRAIN] Acc: 51.250
[TEST] Acc: 61.620
Epoch: 21
batch idx 49 hidden train
batch idx 149 hidden train
batch idx 183 hidden train
batch idx 201 hidden train
batch idx 266 hidden train
24342 torch.Size([50000]) tensor(385.0297, device='cuda:0')
[TRAIN] Acc: 62.500
[TEST] Acc: 60.890
Epoch: 22
batch idx 210 hidden train
batch idx 283 hidden train
batch idx 291 hidden train
batch idx 324 hidden train
batch idx 365 hidden train
25356 torch.Size([50000]) tensor(425.3743, device='cuda:0')
[TRAIN] Acc: 62.500
[TEST] Acc: 62.060
Epoch: 23
batch idx 8 hidden train
batch idx 92 hidden train
batch idx 260 hidden train
batch idx 346 hidden train
batch idx 356 hidden train
25933 torch.Size([50000]) tensor(413.4977, device='cuda:0')
[TRAIN] Acc: 63.750
[TEST] Acc: 63.220
Epoch: 24
batch idx 56 hidden train
batch idx 68 hidden train
batch idx 163 hidden train
batch idx 176 hidden train
batch idx 203 hidden train
25827 torch.Size([50000]) tensor(434.0998, device='cuda:0')
[TRAIN] Acc: 75.000
[TEST] Acc: 68.280
Epoch: 25
batch idx 100 hidden train
batch idx 172 hidden train
batch idx 190 hidden train
batch idx 292 hidden train
batch idx 325 hidden train
27440 torch.Size([50000]) tensor(428.5395, device='cuda:0')
[TRAIN] Acc: 66.250
[TEST] Acc: 64.490
Epoch: 26
batch idx 81 hidden train
batch idx 184 hidden train
batch idx 239 hidden train
batch idx 294 hidden train
batch idx 354 hidden train
27425 torch.Size([50000]) tensor(483.5042, device='cuda:0')
[TRAIN] Acc: 71.250
[TEST] Acc: 69.430
Epoch: 27
batch idx 38 hidden train
batch idx 44 hidden train
batch idx 127 hidden train
batch idx 261 hidden train
batch idx 365 hidden train
28579 torch.Size([50000]) tensor(439.4281, device='cuda:0')
[TRAIN] Acc: 76.250
[TEST] Acc: 66.750
Epoch: 28
batch idx 77 hidden train
batch idx 161 hidden train
batch idx 172 hidden train
batch idx 255 hidden train
batch idx 283 hidden train
27997 torch.Size([50000]) tensor(434.8024, device='cuda:0')
[TRAIN] Acc: 67.500
[TEST] Acc: 68.490
Epoch: 29
batch idx 84 hidden train
batch idx 186 hidden train
batch idx 273 hidden train
batch idx 301 hidden train
batch idx 379 hidden train
28554 torch.Size([50000]) tensor(481.8876, device='cuda:0')
[TRAIN] Acc: 73.750
[TEST] Acc: 67.600
Epoch: 30
batch idx 41 hidden train
batch idx 82 hidden train
batch idx 125 hidden train
batch idx 238 hidden train
batch idx 294 hidden train
29158 torch.Size([50000]) tensor(441.5859, device='cuda:0')
[TRAIN] Acc: 80.000
[TEST] Acc: 70.740
Epoch: 31
batch idx 181 hidden train
batch idx 200 hidden train
batch idx 231 hidden train
batch idx 233 hidden train
batch idx 263 hidden train
29458 torch.Size([50000]) tensor(459.1589, device='cuda:0')
[TRAIN] Acc: 71.250
[TEST] Acc: 75.000
Epoch: 32
batch idx 119 hidden train
batch idx 134 hidden train
batch idx 169 hidden train
batch idx 219 hidden train
batch idx 281 hidden train
29108 torch.Size([50000]) tensor(460.7776, device='cuda:0')
[TRAIN] Acc: 72.500
[TEST] Acc: 70.780
Epoch: 33
batch idx 107 hidden train
batch idx 161 hidden train
batch idx 248 hidden train
batch idx 369 hidden train
batch idx 374 hidden train
29196 torch.Size([50000]) tensor(455.1705, device='cuda:0')
[TRAIN] Acc: 80.000
[TEST] Acc: 68.180
Epoch: 34
batch idx 13 hidden train
batch idx 236 hidden train
batch idx 246 hidden train
batch idx 339 hidden train
batch idx 388 hidden train
29652 torch.Size([50000]) tensor(476.7523, device='cuda:0')
[TRAIN] Acc: 75.000
[TEST] Acc: 67.990
Epoch: 35
batch idx 139 hidden train
batch idx 151 hidden train
batch idx 277 hidden train
batch idx 317 hidden train
batch idx 358 hidden train
29522 torch.Size([50000]) tensor(486.0214, device='cuda:0')
[TRAIN] Acc: 72.500
[TEST] Acc: 74.220
Epoch: 36
batch idx 27 hidden train
batch idx 60 hidden train
batch idx 128 hidden train
batch idx 195 hidden train
batch idx 327 hidden train
29890 torch.Size([50000]) tensor(422.5272, device='cuda:0')
[TRAIN] Acc: 78.750
[TEST] Acc: 72.950
Epoch: 37
batch idx 57 hidden train
batch idx 85 hidden train
batch idx 257 hidden train
batch idx 298 hidden train
batch idx 341 hidden train
30107 torch.Size([50000]) tensor(457.8089, device='cuda:0')
[TRAIN] Acc: 81.250
[TEST] Acc: 77.880
Epoch: 38
batch idx 163 hidden train
batch idx 175 hidden train
batch idx 194 hidden train
batch idx 273 hidden train
batch idx 307 hidden train
31028 torch.Size([50000]) tensor(484.0424, device='cuda:0')
[TRAIN] Acc: 81.250
[TEST] Acc: 72.930
Epoch: 39
batch idx 7 hidden train
batch idx 80 hidden train
batch idx 185 hidden train
batch idx 275 hidden train
batch idx 387 hidden train
30071 torch.Size([50000]) tensor(439.3175, device='cuda:0')
[TRAIN] Acc: 81.250
[TEST] Acc: 72.630
Epoch: 40
batch idx 76 hidden train
batch idx 161 hidden train
batch idx 197 hidden train
batch idx 215 hidden train
batch idx 326 hidden train
30799 torch.Size([50000]) tensor(455.3536, device='cuda:0')
[TRAIN] Acc: 76.250
[TEST] Acc: 64.200
Epoch: 41
batch idx 38 hidden train
batch idx 73 hidden train
batch idx 168 hidden train
batch idx 333 hidden train
batch idx 364 hidden train
30993 torch.Size([50000]) tensor(455.5286, device='cuda:0')
[TRAIN] Acc: 83.750
[TEST] Acc: 76.500
Epoch: 42
batch idx 54 hidden train
batch idx 72 hidden train
batch idx 133 hidden train
batch idx 245 hidden train
batch idx 264 hidden train
30902 torch.Size([50000]) tensor(464.6948, device='cuda:0')
[TRAIN] Acc: 81.250
[TEST] Acc: 72.190
Epoch: 43
batch idx 72 hidden train
batch idx 84 hidden train
batch idx 122 hidden train
batch idx 304 hidden train
batch idx 330 hidden train
30951 torch.Size([50000]) tensor(544.0406, device='cuda:0')
[TRAIN] Acc: 78.750
[TEST] Acc: 68.800
Epoch: 44
batch idx 121 hidden train
batch idx 175 hidden train
batch idx 225 hidden train
batch idx 250 hidden train
batch idx 361 hidden train
30701 torch.Size([50000]) tensor(528.6306, device='cuda:0')
[TRAIN] Acc: 75.000
[TEST] Acc: 73.810
Epoch: 45
batch idx 118 hidden train
batch idx 139 hidden train
batch idx 158 hidden train
batch idx 307 hidden train
batch idx 312 hidden train
31425 torch.Size([50000]) tensor(522.0432, device='cuda:0')
[TRAIN] Acc: 80.000
[TEST] Acc: 75.150
Epoch: 46
batch idx 273 hidden train
batch idx 276 hidden train
batch idx 299 hidden train
batch idx 353 hidden train
batch idx 356 hidden train
31585 torch.Size([50000]) tensor(483.4095, device='cuda:0')
[TRAIN] Acc: 81.250
[TEST] Acc: 78.940
Epoch: 47
batch idx 139 hidden train
batch idx 229 hidden train
batch idx 314 hidden train
batch idx 316 hidden train
batch idx 366 hidden train
31913 torch.Size([50000]) tensor(520.6013, device='cuda:0')
[TRAIN] Acc: 68.750
[TEST] Acc: 73.080
Epoch: 48
batch idx 36 hidden train
batch idx 174 hidden train
batch idx 242 hidden train
batch idx 335 hidden train
batch idx 388 hidden train
30961 torch.Size([50000]) tensor(500.0690, device='cuda:0')
[TRAIN] Acc: 73.750
[TEST] Acc: 70.730
Epoch: 49
batch idx 23 hidden train
batch idx 69 hidden train
batch idx 256 hidden train
batch idx 305 hidden train
batch idx 309 hidden train
31974 torch.Size([50000]) tensor(471.8620, device='cuda:0')
[TRAIN] Acc: 80.000
[TEST] Acc: 75.550
Epoch: 50
batch idx 225 hidden train
batch idx 292 hidden train
batch idx 345 hidden train
batch idx 378 hidden train
batch idx 383 hidden train
31890 torch.Size([50000]) tensor(463.1820, device='cuda:0')
[TRAIN] Acc: 76.250
[TEST] Acc: 76.290
Epoch: 51
batch idx 86 hidden train
batch idx 108 hidden train
batch idx 280 hidden train
batch idx 303 hidden train
batch idx 342 hidden train
32351 torch.Size([50000]) tensor(483.0840, device='cuda:0')
[TRAIN] Acc: 70.000
[TEST] Acc: 74.660
Epoch: 52
batch idx 34 hidden train
batch idx 76 hidden train
batch idx 163 hidden train
batch idx 309 hidden train
batch idx 382 hidden train
31681 torch.Size([50000]) tensor(483.3385, device='cuda:0')
[TRAIN] Acc: 72.500
[TEST] Acc: 68.890
Epoch: 53
batch idx 12 hidden train
batch idx 147 hidden train
batch idx 196 hidden train
batch idx 226 hidden train
batch idx 283 hidden train
31565 torch.Size([50000]) tensor(482.3905, device='cuda:0')
[TRAIN] Acc: 90.000
[TEST] Acc: 76.810
Epoch: 54
batch idx 48 hidden train
batch idx 102 hidden train
batch idx 159 hidden train
batch idx 179 hidden train
batch idx 379 hidden train
32413 torch.Size([50000]) tensor(502.7348, device='cuda:0')
[TRAIN] Acc: 80.000
[TEST] Acc: 78.430
Epoch: 55
batch idx 160 hidden train
batch idx 191 hidden train
batch idx 246 hidden train
batch idx 296 hidden train
batch idx 382 hidden train
31724 torch.Size([50000]) tensor(459.7530, device='cuda:0')
[TRAIN] Acc: 78.750
[TEST] Acc: 79.340
Epoch: 56
batch idx 16 hidden train
batch idx 198 hidden train
batch idx 252 hidden train
batch idx 286 hidden train
batch idx 377 hidden train
32901 torch.Size([50000]) tensor(495.9879, device='cuda:0')
[TRAIN] Acc: 83.750
[TEST] Acc: 79.420
Epoch: 57
batch idx 18 hidden train
batch idx 108 hidden train
batch idx 153 hidden train
batch idx 337 hidden train
batch idx 353 hidden train
31886 torch.Size([50000]) tensor(468.7061, device='cuda:0')
[TRAIN] Acc: 83.750
[TEST] Acc: 74.090
Epoch: 58
batch idx 63 hidden train
batch idx 81 hidden train
batch idx 112 hidden train
batch idx 129 hidden train
batch idx 210 hidden train
32431 torch.Size([50000]) tensor(533.0302, device='cuda:0')
[TRAIN] Acc: 78.750
[TEST] Acc: 78.540
Epoch: 59
batch idx 78 hidden train
batch idx 135 hidden train
batch idx 158 hidden train
batch idx 215 hidden train
batch idx 228 hidden train
32642 torch.Size([50000]) tensor(521.1271, device='cuda:0')
[TRAIN] Acc: 82.500
[TEST] Acc: 74.210
Epoch: 60
batch idx 38 hidden train
batch idx 87 hidden train
batch idx 272 hidden train
batch idx 274 hidden train
batch idx 361 hidden train
32449 torch.Size([50000]) tensor(537.5103, device='cuda:0')
[TRAIN] Acc: 86.250
[TEST] Acc: 80.090
Epoch: 61
batch idx 25 hidden train
batch idx 47 hidden train
batch idx 254 hidden train
batch idx 272 hidden train
batch idx 295 hidden train
32543 torch.Size([50000]) tensor(523.7864, device='cuda:0')
[TRAIN] Acc: 77.500
[TEST] Acc: 77.370
0.03,0.3092
Epoch: 62
batch idx 34 hidden train
batch idx 36 hidden train
batch idx 115 hidden train
batch idx 169 hidden train
batch idx 243 hidden train
31321 torch.Size([50000]) tensor(512.9955, device='cuda:0')
[TRAIN] Acc: 80.000
[TEST] Acc: 77.240
0.03,0.311
Epoch: 63
batch idx 2 hidden train
batch idx 45 hidden train
batch idx 164 hidden train
batch idx 303 hidden train
batch idx 381 hidden train
33381 torch.Size([50000]) tensor(528.8896, device='cuda:0')
[TRAIN] Acc: 90.000
[TEST] Acc: 80.080
0.03,0.3275
Epoch: 64
batch idx 257 hidden train
batch idx 267 hidden train
batch idx 268 hidden train
batch idx 270 hidden train
batch idx 357 hidden train
32321 torch.Size([50000]) tensor(530.2266, device='cuda:0')
[TRAIN] Acc: 82.500
[TEST] Acc: 72.490
0.03,0.3221
Epoch: 65
batch idx 196 hidden train
batch idx 227 hidden train
batch idx 240 hidden train
batch idx 257 hidden train
batch idx 355 hidden train
32928 torch.Size([50000]) tensor(507.3635, device='cuda:0')
[TRAIN] Acc: 81.250
[TEST] Acc: 75.320
0.03,0.328
Epoch: 66
batch idx 69 hidden train
batch idx 103 hidden train
batch idx 313 hidden train
batch idx 335 hidden train
batch idx 358 hidden train
33223 torch.Size([50000]) tensor(486.4254, device='cuda:0')
[TRAIN] Acc: 83.750
[TEST] Acc: 79.800
0.03,0.3581
Epoch: 67
batch idx 105 hidden train
batch idx 116 hidden train
batch idx 168 hidden train
batch idx 189 hidden train
batch idx 332 hidden train
32812 torch.Size([50000]) tensor(522.8549, device='cuda:0')
[TRAIN] Acc: 81.250
[TEST] Acc: 79.670
0.03,0.3019
Epoch: 68
batch idx 46 hidden train
batch idx 123 hidden train
batch idx 147 hidden train
batch idx 262 hidden train
batch idx 330 hidden train
32459 torch.Size([50000]) tensor(536.9236, device='cuda:0')
[TRAIN] Acc: 86.250
[TEST] Acc: 76.950
0.03,0.3379
Epoch: 69
batch idx 143 hidden train
batch idx 208 hidden train
batch idx 229 hidden train
batch idx 299 hidden train
batch idx 349 hidden train
33122 torch.Size([50000]) tensor(505.2451, device='cuda:0')
[TRAIN] Acc: 75.000
[TEST] Acc: 80.940
0.03,0.369
Epoch: 70
batch idx 70 hidden train
batch idx 79 hidden train
batch idx 116 hidden train
batch idx 190 hidden train
batch idx 249 hidden train
33004 torch.Size([50000]) tensor(500.5488, device='cuda:0')
[TRAIN] Acc: 83.750
[TEST] Acc: 78.750
0.03,0.3557
Epoch: 71
batch idx 58 hidden train
batch idx 68 hidden train
batch idx 172 hidden train
batch idx 210 hidden train
batch idx 369 hidden train
33219 torch.Size([50000]) tensor(518.0294, device='cuda:0')
[TRAIN] Acc: 85.000
[TEST] Acc: 77.030
0.03,0.318
Epoch: 72
batch idx 35 hidden train
batch idx 114 hidden train
batch idx 203 hidden train
batch idx 251 hidden train
batch idx 273 hidden train
32551 torch.Size([50000]) tensor(535.5645, device='cuda:0')
[TRAIN] Acc: 81.250
[TEST] Acc: 78.370
0.03,0.3162
Epoch: 73
batch idx 19 hidden train
batch idx 32 hidden train
batch idx 73 hidden train
batch idx 224 hidden train
batch idx 262 hidden train
33481 torch.Size([50000]) tensor(505.2687, device='cuda:0')
[TRAIN] Acc: 87.500
[TEST] Acc: 76.420
0.03,0.3512
Epoch: 74
batch idx 44 hidden train
batch idx 192 hidden train
batch idx 283 hidden train
batch idx 334 hidden train
batch idx 353 hidden train
32335 torch.Size([50000]) tensor(514.5555, device='cuda:0')
[TRAIN] Acc: 83.750
[TEST] Acc: 74.470
0.03,0.3235
Epoch: 75
batch idx 45 hidden train
batch idx 105 hidden train
batch idx 128 hidden train
batch idx 186 hidden train
batch idx 253 hidden train
33366 torch.Size([50000]) tensor(502.1115, device='cuda:0')
[TRAIN] Acc: 82.500
[TEST] Acc: 76.980
0.03,0.3345
Epoch: 76
batch idx 95 hidden train
batch idx 229 hidden train
batch idx 246 hidden train
batch idx 267 hidden train
batch idx 278 hidden train
33063 torch.Size([50000]) tensor(549.2905, device='cuda:0')
[TRAIN] Acc: 85.000
[TEST] Acc: 80.200
0.03,0.3501
Epoch: 77
batch idx 128 hidden train
batch idx 182 hidden train
batch idx 211 hidden train
batch idx 222 hidden train
batch idx 300 hidden train
33572 torch.Size([50000]) tensor(531.1701, device='cuda:0')
[TRAIN] Acc: 81.250
[TEST] Acc: 78.930
0.03,0.3289
Epoch: 78
batch idx 99 hidden train
batch idx 152 hidden train
batch idx 208 hidden train
batch idx 336 hidden train
batch idx 362 hidden train
33434 torch.Size([50000]) tensor(521.0083, device='cuda:0')
[TRAIN] Acc: 83.750
[TEST] Acc: 76.100
0.03,0.297
Epoch: 79
batch idx 6 hidden train
batch idx 144 hidden train
batch idx 281 hidden train
batch idx 340 hidden train
batch idx 386 hidden train
32893 torch.Size([50000]) tensor(508.4708, device='cuda:0')
[TRAIN] Acc: 78.750
[TEST] Acc: 76.330
0.03,0.3198
Epoch: 80
batch idx 81 hidden train
batch idx 170 hidden train
batch idx 199 hidden train
batch idx 235 hidden train
batch idx 341 hidden train
39505 torch.Size([50000]) tensor(555.7992, device='cuda:0')
[TRAIN] Acc: 81.250
[TEST] Acc: 85.930
0.03,0.4284
Epoch: 81
batch idx 130 hidden train
batch idx 144 hidden train
batch idx 162 hidden train
batch idx 220 hidden train
batch idx 351 hidden train
40031 torch.Size([50000]) tensor(627.1022, device='cuda:0')
[TRAIN] Acc: 76.250
[TEST] Acc: 86.010
0.03,0.54
Epoch: 82
batch idx 12 hidden train
batch idx 82 hidden train
batch idx 282 hidden train
batch idx 371 hidden train
batch idx 385 hidden train
39607 torch.Size([50000]) tensor(664.1240, device='cuda:0')
[TRAIN] Acc: 82.500
[TEST] Acc: 86.340
0.03,0.5604
Epoch: 83
batch idx 148 hidden train
batch idx 159 hidden train
batch idx 282 hidden train
batch idx 341 hidden train
batch idx 368 hidden train
39156 torch.Size([50000]) tensor(839.0290, device='cuda:0')
[TRAIN] Acc: 82.500
[TEST] Acc: 85.930
0.03,0.5444
Epoch: 84
batch idx 24 hidden train
batch idx 40 hidden train
batch idx 233 hidden train
batch idx 244 hidden train
batch idx 333 hidden train
38756 torch.Size([50000]) tensor(736.7070, device='cuda:0')
[TRAIN] Acc: 83.750
[TEST] Acc: 85.140
0.03,0.5714
Epoch: 85
batch idx 191 hidden train
batch idx 228 hidden train
batch idx 301 hidden train
batch idx 330 hidden train
batch idx 379 hidden train
38730 torch.Size([50000]) tensor(803.8925, device='cuda:0')
[TRAIN] Acc: 82.500
[TEST] Acc: 84.870
0.03,0.5316
Epoch: 86
batch idx 149 hidden train
batch idx 184 hidden train
batch idx 259 hidden train
batch idx 283 hidden train
batch idx 385 hidden train
38187 torch.Size([50000]) tensor(832.3566, device='cuda:0')
[TRAIN] Acc: 82.500
[TEST] Acc: 84.840
0.03,0.5647
Epoch: 87
batch idx 13 hidden train
batch idx 40 hidden train
batch idx 87 hidden train
batch idx 257 hidden train
batch idx 269 hidden train
38407 torch.Size([50000]) tensor(852.4500, device='cuda:0')
[TRAIN] Acc: 85.000
[TEST] Acc: 84.840
0.03,0.5765
Epoch: 88
batch idx 66 hidden train
batch idx 90 hidden train
batch idx 228 hidden train
batch idx 364 hidden train
batch idx 384 hidden train
38923 torch.Size([50000]) tensor(848.3732, device='cuda:0')
[TRAIN] Acc: 87.500
[TEST] Acc: 85.250
0.03,0.58
Epoch: 89
batch idx 163 hidden train
batch idx 167 hidden train
batch idx 289 hidden train
batch idx 325 hidden train
batch idx 334 hidden train
37977 torch.Size([50000]) tensor(834.3622, device='cuda:0')
[TRAIN] Acc: 88.750
[TEST] Acc: 84.850
0.03,0.5818
Epoch: 90
batch idx 33 hidden train
batch idx 110 hidden train
batch idx 169 hidden train
batch idx 238 hidden train
batch idx 386 hidden train
39182 torch.Size([50000]) tensor(809.2755, device='cuda:0')
[TRAIN] Acc: 88.750
[TEST] Acc: 85.390
0.03,0.6147
Epoch: 91
batch idx 16 hidden train
batch idx 50 hidden train
batch idx 97 hidden train
batch idx 305 hidden train
batch idx 363 hidden train
38960 torch.Size([50000]) tensor(858.7202, device='cuda:0')
[TRAIN] Acc: 92.500
[TEST] Acc: 85.360
0.03,0.6173
Epoch: 92
batch idx 110 hidden train
batch idx 216 hidden train
batch idx 245 hidden train
batch idx 298 hidden train
batch idx 355 hidden train
39207 torch.Size([50000]) tensor(838.5523, device='cuda:0')
[TRAIN] Acc: 90.000
[TEST] Acc: 84.650
0.03,0.6018
Epoch: 93
batch idx 26 hidden train
batch idx 196 hidden train
batch idx 240 hidden train
batch idx 309 hidden train
batch idx 332 hidden train
39137 torch.Size([50000]) tensor(823.2410, device='cuda:0')
[TRAIN] Acc: 86.250
[TEST] Acc: 85.240
0.03,0.6071
Epoch: 94
batch idx 44 hidden train
batch idx 251 hidden train
batch idx 289 hidden train
batch idx 367 hidden train
batch idx 378 hidden train
39351 torch.Size([50000]) tensor(844.5521, device='cuda:0')
[TRAIN] Acc: 86.250
[TEST] Acc: 85.580
0.03,0.5833
Epoch: 95
batch idx 23 hidden train
batch idx 49 hidden train
batch idx 298 hidden train
batch idx 312 hidden train
batch idx 336 hidden train
39048 torch.Size([50000]) tensor(865.9323, device='cuda:0')
[TRAIN] Acc: 88.750
[TEST] Acc: 84.980
0.03,0.5989
Epoch: 96
batch idx 87 hidden train
batch idx 189 hidden train
batch idx 195 hidden train
batch idx 202 hidden train
batch idx 327 hidden train
39110 torch.Size([50000]) tensor(900.2607, device='cuda:0')
[TRAIN] Acc: 91.250
[TEST] Acc: 85.700
0.03,0.5953
Epoch: 97
batch idx 82 hidden train
batch idx 120 hidden train
batch idx 193 hidden train
batch idx 269 hidden train
batch idx 309 hidden train
39541 torch.Size([50000]) tensor(862.0616, device='cuda:0')
[TRAIN] Acc: 87.500
[TEST] Acc: 85.890
0.03,0.5653
Epoch: 98
batch idx 10 hidden train
batch idx 32 hidden train
batch idx 44 hidden train
batch idx 65 hidden train
batch idx 271 hidden train
38685 torch.Size([50000]) tensor(850.4068, device='cuda:0')
[TRAIN] Acc: 85.000
[TEST] Acc: 84.900
0.03,0.5724
Epoch: 99
batch idx 57 hidden train
batch idx 205 hidden train
batch idx 252 hidden train
batch idx 341 hidden train
batch idx 387 hidden train
39030 torch.Size([50000]) tensor(826.5511, device='cuda:0')
[TRAIN] Acc: 86.250
[TEST] Acc: 85.180
0.03,0.5742
Epoch: 100
batch idx 33 hidden train
batch idx 190 hidden train
batch idx 239 hidden train
batch idx 242 hidden train
batch idx 385 hidden train
39769 torch.Size([50000]) tensor(837.4907, device='cuda:0')
[TRAIN] Acc: 91.250
[TEST] Acc: 84.730
0.03,0.5976
Epoch: 101
batch idx 91 hidden train
batch idx 110 hidden train
batch idx 138 hidden train
batch idx 218 hidden train
batch idx 387 hidden train
39306 torch.Size([50000]) tensor(829.2618, device='cuda:0')
[TRAIN] Acc: 86.250
[TEST] Acc: 86.090
0.03,0.5638
Epoch: 102
batch idx 133 hidden train
batch idx 188 hidden train
batch idx 224 hidden train
batch idx 258 hidden train
batch idx 361 hidden train
39422 torch.Size([50000]) tensor(811.1690, device='cuda:0')
[TRAIN] Acc: 85.000
[TEST] Acc: 85.790
0.03,0.5957
Epoch: 103
batch idx 13 hidden train
batch idx 96 hidden train
batch idx 110 hidden train
batch idx 329 hidden train
batch idx 336 hidden train
39542 torch.Size([50000]) tensor(865.8163, device='cuda:0')
[TRAIN] Acc: 83.750
[TEST] Acc: 85.330
0.03,0.5465
Epoch: 104
batch idx 58 hidden train
batch idx 75 hidden train
batch idx 93 hidden train
batch idx 109 hidden train
batch idx 276 hidden train
39138 torch.Size([50000]) tensor(867.9584, device='cuda:0')
[TRAIN] Acc: 92.500
[TEST] Acc: 84.690
0.03,0.5917
Epoch: 105
batch idx 55 hidden train
batch idx 98 hidden train
batch idx 161 hidden train
batch idx 204 hidden train
batch idx 236 hidden train
39349 torch.Size([50000]) tensor(818.3238, device='cuda:0')
[TRAIN] Acc: 87.500
[TEST] Acc: 85.480
0.03,0.5958
Epoch: 106
batch idx 28 hidden train
batch idx 29 hidden train
batch idx 111 hidden train
batch idx 240 hidden train
batch idx 324 hidden train
39279 torch.Size([50000]) tensor(813.9542, device='cuda:0')
[TRAIN] Acc: 87.500
[TEST] Acc: 85.500
0.03,0.6177
Epoch: 107
batch idx 56 hidden train
batch idx 161 hidden train
batch idx 263 hidden train
batch idx 320 hidden train
batch idx 365 hidden train
39995 torch.Size([50000]) tensor(826.1404, device='cuda:0')
[TRAIN] Acc: 90.000
[TEST] Acc: 85.860
0.03,0.592
Epoch: 108
batch idx 46 hidden train
batch idx 62 hidden train
batch idx 135 hidden train
batch idx 267 hidden train
batch idx 316 hidden train
39673 torch.Size([50000]) tensor(845.7705, device='cuda:0')
[TRAIN] Acc: 85.000
[TEST] Acc: 86.000
0.03,0.6055
Epoch: 109
batch idx 11 hidden train
batch idx 54 hidden train
batch idx 213 hidden train
batch idx 266 hidden train
batch idx 340 hidden train
39306 torch.Size([50000]) tensor(829.5148, device='cuda:0')
[TRAIN] Acc: 81.250
[TEST] Acc: 85.650
0.03,0.6337
Epoch: 110
batch idx 58 hidden train
batch idx 68 hidden train
batch idx 127 hidden train
batch idx 137 hidden train
batch idx 311 hidden train
39582 torch.Size([50000]) tensor(845.6948, device='cuda:0')
[TRAIN] Acc: 83.750
[TEST] Acc: 85.560
0.03,0.5889
Epoch: 111
batch idx 10 hidden train
batch idx 53 hidden train
batch idx 196 hidden train
batch idx 313 hidden train
batch idx 346 hidden train
39377 torch.Size([50000]) tensor(862.3471, device='cuda:0')
[TRAIN] Acc: 90.000
[TEST] Acc: 85.410
0.03,0.5289
Epoch: 112
batch idx 42 hidden train
batch idx 206 hidden train
batch idx 216 hidden train
batch idx 305 hidden train
batch idx 324 hidden train
39326 torch.Size([50000]) tensor(838.4792, device='cuda:0')
[TRAIN] Acc: 91.250
[TEST] Acc: 84.890
0.03,0.5725
Epoch: 113
batch idx 79 hidden train
batch idx 96 hidden train
batch idx 135 hidden train
batch idx 196 hidden train
batch idx 240 hidden train
39612 torch.Size([50000]) tensor(824.1338, device='cuda:0')
[TRAIN] Acc: 88.750
[TEST] Acc: 85.620
0.03,0.6191
Epoch: 114
batch idx 3 hidden train
batch idx 10 hidden train
batch idx 65 hidden train
batch idx 275 hidden train
batch idx 329 hidden train
39828 torch.Size([50000]) tensor(837.0398, device='cuda:0')
[TRAIN] Acc: 91.250
[TEST] Acc: 85.040
0.03,0.6158
Epoch: 115
batch idx 200 hidden train
batch idx 241 hidden train
batch idx 309 hidden train
batch idx 340 hidden train
batch idx 342 hidden train
39705 torch.Size([50000]) tensor(836.8349, device='cuda:0')
[TRAIN] Acc: 90.000
[TEST] Acc: 84.910
0.03,0.6082
Epoch: 116
batch idx 42 hidden train
batch idx 43 hidden train
batch idx 55 hidden train
batch idx 194 hidden train
batch idx 288 hidden train
39960 torch.Size([50000]) tensor(854.3165, device='cuda:0')
[TRAIN] Acc: 86.250
[TEST] Acc: 84.990
0.03,0.587
Epoch: 117
batch idx 58 hidden train
batch idx 96 hidden train
batch idx 220 hidden train
batch idx 283 hidden train
batch idx 331 hidden train
39297 torch.Size([50000]) tensor(857.2283, device='cuda:0')
[TRAIN] Acc: 87.500
[TEST] Acc: 85.180
0.03,0.587
Epoch: 118
batch idx 77 hidden train
batch idx 139 hidden train
batch idx 174 hidden train
batch idx 182 hidden train
batch idx 266 hidden train
40008 torch.Size([50000]) tensor(845.4802, device='cuda:0')
[TRAIN] Acc: 91.250
[TEST] Acc: 85.720
0.03,0.5805
Epoch: 119
batch idx 233 hidden train
batch idx 244 hidden train
batch idx 267 hidden train
batch idx 281 hidden train
batch idx 386 hidden train
39487 torch.Size([50000]) tensor(849.6780, device='cuda:0')
[TRAIN] Acc: 88.750
[TEST] Acc: 85.680
0.03,0.5699
Epoch: 120
batch idx 36 hidden train
batch idx 182 hidden train
batch idx 218 hidden train
batch idx 253 hidden train
batch idx 325 hidden train
39986 torch.Size([50000]) tensor(865.2961, device='cuda:0')
[TRAIN] Acc: 87.500
[TEST] Acc: 85.290
0.03,0.5695
Epoch: 121
batch idx 37 hidden train
batch idx 107 hidden train
batch idx 135 hidden train
batch idx 156 hidden train
batch idx 356 hidden train
39180 torch.Size([50000]) tensor(839.1451, device='cuda:0')
[TRAIN] Acc: 91.250
[TEST] Acc: 84.500
0.03,0.6192
Epoch: 122
batch idx 31 hidden train
batch idx 51 hidden train
batch idx 159 hidden train
batch idx 288 hidden train
batch idx 322 hidden train
39639 torch.Size([50000]) tensor(840.7950, device='cuda:0')
[TRAIN] Acc: 92.500
[TEST] Acc: 85.090
0.03,0.5679
Epoch: 123
batch idx 43 hidden train
batch idx 169 hidden train
batch idx 215 hidden train
batch idx 228 hidden train
batch idx 331 hidden train
39660 torch.Size([50000]) tensor(822.4641, device='cuda:0')
[TRAIN] Acc: 87.500
[TEST] Acc: 85.750
0.03,0.5503
Epoch: 124
batch idx 114 hidden train
batch idx 165 hidden train
batch idx 199 hidden train
batch idx 292 hidden train
batch idx 347 hidden train
39694 torch.Size([50000]) tensor(816.3954, device='cuda:0')
[TRAIN] Acc: 91.250
[TEST] Acc: 85.210
0.03,0.5703
Epoch: 125
batch idx 69 hidden train
batch idx 237 hidden train
batch idx 305 hidden train
batch idx 306 hidden train
batch idx 350 hidden train
40013 torch.Size([50000]) tensor(838.5090, device='cuda:0')
[TRAIN] Acc: 88.750
[TEST] Acc: 85.020
0.03,0.6056
Epoch: 126
batch idx 3 hidden train
batch idx 122 hidden train
batch idx 216 hidden train
batch idx 275 hidden train
batch idx 292 hidden train
40083 torch.Size([50000]) tensor(843.5776, device='cuda:0')
[TRAIN] Acc: 88.750
[TEST] Acc: 85.790
0.03,0.6243
Epoch: 127
batch idx 28 hidden train
batch idx 139 hidden train
batch idx 143 hidden train
batch idx 288 hidden train
batch idx 383 hidden train
39662 torch.Size([50000]) tensor(832.5380, device='cuda:0')
[TRAIN] Acc: 82.500
[TEST] Acc: 84.820
0.03,0.554
Epoch: 128
batch idx 46 hidden train
batch idx 112 hidden train
batch idx 168 hidden train
batch idx 186 hidden train
batch idx 223 hidden train
39483 torch.Size([50000]) tensor(857.6205, device='cuda:0')
[TRAIN] Acc: 88.750
[TEST] Acc: 84.720
0.03,0.5786
Epoch: 129
batch idx 43 hidden train
batch idx 212 hidden train
batch idx 284 hidden train
batch idx 297 hidden train
batch idx 329 hidden train
39459 torch.Size([50000]) tensor(858.0271, device='cuda:0')
[TRAIN] Acc: 88.750
[TEST] Acc: 85.820
0.03,0.598
Epoch: 130
batch idx 4 hidden train
batch idx 52 hidden train
batch idx 58 hidden train
batch idx 174 hidden train
batch idx 255 hidden train
39990 torch.Size([50000]) tensor(851.6562, device='cuda:0')
[TRAIN] Acc: 81.250
[TEST] Acc: 84.920
0.03,0.5618
Epoch: 131
batch idx 37 hidden train
batch idx 91 hidden train
batch idx 114 hidden train
batch idx 166 hidden train
batch idx 193 hidden train
39866 torch.Size([50000]) tensor(846.1100, device='cuda:0')
[TRAIN] Acc: 81.250
[TEST] Acc: 84.690
0.03,0.5694
Epoch: 132
batch idx 60 hidden train
batch idx 201 hidden train
batch idx 259 hidden train
batch idx 335 hidden train
batch idx 360 hidden train
39297 torch.Size([50000]) tensor(870.6560, device='cuda:0')
[TRAIN] Acc: 83.750
[TEST] Acc: 84.530
0.03,0.5632
Epoch: 133
batch idx 33 hidden train
batch idx 78 hidden train
batch idx 142 hidden train
batch idx 160 hidden train
batch idx 330 hidden train
39428 torch.Size([50000]) tensor(819.8113, device='cuda:0')
[TRAIN] Acc: 88.750
[TEST] Acc: 85.020
0.03,0.585
Epoch: 134
batch idx 39 hidden train
batch idx 141 hidden train
batch idx 242 hidden train
batch idx 363 hidden train
batch idx 375 hidden train
40390 torch.Size([50000]) tensor(877.5427, device='cuda:0')
[TRAIN] Acc: 91.250
[TEST] Acc: 85.730
0.03,0.6178
Epoch: 135
batch idx 5 hidden train
batch idx 50 hidden train
batch idx 275 hidden train
batch idx 351 hidden train
batch idx 368 hidden train
39825 torch.Size([50000]) tensor(839.2775, device='cuda:0')
[TRAIN] Acc: 92.500
[TEST] Acc: 85.280
0.03,0.5542
Epoch: 136
batch idx 18 hidden train
batch idx 21 hidden train
batch idx 120 hidden train
batch idx 275 hidden train
batch idx 352 hidden train
39911 torch.Size([50000]) tensor(838.9110, device='cuda:0')
[TRAIN] Acc: 85.000
[TEST] Acc: 85.220
0.03,0.5847
Epoch: 137
batch idx 10 hidden train
batch idx 141 hidden train
batch idx 179 hidden train
batch idx 205 hidden train
batch idx 341 hidden train
39865 torch.Size([50000]) tensor(826.7432, device='cuda:0')
[TRAIN] Acc: 92.500
[TEST] Acc: 85.390
0.03,0.6004
Epoch: 138
batch idx 59 hidden train
batch idx 191 hidden train
batch idx 197 hidden train
batch idx 243 hidden train
batch idx 261 hidden train
40249 torch.Size([50000]) tensor(875.1439, device='cuda:0')
[TRAIN] Acc: 91.250
[TEST] Acc: 85.600
0.03,0.6151
Epoch: 139
batch idx 58 hidden train
batch idx 304 hidden train
batch idx 312 hidden train
batch idx 334 hidden train
batch idx 346 hidden train
40171 torch.Size([50000]) tensor(808.1124, device='cuda:0')
[TRAIN] Acc: 86.250
[TEST] Acc: 84.150
0.03,0.5713
Epoch: 140
batch idx 6 hidden train
batch idx 98 hidden train
batch idx 129 hidden train
batch idx 165 hidden train
batch idx 366 hidden train
41018 torch.Size([50000]) tensor(874.9968, device='cuda:0')
[TRAIN] Acc: 88.750
[TEST] Acc: 85.670
0.03,0.6487
Epoch: 141
batch idx 124 hidden train
batch idx 141 hidden train
batch idx 204 hidden train
batch idx 284 hidden train
batch idx 328 hidden train
42280 torch.Size([50000]) tensor(856.0583, device='cuda:0')
[TRAIN] Acc: 91.250
[TEST] Acc: 86.140
0.03,0.6825
Epoch: 142
batch idx 106 hidden train
batch idx 139 hidden train
batch idx 141 hidden train
batch idx 305 hidden train
batch idx 349 hidden train
42165 torch.Size([50000]) tensor(922.9214, device='cuda:0')
[TRAIN] Acc: 92.500
[TEST] Acc: 86.250
0.03,0.6849
Epoch: 143
batch idx 5 hidden train
batch idx 18 hidden train
batch idx 185 hidden train
batch idx 252 hidden train
batch idx 330 hidden train
42068 torch.Size([50000]) tensor(927.1293, device='cuda:0')
[TRAIN] Acc: 86.250
[TEST] Acc: 86.340
0.03,0.7035
Epoch: 144
batch idx 22 hidden train
batch idx 205 hidden train
batch idx 232 hidden train
batch idx 351 hidden train
batch idx 382 hidden train
42283 torch.Size([50000]) tensor(971.8263, device='cuda:0')
[TRAIN] Acc: 87.500
[TEST] Acc: 86.250
0.03,0.6947
Epoch: 145
batch idx 107 hidden train
batch idx 224 hidden train
batch idx 295 hidden train
batch idx 297 hidden train
batch idx 361 hidden train
42200 torch.Size([50000]) tensor(990.3239, device='cuda:0')
[TRAIN] Acc: 88.750
[TEST] Acc: 86.370
0.03,0.7035
Epoch: 146
batch idx 21 hidden train
batch idx 83 hidden train
batch idx 235 hidden train
batch idx 283 hidden train
batch idx 338 hidden train
42278 torch.Size([50000]) tensor(1040.2734, device='cuda:0')
[TRAIN] Acc: 93.750
[TEST] Acc: 86.480
0.03,0.6907
Epoch: 147
batch idx 149 hidden train
batch idx 198 hidden train
batch idx 246 hidden train
batch idx 324 hidden train
batch idx 383 hidden train
42020 torch.Size([50000]) tensor(1015.2009, device='cuda:0')
[TRAIN] Acc: 95.000
[TEST] Acc: 86.300
0.03,0.701
Epoch: 148
batch idx 36 hidden train
batch idx 39 hidden train
batch idx 249 hidden train
batch idx 286 hidden train
batch idx 339 hidden train
42233 torch.Size([50000]) tensor(1021.5212, device='cuda:0')
[TRAIN] Acc: 93.750
[TEST] Acc: 86.680
0.03,0.7085
Epoch: 149
batch idx 158 hidden train
batch idx 183 hidden train
batch idx 212 hidden train
batch idx 245 hidden train
batch idx 383 hidden train
42571 torch.Size([50000]) tensor(1025.7838, device='cuda:0')
[TRAIN] Acc: 92.500
[TEST] Acc: 86.690
0.03,0.7146
Epoch: 150
batch idx 44 hidden train
batch idx 209 hidden train
batch idx 263 hidden train
batch idx 315 hidden train
batch idx 375 hidden train
42285 torch.Size([50000]) tensor(1060.0795, device='cuda:0')
[TRAIN] Acc: 91.250
[TEST] Acc: 86.680
0.03,0.7095
Epoch: 151
batch idx 155 hidden train
batch idx 241 hidden train
batch idx 274 hidden train
batch idx 334 hidden train
batch idx 345 hidden train
42545 torch.Size([50000]) tensor(1004.7598, device='cuda:0')
[TRAIN] Acc: 91.250
[TEST] Acc: 86.680
0.03,0.7146
Epoch: 152
batch idx 161 hidden train
batch idx 163 hidden train
batch idx 179 hidden train
batch idx 229 hidden train
batch idx 243 hidden train
42535 torch.Size([50000]) tensor(1022.4500, device='cuda:0')
[TRAIN] Acc: 95.000
[TEST] Acc: 86.760
0.03,0.7145
Epoch: 153
batch idx 96 hidden train
batch idx 223 hidden train
batch idx 337 hidden train
batch idx 356 hidden train
batch idx 369 hidden train
42372 torch.Size([50000]) tensor(1025.4988, device='cuda:0')
[TRAIN] Acc: 97.500
[TEST] Acc: 86.600
0.03,0.7031
Epoch: 154
batch idx 113 hidden train
batch idx 122 hidden train
batch idx 140 hidden train
batch idx 169 hidden train
batch idx 246 hidden train
42556 torch.Size([50000]) tensor(1055.9271, device='cuda:0')
[TRAIN] Acc: 95.000
[TEST] Acc: 86.600
0.03,0.7024
Epoch: 155
batch idx 109 hidden train
batch idx 140 hidden train
batch idx 228 hidden train
batch idx 297 hidden train
batch idx 315 hidden train
42469 torch.Size([50000]) tensor(1026.9031, device='cuda:0')
[TRAIN] Acc: 87.500
[TEST] Acc: 86.810
0.03,0.7139
Epoch: 156
batch idx 75 hidden train
batch idx 206 hidden train
batch idx 209 hidden train
batch idx 350 hidden train
batch idx 371 hidden train
42268 torch.Size([50000]) tensor(1035.9189, device='cuda:0')
[TRAIN] Acc: 95.000
[TEST] Acc: 86.780
0.03,0.7136
Epoch: 157
batch idx 23 hidden train
batch idx 88 hidden train
batch idx 126 hidden train
batch idx 328 hidden train
batch idx 354 hidden train
42454 torch.Size([50000]) tensor(1007.4277, device='cuda:0')
[TRAIN] Acc: 92.500
[TEST] Acc: 86.510
0.03,0.7118
Epoch: 158
batch idx 187 hidden train
batch idx 207 hidden train
batch idx 312 hidden train
batch idx 331 hidden train
batch idx 356 hidden train
42765 torch.Size([50000]) tensor(1047.0051, device='cuda:0')
[TRAIN] Acc: 95.000
[TEST] Acc: 86.940
0.03,0.7156
Epoch: 159
batch idx 142 hidden train
batch idx 161 hidden train
batch idx 235 hidden train
batch idx 248 hidden train
batch idx 329 hidden train
42915 torch.Size([50000]) tensor(1049.2368, device='cuda:0')
[TRAIN] Acc: 92.500
[TEST] Acc: 86.770
0.03,0.7187
Epoch: 160
batch idx 36 hidden train
batch idx 217 hidden train
batch idx 252 hidden train
batch idx 266 hidden train
batch idx 334 hidden train
42570 torch.Size([50000]) tensor(1023.5463, device='cuda:0')
[TRAIN] Acc: 91.250
[TEST] Acc: 87.140
0.03,0.7158
Epoch: 161
batch idx 32 hidden train
batch idx 61 hidden train
batch idx 137 hidden train
batch idx 215 hidden train
batch idx 242 hidden train
42481 torch.Size([50000]) tensor(1066.9279, device='cuda:0')
[TRAIN] Acc: 93.750
[TEST] Acc: 86.880
0.03,0.7108
Epoch: 162
batch idx 19 hidden train
batch idx 27 hidden train
batch idx 101 hidden train
batch idx 194 hidden train
batch idx 345 hidden train
42773 torch.Size([50000]) tensor(1048.2520, device='cuda:0')
[TRAIN] Acc: 93.750
[TEST] Acc: 86.990
0.03,0.7288
Epoch: 163
batch idx 198 hidden train
batch idx 219 hidden train
batch idx 239 hidden train
batch idx 337 hidden train
batch idx 350 hidden train
42780 torch.Size([50000]) tensor(1065.0947, device='cuda:0')
[TRAIN] Acc: 88.750
[TEST] Acc: 86.940
0.03,0.7157
Epoch: 164
batch idx 22 hidden train
batch idx 30 hidden train
batch idx 75 hidden train
batch idx 237 hidden train
batch idx 340 hidden train
42886 torch.Size([50000]) tensor(1045.9279, device='cuda:0')
[TRAIN] Acc: 90.000
[TEST] Acc: 87.090
0.03,0.7162
Epoch: 165
batch idx 17 hidden train
batch idx 50 hidden train
batch idx 313 hidden train
batch idx 332 hidden train
batch idx 345 hidden train
42623 torch.Size([50000]) tensor(1055.7539, device='cuda:0')
[TRAIN] Acc: 96.250
[TEST] Acc: 86.940
0.03,0.7092
Epoch: 166
batch idx 112 hidden train
batch idx 155 hidden train
batch idx 176 hidden train
batch idx 208 hidden train
batch idx 354 hidden train
42712 torch.Size([50000]) tensor(1014.7172, device='cuda:0')
[TRAIN] Acc: 96.250
[TEST] Acc: 87.150
0.03,0.7109
Epoch: 167
batch idx 12 hidden train
batch idx 29 hidden train
batch idx 78 hidden train
batch idx 275 hidden train
batch idx 337 hidden train
42662 torch.Size([50000]) tensor(1059.2318, device='cuda:0')
[TRAIN] Acc: 97.500
[TEST] Acc: 87.020
0.03,0.7087
Epoch: 168
batch idx 113 hidden train
batch idx 132 hidden train
batch idx 177 hidden train
batch idx 183 hidden train
batch idx 303 hidden train
43002 torch.Size([50000]) tensor(1054.4573, device='cuda:0')
[TRAIN] Acc: 90.000
[TEST] Acc: 87.070
0.03,0.7268
Epoch: 169
batch idx 9 hidden train
batch idx 71 hidden train
batch idx 216 hidden train
batch idx 262 hidden train
batch idx 352 hidden train
42923 torch.Size([50000]) tensor(1054.5497, device='cuda:0')
[TRAIN] Acc: 93.750
[TEST] Acc: 87.090
0.03,0.7183
Epoch: 170
batch idx 40 hidden train
batch idx 66 hidden train
batch idx 294 hidden train
batch idx 328 hidden train
batch idx 330 hidden train
42820 torch.Size([50000]) tensor(1043.1448, device='cuda:0')
[TRAIN] Acc: 91.250
[TEST] Acc: 86.980
0.03,0.7187
Epoch: 171
batch idx 28 hidden train
batch idx 62 hidden train
batch idx 132 hidden train
batch idx 146 hidden train
batch idx 348 hidden train
43110 torch.Size([50000]) tensor(1087.2461, device='cuda:0')
[TRAIN] Acc: 92.500
[TEST] Acc: 87.150
0.03,0.723
Epoch: 172
batch idx 169 hidden train
batch idx 250 hidden train
batch idx 331 hidden train
batch idx 336 hidden train
batch idx 340 hidden train
42899 torch.Size([50000]) tensor(1067.8418, device='cuda:0')
[TRAIN] Acc: 96.250
[TEST] Acc: 87.200
0.03,0.7265
Epoch: 173
batch idx 5 hidden train
batch idx 310 hidden train
batch idx 338 hidden train
batch idx 367 hidden train
batch idx 368 hidden train
42744 torch.Size([50000]) tensor(1085.7119, device='cuda:0')
[TRAIN] Acc: 91.250
[TEST] Acc: 87.030
0.03,0.7178
Epoch: 174
batch idx 47 hidden train
batch idx 76 hidden train
batch idx 242 hidden train
batch idx 315 hidden train
batch idx 336 hidden train
43115 torch.Size([50000]) tensor(1080.6738, device='cuda:0')
[TRAIN] Acc: 88.750
[TEST] Acc: 87.110
0.03,0.715
Epoch: 175
batch idx 36 hidden train
batch idx 37 hidden train
batch idx 51 hidden train
batch idx 61 hidden train
batch idx 150 hidden train
43052 torch.Size([50000]) tensor(1078.1777, device='cuda:0')
[TRAIN] Acc: 92.500
[TEST] Acc: 87.170
0.03,0.7296
Epoch: 176
batch idx 241 hidden train
batch idx 255 hidden train
batch idx 265 hidden train
batch idx 272 hidden train
batch idx 380 hidden train
42989 torch.Size([50000]) tensor(1068.4348, device='cuda:0')
[TRAIN] Acc: 95.000
[TEST] Acc: 87.410
0.03,0.7116
Epoch: 177
batch idx 124 hidden train
batch idx 142 hidden train
batch idx 197 hidden train
batch idx 353 hidden train
batch idx 358 hidden train
43160 torch.Size([50000]) tensor(1075.7249, device='cuda:0')
[TRAIN] Acc: 93.750
[TEST] Acc: 87.100
0.03,0.7314
Epoch: 178
batch idx 8 hidden train
batch idx 70 hidden train
batch idx 177 hidden train
batch idx 270 hidden train
batch idx 343 hidden train
43159 torch.Size([50000]) tensor(1072.7191, device='cuda:0')
[TRAIN] Acc: 93.750
[TEST] Acc: 87.170
0.03,0.7149
Epoch: 179
batch idx 75 hidden train
batch idx 78 hidden train
batch idx 96 hidden train
batch idx 245 hidden train
batch idx 340 hidden train
42805 torch.Size([50000]) tensor(1084.6848, device='cuda:0')
[TRAIN] Acc: 93.750
[TEST] Acc: 87.310
0.03,0.7344
Epoch: 180
batch idx 20 hidden train
batch idx 193 hidden train
batch idx 240 hidden train
batch idx 258 hidden train
batch idx 325 hidden train
43428 torch.Size([50000]) tensor(1066.0144, device='cuda:0')
[TRAIN] Acc: 95.000
[TEST] Acc: 87.160
0.03,0.7361
Epoch: 181
batch idx 57 hidden train
batch idx 301 hidden train
batch idx 306 hidden train
batch idx 354 hidden train
batch idx 365 hidden train
43358 torch.Size([50000]) tensor(1085.1692, device='cuda:0')
[TRAIN] Acc: 95.000
[TEST] Acc: 87.250
0.03,0.7281
Epoch: 182
batch idx 81 hidden train
batch idx 131 hidden train
batch idx 205 hidden train
batch idx 296 hidden train
batch idx 346 hidden train
43147 torch.Size([50000]) tensor(1087.7361, device='cuda:0')
[TRAIN] Acc: 90.000
[TEST] Acc: 87.140
0.03,0.7236
Epoch: 183
batch idx 264 hidden train
batch idx 293 hidden train
batch idx 303 hidden train
batch idx 375 hidden train
batch idx 389 hidden train
43111 torch.Size([50000]) tensor(1110.5591, device='cuda:0')
[TRAIN] Acc: 92.500
[TEST] Acc: 87.210
0.03,0.7251
Epoch: 184
batch idx 124 hidden train
batch idx 189 hidden train
batch idx 237 hidden train
batch idx 312 hidden train
batch idx 319 hidden train
43196 torch.Size([50000]) tensor(1109.4998, device='cuda:0')
[TRAIN] Acc: 93.750
[TEST] Acc: 87.230
0.03,0.7298
Epoch: 185
batch idx 17 hidden train
batch idx 171 hidden train
batch idx 187 hidden train
batch idx 336 hidden train
batch idx 341 hidden train
43241 torch.Size([50000]) tensor(1080.4255, device='cuda:0')
[TRAIN] Acc: 97.500
[TEST] Acc: 87.190
0.03,0.728
Epoch: 186
batch idx 43 hidden train
batch idx 65 hidden train
batch idx 124 hidden train
batch idx 252 hidden train
batch idx 365 hidden train
43213 torch.Size([50000]) tensor(1100.4586, device='cuda:0')
[TRAIN] Acc: 92.500
[TEST] Acc: 87.350
0.03,0.7274
Epoch: 187
batch idx 7 hidden train
batch idx 19 hidden train
batch idx 32 hidden train
batch idx 186 hidden train
batch idx 366 hidden train
43127 torch.Size([50000]) tensor(1086.7988, device='cuda:0')
[TRAIN] Acc: 93.750
[TEST] Acc: 87.190
0.03,0.7214
Epoch: 188
batch idx 116 hidden train
batch idx 188 hidden train
batch idx 225 hidden train
batch idx 238 hidden train
batch idx 304 hidden train
43290 torch.Size([50000]) tensor(1100.1321, device='cuda:0')
[TRAIN] Acc: 93.750
[TEST] Acc: 87.250
0.03,0.7187
Epoch: 189
batch idx 23 hidden train
batch idx 89 hidden train
batch idx 146 hidden train
batch idx 215 hidden train
batch idx 329 hidden train
43217 torch.Size([50000]) tensor(1096.2145, device='cuda:0')
[TRAIN] Acc: 88.750
[TEST] Acc: 87.160
0.03,0.7318
Epoch: 190
batch idx 82 hidden train
batch idx 109 hidden train
batch idx 134 hidden train
batch idx 145 hidden train
batch idx 227 hidden train
43171 torch.Size([50000]) tensor(1074.8589, device='cuda:0')
[TRAIN] Acc: 96.250
[TEST] Acc: 87.290
0.03,0.7318
Epoch: 191
batch idx 0 hidden train
batch idx 225 hidden train
batch idx 242 hidden train
batch idx 275 hidden train
batch idx 384 hidden train
43240 torch.Size([50000]) tensor(1075.6848, device='cuda:0')
[TRAIN] Acc: 93.750
[TEST] Acc: 87.210
0.03,0.7239
Epoch: 192
batch idx 202 hidden train
batch idx 286 hidden train
batch idx 305 hidden train
batch idx 338 hidden train
batch idx 387 hidden train
43214 torch.Size([50000]) tensor(1087.7722, device='cuda:0')
[TRAIN] Acc: 88.750
[TEST] Acc: 87.300
0.03,0.7273
Epoch: 193
batch idx 65 hidden train
batch idx 93 hidden train
batch idx 136 hidden train
batch idx 364 hidden train
batch idx 369 hidden train
43208 torch.Size([50000]) tensor(1089.0161, device='cuda:0')
[TRAIN] Acc: 87.500
[TEST] Acc: 87.310
0.03,0.7254
Epoch: 194
batch idx 94 hidden train
batch idx 169 hidden train
batch idx 235 hidden train
batch idx 338 hidden train
batch idx 377 hidden train
43124 torch.Size([50000]) tensor(1094.9155, device='cuda:0')
[TRAIN] Acc: 93.750
[TEST] Acc: 87.280
0.03,0.7225
Epoch: 195
batch idx 27 hidden train
batch idx 105 hidden train
batch idx 164 hidden train
batch idx 209 hidden train
batch idx 299 hidden train
43250 torch.Size([50000]) tensor(1065.0522, device='cuda:0')
[TRAIN] Acc: 95.000
[TEST] Acc: 87.240
0.03,0.7292
Epoch: 196
batch idx 1 hidden train
batch idx 41 hidden train
batch idx 110 hidden train
batch idx 201 hidden train
batch idx 297 hidden train
43353 torch.Size([50000]) tensor(1060.7891, device='cuda:0')
[TRAIN] Acc: 93.750
[TEST] Acc: 87.340
0.03,0.7394
Epoch: 197
batch idx 126 hidden train
batch idx 145 hidden train
batch idx 149 hidden train
batch idx 226 hidden train
batch idx 385 hidden train
43229 torch.Size([50000]) tensor(1074.4730, device='cuda:0')
[TRAIN] Acc: 95.000
[TEST] Acc: 87.170
0.03,0.7262
Epoch: 198
batch idx 156 hidden train
batch idx 164 hidden train
batch idx 165 hidden train
batch idx 170 hidden train
batch idx 314 hidden train
43231 torch.Size([50000]) tensor(1077.4962, device='cuda:0')
[TRAIN] Acc: 92.500
[TEST] Acc: 87.330
0.03,0.7252
Epoch: 199
batch idx 30 hidden train
batch idx 43 hidden train
batch idx 75 hidden train
batch idx 92 hidden train
batch idx 373 hidden train
43114 torch.Size([50000]) tensor(1084.5686, device='cuda:0')
[TRAIN] Acc: 90.000
[TEST] Acc: 87.270
0.03,0.7246
