model_out:  ./checkpoint/cifar10_vgg_adv
==> Preparing data..
Files already downloaded and verified
Training data will be SHUFFLED
Files already downloaded and verified
running experiment with mixup_in_epoch=0, hidden_in_epoch=3, mixup_alpha=1.0
Epoch: 0
batch idx 15 hidden train
batch idx 81 hidden train
batch idx 212 hidden train
1292 torch.Size([50000]) tensor(37.5029, device='cuda:0')
[TRAIN] Acc: 13.750
[TEST] Acc: 11.500
Epoch: 1
batch idx 46 hidden train
batch idx 130 hidden train
batch idx 298 hidden train
771 torch.Size([50000]) tensor(9.8771, device='cuda:0')
[TRAIN] Acc: 12.500
[TEST] Acc: 11.390
Epoch: 2
batch idx 97 hidden train
batch idx 245 hidden train
batch idx 280 hidden train
2855 torch.Size([50000]) tensor(10.4721, device='cuda:0')
[TRAIN] Acc: 15.000
[TEST] Acc: 11.400
Epoch: 3
batch idx 50 hidden train
batch idx 66 hidden train
batch idx 121 hidden train
5084 torch.Size([50000]) tensor(22.0802, device='cuda:0')
[TRAIN] Acc: 8.750
[TEST] Acc: 11.470
Epoch: 4
batch idx 3 hidden train
batch idx 171 hidden train
batch idx 291 hidden train
4884 torch.Size([50000]) tensor(31.5403, device='cuda:0')
[TRAIN] Acc: 7.500
[TEST] Acc: 11.400
Epoch: 5
batch idx 48 hidden train
batch idx 164 hidden train
batch idx 321 hidden train
3790 torch.Size([50000]) tensor(31.5728, device='cuda:0')
[TRAIN] Acc: 13.750
[TEST] Acc: 11.570
Epoch: 6
batch idx 30 hidden train
batch idx 35 hidden train
batch idx 172 hidden train
2754 torch.Size([50000]) tensor(24.8753, device='cuda:0')
[TRAIN] Acc: 10.000
[TEST] Acc: 11.580
Epoch: 7
batch idx 53 hidden train
batch idx 69 hidden train
batch idx 285 hidden train
2800 torch.Size([50000]) tensor(23.7903, device='cuda:0')
[TRAIN] Acc: 6.250
[TEST] Acc: 11.570
Epoch: 8
batch idx 172 hidden train
batch idx 318 hidden train
batch idx 339 hidden train
2629 torch.Size([50000]) tensor(23.6628, device='cuda:0')
[TRAIN] Acc: 10.000
[TEST] Acc: 11.650
Epoch: 9
batch idx 41 hidden train
batch idx 140 hidden train
batch idx 149 hidden train
3445 torch.Size([50000]) tensor(28.2128, device='cuda:0')
[TRAIN] Acc: 12.500
[TEST] Acc: 11.640
Epoch: 10
batch idx 17 hidden train
batch idx 110 hidden train
batch idx 252 hidden train
3610 torch.Size([50000]) tensor(31.9303, device='cuda:0')
[TRAIN] Acc: 12.500
[TEST] Acc: 11.690
Epoch: 11
batch idx 118 hidden train
batch idx 141 hidden train
batch idx 240 hidden train
4302 torch.Size([50000]) tensor(38.3678, device='cuda:0')
[TRAIN] Acc: 7.500
[TEST] Acc: 11.730
Epoch: 12
batch idx 71 hidden train
batch idx 262 hidden train
batch idx 356 hidden train
3796 torch.Size([50000]) tensor(38.9952, device='cuda:0')
[TRAIN] Acc: 13.750
[TEST] Acc: 11.730
Epoch: 13
batch idx 196 hidden train
batch idx 241 hidden train
batch idx 322 hidden train
4529 torch.Size([50000]) tensor(43.8278, device='cuda:0')
[TRAIN] Acc: 10.000
[TEST] Acc: 11.740
Epoch: 14
batch idx 181 hidden train
batch idx 253 hidden train
batch idx 326 hidden train
2823 torch.Size([50000]) tensor(35.2627, device='cuda:0')
[TRAIN] Acc: 15.000
[TEST] Acc: 11.950
Epoch: 15
batch idx 57 hidden train
batch idx 113 hidden train
batch idx 330 hidden train
1928 torch.Size([50000]) tensor(28.2401, device='cuda:0')
[TRAIN] Acc: 16.250
[TEST] Acc: 11.870
Epoch: 16
batch idx 287 hidden train
batch idx 356 hidden train
batch idx 374 hidden train
4056 torch.Size([50000]) tensor(34.7077, device='cuda:0')
[TRAIN] Acc: 8.750
[TEST] Acc: 11.940
Epoch: 17
batch idx 9 hidden train
batch idx 167 hidden train
batch idx 271 hidden train
3003 torch.Size([50000]) tensor(33.9701, device='cuda:0')
[TRAIN] Acc: 8.750
[TEST] Acc: 12.000
Epoch: 18
batch idx 293 hidden train
batch idx 328 hidden train
batch idx 341 hidden train
4193 torch.Size([50000]) tensor(39.2602, device='cuda:0')
[TRAIN] Acc: 18.750
[TEST] Acc: 11.970
Epoch: 19
batch idx 33 hidden train
batch idx 55 hidden train
batch idx 208 hidden train
4088 torch.Size([50000]) tensor(41.8277, device='cuda:0')
[TRAIN] Acc: 15.000
[TEST] Acc: 12.000
Epoch: 20
batch idx 200 hidden train
batch idx 226 hidden train
batch idx 227 hidden train
5072 torch.Size([50000]) tensor(48.6128, device='cuda:0')
[TRAIN] Acc: 11.250
[TEST] Acc: 12.200
Epoch: 21
batch idx 15 hidden train
batch idx 111 hidden train
batch idx 307 hidden train
5362 torch.Size([50000]) tensor(53.5878, device='cuda:0')
[TRAIN] Acc: 11.250
[TEST] Acc: 15.490
Epoch: 22
batch idx 32 hidden train
batch idx 275 hidden train
batch idx 368 hidden train
5355 torch.Size([50000]) tensor(45.7878, device='cuda:0')
[TRAIN] Acc: 21.250
[TEST] Acc: 17.350
Epoch: 23
batch idx 118 hidden train
batch idx 163 hidden train
batch idx 357 hidden train
5204 torch.Size([50000]) tensor(46.0783, device='cuda:0')
[TRAIN] Acc: 23.750
[TEST] Acc: 18.580
Epoch: 24
batch idx 173 hidden train
batch idx 302 hidden train
batch idx 352 hidden train
6091 torch.Size([50000]) tensor(62.2255, device='cuda:0')
[TRAIN] Acc: 16.250
[TEST] Acc: 18.260
Epoch: 25
batch idx 106 hidden train
batch idx 355 hidden train
batch idx 389 hidden train
6188 torch.Size([50000]) tensor(74.4996, device='cuda:0')
[TRAIN] Acc: 17.500
[TEST] Acc: 18.580
Epoch: 26
batch idx 16 hidden train
batch idx 151 hidden train
batch idx 156 hidden train
6399 torch.Size([50000]) tensor(73.4920, device='cuda:0')
[TRAIN] Acc: 18.750
[TEST] Acc: 16.360
Epoch: 27
batch idx 60 hidden train
batch idx 61 hidden train
batch idx 180 hidden train
6351 torch.Size([50000]) tensor(80.7867, device='cuda:0')
[TRAIN] Acc: 16.250
[TEST] Acc: 17.490
Epoch: 28
batch idx 2 hidden train
batch idx 230 hidden train
batch idx 251 hidden train
6747 torch.Size([50000]) tensor(86.1394, device='cuda:0')
[TRAIN] Acc: 12.500
[TEST] Acc: 17.810
Epoch: 29
batch idx 38 hidden train
batch idx 168 hidden train
batch idx 286 hidden train
6747 torch.Size([50000]) tensor(98.7107, device='cuda:0')
[TRAIN] Acc: 21.250
[TEST] Acc: 18.170
Epoch: 30
batch idx 97 hidden train
batch idx 112 hidden train
batch idx 319 hidden train
6460 torch.Size([50000]) tensor(93.2752, device='cuda:0')
[TRAIN] Acc: 18.750
[TEST] Acc: 18.000
Epoch: 31
batch idx 13 hidden train
batch idx 227 hidden train
batch idx 251 hidden train
6616 torch.Size([50000]) tensor(95.5285, device='cuda:0')
[TRAIN] Acc: 17.500
[TEST] Acc: 18.040
Epoch: 32
batch idx 8 hidden train
batch idx 126 hidden train
batch idx 268 hidden train
6980 torch.Size([50000]) tensor(105.0974, device='cuda:0')
[TRAIN] Acc: 17.500
[TEST] Acc: 18.560
Epoch: 33
batch idx 32 hidden train
batch idx 126 hidden train
batch idx 288 hidden train
7054 torch.Size([50000]) tensor(106.4033, device='cuda:0')
[TRAIN] Acc: 22.500
[TEST] Acc: 18.430
Epoch: 34
batch idx 60 hidden train
batch idx 329 hidden train
batch idx 371 hidden train
6900 torch.Size([50000]) tensor(113.4719, device='cuda:0')
[TRAIN] Acc: 18.750
[TEST] Acc: 18.830
Epoch: 35
batch idx 37 hidden train
batch idx 55 hidden train
batch idx 229 hidden train
6299 torch.Size([50000]) tensor(108.2341, device='cuda:0')
[TRAIN] Acc: 12.500
[TEST] Acc: 18.550
Epoch: 36
batch idx 48 hidden train
batch idx 176 hidden train
batch idx 255 hidden train
6846 torch.Size([50000]) tensor(106.9532, device='cuda:0')
[TRAIN] Acc: 27.500
[TEST] Acc: 19.260
Epoch: 37
batch idx 48 hidden train
batch idx 137 hidden train
batch idx 266 hidden train
6985 torch.Size([50000]) tensor(99.6720, device='cuda:0')
[TRAIN] Acc: 20.000
[TEST] Acc: 19.430
Epoch: 38
batch idx 51 hidden train
batch idx 89 hidden train
batch idx 322 hidden train
7033 torch.Size([50000]) tensor(100.6188, device='cuda:0')
[TRAIN] Acc: 16.250
[TEST] Acc: 23.590
Epoch: 39
batch idx 75 hidden train
batch idx 192 hidden train
batch idx 225 hidden train
7539 torch.Size([50000]) tensor(94.3794, device='cuda:0')
[TRAIN] Acc: 18.750
[TEST] Acc: 18.470
Epoch: 40
batch idx 22 hidden train
batch idx 67 hidden train
batch idx 383 hidden train
8228 torch.Size([50000]) tensor(101.5664, device='cuda:0')
[TRAIN] Acc: 17.500
[TEST] Acc: 18.890
Epoch: 41
batch idx 193 hidden train
batch idx 228 hidden train
batch idx 324 hidden train
7814 torch.Size([50000]) tensor(94.0164, device='cuda:0')
[TRAIN] Acc: 27.500
[TEST] Acc: 23.870
Epoch: 42
batch idx 34 hidden train
batch idx 147 hidden train
batch idx 361 hidden train
8391 torch.Size([50000]) tensor(89.5065, device='cuda:0')
[TRAIN] Acc: 21.250
[TEST] Acc: 23.670
Epoch: 43
batch idx 45 hidden train
batch idx 61 hidden train
batch idx 190 hidden train
8779 torch.Size([50000]) tensor(95.5585, device='cuda:0')
[TRAIN] Acc: 25.000
[TEST] Acc: 24.050
Epoch: 44
batch idx 305 hidden train
batch idx 320 hidden train
batch idx 389 hidden train
8378 torch.Size([50000]) tensor(90.2491, device='cuda:0')
[TRAIN] Acc: 23.750
[TEST] Acc: 25.730
Epoch: 45
batch idx 177 hidden train
batch idx 240 hidden train
batch idx 282 hidden train
9257 torch.Size([50000]) tensor(98.2857, device='cuda:0')
[TRAIN] Acc: 35.000
[TEST] Acc: 24.550
Epoch: 46
batch idx 197 hidden train
batch idx 201 hidden train
batch idx 203 hidden train
11078 torch.Size([50000]) tensor(110.8358, device='cuda:0')
[TRAIN] Acc: 22.500
[TEST] Acc: 25.750
Epoch: 47
batch idx 99 hidden train
batch idx 213 hidden train
batch idx 271 hidden train
12390 torch.Size([50000]) tensor(132.9841, device='cuda:0')
[TRAIN] Acc: 28.750
[TEST] Acc: 28.170
Epoch: 48
batch idx 81 hidden train
batch idx 245 hidden train
batch idx 363 hidden train
12462 torch.Size([50000]) tensor(146.4137, device='cuda:0')
[TRAIN] Acc: 27.500
[TEST] Acc: 27.350
Epoch: 49
batch idx 20 hidden train
batch idx 198 hidden train
batch idx 246 hidden train
12873 torch.Size([50000]) tensor(160.1913, device='cuda:0')
[TRAIN] Acc: 28.750
[TEST] Acc: 29.050
Epoch: 50
batch idx 13 hidden train
batch idx 176 hidden train
batch idx 352 hidden train
13070 torch.Size([50000]) tensor(172.5039, device='cuda:0')
[TRAIN] Acc: 31.250
[TEST] Acc: 29.620
Epoch: 51
batch idx 2 hidden train
batch idx 181 hidden train
batch idx 219 hidden train
13515 torch.Size([50000]) tensor(187.7240, device='cuda:0')
[TRAIN] Acc: 33.750
[TEST] Acc: 28.890
Epoch: 52
batch idx 98 hidden train
batch idx 163 hidden train
batch idx 225 hidden train
13191 torch.Size([50000]) tensor(188.6864, device='cuda:0')
[TRAIN] Acc: 27.500
[TEST] Acc: 30.810
Epoch: 53
batch idx 70 hidden train
batch idx 123 hidden train
batch idx 249 hidden train
13580 torch.Size([50000]) tensor(200.4377, device='cuda:0')
[TRAIN] Acc: 27.500
[TEST] Acc: 26.660
Epoch: 54
batch idx 235 hidden train
batch idx 286 hidden train
batch idx 291 hidden train
13700 torch.Size([50000]) tensor(201.3914, device='cuda:0')
[TRAIN] Acc: 22.500
[TEST] Acc: 32.220
Epoch: 55
batch idx 145 hidden train
batch idx 294 hidden train
batch idx 304 hidden train
13905 torch.Size([50000]) tensor(220.5771, device='cuda:0')
[TRAIN] Acc: 36.250
[TEST] Acc: 30.690
Epoch: 56
batch idx 76 hidden train
batch idx 137 hidden train
batch idx 177 hidden train
13768 torch.Size([50000]) tensor(216.9629, device='cuda:0')
[TRAIN] Acc: 30.000
[TEST] Acc: 29.150
Epoch: 57
batch idx 111 hidden train
batch idx 131 hidden train
batch idx 203 hidden train
14300 torch.Size([50000]) tensor(233.9226, device='cuda:0')
[TRAIN] Acc: 31.250
[TEST] Acc: 32.620
Epoch: 58
batch idx 210 hidden train
batch idx 227 hidden train
batch idx 231 hidden train
14269 torch.Size([50000]) tensor(239.5912, device='cuda:0')
[TRAIN] Acc: 38.750
[TEST] Acc: 32.900
Epoch: 59
batch idx 17 hidden train
batch idx 183 hidden train
batch idx 303 hidden train
14605 torch.Size([50000]) tensor(249.2109, device='cuda:0')
[TRAIN] Acc: 33.750
[TEST] Acc: 33.740
Epoch: 60
batch idx 66 hidden train
batch idx 222 hidden train
batch idx 290 hidden train
14347 torch.Size([50000]) tensor(260.5925, device='cuda:0')
[TRAIN] Acc: 40.000
[TEST] Acc: 33.930
Epoch: 61
batch idx 16 hidden train
batch idx 47 hidden train
batch idx 332 hidden train
14622 torch.Size([50000]) tensor(282.3076, device='cuda:0')
[TRAIN] Acc: 28.750
[TEST] Acc: 29.500
0.03,0.2025
Epoch: 62
batch idx 67 hidden train
batch idx 245 hidden train
batch idx 304 hidden train
15240 torch.Size([50000]) tensor(273.2569, device='cuda:0')
[TRAIN] Acc: 38.750
[TEST] Acc: 36.430
0.03,0.2365
Epoch: 63
batch idx 183 hidden train
batch idx 205 hidden train
batch idx 379 hidden train
15856 torch.Size([50000]) tensor(311.9393, device='cuda:0')
[TRAIN] Acc: 32.500
[TEST] Acc: 33.560
0.03,0.205
Epoch: 64
batch idx 113 hidden train
batch idx 191 hidden train
batch idx 256 hidden train
17062 torch.Size([50000]) tensor(274.2758, device='cuda:0')
[TRAIN] Acc: 47.500
[TEST] Acc: 43.800
0.03,0.2278
Epoch: 65
batch idx 4 hidden train
batch idx 161 hidden train
batch idx 304 hidden train
18779 torch.Size([50000]) tensor(252.9497, device='cuda:0')
[TRAIN] Acc: 35.000
[TEST] Acc: 45.120
0.03,0.2333
Epoch: 66
batch idx 213 hidden train
batch idx 224 hidden train
batch idx 334 hidden train
19087 torch.Size([50000]) tensor(284.6886, device='cuda:0')
[TRAIN] Acc: 51.250
[TEST] Acc: 44.250
0.03,0.2358
Epoch: 67
batch idx 99 hidden train
batch idx 196 hidden train
batch idx 376 hidden train
18891 torch.Size([50000]) tensor(294.3933, device='cuda:0')
[TRAIN] Acc: 41.250
[TEST] Acc: 46.290
0.03,0.2143
Epoch: 68
batch idx 141 hidden train
batch idx 193 hidden train
batch idx 197 hidden train
19899 torch.Size([50000]) tensor(247.8237, device='cuda:0')
[TRAIN] Acc: 35.000
[TEST] Acc: 45.780
0.03,0.2308
Epoch: 69
batch idx 138 hidden train
batch idx 269 hidden train
batch idx 381 hidden train
20368 torch.Size([50000]) tensor(288.4962, device='cuda:0')
[TRAIN] Acc: 37.500
[TEST] Acc: 45.220
0.03,0.2139
Epoch: 70
batch idx 154 hidden train
batch idx 201 hidden train
batch idx 250 hidden train
19226 torch.Size([50000]) tensor(276.5466, device='cuda:0')
[TRAIN] Acc: 42.500
[TEST] Acc: 47.410
0.03,0.24
Epoch: 71
batch idx 129 hidden train
batch idx 140 hidden train
batch idx 356 hidden train
19596 torch.Size([50000]) tensor(327.4275, device='cuda:0')
[TRAIN] Acc: 43.750
[TEST] Acc: 45.810
0.03,0.2375
Epoch: 72
batch idx 87 hidden train
batch idx 189 hidden train
batch idx 277 hidden train
20539 torch.Size([50000]) tensor(299.3417, device='cuda:0')
[TRAIN] Acc: 52.500
[TEST] Acc: 48.070
0.03,0.2385
Epoch: 73
batch idx 13 hidden train
batch idx 219 hidden train
batch idx 363 hidden train
20620 torch.Size([50000]) tensor(296.6459, device='cuda:0')
[TRAIN] Acc: 52.500
[TEST] Acc: 48.840
0.03,0.2793
Epoch: 74
batch idx 60 hidden train
batch idx 110 hidden train
batch idx 357 hidden train
22163 torch.Size([50000]) tensor(292.5247, device='cuda:0')
[TRAIN] Acc: 56.250
[TEST] Acc: 54.130
0.03,0.2593
Epoch: 75
batch idx 37 hidden train
batch idx 124 hidden train
batch idx 220 hidden train
23299 torch.Size([50000]) tensor(336.5181, device='cuda:0')
[TRAIN] Acc: 63.750
[TEST] Acc: 56.840
0.03,0.2615
Epoch: 76
batch idx 30 hidden train
batch idx 38 hidden train
batch idx 193 hidden train
24984 torch.Size([50000]) tensor(323.8368, device='cuda:0')
[TRAIN] Acc: 60.000
[TEST] Acc: 57.320
0.03,0.2684
Epoch: 77
batch idx 56 hidden train
batch idx 209 hidden train
batch idx 219 hidden train
25952 torch.Size([50000]) tensor(330.5366, device='cuda:0')
[TRAIN] Acc: 60.000
[TEST] Acc: 63.110
0.03,0.2748
Epoch: 78
batch idx 134 hidden train
batch idx 167 hidden train
batch idx 259 hidden train
25709 torch.Size([50000]) tensor(361.1413, device='cuda:0')
[TRAIN] Acc: 52.500
[TEST] Acc: 58.640
0.03,0.262
Epoch: 79
batch idx 106 hidden train
batch idx 202 hidden train
batch idx 318 hidden train
25260 torch.Size([50000]) tensor(326.1509, device='cuda:0')
[TRAIN] Acc: 65.000
[TEST] Acc: 55.880
0.03,0.2383
Epoch: 80
batch idx 224 hidden train
batch idx 258 hidden train
batch idx 379 hidden train
30830 torch.Size([50000]) tensor(393.7656, device='cuda:0')
[TRAIN] Acc: 71.250
[TEST] Acc: 69.160
0.03,0.3423
Epoch: 81
batch idx 95 hidden train
batch idx 165 hidden train
batch idx 345 hidden train
30842 torch.Size([50000]) tensor(450.8945, device='cuda:0')
[TRAIN] Acc: 66.250
[TEST] Acc: 68.550
0.03,0.3738
Epoch: 82
batch idx 216 hidden train
batch idx 286 hidden train
batch idx 360 hidden train
30385 torch.Size([50000]) tensor(506.8633, device='cuda:0')
[TRAIN] Acc: 70.000
[TEST] Acc: 68.860
0.03,0.397
Epoch: 83
batch idx 144 hidden train
batch idx 248 hidden train
batch idx 254 hidden train
29911 torch.Size([50000]) tensor(525.6741, device='cuda:0')
[TRAIN] Acc: 66.250
[TEST] Acc: 68.680
0.03,0.3936
Epoch: 84
batch idx 187 hidden train
batch idx 201 hidden train
batch idx 363 hidden train
29469 torch.Size([50000]) tensor(553.7789, device='cuda:0')
[TRAIN] Acc: 67.500
[TEST] Acc: 68.100
0.03,0.395
Epoch: 85
batch idx 181 hidden train
batch idx 232 hidden train
batch idx 331 hidden train
29540 torch.Size([50000]) tensor(569.3250, device='cuda:0')
[TRAIN] Acc: 62.500
[TEST] Acc: 67.740
0.03,0.4156
Epoch: 86
batch idx 35 hidden train
batch idx 83 hidden train
batch idx 313 hidden train
29269 torch.Size([50000]) tensor(580.2438, device='cuda:0')
[TRAIN] Acc: 63.750
[TEST] Acc: 67.330
0.03,0.4019
Epoch: 87
batch idx 30 hidden train
batch idx 196 hidden train
batch idx 242 hidden train
29224 torch.Size([50000]) tensor(595.1971, device='cuda:0')
[TRAIN] Acc: 60.000
[TEST] Acc: 67.560
0.03,0.4127
Epoch: 88
batch idx 55 hidden train
batch idx 239 hidden train
batch idx 242 hidden train
29391 torch.Size([50000]) tensor(590.3676, device='cuda:0')
[TRAIN] Acc: 63.750
[TEST] Acc: 67.880
0.03,0.4102
Epoch: 89
batch idx 30 hidden train
batch idx 323 hidden train
batch idx 348 hidden train
29565 torch.Size([50000]) tensor(578.6813, device='cuda:0')
[TRAIN] Acc: 65.000
[TEST] Acc: 66.960
0.03,0.4205
Epoch: 90
batch idx 56 hidden train
batch idx 163 hidden train
batch idx 366 hidden train
29553 torch.Size([50000]) tensor(589.1096, device='cuda:0')
[TRAIN] Acc: 66.250
[TEST] Acc: 67.500
0.03,0.4242
Epoch: 91
batch idx 357 hidden train
batch idx 367 hidden train
batch idx 385 hidden train
29585 torch.Size([50000]) tensor(568.1304, device='cuda:0')
[TRAIN] Acc: 72.500
[TEST] Acc: 68.560
0.03,0.4117
Epoch: 92
batch idx 48 hidden train
batch idx 189 hidden train
batch idx 216 hidden train
30081 torch.Size([50000]) tensor(604.0329, device='cuda:0')
[TRAIN] Acc: 63.750
[TEST] Acc: 67.910
0.03,0.4279
Epoch: 93
batch idx 155 hidden train
batch idx 189 hidden train
batch idx 277 hidden train
30060 torch.Size([50000]) tensor(582.7744, device='cuda:0')
[TRAIN] Acc: 66.250
[TEST] Acc: 67.650
0.03,0.4068
Epoch: 94
batch idx 53 hidden train
batch idx 91 hidden train
batch idx 214 hidden train
30140 torch.Size([50000]) tensor(578.4070, device='cuda:0')
[TRAIN] Acc: 68.750
[TEST] Acc: 69.160
0.03,0.413
Epoch: 95
batch idx 9 hidden train
batch idx 126 hidden train
batch idx 234 hidden train
30384 torch.Size([50000]) tensor(596.9108, device='cuda:0')
[TRAIN] Acc: 67.500
[TEST] Acc: 68.540
0.03,0.4314
Epoch: 96
batch idx 42 hidden train
batch idx 253 hidden train
batch idx 321 hidden train
30241 torch.Size([50000]) tensor(571.1406, device='cuda:0')
[TRAIN] Acc: 65.000
[TEST] Acc: 68.350
0.03,0.4311
Epoch: 97
batch idx 21 hidden train
batch idx 227 hidden train
batch idx 276 hidden train
30158 torch.Size([50000]) tensor(603.8525, device='cuda:0')
[TRAIN] Acc: 68.750
[TEST] Acc: 69.590
0.03,0.4581
Epoch: 98
batch idx 80 hidden train
batch idx 272 hidden train
batch idx 380 hidden train
30483 torch.Size([50000]) tensor(589.6802, device='cuda:0')
[TRAIN] Acc: 71.250
[TEST] Acc: 70.020
0.03,0.4201
Epoch: 99
batch idx 88 hidden train
batch idx 325 hidden train
batch idx 343 hidden train
30701 torch.Size([50000]) tensor(603.9475, device='cuda:0')
[TRAIN] Acc: 70.000
[TEST] Acc: 70.430
0.03,0.4208
Epoch: 100
batch idx 22 hidden train
batch idx 160 hidden train
batch idx 334 hidden train
30583 torch.Size([50000]) tensor(590.0474, device='cuda:0')
[TRAIN] Acc: 61.250
[TEST] Acc: 69.530
0.03,0.4285
Epoch: 101
batch idx 119 hidden train
batch idx 162 hidden train
batch idx 266 hidden train
30770 torch.Size([50000]) tensor(595.4086, device='cuda:0')
[TRAIN] Acc: 72.500
[TEST] Acc: 70.350
0.03,0.43
Epoch: 102
batch idx 62 hidden train
batch idx 146 hidden train
batch idx 387 hidden train
31027 torch.Size([50000]) tensor(593.7381, device='cuda:0')
[TRAIN] Acc: 66.250
[TEST] Acc: 71.390
0.03,0.4426
Epoch: 103
batch idx 1 hidden train
batch idx 336 hidden train
batch idx 387 hidden train
31118 torch.Size([50000]) tensor(594.9634, device='cuda:0')
[TRAIN] Acc: 75.000
[TEST] Acc: 69.530
0.03,0.4538
Epoch: 104
batch idx 32 hidden train
batch idx 330 hidden train
batch idx 360 hidden train
31139 torch.Size([50000]) tensor(598.2033, device='cuda:0')
[TRAIN] Acc: 73.750
[TEST] Acc: 71.400
0.03,0.4482
Epoch: 105
batch idx 167 hidden train
batch idx 256 hidden train
batch idx 274 hidden train
31566 torch.Size([50000]) tensor(572.6292, device='cuda:0')
[TRAIN] Acc: 65.000
[TEST] Acc: 72.400
0.03,0.4376
Epoch: 106
batch idx 244 hidden train
batch idx 278 hidden train
batch idx 341 hidden train
31838 torch.Size([50000]) tensor(571.6810, device='cuda:0')
[TRAIN] Acc: 77.500
[TEST] Acc: 73.030
0.03,0.4408
Epoch: 107
batch idx 23 hidden train
batch idx 29 hidden train
batch idx 140 hidden train
31994 torch.Size([50000]) tensor(596.3014, device='cuda:0')
[TRAIN] Acc: 72.500
[TEST] Acc: 73.870
0.03,0.4233
Epoch: 108
batch idx 27 hidden train
batch idx 82 hidden train
batch idx 95 hidden train
32220 torch.Size([50000]) tensor(579.4949, device='cuda:0')
[TRAIN] Acc: 73.750
[TEST] Acc: 73.490
0.03,0.4542
Epoch: 109
batch idx 16 hidden train
batch idx 299 hidden train
batch idx 368 hidden train
32307 torch.Size([50000]) tensor(609.6082, device='cuda:0')
[TRAIN] Acc: 76.250
[TEST] Acc: 74.720
0.03,0.4275
Epoch: 110
batch idx 42 hidden train
batch idx 192 hidden train
batch idx 338 hidden train
33128 torch.Size([50000]) tensor(579.8771, device='cuda:0')
[TRAIN] Acc: 70.000
[TEST] Acc: 74.930
0.03,0.4529
Epoch: 111
batch idx 135 hidden train
batch idx 207 hidden train
batch idx 238 hidden train
32966 torch.Size([50000]) tensor(601.2266, device='cuda:0')
[TRAIN] Acc: 67.500
[TEST] Acc: 74.570
0.03,0.4127
Epoch: 112
batch idx 74 hidden train
batch idx 155 hidden train
batch idx 168 hidden train
32488 torch.Size([50000]) tensor(576.9907, device='cuda:0')
[TRAIN] Acc: 72.500
[TEST] Acc: 74.010
0.03,0.4343
Epoch: 113
batch idx 246 hidden train
batch idx 278 hidden train
batch idx 332 hidden train
32491 torch.Size([50000]) tensor(577.5751, device='cuda:0')
[TRAIN] Acc: 81.250
[TEST] Acc: 73.340
0.03,0.4385
Epoch: 114
batch idx 29 hidden train
batch idx 60 hidden train
batch idx 350 hidden train
32955 torch.Size([50000]) tensor(601.8506, device='cuda:0')
[TRAIN] Acc: 77.500
[TEST] Acc: 76.280
0.03,0.4284
Epoch: 115
batch idx 18 hidden train
batch idx 186 hidden train
batch idx 364 hidden train
33437 torch.Size([50000]) tensor(605.4956, device='cuda:0')
[TRAIN] Acc: 75.000
[TEST] Acc: 75.210
0.03,0.4146
Epoch: 116
batch idx 169 hidden train
batch idx 179 hidden train
batch idx 332 hidden train
33123 torch.Size([50000]) tensor(538.1718, device='cuda:0')
[TRAIN] Acc: 80.000
[TEST] Acc: 75.890
0.03,0.4121
Epoch: 117
batch idx 146 hidden train
batch idx 147 hidden train
batch idx 197 hidden train
33132 torch.Size([50000]) tensor(584.9723, device='cuda:0')
[TRAIN] Acc: 72.500
[TEST] Acc: 77.040
0.03,0.4227
Epoch: 118
batch idx 131 hidden train
batch idx 193 hidden train
batch idx 304 hidden train
32985 torch.Size([50000]) tensor(553.6957, device='cuda:0')
[TRAIN] Acc: 72.500
[TEST] Acc: 77.140
0.03,0.4366
Epoch: 119
batch idx 36 hidden train
batch idx 103 hidden train
batch idx 314 hidden train
33263 torch.Size([50000]) tensor(562.4132, device='cuda:0')
[TRAIN] Acc: 70.000
[TEST] Acc: 77.130
0.03,0.4155
Epoch: 120
batch idx 54 hidden train
batch idx 118 hidden train
batch idx 182 hidden train
33499 torch.Size([50000]) tensor(590.2181, device='cuda:0')
[TRAIN] Acc: 70.000
[TEST] Acc: 77.280
0.03,0.4083
Epoch: 121
batch idx 153 hidden train
batch idx 194 hidden train
batch idx 354 hidden train
33499 torch.Size([50000]) tensor(580.6859, device='cuda:0')
[TRAIN] Acc: 80.000
[TEST] Acc: 75.120
0.03,0.4195
Epoch: 122
batch idx 84 hidden train
batch idx 288 hidden train
batch idx 352 hidden train
33572 torch.Size([50000]) tensor(555.2071, device='cuda:0')
[TRAIN] Acc: 75.000
[TEST] Acc: 77.720
0.03,0.4388
Epoch: 123
batch idx 19 hidden train
batch idx 23 hidden train
batch idx 353 hidden train
34081 torch.Size([50000]) tensor(570.7851, device='cuda:0')
[TRAIN] Acc: 78.750
[TEST] Acc: 77.100
0.03,0.4538
Epoch: 124
batch idx 62 hidden train
batch idx 182 hidden train
batch idx 378 hidden train
33959 torch.Size([50000]) tensor(577.2271, device='cuda:0')
[TRAIN] Acc: 71.250
[TEST] Acc: 78.310
0.03,0.4161
Epoch: 125
batch idx 23 hidden train
batch idx 208 hidden train
batch idx 316 hidden train
33337 torch.Size([50000]) tensor(588.2303, device='cuda:0')
[TRAIN] Acc: 72.500
[TEST] Acc: 76.490
0.03,0.4028
Epoch: 126
batch idx 137 hidden train
batch idx 154 hidden train
batch idx 261 hidden train
33033 torch.Size([50000]) tensor(565.7076, device='cuda:0')
[TRAIN] Acc: 80.000
[TEST] Acc: 73.450
0.03,0.4102
Epoch: 127
batch idx 8 hidden train
batch idx 47 hidden train
batch idx 105 hidden train
33865 torch.Size([50000]) tensor(574.7535, device='cuda:0')
[TRAIN] Acc: 76.250
[TEST] Acc: 76.320
0.03,0.4361
Epoch: 128
batch idx 112 hidden train
batch idx 276 hidden train
batch idx 294 hidden train
34089 torch.Size([50000]) tensor(574.5031, device='cuda:0')
[TRAIN] Acc: 80.000
[TEST] Acc: 77.590
0.03,0.4306
Epoch: 129
batch idx 120 hidden train
batch idx 343 hidden train
batch idx 380 hidden train
34048 torch.Size([50000]) tensor(586.7383, device='cuda:0')
[TRAIN] Acc: 77.500
[TEST] Acc: 75.520
0.03,0.4473
Epoch: 130
batch idx 154 hidden train
batch idx 246 hidden train
batch idx 346 hidden train
33798 torch.Size([50000]) tensor(574.1013, device='cuda:0')
[TRAIN] Acc: 72.500
[TEST] Acc: 77.710
0.03,0.469
Epoch: 131
batch idx 158 hidden train
batch idx 252 hidden train
batch idx 344 hidden train
34305 torch.Size([50000]) tensor(605.7695, device='cuda:0')
[TRAIN] Acc: 75.000
[TEST] Acc: 77.350
0.03,0.4115
Epoch: 132
batch idx 140 hidden train
batch idx 210 hidden train
batch idx 305 hidden train
33981 torch.Size([50000]) tensor(587.1675, device='cuda:0')
[TRAIN] Acc: 77.500
[TEST] Acc: 78.860
0.03,0.4529
Epoch: 133
batch idx 61 hidden train
batch idx 209 hidden train
batch idx 369 hidden train
34153 torch.Size([50000]) tensor(580.2266, device='cuda:0')
[TRAIN] Acc: 76.250
[TEST] Acc: 76.880
0.03,0.4033
Epoch: 134
batch idx 40 hidden train
batch idx 111 hidden train
batch idx 335 hidden train
34258 torch.Size([50000]) tensor(584.9872, device='cuda:0')
[TRAIN] Acc: 86.250
[TEST] Acc: 78.690
0.03,0.4518
Epoch: 135
batch idx 36 hidden train
batch idx 159 hidden train
batch idx 335 hidden train
34161 torch.Size([50000]) tensor(590.1253, device='cuda:0')
[TRAIN] Acc: 78.750
[TEST] Acc: 77.690
0.03,0.4528
Epoch: 136
batch idx 281 hidden train
batch idx 336 hidden train
batch idx 344 hidden train
34227 torch.Size([50000]) tensor(584.7000, device='cuda:0')
[TRAIN] Acc: 76.250
[TEST] Acc: 78.550
0.03,0.4512
Epoch: 137
batch idx 27 hidden train
batch idx 61 hidden train
batch idx 99 hidden train
34109 torch.Size([50000]) tensor(601.3229, device='cuda:0')
[TRAIN] Acc: 78.750
[TEST] Acc: 78.600
0.03,0.4366
Epoch: 138
batch idx 21 hidden train
batch idx 25 hidden train
batch idx 142 hidden train
34155 torch.Size([50000]) tensor(601.7404, device='cuda:0')
[TRAIN] Acc: 83.750
[TEST] Acc: 77.450
0.03,0.446
Epoch: 139
batch idx 49 hidden train
batch idx 57 hidden train
batch idx 355 hidden train
34575 torch.Size([50000]) tensor(569.6451, device='cuda:0')
[TRAIN] Acc: 81.250
[TEST] Acc: 77.770
0.03,0.4403
Epoch: 140
batch idx 66 hidden train
batch idx 187 hidden train
batch idx 213 hidden train
36430 torch.Size([50000]) tensor(606.9570, device='cuda:0')
[TRAIN] Acc: 81.250
[TEST] Acc: 80.490
0.03,0.4619
Epoch: 141
batch idx 118 hidden train
batch idx 184 hidden train
batch idx 386 hidden train
36780 torch.Size([50000]) tensor(620.0354, device='cuda:0')
[TRAIN] Acc: 73.750
[TEST] Acc: 80.590
0.03,0.4853
Epoch: 142
batch idx 107 hidden train
batch idx 239 hidden train
batch idx 275 hidden train
36626 torch.Size([50000]) tensor(667.2344, device='cuda:0')
[TRAIN] Acc: 81.250
[TEST] Acc: 80.430
0.03,0.5272
Epoch: 143
batch idx 53 hidden train
batch idx 189 hidden train
batch idx 263 hidden train
36514 torch.Size([50000]) tensor(707.4288, device='cuda:0')
[TRAIN] Acc: 85.000
[TEST] Acc: 80.760
0.03,0.5156
Epoch: 144
batch idx 304 hidden train
batch idx 319 hidden train
batch idx 362 hidden train
36250 torch.Size([50000]) tensor(717.9749, device='cuda:0')
[TRAIN] Acc: 77.500
[TEST] Acc: 80.900
0.03,0.5105
Epoch: 145
batch idx 89 hidden train
batch idx 125 hidden train
batch idx 270 hidden train
36299 torch.Size([50000]) tensor(699.9520, device='cuda:0')
[TRAIN] Acc: 86.250
[TEST] Acc: 80.830
0.03,0.5203
Epoch: 146
batch idx 234 hidden train
batch idx 270 hidden train
batch idx 344 hidden train
36156 torch.Size([50000]) tensor(720.9825, device='cuda:0')
[TRAIN] Acc: 82.500
[TEST] Acc: 80.940
0.03,0.5189
Epoch: 147
batch idx 187 hidden train
batch idx 213 hidden train
batch idx 360 hidden train
36177 torch.Size([50000]) tensor(724.3558, device='cuda:0')
[TRAIN] Acc: 75.000
[TEST] Acc: 80.710
0.03,0.5223
Epoch: 148
batch idx 59 hidden train
batch idx 243 hidden train
batch idx 366 hidden train
36338 torch.Size([50000]) tensor(740.9789, device='cuda:0')
[TRAIN] Acc: 78.750
[TEST] Acc: 80.700
0.03,0.5346
Epoch: 149
batch idx 31 hidden train
batch idx 270 hidden train
batch idx 374 hidden train
36260 torch.Size([50000]) tensor(729.9312, device='cuda:0')
[TRAIN] Acc: 76.250
[TEST] Acc: 80.590
0.03,0.5302
Epoch: 150
batch idx 151 hidden train
batch idx 195 hidden train
batch idx 236 hidden train
36282 torch.Size([50000]) tensor(755.5274, device='cuda:0')
[TRAIN] Acc: 83.750
[TEST] Acc: 80.890
0.03,0.5155
Epoch: 151
batch idx 22 hidden train
batch idx 234 hidden train
batch idx 372 hidden train
36472 torch.Size([50000]) tensor(754.6760, device='cuda:0')
[TRAIN] Acc: 85.000
[TEST] Acc: 80.770
0.03,0.5133
Epoch: 152
batch idx 64 hidden train
batch idx 255 hidden train
batch idx 387 hidden train
36543 torch.Size([50000]) tensor(745.8970, device='cuda:0')
[TRAIN] Acc: 76.250
[TEST] Acc: 81.140
0.03,0.525
Epoch: 153
batch idx 19 hidden train
batch idx 61 hidden train
batch idx 156 hidden train
36462 torch.Size([50000]) tensor(730.3459, device='cuda:0')
[TRAIN] Acc: 82.500
[TEST] Acc: 80.760
0.03,0.5475
Epoch: 154
batch idx 50 hidden train
batch idx 64 hidden train
batch idx 135 hidden train
36548 torch.Size([50000]) tensor(738.1483, device='cuda:0')
[TRAIN] Acc: 77.500
[TEST] Acc: 81.120
0.03,0.5232
Epoch: 155
batch idx 202 hidden train
batch idx 206 hidden train
batch idx 371 hidden train
36665 torch.Size([50000]) tensor(737.9067, device='cuda:0')
[TRAIN] Acc: 81.250
[TEST] Acc: 81.200
0.03,0.5285
Epoch: 156
batch idx 125 hidden train
batch idx 143 hidden train
batch idx 312 hidden train
36528 torch.Size([50000]) tensor(754.5159, device='cuda:0')
[TRAIN] Acc: 88.750
[TEST] Acc: 81.070
0.03,0.5232
Epoch: 157
batch idx 59 hidden train
batch idx 193 hidden train
batch idx 361 hidden train
36730 torch.Size([50000]) tensor(732.6607, device='cuda:0')
[TRAIN] Acc: 86.250
[TEST] Acc: 80.990
0.03,0.544
Epoch: 158
batch idx 187 hidden train
batch idx 190 hidden train
batch idx 250 hidden train
36930 torch.Size([50000]) tensor(763.2339, device='cuda:0')
[TRAIN] Acc: 81.250
[TEST] Acc: 80.900
0.03,0.5406
Epoch: 159
batch idx 74 hidden train
batch idx 117 hidden train
batch idx 254 hidden train
36910 torch.Size([50000]) tensor(770.4189, device='cuda:0')
[TRAIN] Acc: 87.500
[TEST] Acc: 81.260
0.03,0.547
Epoch: 160
batch idx 98 hidden train
batch idx 125 hidden train
batch idx 159 hidden train
36716 torch.Size([50000]) tensor(753.6207, device='cuda:0')
[TRAIN] Acc: 83.750
[TEST] Acc: 81.220
0.03,0.5415
Epoch: 161
batch idx 113 hidden train
batch idx 352 hidden train
batch idx 368 hidden train
36743 torch.Size([50000]) tensor(761.7449, device='cuda:0')
[TRAIN] Acc: 76.250
[TEST] Acc: 81.290
0.03,0.5484
Epoch: 162
batch idx 166 hidden train
batch idx 235 hidden train
batch idx 288 hidden train
36775 torch.Size([50000]) tensor(756.5919, device='cuda:0')
[TRAIN] Acc: 83.750
[TEST] Acc: 81.070
0.03,0.5647
Epoch: 163
batch idx 59 hidden train
batch idx 191 hidden train
batch idx 295 hidden train
36856 torch.Size([50000]) tensor(775.5104, device='cuda:0')
[TRAIN] Acc: 81.250
[TEST] Acc: 81.110
0.03,0.5442
Epoch: 164
batch idx 47 hidden train
batch idx 252 hidden train
batch idx 262 hidden train
36752 torch.Size([50000]) tensor(764.7526, device='cuda:0')
[TRAIN] Acc: 76.250
[TEST] Acc: 80.440
0.03,0.5338
Epoch: 165
batch idx 77 hidden train
batch idx 193 hidden train
batch idx 296 hidden train
36612 torch.Size([50000]) tensor(783.8123, device='cuda:0')
[TRAIN] Acc: 85.000
[TEST] Acc: 80.390
0.03,0.5204
Epoch: 166
batch idx 175 hidden train
batch idx 362 hidden train
batch idx 365 hidden train
36863 torch.Size([50000]) tensor(750.4214, device='cuda:0')
[TRAIN] Acc: 80.000
[TEST] Acc: 81.460
0.03,0.5498
Epoch: 167
batch idx 27 hidden train
batch idx 67 hidden train
batch idx 127 hidden train
37073 torch.Size([50000]) tensor(748.4722, device='cuda:0')
[TRAIN] Acc: 81.250
[TEST] Acc: 80.940
0.03,0.5452
Epoch: 168
batch idx 68 hidden train
batch idx 113 hidden train
batch idx 285 hidden train
36803 torch.Size([50000]) tensor(770.8827, device='cuda:0')
[TRAIN] Acc: 77.500
[TEST] Acc: 81.000
0.03,0.5419
Epoch: 169
batch idx 83 hidden train
batch idx 257 hidden train
batch idx 309 hidden train
37070 torch.Size([50000]) tensor(778.2667, device='cuda:0')
[TRAIN] Acc: 88.750
[TEST] Acc: 81.190
0.03,0.5497
Epoch: 170
batch idx 73 hidden train
batch idx 287 hidden train
batch idx 382 hidden train
37076 torch.Size([50000]) tensor(745.0298, device='cuda:0')
[TRAIN] Acc: 82.500
[TEST] Acc: 80.820
0.03,0.543
Epoch: 171
batch idx 103 hidden train
batch idx 155 hidden train
batch idx 357 hidden train
36997 torch.Size([50000]) tensor(796.8571, device='cuda:0')
[TRAIN] Acc: 82.500
[TEST] Acc: 80.830
0.03,0.5504
Epoch: 172
batch idx 88 hidden train
batch idx 199 hidden train
batch idx 319 hidden train
37057 torch.Size([50000]) tensor(769.7283, device='cuda:0')
[TRAIN] Acc: 85.000
[TEST] Acc: 81.110
0.03,0.5669
Epoch: 173
batch idx 1 hidden train
batch idx 55 hidden train
batch idx 258 hidden train
37110 torch.Size([50000]) tensor(786.3201, device='cuda:0')
[TRAIN] Acc: 82.500
[TEST] Acc: 81.120
0.03,0.5587
Epoch: 174
batch idx 75 hidden train
batch idx 218 hidden train
batch idx 349 hidden train
36897 torch.Size([50000]) tensor(769.7841, device='cuda:0')
[TRAIN] Acc: 81.250
[TEST] Acc: 81.190
0.03,0.5525
Epoch: 175
batch idx 214 hidden train
batch idx 276 hidden train
batch idx 382 hidden train
37157 torch.Size([50000]) tensor(767.7181, device='cuda:0')
[TRAIN] Acc: 83.750
[TEST] Acc: 81.030
0.03,0.5492
Epoch: 176
batch idx 305 hidden train
batch idx 340 hidden train
batch idx 388 hidden train
37170 torch.Size([50000]) tensor(754.8044, device='cuda:0')
[TRAIN] Acc: 72.500
[TEST] Acc: 81.430
0.03,0.5426
Epoch: 177
batch idx 8 hidden train
batch idx 315 hidden train
batch idx 372 hidden train
37139 torch.Size([50000]) tensor(764.2557, device='cuda:0')
[TRAIN] Acc: 82.500
[TEST] Acc: 80.830
0.03,0.544
Epoch: 178
batch idx 94 hidden train
batch idx 185 hidden train
batch idx 348 hidden train
37076 torch.Size([50000]) tensor(760.6198, device='cuda:0')
[TRAIN] Acc: 72.500
[TEST] Acc: 81.000
0.03,0.5491
Epoch: 179
batch idx 244 hidden train
batch idx 286 hidden train
batch idx 338 hidden train
37168 torch.Size([50000]) tensor(762.6927, device='cuda:0')
[TRAIN] Acc: 78.750
[TEST] Acc: 81.480
0.03,0.5518
Epoch: 180
batch idx 101 hidden train
batch idx 136 hidden train
batch idx 322 hidden train
37439 torch.Size([50000]) tensor(759.0859, device='cuda:0')
[TRAIN] Acc: 83.750
[TEST] Acc: 81.280
0.03,0.5532
Epoch: 181
batch idx 67 hidden train
batch idx 266 hidden train
batch idx 269 hidden train
37410 torch.Size([50000]) tensor(768.4319, device='cuda:0')
[TRAIN] Acc: 87.500
[TEST] Acc: 81.400
0.03,0.5609
Epoch: 182
batch idx 72 hidden train
batch idx 229 hidden train
batch idx 301 hidden train
37451 torch.Size([50000]) tensor(778.1865, device='cuda:0')
[TRAIN] Acc: 83.750
[TEST] Acc: 81.470
0.03,0.5605
Epoch: 183
batch idx 16 hidden train
batch idx 152 hidden train
batch idx 344 hidden train
37398 torch.Size([50000]) tensor(778.9200, device='cuda:0')
[TRAIN] Acc: 87.500
[TEST] Acc: 81.470
0.03,0.5573
Epoch: 184
batch idx 37 hidden train
batch idx 188 hidden train
batch idx 338 hidden train
37584 torch.Size([50000]) tensor(767.2303, device='cuda:0')
[TRAIN] Acc: 85.000
[TEST] Acc: 81.330
0.03,0.557
Epoch: 185
batch idx 282 hidden train
batch idx 290 hidden train
batch idx 366 hidden train
37431 torch.Size([50000]) tensor(783.8922, device='cuda:0')
[TRAIN] Acc: 81.250
[TEST] Acc: 81.350
0.03,0.5668
Epoch: 186
batch idx 71 hidden train
batch idx 129 hidden train
batch idx 231 hidden train
37483 torch.Size([50000]) tensor(792.3629, device='cuda:0')
[TRAIN] Acc: 82.500
[TEST] Acc: 81.610
0.03,0.57
Epoch: 187
batch idx 69 hidden train
batch idx 275 hidden train
batch idx 292 hidden train
37432 torch.Size([50000]) tensor(787.2819, device='cuda:0')
[TRAIN] Acc: 81.250
[TEST] Acc: 81.450
0.03,0.5587
Epoch: 188
batch idx 143 hidden train
batch idx 287 hidden train
batch idx 310 hidden train
37491 torch.Size([50000]) tensor(805.0502, device='cuda:0')
[TRAIN] Acc: 80.000
[TEST] Acc: 81.610
0.03,0.5648
Epoch: 189
batch idx 83 hidden train
batch idx 153 hidden train
batch idx 222 hidden train
37571 torch.Size([50000]) tensor(782.4858, device='cuda:0')
[TRAIN] Acc: 80.000
[TEST] Acc: 81.460
0.03,0.5605
Epoch: 190
batch idx 35 hidden train
batch idx 163 hidden train
batch idx 291 hidden train
37497 torch.Size([50000]) tensor(812.4898, device='cuda:0')
[TRAIN] Acc: 78.750
[TEST] Acc: 81.650
0.03,0.5693
Epoch: 191
batch idx 106 hidden train
batch idx 264 hidden train
batch idx 337 hidden train
37422 torch.Size([50000]) tensor(805.5870, device='cuda:0')
[TRAIN] Acc: 90.000
[TEST] Acc: 81.700
0.03,0.5589
Epoch: 192
batch idx 121 hidden train
batch idx 290 hidden train
batch idx 313 hidden train
37398 torch.Size([50000]) tensor(806.4174, device='cuda:0')
[TRAIN] Acc: 91.250
[TEST] Acc: 81.640
0.03,0.5669
Epoch: 193
batch idx 31 hidden train
batch idx 135 hidden train
batch idx 285 hidden train
37572 torch.Size([50000]) tensor(780.2483, device='cuda:0')
[TRAIN] Acc: 78.750
[TEST] Acc: 81.590
0.03,0.5692
Epoch: 194
batch idx 207 hidden train
batch idx 280 hidden train
batch idx 322 hidden train
37472 torch.Size([50000]) tensor(772.4320, device='cuda:0')
[TRAIN] Acc: 90.000
[TEST] Acc: 81.630
0.03,0.5553
Epoch: 195
batch idx 109 hidden train
batch idx 130 hidden train
batch idx 319 hidden train
37475 torch.Size([50000]) tensor(787.9369, device='cuda:0')
[TRAIN] Acc: 86.250
[TEST] Acc: 81.730
0.03,0.5757
Epoch: 196
batch idx 229 hidden train
batch idx 271 hidden train
batch idx 356 hidden train
37489 torch.Size([50000]) tensor(794.1693, device='cuda:0')
[TRAIN] Acc: 82.500
[TEST] Acc: 81.710
0.03,0.5666
Epoch: 197
batch idx 33 hidden train
batch idx 88 hidden train
batch idx 367 hidden train
37659 torch.Size([50000]) tensor(806.2930, device='cuda:0')
[TRAIN] Acc: 83.750
[TEST] Acc: 81.550
0.03,0.5629
Epoch: 198
batch idx 11 hidden train
batch idx 123 hidden train
batch idx 151 hidden train
37507 torch.Size([50000]) tensor(817.8936, device='cuda:0')
[TRAIN] Acc: 80.000
[TEST] Acc: 81.720
0.03,0.5685
Epoch: 199
batch idx 24 hidden train
batch idx 50 hidden train
batch idx 346 hidden train
37483 torch.Size([50000]) tensor(798.6489, device='cuda:0')
[TRAIN] Acc: 86.250
[TEST] Acc: 81.340
0.03,0.5642
