model_out:  ./checkpoint/cifar10_vgg_adv
==> Preparing data..
Files already downloaded and verified
Training data will be SHUFFLED
Files already downloaded and verified
running experiment with mixup_in_epoch=0, hidden_in_epoch=2, mixup_alpha=1.0
Epoch: 0
batch idx 331 hidden train
batch idx 381 hidden train
14291 torch.Size([50000]) tensor(189.6327, device='cuda:0')
[TRAIN] Acc: 5.000
[TEST] Acc: 10.000
Epoch: 1
batch idx 12 hidden train
batch idx 295 hidden train
5285 torch.Size([50000]) tensor(20.5726, device='cuda:0')
[TRAIN] Acc: 11.250
[TEST] Acc: 11.890
Epoch: 2
batch idx 0 hidden train
batch idx 88 hidden train
5677 torch.Size([50000]) tensor(31.1903, device='cuda:0')
[TRAIN] Acc: 8.750
[TEST] Acc: 12.970
Epoch: 3
batch idx 66 hidden train
batch idx 76 hidden train
6089 torch.Size([50000]) tensor(43.5780, device='cuda:0')
[TRAIN] Acc: 22.500
[TEST] Acc: 13.830
Epoch: 4
batch idx 123 hidden train
batch idx 234 hidden train
6151 torch.Size([50000]) tensor(56.2731, device='cuda:0')
[TRAIN] Acc: 7.500
[TEST] Acc: 13.630
Epoch: 5
batch idx 159 hidden train
batch idx 161 hidden train
6300 torch.Size([50000]) tensor(70.4712, device='cuda:0')
[TRAIN] Acc: 17.500
[TEST] Acc: 14.070
Epoch: 6
batch idx 152 hidden train
batch idx 380 hidden train
6399 torch.Size([50000]) tensor(82.3728, device='cuda:0')
[TRAIN] Acc: 20.000
[TEST] Acc: 14.240
Epoch: 7
batch idx 183 hidden train
batch idx 214 hidden train
6420 torch.Size([50000]) tensor(93.5285, device='cuda:0')
[TRAIN] Acc: 15.000
[TEST] Acc: 15.200
Epoch: 8
batch idx 234 hidden train
batch idx 283 hidden train
6904 torch.Size([50000]) tensor(105.7244, device='cuda:0')
[TRAIN] Acc: 7.500
[TEST] Acc: 15.980
Epoch: 9
batch idx 49 hidden train
batch idx 221 hidden train
8137 torch.Size([50000]) tensor(119.5325, device='cuda:0')
[TRAIN] Acc: 13.750
[TEST] Acc: 24.260
Epoch: 10
batch idx 273 hidden train
batch idx 360 hidden train
10679 torch.Size([50000]) tensor(144.3993, device='cuda:0')
[TRAIN] Acc: 21.250
[TEST] Acc: 14.060
Epoch: 11
batch idx 69 hidden train
batch idx 294 hidden train
11010 torch.Size([50000]) tensor(151.2928, device='cuda:0')
[TRAIN] Acc: 12.500
[TEST] Acc: 21.130
Epoch: 12
batch idx 253 hidden train
batch idx 387 hidden train
11775 torch.Size([50000]) tensor(173.2825, device='cuda:0')
[TRAIN] Acc: 27.500
[TEST] Acc: 27.620
Epoch: 13
batch idx 116 hidden train
batch idx 180 hidden train
11931 torch.Size([50000]) tensor(186.6206, device='cuda:0')
[TRAIN] Acc: 28.750
[TEST] Acc: 28.530
Epoch: 14
batch idx 13 hidden train
batch idx 112 hidden train
12325 torch.Size([50000]) tensor(201.2254, device='cuda:0')
[TRAIN] Acc: 28.750
[TEST] Acc: 27.820
Epoch: 15
batch idx 134 hidden train
batch idx 202 hidden train
12942 torch.Size([50000]) tensor(205.7565, device='cuda:0')
[TRAIN] Acc: 28.750
[TEST] Acc: 31.670
Epoch: 16
batch idx 58 hidden train
batch idx 170 hidden train
13576 torch.Size([50000]) tensor(226.2163, device='cuda:0')
[TRAIN] Acc: 21.250
[TEST] Acc: 30.410
Epoch: 17
batch idx 186 hidden train
batch idx 339 hidden train
13819 torch.Size([50000]) tensor(230.8458, device='cuda:0')
[TRAIN] Acc: 38.750
[TEST] Acc: 35.280
Epoch: 18
batch idx 83 hidden train
batch idx 247 hidden train
14682 torch.Size([50000]) tensor(192.5419, device='cuda:0')
[TRAIN] Acc: 35.000
[TEST] Acc: 35.360
Epoch: 19
batch idx 155 hidden train
batch idx 297 hidden train
15249 torch.Size([50000]) tensor(224.5827, device='cuda:0')
[TRAIN] Acc: 52.500
[TEST] Acc: 38.180
Epoch: 20
batch idx 277 hidden train
batch idx 308 hidden train
16442 torch.Size([50000]) tensor(208.2234, device='cuda:0')
[TRAIN] Acc: 48.750
[TEST] Acc: 39.960
Epoch: 21
batch idx 143 hidden train
batch idx 254 hidden train
18547 torch.Size([50000]) tensor(241.5304, device='cuda:0')
[TRAIN] Acc: 46.250
[TEST] Acc: 40.990
Epoch: 22
batch idx 78 hidden train
batch idx 185 hidden train
19484 torch.Size([50000]) tensor(229.0973, device='cuda:0')
[TRAIN] Acc: 57.500
[TEST] Acc: 49.330
Epoch: 23
batch idx 105 hidden train
batch idx 314 hidden train
20922 torch.Size([50000]) tensor(222.9075, device='cuda:0')
[TRAIN] Acc: 45.000
[TEST] Acc: 54.680
Epoch: 24
batch idx 172 hidden train
batch idx 331 hidden train
21925 torch.Size([50000]) tensor(257.6725, device='cuda:0')
[TRAIN] Acc: 58.750
[TEST] Acc: 49.540
Epoch: 25
batch idx 71 hidden train
batch idx 309 hidden train
23082 torch.Size([50000]) tensor(253.8581, device='cuda:0')
[TRAIN] Acc: 53.750
[TEST] Acc: 58.760
Epoch: 26
batch idx 120 hidden train
batch idx 383 hidden train
23244 torch.Size([50000]) tensor(273.1232, device='cuda:0')
[TRAIN] Acc: 57.500
[TEST] Acc: 46.160
Epoch: 27
batch idx 119 hidden train
batch idx 302 hidden train
24363 torch.Size([50000]) tensor(260.7781, device='cuda:0')
[TRAIN] Acc: 58.750
[TEST] Acc: 53.950
Epoch: 28
batch idx 139 hidden train
batch idx 149 hidden train
24641 torch.Size([50000]) tensor(263.6492, device='cuda:0')
[TRAIN] Acc: 56.250
[TEST] Acc: 53.610
Epoch: 29
batch idx 107 hidden train
batch idx 257 hidden train
24417 torch.Size([50000]) tensor(276.8243, device='cuda:0')
[TRAIN] Acc: 73.750
[TEST] Acc: 59.290
Epoch: 30
batch idx 153 hidden train
batch idx 333 hidden train
25111 torch.Size([50000]) tensor(279.9618, device='cuda:0')
[TRAIN] Acc: 62.500
[TEST] Acc: 60.910
Epoch: 31
batch idx 4 hidden train
batch idx 240 hidden train
25488 torch.Size([50000]) tensor(317.9099, device='cuda:0')
[TRAIN] Acc: 67.500
[TEST] Acc: 63.760
Epoch: 32
batch idx 262 hidden train
batch idx 288 hidden train
25444 torch.Size([50000]) tensor(352.4485, device='cuda:0')
[TRAIN] Acc: 61.250
[TEST] Acc: 59.820
Epoch: 33
batch idx 120 hidden train
batch idx 249 hidden train
26181 torch.Size([50000]) tensor(321.9594, device='cuda:0')
[TRAIN] Acc: 66.250
[TEST] Acc: 64.440
Epoch: 34
batch idx 53 hidden train
batch idx 204 hidden train
25864 torch.Size([50000]) tensor(369.6696, device='cuda:0')
[TRAIN] Acc: 70.000
[TEST] Acc: 61.410
Epoch: 35
batch idx 71 hidden train
batch idx 209 hidden train
27215 torch.Size([50000]) tensor(323.6927, device='cuda:0')
[TRAIN] Acc: 77.500
[TEST] Acc: 68.410
Epoch: 36
batch idx 234 hidden train
batch idx 368 hidden train
27147 torch.Size([50000]) tensor(334.7580, device='cuda:0')
[TRAIN] Acc: 78.750
[TEST] Acc: 64.380
Epoch: 37
batch idx 106 hidden train
batch idx 261 hidden train
27669 torch.Size([50000]) tensor(313.6316, device='cuda:0')
[TRAIN] Acc: 67.500
[TEST] Acc: 65.550
Epoch: 38
batch idx 19 hidden train
batch idx 108 hidden train
27918 torch.Size([50000]) tensor(340.6922, device='cuda:0')
[TRAIN] Acc: 78.750
[TEST] Acc: 70.620
Epoch: 39
batch idx 60 hidden train
batch idx 338 hidden train
28544 torch.Size([50000]) tensor(350.1735, device='cuda:0')
[TRAIN] Acc: 78.750
[TEST] Acc: 65.590
Epoch: 40
batch idx 52 hidden train
batch idx 379 hidden train
28534 torch.Size([50000]) tensor(354.7873, device='cuda:0')
[TRAIN] Acc: 71.250
[TEST] Acc: 71.020
Epoch: 41
batch idx 129 hidden train
batch idx 285 hidden train
29242 torch.Size([50000]) tensor(333.6421, device='cuda:0')
[TRAIN] Acc: 71.250
[TEST] Acc: 72.650
Epoch: 42
batch idx 13 hidden train
batch idx 174 hidden train
29392 torch.Size([50000]) tensor(348.4511, device='cuda:0')
[TRAIN] Acc: 68.750
[TEST] Acc: 74.480
Epoch: 43
batch idx 15 hidden train
batch idx 247 hidden train
29304 torch.Size([50000]) tensor(333.7580, device='cuda:0')
[TRAIN] Acc: 66.250
[TEST] Acc: 63.940
Epoch: 44
batch idx 218 hidden train
batch idx 314 hidden train
29891 torch.Size([50000]) tensor(324.4769, device='cuda:0')
[TRAIN] Acc: 68.750
[TEST] Acc: 68.210
Epoch: 45
batch idx 186 hidden train
batch idx 316 hidden train
30059 torch.Size([50000]) tensor(348.6676, device='cuda:0')
[TRAIN] Acc: 70.000
[TEST] Acc: 73.530
Epoch: 46
batch idx 67 hidden train
batch idx 228 hidden train
30648 torch.Size([50000]) tensor(341.4281, device='cuda:0')
[TRAIN] Acc: 76.250
[TEST] Acc: 72.120
Epoch: 47
batch idx 107 hidden train
batch idx 270 hidden train
30243 torch.Size([50000]) tensor(344.4870, device='cuda:0')
[TRAIN] Acc: 76.250
[TEST] Acc: 74.450
Epoch: 48
batch idx 110 hidden train
batch idx 259 hidden train
30198 torch.Size([50000]) tensor(362.1382, device='cuda:0')
[TRAIN] Acc: 75.000
[TEST] Acc: 74.410
Epoch: 49
batch idx 150 hidden train
batch idx 328 hidden train
30745 torch.Size([50000]) tensor(381.2482, device='cuda:0')
[TRAIN] Acc: 73.750
[TEST] Acc: 71.930
Epoch: 50
batch idx 111 hidden train
batch idx 283 hidden train
31310 torch.Size([50000]) tensor(360.2977, device='cuda:0')
[TRAIN] Acc: 81.250
[TEST] Acc: 74.710
Epoch: 51
batch idx 11 hidden train
batch idx 371 hidden train
31032 torch.Size([50000]) tensor(369.6198, device='cuda:0')
[TRAIN] Acc: 70.000
[TEST] Acc: 74.950
Epoch: 52
batch idx 96 hidden train
batch idx 185 hidden train
30720 torch.Size([50000]) tensor(343.1945, device='cuda:0')
[TRAIN] Acc: 77.500
[TEST] Acc: 69.370
Epoch: 53
batch idx 276 hidden train
batch idx 293 hidden train
30493 torch.Size([50000]) tensor(341.6908, device='cuda:0')
[TRAIN] Acc: 80.000
[TEST] Acc: 66.760
Epoch: 54
batch idx 83 hidden train
batch idx 295 hidden train
31193 torch.Size([50000]) tensor(359.0955, device='cuda:0')
[TRAIN] Acc: 73.750
[TEST] Acc: 74.860
Epoch: 55
batch idx 7 hidden train
batch idx 379 hidden train
31038 torch.Size([50000]) tensor(351.3070, device='cuda:0')
[TRAIN] Acc: 77.500
[TEST] Acc: 70.160
Epoch: 56
batch idx 329 hidden train
batch idx 341 hidden train
31508 torch.Size([50000]) tensor(336.3408, device='cuda:0')
[TRAIN] Acc: 75.000
[TEST] Acc: 76.310
Epoch: 57
batch idx 79 hidden train
batch idx 333 hidden train
32428 torch.Size([50000]) tensor(357.0508, device='cuda:0')
[TRAIN] Acc: 76.250
[TEST] Acc: 77.750
Epoch: 58
batch idx 307 hidden train
batch idx 308 hidden train
31193 torch.Size([50000]) tensor(350.8782, device='cuda:0')
[TRAIN] Acc: 80.000
[TEST] Acc: 76.000
Epoch: 59
batch idx 147 hidden train
batch idx 296 hidden train
32295 torch.Size([50000]) tensor(368.4813, device='cuda:0')
[TRAIN] Acc: 81.250
[TEST] Acc: 71.410
Epoch: 60
batch idx 188 hidden train
batch idx 360 hidden train
31751 torch.Size([50000]) tensor(356.4337, device='cuda:0')
[TRAIN] Acc: 85.000
[TEST] Acc: 74.860
Epoch: 61
batch idx 9 hidden train
batch idx 91 hidden train
31598 torch.Size([50000]) tensor(367.6798, device='cuda:0')
[TRAIN] Acc: 73.750
[TEST] Acc: 76.090
0.03,0.3514
Epoch: 62
batch idx 282 hidden train
batch idx 298 hidden train
32314 torch.Size([50000]) tensor(362.2365, device='cuda:0')
[TRAIN] Acc: 80.000
[TEST] Acc: 74.470
0.03,0.3476
Epoch: 63
batch idx 196 hidden train
batch idx 379 hidden train
32197 torch.Size([50000]) tensor(364.5646, device='cuda:0')
[TRAIN] Acc: 80.000
[TEST] Acc: 76.090
0.03,0.3318
Epoch: 64
batch idx 133 hidden train
batch idx 285 hidden train
32636 torch.Size([50000]) tensor(364.4949, device='cuda:0')
[TRAIN] Acc: 82.500
[TEST] Acc: 76.930
0.03,0.3541
Epoch: 65
batch idx 59 hidden train
batch idx 207 hidden train
31070 torch.Size([50000]) tensor(370.2687, device='cuda:0')
[TRAIN] Acc: 78.750
[TEST] Acc: 73.430
0.03,0.3274
Epoch: 66
batch idx 204 hidden train
batch idx 261 hidden train
32719 torch.Size([50000]) tensor(363.9495, device='cuda:0')
[TRAIN] Acc: 83.750
[TEST] Acc: 79.500
0.03,0.3332
Epoch: 67
batch idx 132 hidden train
batch idx 338 hidden train
32463 torch.Size([50000]) tensor(379.9937, device='cuda:0')
[TRAIN] Acc: 75.000
[TEST] Acc: 75.420
0.03,0.3183
Epoch: 68
batch idx 50 hidden train
batch idx 172 hidden train
32438 torch.Size([50000]) tensor(391.0704, device='cuda:0')
[TRAIN] Acc: 86.250
[TEST] Acc: 77.380
0.03,0.3357
Epoch: 69
batch idx 223 hidden train
batch idx 365 hidden train
32055 torch.Size([50000]) tensor(368.8703, device='cuda:0')
[TRAIN] Acc: 71.250
[TEST] Acc: 74.330
0.03,0.3271
Epoch: 70
batch idx 360 hidden train
batch idx 366 hidden train
32699 torch.Size([50000]) tensor(371.8480, device='cuda:0')
[TRAIN] Acc: 80.000
[TEST] Acc: 78.910
0.03,0.3585
Epoch: 71
batch idx 131 hidden train
batch idx 150 hidden train
32023 torch.Size([50000]) tensor(379.9725, device='cuda:0')
[TRAIN] Acc: 76.250
[TEST] Acc: 78.960
0.03,0.3421
Epoch: 72
batch idx 61 hidden train
batch idx 357 hidden train
32507 torch.Size([50000]) tensor(368.1648, device='cuda:0')
[TRAIN] Acc: 83.750
[TEST] Acc: 74.480
0.03,0.3182
Epoch: 73
batch idx 101 hidden train
batch idx 302 hidden train
32660 torch.Size([50000]) tensor(373.9089, device='cuda:0')
[TRAIN] Acc: 78.750
[TEST] Acc: 76.940
0.03,0.3462
Epoch: 74
batch idx 67 hidden train
batch idx 367 hidden train
32829 torch.Size([50000]) tensor(380.4672, device='cuda:0')
[TRAIN] Acc: 87.500
[TEST] Acc: 77.870
0.03,0.3683
Epoch: 75
batch idx 236 hidden train
batch idx 263 hidden train
33167 torch.Size([50000]) tensor(376.6926, device='cuda:0')
[TRAIN] Acc: 77.500
[TEST] Acc: 78.190
0.03,0.3625
Epoch: 76
batch idx 117 hidden train
batch idx 146 hidden train
32688 torch.Size([50000]) tensor(375.5389, device='cuda:0')
[TRAIN] Acc: 78.750
[TEST] Acc: 75.880
0.03,0.3545
Epoch: 77
batch idx 14 hidden train
batch idx 307 hidden train
33365 torch.Size([50000]) tensor(387.5319, device='cuda:0')
[TRAIN] Acc: 81.250
[TEST] Acc: 75.160
0.03,0.3651
Epoch: 78
batch idx 333 hidden train
batch idx 362 hidden train
32214 torch.Size([50000]) tensor(372.4234, device='cuda:0')
[TRAIN] Acc: 83.750
[TEST] Acc: 77.660
0.03,0.3485
Epoch: 79
batch idx 183 hidden train
batch idx 240 hidden train
32738 torch.Size([50000]) tensor(359.2423, device='cuda:0')
[TRAIN] Acc: 78.750
[TEST] Acc: 69.950
0.03,0.3169
Epoch: 80
batch idx 287 hidden train
batch idx 330 hidden train
38624 torch.Size([50000]) tensor(428.4160, device='cuda:0')
[TRAIN] Acc: 86.250
[TEST] Acc: 83.780
0.03,0.4303
Epoch: 81
batch idx 143 hidden train
batch idx 244 hidden train
39214 torch.Size([50000]) tensor(491.8987, device='cuda:0')
[TRAIN] Acc: 92.500
[TEST] Acc: 83.980
0.03,0.463
Epoch: 82
batch idx 167 hidden train
batch idx 313 hidden train
38669 torch.Size([50000]) tensor(539.2518, device='cuda:0')
[TRAIN] Acc: 85.000
[TEST] Acc: 84.110
0.03,0.4814
Epoch: 83
batch idx 47 hidden train
batch idx 242 hidden train
38186 torch.Size([50000]) tensor(590.0477, device='cuda:0')
[TRAIN] Acc: 78.750
[TEST] Acc: 83.250
0.03,0.5273
Epoch: 84
batch idx 106 hidden train
batch idx 212 hidden train
37785 torch.Size([50000]) tensor(614.2252, device='cuda:0')
[TRAIN] Acc: 83.750
[TEST] Acc: 82.900
0.03,0.5157
Epoch: 85
batch idx 128 hidden train
batch idx 260 hidden train
37654 torch.Size([50000]) tensor(644.0870, device='cuda:0')
[TRAIN] Acc: 83.750
[TEST] Acc: 83.170
0.03,0.5378
Epoch: 86
batch idx 162 hidden train
batch idx 374 hidden train
37625 torch.Size([50000]) tensor(664.8944, device='cuda:0')
[TRAIN] Acc: 83.750
[TEST] Acc: 82.740
0.03,0.5465
Epoch: 87
batch idx 322 hidden train
batch idx 342 hidden train
37351 torch.Size([50000]) tensor(678.2769, device='cuda:0')
[TRAIN] Acc: 80.000
[TEST] Acc: 81.550
0.03,0.5348
Epoch: 88
batch idx 290 hidden train
batch idx 359 hidden train
37158 torch.Size([50000]) tensor(679.8175, device='cuda:0')
[TRAIN] Acc: 83.750
[TEST] Acc: 81.520
0.03,0.532
Epoch: 89
batch idx 26 hidden train
batch idx 109 hidden train
37102 torch.Size([50000]) tensor(677.7955, device='cuda:0')
[TRAIN] Acc: 80.000
[TEST] Acc: 81.510
0.03,0.5496
Epoch: 90
batch idx 19 hidden train
batch idx 203 hidden train
37543 torch.Size([50000]) tensor(691.1572, device='cuda:0')
[TRAIN] Acc: 87.500
[TEST] Acc: 82.080
0.03,0.5407
Epoch: 91
batch idx 91 hidden train
batch idx 247 hidden train
37889 torch.Size([50000]) tensor(688.7952, device='cuda:0')
[TRAIN] Acc: 86.250
[TEST] Acc: 82.200
0.03,0.5497
Epoch: 92
batch idx 64 hidden train
batch idx 284 hidden train
38162 torch.Size([50000]) tensor(695.1208, device='cuda:0')
[TRAIN] Acc: 82.500
[TEST] Acc: 82.420
0.03,0.5488
Epoch: 93
batch idx 183 hidden train
batch idx 253 hidden train
38171 torch.Size([50000]) tensor(697.9763, device='cuda:0')
[TRAIN] Acc: 85.000
[TEST] Acc: 82.210
0.03,0.5525
Epoch: 94
batch idx 109 hidden train
batch idx 293 hidden train
37858 torch.Size([50000]) tensor(698.7031, device='cuda:0')
[TRAIN] Acc: 80.000
[TEST] Acc: 81.890
0.03,0.5466
Epoch: 95
batch idx 20 hidden train
batch idx 238 hidden train
37867 torch.Size([50000]) tensor(695.7054, device='cuda:0')
[TRAIN] Acc: 90.000
[TEST] Acc: 81.570
0.03,0.5583
Epoch: 96
batch idx 343 hidden train
batch idx 367 hidden train
37920 torch.Size([50000]) tensor(693.1514, device='cuda:0')
[TRAIN] Acc: 88.750
[TEST] Acc: 82.190
0.03,0.5583
Epoch: 97
batch idx 217 hidden train
batch idx 379 hidden train
38020 torch.Size([50000]) tensor(690.0133, device='cuda:0')
[TRAIN] Acc: 86.250
[TEST] Acc: 82.280
0.03,0.5492
Epoch: 98
batch idx 204 hidden train
batch idx 234 hidden train
38197 torch.Size([50000]) tensor(702.3085, device='cuda:0')
[TRAIN] Acc: 86.250
[TEST] Acc: 81.760
0.03,0.5526
Epoch: 99
batch idx 323 hidden train
batch idx 348 hidden train
38008 torch.Size([50000]) tensor(697.6663, device='cuda:0')
[TRAIN] Acc: 91.250
[TEST] Acc: 82.110
0.03,0.5638
Epoch: 100
batch idx 84 hidden train
batch idx 102 hidden train
38323 torch.Size([50000]) tensor(694.2321, device='cuda:0')
[TRAIN] Acc: 83.750
[TEST] Acc: 82.100
0.03,0.5521
Epoch: 101
batch idx 137 hidden train
batch idx 230 hidden train
38519 torch.Size([50000]) tensor(702.1738, device='cuda:0')
[TRAIN] Acc: 91.250
[TEST] Acc: 83.420
0.03,0.5713
Epoch: 102
batch idx 31 hidden train
batch idx 146 hidden train
38326 torch.Size([50000]) tensor(710.1387, device='cuda:0')
[TRAIN] Acc: 82.500
[TEST] Acc: 82.340
0.03,0.5918
Epoch: 103
batch idx 157 hidden train
batch idx 346 hidden train
38335 torch.Size([50000]) tensor(702.9371, device='cuda:0')
[TRAIN] Acc: 82.500
[TEST] Acc: 83.180
0.03,0.5653
Epoch: 104
batch idx 115 hidden train
batch idx 305 hidden train
38333 torch.Size([50000]) tensor(702.5764, device='cuda:0')
[TRAIN] Acc: 80.000
[TEST] Acc: 82.820
0.03,0.5661
Epoch: 105
batch idx 199 hidden train
batch idx 285 hidden train
38408 torch.Size([50000]) tensor(702.6452, device='cuda:0')
[TRAIN] Acc: 85.000
[TEST] Acc: 82.400
0.03,0.5492
Epoch: 106
batch idx 50 hidden train
batch idx 65 hidden train
38269 torch.Size([50000]) tensor(697.6426, device='cuda:0')
[TRAIN] Acc: 86.250
[TEST] Acc: 82.140
0.03,0.5645
Epoch: 107
batch idx 346 hidden train
batch idx 384 hidden train
38433 torch.Size([50000]) tensor(698.6508, device='cuda:0')
[TRAIN] Acc: 86.250
[TEST] Acc: 82.860
0.03,0.5681
Epoch: 108
batch idx 66 hidden train
batch idx 101 hidden train
38644 torch.Size([50000]) tensor(698.3250, device='cuda:0')
[TRAIN] Acc: 91.250
[TEST] Acc: 82.840
0.03,0.5728
Epoch: 109
batch idx 174 hidden train
batch idx 181 hidden train
38581 torch.Size([50000]) tensor(700.4619, device='cuda:0')
[TRAIN] Acc: 87.500
[TEST] Acc: 83.760
0.03,0.5826
Epoch: 110
batch idx 118 hidden train
batch idx 134 hidden train
38795 torch.Size([50000]) tensor(710.7904, device='cuda:0')
[TRAIN] Acc: 85.000
[TEST] Acc: 81.950
0.03,0.5668
Epoch: 111
batch idx 187 hidden train
batch idx 315 hidden train
38726 torch.Size([50000]) tensor(705.2351, device='cuda:0')
[TRAIN] Acc: 87.500
[TEST] Acc: 83.720
0.03,0.5885
Epoch: 112
batch idx 205 hidden train
batch idx 238 hidden train
39073 torch.Size([50000]) tensor(713.9553, device='cuda:0')
[TRAIN] Acc: 83.750
[TEST] Acc: 83.840
0.03,0.5798
Epoch: 113
batch idx 260 hidden train
batch idx 299 hidden train
38411 torch.Size([50000]) tensor(705.6782, device='cuda:0')
[TRAIN] Acc: 83.750
[TEST] Acc: 82.660
0.03,0.5839
Epoch: 114
batch idx 50 hidden train
batch idx 188 hidden train
38426 torch.Size([50000]) tensor(697.3922, device='cuda:0')
[TRAIN] Acc: 85.000
[TEST] Acc: 83.650
0.03,0.5461
Epoch: 115
batch idx 235 hidden train
batch idx 283 hidden train
38468 torch.Size([50000]) tensor(694.5060, device='cuda:0')
[TRAIN] Acc: 80.000
[TEST] Acc: 83.790
0.03,0.5492
Epoch: 116
batch idx 93 hidden train
batch idx 147 hidden train
38815 torch.Size([50000]) tensor(693.9912, device='cuda:0')
[TRAIN] Acc: 86.250
[TEST] Acc: 83.260
0.03,0.561
Epoch: 117
batch idx 144 hidden train
batch idx 375 hidden train
38977 torch.Size([50000]) tensor(694.0424, device='cuda:0')
[TRAIN] Acc: 88.750
[TEST] Acc: 83.510
0.03,0.5742
Epoch: 118
batch idx 13 hidden train
batch idx 66 hidden train
38964 torch.Size([50000]) tensor(698.3303, device='cuda:0')
[TRAIN] Acc: 90.000
[TEST] Acc: 84.060
0.03,0.5605
Epoch: 119
batch idx 155 hidden train
batch idx 273 hidden train
38910 torch.Size([50000]) tensor(706.1824, device='cuda:0')
[TRAIN] Acc: 83.750
[TEST] Acc: 83.270
0.03,0.561
Epoch: 120
batch idx 54 hidden train
batch idx 130 hidden train
38796 torch.Size([50000]) tensor(695.5676, device='cuda:0')
[TRAIN] Acc: 92.500
[TEST] Acc: 83.080
0.03,0.5647
Epoch: 121
batch idx 279 hidden train
batch idx 297 hidden train
38793 torch.Size([50000]) tensor(692.8219, device='cuda:0')
[TRAIN] Acc: 87.500
[TEST] Acc: 83.560
0.03,0.5874
Epoch: 122
batch idx 36 hidden train
batch idx 74 hidden train
39520 torch.Size([50000]) tensor(707.3295, device='cuda:0')
[TRAIN] Acc: 85.000
[TEST] Acc: 84.030
0.03,0.5565
Epoch: 123
batch idx 10 hidden train
batch idx 266 hidden train
38843 torch.Size([50000]) tensor(699.5217, device='cuda:0')
[TRAIN] Acc: 88.750
[TEST] Acc: 84.050
0.03,0.5688
Epoch: 124
batch idx 73 hidden train
batch idx 343 hidden train
38822 torch.Size([50000]) tensor(697.8258, device='cuda:0')
[TRAIN] Acc: 92.500
[TEST] Acc: 83.740
0.03,0.5934
Epoch: 125
batch idx 127 hidden train
batch idx 168 hidden train
38823 torch.Size([50000]) tensor(696.0820, device='cuda:0')
[TRAIN] Acc: 86.250
[TEST] Acc: 83.790
0.03,0.5629
Epoch: 126
batch idx 181 hidden train
batch idx 294 hidden train
39132 torch.Size([50000]) tensor(696.4911, device='cuda:0')
[TRAIN] Acc: 93.750
[TEST] Acc: 83.570
0.03,0.5666
Epoch: 127
batch idx 65 hidden train
batch idx 262 hidden train
38899 torch.Size([50000]) tensor(690.2763, device='cuda:0')
[TRAIN] Acc: 86.250
[TEST] Acc: 83.830
0.03,0.5705
Epoch: 128
batch idx 76 hidden train
batch idx 275 hidden train
38677 torch.Size([50000]) tensor(713.7782, device='cuda:0')
[TRAIN] Acc: 83.750
[TEST] Acc: 83.020
0.03,0.5645
Epoch: 129
batch idx 89 hidden train
batch idx 288 hidden train
38939 torch.Size([50000]) tensor(681.9172, device='cuda:0')
[TRAIN] Acc: 92.500
[TEST] Acc: 83.720
0.03,0.5676
Epoch: 130
batch idx 183 hidden train
batch idx 330 hidden train
38956 torch.Size([50000]) tensor(691.7478, device='cuda:0')
[TRAIN] Acc: 87.500
[TEST] Acc: 82.530
0.03,0.5651
Epoch: 131
batch idx 49 hidden train
batch idx 161 hidden train
39229 torch.Size([50000]) tensor(695.3924, device='cuda:0')
[TRAIN] Acc: 86.250
[TEST] Acc: 83.220
0.03,0.5961
Epoch: 132
batch idx 101 hidden train
batch idx 136 hidden train
39430 torch.Size([50000]) tensor(697.7479, device='cuda:0')
[TRAIN] Acc: 91.250
[TEST] Acc: 82.260
0.03,0.5495
Epoch: 133
batch idx 97 hidden train
batch idx 269 hidden train
38513 torch.Size([50000]) tensor(690.2699, device='cuda:0')
[TRAIN] Acc: 88.750
[TEST] Acc: 83.700
0.03,0.5653
Epoch: 134
batch idx 197 hidden train
batch idx 336 hidden train
39056 torch.Size([50000]) tensor(686.8748, device='cuda:0')
[TRAIN] Acc: 90.000
[TEST] Acc: 82.800
0.03,0.5693
Epoch: 135
batch idx 18 hidden train
batch idx 97 hidden train
39027 torch.Size([50000]) tensor(698.3696, device='cuda:0')
[TRAIN] Acc: 88.750
[TEST] Acc: 82.690
0.03,0.5524
Epoch: 136
batch idx 35 hidden train
batch idx 282 hidden train
38887 torch.Size([50000]) tensor(694.2349, device='cuda:0')
[TRAIN] Acc: 87.500
[TEST] Acc: 82.970
0.03,0.5532
Epoch: 137
batch idx 127 hidden train
batch idx 381 hidden train
39003 torch.Size([50000]) tensor(691.3884, device='cuda:0')
[TRAIN] Acc: 91.250
[TEST] Acc: 83.660
0.03,0.5536
Epoch: 138
batch idx 254 hidden train
batch idx 295 hidden train
39239 torch.Size([50000]) tensor(693.8127, device='cuda:0')
[TRAIN] Acc: 86.250
[TEST] Acc: 83.170
0.03,0.5664
Epoch: 139
batch idx 138 hidden train
batch idx 371 hidden train
39255 torch.Size([50000]) tensor(693.6057, device='cuda:0')
[TRAIN] Acc: 86.250
[TEST] Acc: 82.290
0.03,0.5508
Epoch: 140
batch idx 54 hidden train
batch idx 384 hidden train
39833 torch.Size([50000]) tensor(707.6830, device='cuda:0')
[TRAIN] Acc: 83.750
[TEST] Acc: 84.030
0.03,0.6002
Epoch: 141
batch idx 84 hidden train
batch idx 92 hidden train
40816 torch.Size([50000]) tensor(734.0879, device='cuda:0')
[TRAIN] Acc: 90.000
[TEST] Acc: 84.340
0.03,0.6042
Epoch: 142
batch idx 153 hidden train
batch idx 231 hidden train
40829 torch.Size([50000]) tensor(756.6712, device='cuda:0')
[TRAIN] Acc: 92.500
[TEST] Acc: 84.510
0.03,0.62
Epoch: 143
batch idx 136 hidden train
batch idx 286 hidden train
40722 torch.Size([50000]) tensor(783.0699, device='cuda:0')
[TRAIN] Acc: 86.250
[TEST] Acc: 84.440
0.03,0.618
Epoch: 144
batch idx 197 hidden train
batch idx 382 hidden train
40886 torch.Size([50000]) tensor(801.4570, device='cuda:0')
[TRAIN] Acc: 91.250
[TEST] Acc: 84.760
0.03,0.6524
Epoch: 145
batch idx 194 hidden train
batch idx 350 hidden train
40990 torch.Size([50000]) tensor(818.1512, device='cuda:0')
[TRAIN] Acc: 88.750
[TEST] Acc: 84.430
0.03,0.6456
Epoch: 146
batch idx 107 hidden train
batch idx 326 hidden train
40809 torch.Size([50000]) tensor(831.0148, device='cuda:0')
[TRAIN] Acc: 90.000
[TEST] Acc: 84.870
0.03,0.6364
Epoch: 147
batch idx 14 hidden train
batch idx 65 hidden train
40874 torch.Size([50000]) tensor(837.1076, device='cuda:0')
[TRAIN] Acc: 96.250
[TEST] Acc: 84.570
0.03,0.6471
Epoch: 148
batch idx 237 hidden train
batch idx 270 hidden train
40986 torch.Size([50000]) tensor(854.8851, device='cuda:0')
[TRAIN] Acc: 86.250
[TEST] Acc: 84.880
0.03,0.6712
Epoch: 149
batch idx 228 hidden train
batch idx 280 hidden train
41017 torch.Size([50000]) tensor(856.5530, device='cuda:0')
[TRAIN] Acc: 91.250
[TEST] Acc: 84.970
0.03,0.6611
Epoch: 150
batch idx 127 hidden train
batch idx 331 hidden train
41163 torch.Size([50000]) tensor(857.5087, device='cuda:0')
[TRAIN] Acc: 90.000
[TEST] Acc: 84.880
0.03,0.6556
Epoch: 151
batch idx 111 hidden train
batch idx 165 hidden train
41139 torch.Size([50000]) tensor(867.4764, device='cuda:0')
[TRAIN] Acc: 93.750
[TEST] Acc: 85.440
0.03,0.6548
Epoch: 152
batch idx 195 hidden train
batch idx 351 hidden train
41350 torch.Size([50000]) tensor(872.0004, device='cuda:0')
[TRAIN] Acc: 87.500
[TEST] Acc: 85.140
0.03,0.6647
Epoch: 153
batch idx 19 hidden train
batch idx 26 hidden train
41312 torch.Size([50000]) tensor(864.5552, device='cuda:0')
[TRAIN] Acc: 88.750
[TEST] Acc: 85.400
0.03,0.6568
Epoch: 154
batch idx 39 hidden train
batch idx 366 hidden train
41357 torch.Size([50000]) tensor(882.7786, device='cuda:0')
[TRAIN] Acc: 91.250
[TEST] Acc: 85.350
0.03,0.6479
Epoch: 155
batch idx 45 hidden train
batch idx 204 hidden train
41277 torch.Size([50000]) tensor(869.3586, device='cuda:0')
[TRAIN] Acc: 93.750
[TEST] Acc: 85.400
0.03,0.6551
Epoch: 156
batch idx 157 hidden train
batch idx 267 hidden train
41446 torch.Size([50000]) tensor(873.7875, device='cuda:0')
[TRAIN] Acc: 90.000
[TEST] Acc: 85.230
0.03,0.6603
Epoch: 157
batch idx 91 hidden train
batch idx 138 hidden train
41532 torch.Size([50000]) tensor(875.1380, device='cuda:0')
[TRAIN] Acc: 88.750
[TEST] Acc: 85.300
0.03,0.6667
Epoch: 158
batch idx 10 hidden train
batch idx 94 hidden train
41387 torch.Size([50000]) tensor(878.8068, device='cuda:0')
[TRAIN] Acc: 91.250
[TEST] Acc: 85.310
0.03,0.6679
Epoch: 159
batch idx 39 hidden train
batch idx 279 hidden train
41512 torch.Size([50000]) tensor(882.4170, device='cuda:0')
[TRAIN] Acc: 90.000
[TEST] Acc: 85.500
0.03,0.6636
Epoch: 160
batch idx 123 hidden train
batch idx 252 hidden train
41508 torch.Size([50000]) tensor(883.1268, device='cuda:0')
[TRAIN] Acc: 87.500
[TEST] Acc: 85.350
0.03,0.654
Epoch: 161
batch idx 153 hidden train
batch idx 378 hidden train
41591 torch.Size([50000]) tensor(884.9672, device='cuda:0')
[TRAIN] Acc: 88.750
[TEST] Acc: 85.560
0.03,0.6798
Epoch: 162
batch idx 3 hidden train
batch idx 63 hidden train
41654 torch.Size([50000]) tensor(885.8236, device='cuda:0')
[TRAIN] Acc: 88.750
[TEST] Acc: 85.540
0.03,0.6803
Epoch: 163
batch idx 66 hidden train
batch idx 78 hidden train
41532 torch.Size([50000]) tensor(890.2908, device='cuda:0')
[TRAIN] Acc: 91.250
[TEST] Acc: 85.550
0.03,0.6604
Epoch: 164
batch idx 12 hidden train
batch idx 65 hidden train
41616 torch.Size([50000]) tensor(889.8346, device='cuda:0')
[TRAIN] Acc: 92.500
[TEST] Acc: 85.560
0.03,0.6628
Epoch: 165
batch idx 76 hidden train
batch idx 244 hidden train
41626 torch.Size([50000]) tensor(890.9015, device='cuda:0')
[TRAIN] Acc: 88.750
[TEST] Acc: 85.720
0.03,0.6685
Epoch: 166
batch idx 60 hidden train
batch idx 73 hidden train
41763 torch.Size([50000]) tensor(900.5750, device='cuda:0')
[TRAIN] Acc: 90.000
[TEST] Acc: 85.730
0.03,0.6754
Epoch: 167
batch idx 189 hidden train
batch idx 306 hidden train
41493 torch.Size([50000]) tensor(891.6599, device='cuda:0')
[TRAIN] Acc: 88.750
[TEST] Acc: 85.700
0.03,0.6567
Epoch: 168
batch idx 161 hidden train
batch idx 361 hidden train
41566 torch.Size([50000]) tensor(887.9441, device='cuda:0')
[TRAIN] Acc: 90.000
[TEST] Acc: 85.740
0.03,0.66
Epoch: 169
batch idx 133 hidden train
batch idx 180 hidden train
41697 torch.Size([50000]) tensor(885.2781, device='cuda:0')
[TRAIN] Acc: 92.500
[TEST] Acc: 85.820
0.03,0.6623
Epoch: 170
batch idx 217 hidden train
batch idx 318 hidden train
41464 torch.Size([50000]) tensor(885.7202, device='cuda:0')
[TRAIN] Acc: 88.750
[TEST] Acc: 85.770
0.03,0.6736
Epoch: 171
batch idx 304 hidden train
batch idx 320 hidden train
41669 torch.Size([50000]) tensor(890.6764, device='cuda:0')
[TRAIN] Acc: 95.000
[TEST] Acc: 85.790
0.03,0.6667
Epoch: 172
batch idx 248 hidden train
batch idx 379 hidden train
42061 torch.Size([50000]) tensor(900.5803, device='cuda:0')
[TRAIN] Acc: 92.500
[TEST] Acc: 85.760
0.03,0.6635
Epoch: 173
batch idx 162 hidden train
batch idx 180 hidden train
41867 torch.Size([50000]) tensor(900.1346, device='cuda:0')
[TRAIN] Acc: 86.250
[TEST] Acc: 85.870
0.03,0.6805
Epoch: 174
batch idx 40 hidden train
batch idx 179 hidden train
41710 torch.Size([50000]) tensor(901.9384, device='cuda:0')
[TRAIN] Acc: 90.000
[TEST] Acc: 85.770
0.03,0.6683
Epoch: 175
batch idx 177 hidden train
batch idx 385 hidden train
41642 torch.Size([50000]) tensor(899.6013, device='cuda:0')
[TRAIN] Acc: 90.000
[TEST] Acc: 85.800
0.03,0.6627
Epoch: 176
batch idx 99 hidden train
batch idx 260 hidden train
41780 torch.Size([50000]) tensor(899.9935, device='cuda:0')
[TRAIN] Acc: 92.500
[TEST] Acc: 85.910
0.03,0.6858
Epoch: 177
batch idx 208 hidden train
batch idx 381 hidden train
42054 torch.Size([50000]) tensor(910.3865, device='cuda:0')
[TRAIN] Acc: 90.000
[TEST] Acc: 85.860
0.03,0.6783
Epoch: 178
batch idx 155 hidden train
batch idx 374 hidden train
41954 torch.Size([50000]) tensor(906.7006, device='cuda:0')
[TRAIN] Acc: 95.000
[TEST] Acc: 85.640
0.03,0.6829
Epoch: 179
batch idx 242 hidden train
batch idx 318 hidden train
41877 torch.Size([50000]) tensor(914.7311, device='cuda:0')
[TRAIN] Acc: 92.500
[TEST] Acc: 85.580
0.03,0.6738
Epoch: 180
batch idx 279 hidden train
batch idx 351 hidden train
41866 torch.Size([50000]) tensor(910.0069, device='cuda:0')
[TRAIN] Acc: 80.000
[TEST] Acc: 85.610
0.03,0.6733
Epoch: 181
batch idx 166 hidden train
batch idx 277 hidden train
41884 torch.Size([50000]) tensor(915.0689, device='cuda:0')
[TRAIN] Acc: 92.500
[TEST] Acc: 85.690
0.03,0.6739
Epoch: 182
batch idx 84 hidden train
batch idx 159 hidden train
41834 torch.Size([50000]) tensor(911.4241, device='cuda:0')
[TRAIN] Acc: 90.000
[TEST] Acc: 85.520
0.03,0.6697
Epoch: 183
batch idx 280 hidden train
batch idx 287 hidden train
42036 torch.Size([50000]) tensor(915.9215, device='cuda:0')
[TRAIN] Acc: 92.500
[TEST] Acc: 85.490
0.03,0.689
Epoch: 184
batch idx 10 hidden train
batch idx 322 hidden train
41981 torch.Size([50000]) tensor(916.8197, device='cuda:0')
[TRAIN] Acc: 90.000
[TEST] Acc: 85.620
0.03,0.6679
Epoch: 185
batch idx 76 hidden train
batch idx 306 hidden train
41998 torch.Size([50000]) tensor(921.6184, device='cuda:0')
[TRAIN] Acc: 92.500
[TEST] Acc: 85.450
0.03,0.6763
Epoch: 186
batch idx 145 hidden train
batch idx 259 hidden train
41999 torch.Size([50000]) tensor(922.4500, device='cuda:0')
[TRAIN] Acc: 91.250
[TEST] Acc: 85.730
0.03,0.6703
Epoch: 187
batch idx 133 hidden train
batch idx 329 hidden train
42002 torch.Size([50000]) tensor(923.2850, device='cuda:0')
[TRAIN] Acc: 93.750
[TEST] Acc: 85.710
0.03,0.6839
Epoch: 188
batch idx 54 hidden train
batch idx 292 hidden train
42003 torch.Size([50000]) tensor(925.7932, device='cuda:0')
[TRAIN] Acc: 91.250
[TEST] Acc: 85.620
0.03,0.6741
Epoch: 189
batch idx 143 hidden train
batch idx 356 hidden train
41809 torch.Size([50000]) tensor(918.3461, device='cuda:0')
[TRAIN] Acc: 91.250
[TEST] Acc: 85.790
0.03,0.6725
Epoch: 190
batch idx 280 hidden train
batch idx 316 hidden train
42053 torch.Size([50000]) tensor(925.2296, device='cuda:0')
[TRAIN] Acc: 86.250
[TEST] Acc: 85.770
0.03,0.6758
Epoch: 191
batch idx 6 hidden train
batch idx 112 hidden train
41978 torch.Size([50000]) tensor(922.0052, device='cuda:0')
[TRAIN] Acc: 90.000
[TEST] Acc: 85.640
0.03,0.6806
Epoch: 192
batch idx 121 hidden train
batch idx 133 hidden train
42075 torch.Size([50000]) tensor(928.6042, device='cuda:0')
[TRAIN] Acc: 93.750
[TEST] Acc: 85.900
0.03,0.6799
Epoch: 193
batch idx 25 hidden train
batch idx 248 hidden train
42064 torch.Size([50000]) tensor(938.0452, device='cuda:0')
[TRAIN] Acc: 88.750
[TEST] Acc: 85.590
0.03,0.6727
Epoch: 194
batch idx 53 hidden train
batch idx 302 hidden train
41967 torch.Size([50000]) tensor(926.1176, device='cuda:0')
[TRAIN] Acc: 87.500
[TEST] Acc: 85.730
0.03,0.672
Epoch: 195
batch idx 252 hidden train
batch idx 302 hidden train
42099 torch.Size([50000]) tensor(926.0620, device='cuda:0')
[TRAIN] Acc: 92.500
[TEST] Acc: 85.720
0.03,0.6854
Epoch: 196
batch idx 83 hidden train
batch idx 162 hidden train
42241 torch.Size([50000]) tensor(930.8228, device='cuda:0')
[TRAIN] Acc: 88.750
[TEST] Acc: 85.730
0.03,0.687
Epoch: 197
batch idx 231 hidden train
batch idx 301 hidden train
42070 torch.Size([50000]) tensor(930.0854, device='cuda:0')
[TRAIN] Acc: 91.250
[TEST] Acc: 85.810
0.03,0.6821
Epoch: 198
batch idx 84 hidden train
batch idx 265 hidden train
42080 torch.Size([50000]) tensor(933.7843, device='cuda:0')
[TRAIN] Acc: 88.750
[TEST] Acc: 85.840
0.03,0.6846
Epoch: 199
batch idx 32 hidden train
batch idx 79 hidden train
42096 torch.Size([50000]) tensor(935.6185, device='cuda:0')
[TRAIN] Acc: 88.750
[TEST] Acc: 85.820
0.03,0.6817
