model_out:  ./checkpoint/cifar10_vgg_adv
==> Preparing data..
Files already downloaded and verified
Training data will be SHUFFLED
Files already downloaded and verified
running experiment with mixup_in_epoch=0, hidden_in_epoch=7, mixup_alpha=1.0
Epoch: 0
batch idx 53 hidden train
batch idx 86 hidden train
batch idx 162 hidden train
batch idx 187 hidden train
batch idx 258 hidden train
batch idx 272 hidden train
batch idx 357 hidden train
5602 torch.Size([50000]) tensor(51.2007, device='cuda:0')
[TRAIN] Acc: 13.750
[TEST] Acc: 11.640
Epoch: 1
batch idx 22 hidden train
batch idx 72 hidden train
batch idx 89 hidden train
batch idx 90 hidden train
batch idx 91 hidden train
batch idx 211 hidden train
batch idx 277 hidden train
5228 torch.Size([50000]) tensor(103.0348, device='cuda:0')
[TRAIN] Acc: 12.500
[TEST] Acc: 10.000
Epoch: 2
batch idx 77 hidden train
batch idx 176 hidden train
batch idx 225 hidden train
batch idx 247 hidden train
batch idx 298 hidden train
batch idx 372 hidden train
batch idx 375 hidden train
5185 torch.Size([50000]) tensor(143.4119, device='cuda:0')
[TRAIN] Acc: 8.750
[TEST] Acc: 10.000
Epoch: 3
batch idx 7 hidden train
batch idx 10 hidden train
batch idx 40 hidden train
batch idx 116 hidden train
batch idx 200 hidden train
batch idx 301 hidden train
batch idx 302 hidden train
5952 torch.Size([50000]) tensor(229.7630, device='cuda:0')
[TRAIN] Acc: 13.750
[TEST] Acc: 14.200
Epoch: 4
batch idx 52 hidden train
batch idx 143 hidden train
batch idx 153 hidden train
batch idx 173 hidden train
batch idx 180 hidden train
batch idx 234 hidden train
batch idx 279 hidden train
7802 torch.Size([50000]) tensor(369.5627, device='cuda:0')
[TRAIN] Acc: 25.000
[TEST] Acc: 20.250
Epoch: 5
batch idx 1 hidden train
batch idx 97 hidden train
batch idx 132 hidden train
batch idx 188 hidden train
batch idx 236 hidden train
batch idx 249 hidden train
batch idx 250 hidden train
9638 torch.Size([50000]) tensor(380.9123, device='cuda:0')
[TRAIN] Acc: 17.500
[TEST] Acc: 24.360
Epoch: 6
batch idx 46 hidden train
batch idx 88 hidden train
batch idx 175 hidden train
batch idx 186 hidden train
batch idx 256 hidden train
batch idx 332 hidden train
batch idx 359 hidden train
10554 torch.Size([50000]) tensor(395.7968, device='cuda:0')
[TRAIN] Acc: 15.000
[TEST] Acc: 24.330
Epoch: 7
batch idx 34 hidden train
batch idx 35 hidden train
batch idx 77 hidden train
batch idx 95 hidden train
batch idx 160 hidden train
batch idx 177 hidden train
batch idx 241 hidden train
10311 torch.Size([50000]) tensor(422.1881, device='cuda:0')
[TRAIN] Acc: 28.750
[TEST] Acc: 26.630
Epoch: 8
batch idx 11 hidden train
batch idx 17 hidden train
batch idx 30 hidden train
batch idx 58 hidden train
batch idx 102 hidden train
batch idx 263 hidden train
batch idx 378 hidden train
11614 torch.Size([50000]) tensor(412.5850, device='cuda:0')
[TRAIN] Acc: 20.000
[TEST] Acc: 28.030
Epoch: 9
batch idx 5 hidden train
batch idx 94 hidden train
batch idx 103 hidden train
batch idx 151 hidden train
batch idx 178 hidden train
batch idx 205 hidden train
batch idx 387 hidden train
11841 torch.Size([50000]) tensor(404.7045, device='cuda:0')
[TRAIN] Acc: 40.000
[TEST] Acc: 32.810
Epoch: 10
batch idx 8 hidden train
batch idx 16 hidden train
batch idx 36 hidden train
batch idx 85 hidden train
batch idx 239 hidden train
batch idx 248 hidden train
batch idx 252 hidden train
12363 torch.Size([50000]) tensor(415.6845, device='cuda:0')
[TRAIN] Acc: 35.000
[TEST] Acc: 31.440
Epoch: 11
batch idx 0 hidden train
batch idx 83 hidden train
batch idx 168 hidden train
batch idx 247 hidden train
batch idx 330 hidden train
batch idx 361 hidden train
batch idx 383 hidden train
13356 torch.Size([50000]) tensor(403.3512, device='cuda:0')
[TRAIN] Acc: 41.250
[TEST] Acc: 26.040
Epoch: 12
batch idx 115 hidden train
batch idx 138 hidden train
batch idx 169 hidden train
batch idx 196 hidden train
batch idx 261 hidden train
batch idx 331 hidden train
batch idx 359 hidden train
14179 torch.Size([50000]) tensor(424.7664, device='cuda:0')
[TRAIN] Acc: 37.500
[TEST] Acc: 37.250
Epoch: 13
batch idx 1 hidden train
batch idx 27 hidden train
batch idx 47 hidden train
batch idx 151 hidden train
batch idx 238 hidden train
batch idx 317 hidden train
batch idx 381 hidden train
16500 torch.Size([50000]) tensor(480.0736, device='cuda:0')
[TRAIN] Acc: 50.000
[TEST] Acc: 42.120
Epoch: 14
batch idx 46 hidden train
batch idx 50 hidden train
batch idx 53 hidden train
batch idx 69 hidden train
batch idx 109 hidden train
batch idx 274 hidden train
batch idx 370 hidden train
18012 torch.Size([50000]) tensor(461.6758, device='cuda:0')
[TRAIN] Acc: 40.000
[TEST] Acc: 49.040
Epoch: 15
batch idx 22 hidden train
batch idx 177 hidden train
batch idx 266 hidden train
batch idx 276 hidden train
batch idx 300 hidden train
batch idx 350 hidden train
batch idx 354 hidden train
19183 torch.Size([50000]) tensor(460.8379, device='cuda:0')
[TRAIN] Acc: 52.500
[TEST] Acc: 48.830
Epoch: 16
batch idx 57 hidden train
batch idx 103 hidden train
batch idx 140 hidden train
batch idx 204 hidden train
batch idx 282 hidden train
batch idx 342 hidden train
batch idx 377 hidden train
20191 torch.Size([50000]) tensor(433.5641, device='cuda:0')
[TRAIN] Acc: 47.500
[TEST] Acc: 45.080
Epoch: 17
batch idx 26 hidden train
batch idx 127 hidden train
batch idx 211 hidden train
batch idx 236 hidden train
batch idx 241 hidden train
batch idx 342 hidden train
batch idx 383 hidden train
21308 torch.Size([50000]) tensor(424.6833, device='cuda:0')
[TRAIN] Acc: 55.000
[TEST] Acc: 51.100
Epoch: 18
batch idx 3 hidden train
batch idx 91 hidden train
batch idx 126 hidden train
batch idx 175 hidden train
batch idx 237 hidden train
batch idx 363 hidden train
batch idx 369 hidden train
22672 torch.Size([50000]) tensor(383.6405, device='cuda:0')
[TRAIN] Acc: 55.000
[TEST] Acc: 57.040
Epoch: 19
batch idx 26 hidden train
batch idx 153 hidden train
batch idx 182 hidden train
batch idx 259 hidden train
batch idx 330 hidden train
batch idx 345 hidden train
batch idx 353 hidden train
22548 torch.Size([50000]) tensor(416.2532, device='cuda:0')
[TRAIN] Acc: 62.500
[TEST] Acc: 56.790
Epoch: 20
batch idx 104 hidden train
batch idx 118 hidden train
batch idx 192 hidden train
batch idx 215 hidden train
batch idx 225 hidden train
batch idx 310 hidden train
batch idx 339 hidden train
23403 torch.Size([50000]) tensor(451.6824, device='cuda:0')
[TRAIN] Acc: 61.250
[TEST] Acc: 58.770
Epoch: 21
batch idx 10 hidden train
batch idx 40 hidden train
batch idx 98 hidden train
batch idx 233 hidden train
batch idx 241 hidden train
batch idx 360 hidden train
batch idx 373 hidden train
24175 torch.Size([50000]) tensor(387.9691, device='cuda:0')
[TRAIN] Acc: 60.000
[TEST] Acc: 59.190
Epoch: 22
batch idx 197 hidden train
batch idx 245 hidden train
batch idx 274 hidden train
batch idx 297 hidden train
batch idx 313 hidden train
batch idx 345 hidden train
batch idx 348 hidden train
24378 torch.Size([50000]) tensor(398.0631, device='cuda:0')
[TRAIN] Acc: 63.750
[TEST] Acc: 61.780
Epoch: 23
batch idx 23 hidden train
batch idx 82 hidden train
batch idx 93 hidden train
batch idx 172 hidden train
batch idx 249 hidden train
batch idx 253 hidden train
batch idx 355 hidden train
24677 torch.Size([50000]) tensor(357.5074, device='cuda:0')
[TRAIN] Acc: 65.000
[TEST] Acc: 61.840
Epoch: 24
batch idx 60 hidden train
batch idx 82 hidden train
batch idx 84 hidden train
batch idx 127 hidden train
batch idx 160 hidden train
batch idx 344 hidden train
batch idx 380 hidden train
25235 torch.Size([50000]) tensor(373.9409, device='cuda:0')
[TRAIN] Acc: 71.250
[TEST] Acc: 63.940
Epoch: 25
batch idx 12 hidden train
batch idx 32 hidden train
batch idx 73 hidden train
batch idx 163 hidden train
batch idx 272 hidden train
batch idx 348 hidden train
batch idx 377 hidden train
26471 torch.Size([50000]) tensor(385.3845, device='cuda:0')
[TRAIN] Acc: 65.000
[TEST] Acc: 64.190
Epoch: 26
batch idx 0 hidden train
batch idx 26 hidden train
batch idx 141 hidden train
batch idx 193 hidden train
batch idx 257 hidden train
batch idx 289 hidden train
batch idx 335 hidden train
26869 torch.Size([50000]) tensor(346.1865, device='cuda:0')
[TRAIN] Acc: 72.500
[TEST] Acc: 67.250
Epoch: 27
batch idx 84 hidden train
batch idx 132 hidden train
batch idx 156 hidden train
batch idx 168 hidden train
batch idx 280 hidden train
batch idx 320 hidden train
batch idx 364 hidden train
26513 torch.Size([50000]) tensor(343.6588, device='cuda:0')
[TRAIN] Acc: 75.000
[TEST] Acc: 68.040
Epoch: 28
batch idx 21 hidden train
batch idx 128 hidden train
batch idx 155 hidden train
batch idx 199 hidden train
batch idx 285 hidden train
batch idx 318 hidden train
batch idx 355 hidden train
27148 torch.Size([50000]) tensor(362.5468, device='cuda:0')
[TRAIN] Acc: 67.500
[TEST] Acc: 69.950
Epoch: 29
batch idx 26 hidden train
batch idx 66 hidden train
batch idx 195 hidden train
batch idx 207 hidden train
batch idx 287 hidden train
batch idx 321 hidden train
batch idx 358 hidden train
27825 torch.Size([50000]) tensor(370.2544, device='cuda:0')
[TRAIN] Acc: 71.250
[TEST] Acc: 70.740
Epoch: 30
batch idx 96 hidden train
batch idx 100 hidden train
batch idx 187 hidden train
batch idx 203 hidden train
batch idx 229 hidden train
batch idx 324 hidden train
batch idx 343 hidden train
28027 torch.Size([50000]) tensor(382.3616, device='cuda:0')
[TRAIN] Acc: 68.750
[TEST] Acc: 72.350
Epoch: 31
batch idx 4 hidden train
batch idx 40 hidden train
batch idx 69 hidden train
batch idx 155 hidden train
batch idx 163 hidden train
batch idx 330 hidden train
batch idx 356 hidden train
28494 torch.Size([50000]) tensor(428.6013, device='cuda:0')
[TRAIN] Acc: 70.000
[TEST] Acc: 69.960
Epoch: 32
batch idx 30 hidden train
batch idx 171 hidden train
batch idx 202 hidden train
batch idx 224 hidden train
batch idx 267 hidden train
batch idx 285 hidden train
batch idx 300 hidden train
29099 torch.Size([50000]) tensor(406.8814, device='cuda:0')
[TRAIN] Acc: 67.500
[TEST] Acc: 68.090
Epoch: 33
batch idx 0 hidden train
batch idx 229 hidden train
batch idx 238 hidden train
batch idx 260 hidden train
batch idx 267 hidden train
batch idx 272 hidden train
batch idx 298 hidden train
28873 torch.Size([50000]) tensor(406.4077, device='cuda:0')
[TRAIN] Acc: 72.500
[TEST] Acc: 69.900
Epoch: 34
batch idx 151 hidden train
batch idx 197 hidden train
batch idx 208 hidden train
batch idx 218 hidden train
batch idx 236 hidden train
batch idx 247 hidden train
batch idx 259 hidden train
29672 torch.Size([50000]) tensor(425.2870, device='cuda:0')
[TRAIN] Acc: 75.000
[TEST] Acc: 75.330
Epoch: 35
batch idx 55 hidden train
batch idx 73 hidden train
batch idx 143 hidden train
batch idx 206 hidden train
batch idx 273 hidden train
batch idx 342 hidden train
batch idx 351 hidden train
28936 torch.Size([50000]) tensor(404.7207, device='cuda:0')
[TRAIN] Acc: 75.000
[TEST] Acc: 66.330
Epoch: 36
batch idx 25 hidden train
batch idx 26 hidden train
batch idx 43 hidden train
batch idx 60 hidden train
batch idx 94 hidden train
batch idx 108 hidden train
batch idx 171 hidden train
29947 torch.Size([50000]) tensor(395.4352, device='cuda:0')
[TRAIN] Acc: 85.000
[TEST] Acc: 69.600
Epoch: 37
batch idx 13 hidden train
batch idx 90 hidden train
batch idx 113 hidden train
batch idx 134 hidden train
batch idx 238 hidden train
batch idx 305 hidden train
batch idx 316 hidden train
29739 torch.Size([50000]) tensor(423.8453, device='cuda:0')
[TRAIN] Acc: 85.000
[TEST] Acc: 71.970
Epoch: 38
batch idx 12 hidden train
batch idx 68 hidden train
batch idx 209 hidden train
batch idx 254 hidden train
batch idx 269 hidden train
batch idx 297 hidden train
batch idx 318 hidden train
29930 torch.Size([50000]) tensor(429.1139, device='cuda:0')
[TRAIN] Acc: 75.000
[TEST] Acc: 70.470
Epoch: 39
batch idx 33 hidden train
batch idx 75 hidden train
batch idx 93 hidden train
batch idx 161 hidden train
batch idx 225 hidden train
batch idx 260 hidden train
batch idx 324 hidden train
29828 torch.Size([50000]) tensor(484.5806, device='cuda:0')
[TRAIN] Acc: 72.500
[TEST] Acc: 74.400
Epoch: 40
batch idx 80 hidden train
batch idx 117 hidden train
batch idx 195 hidden train
batch idx 208 hidden train
batch idx 216 hidden train
batch idx 326 hidden train
batch idx 388 hidden train
30227 torch.Size([50000]) tensor(415.2843, device='cuda:0')
[TRAIN] Acc: 77.500
[TEST] Acc: 75.660
Epoch: 41
batch idx 58 hidden train
batch idx 74 hidden train
batch idx 165 hidden train
batch idx 168 hidden train
batch idx 225 hidden train
batch idx 321 hidden train
batch idx 346 hidden train
30576 torch.Size([50000]) tensor(408.5089, device='cuda:0')
[TRAIN] Acc: 85.000
[TEST] Acc: 76.000
Epoch: 42
batch idx 9 hidden train
batch idx 78 hidden train
batch idx 265 hidden train
batch idx 269 hidden train
batch idx 275 hidden train
batch idx 339 hidden train
batch idx 355 hidden train
30408 torch.Size([50000]) tensor(444.6017, device='cuda:0')
[TRAIN] Acc: 73.750
[TEST] Acc: 77.120
Epoch: 43
batch idx 11 hidden train
batch idx 78 hidden train
batch idx 79 hidden train
batch idx 175 hidden train
batch idx 179 hidden train
batch idx 232 hidden train
batch idx 300 hidden train
30794 torch.Size([50000]) tensor(486.1011, device='cuda:0')
[TRAIN] Acc: 82.500
[TEST] Acc: 77.820
Epoch: 44
batch idx 0 hidden train
batch idx 50 hidden train
batch idx 65 hidden train
batch idx 99 hidden train
batch idx 212 hidden train
batch idx 224 hidden train
batch idx 368 hidden train
30891 torch.Size([50000]) tensor(438.8262, device='cuda:0')
[TRAIN] Acc: 76.250
[TEST] Acc: 71.980
Epoch: 45
batch idx 28 hidden train
batch idx 43 hidden train
batch idx 143 hidden train
batch idx 190 hidden train
batch idx 216 hidden train
batch idx 336 hidden train
batch idx 347 hidden train
30662 torch.Size([50000]) tensor(434.4043, device='cuda:0')
[TRAIN] Acc: 72.500
[TEST] Acc: 70.660
Epoch: 46
batch idx 66 hidden train
batch idx 85 hidden train
batch idx 108 hidden train
batch idx 185 hidden train
batch idx 225 hidden train
batch idx 299 hidden train
batch idx 359 hidden train
31027 torch.Size([50000]) tensor(418.9032, device='cuda:0')
[TRAIN] Acc: 83.750
[TEST] Acc: 76.710
Epoch: 47
batch idx 28 hidden train
batch idx 32 hidden train
batch idx 60 hidden train
batch idx 115 hidden train
batch idx 177 hidden train
batch idx 219 hidden train
batch idx 328 hidden train
30827 torch.Size([50000]) tensor(435.6225, device='cuda:0')
[TRAIN] Acc: 70.000
[TEST] Acc: 73.280
Epoch: 48
batch idx 6 hidden train
batch idx 7 hidden train
batch idx 138 hidden train
batch idx 147 hidden train
batch idx 181 hidden train
batch idx 227 hidden train
batch idx 303 hidden train
30873 torch.Size([50000]) tensor(431.2009, device='cuda:0')
[TRAIN] Acc: 81.250
[TEST] Acc: 78.350
Epoch: 49
batch idx 13 hidden train
batch idx 36 hidden train
batch idx 57 hidden train
batch idx 265 hidden train
batch idx 323 hidden train
batch idx 324 hidden train
batch idx 349 hidden train
31224 torch.Size([50000]) tensor(448.1606, device='cuda:0')
[TRAIN] Acc: 73.750
[TEST] Acc: 76.940
Epoch: 50
batch idx 46 hidden train
batch idx 68 hidden train
batch idx 168 hidden train
batch idx 215 hidden train
batch idx 316 hidden train
batch idx 335 hidden train
batch idx 383 hidden train
31411 torch.Size([50000]) tensor(427.0167, device='cuda:0')
[TRAIN] Acc: 82.500
[TEST] Acc: 76.510
Epoch: 51
batch idx 86 hidden train
batch idx 102 hidden train
batch idx 139 hidden train
batch idx 151 hidden train
batch idx 251 hidden train
batch idx 314 hidden train
batch idx 380 hidden train
30987 torch.Size([50000]) tensor(409.3548, device='cuda:0')
[TRAIN] Acc: 77.500
[TEST] Acc: 67.600
Epoch: 52
batch idx 19 hidden train
batch idx 25 hidden train
batch idx 91 hidden train
batch idx 179 hidden train
batch idx 260 hidden train
batch idx 294 hidden train
batch idx 313 hidden train
31516 torch.Size([50000]) tensor(467.3402, device='cuda:0')
[TRAIN] Acc: 67.500
[TEST] Acc: 74.370
Epoch: 53
batch idx 16 hidden train
batch idx 40 hidden train
batch idx 68 hidden train
batch idx 123 hidden train
batch idx 265 hidden train
batch idx 337 hidden train
batch idx 343 hidden train
31365 torch.Size([50000]) tensor(435.9332, device='cuda:0')
[TRAIN] Acc: 80.000
[TEST] Acc: 73.950
Epoch: 54
batch idx 71 hidden train
batch idx 144 hidden train
batch idx 193 hidden train
batch idx 210 hidden train
batch idx 313 hidden train
batch idx 319 hidden train
batch idx 326 hidden train
31753 torch.Size([50000]) tensor(438.2450, device='cuda:0')
[TRAIN] Acc: 85.000
[TEST] Acc: 77.400
Epoch: 55
batch idx 17 hidden train
batch idx 32 hidden train
batch idx 75 hidden train
batch idx 91 hidden train
batch idx 153 hidden train
batch idx 245 hidden train
batch idx 390 hidden train
32269 torch.Size([50000]) tensor(403.5728, device='cuda:0')
[TRAIN] Acc: 81.250
[TEST] Acc: 78.240
Epoch: 56
batch idx 46 hidden train
batch idx 68 hidden train
batch idx 79 hidden train
batch idx 104 hidden train
batch idx 121 hidden train
batch idx 265 hidden train
batch idx 360 hidden train
31159 torch.Size([50000]) tensor(433.8118, device='cuda:0')
[TRAIN] Acc: 75.000
[TEST] Acc: 74.050
Epoch: 57
batch idx 60 hidden train
batch idx 142 hidden train
batch idx 260 hidden train
batch idx 281 hidden train
batch idx 309 hidden train
batch idx 337 hidden train
batch idx 372 hidden train
31805 torch.Size([50000]) tensor(403.8556, device='cuda:0')
[TRAIN] Acc: 77.500
[TEST] Acc: 75.630
Epoch: 58
batch idx 12 hidden train
batch idx 76 hidden train
batch idx 90 hidden train
batch idx 224 hidden train
batch idx 228 hidden train
batch idx 286 hidden train
batch idx 338 hidden train
32248 torch.Size([50000]) tensor(434.1825, device='cuda:0')
[TRAIN] Acc: 77.500
[TEST] Acc: 78.540
Epoch: 59
batch idx 5 hidden train
batch idx 150 hidden train
batch idx 169 hidden train
batch idx 211 hidden train
batch idx 262 hidden train
batch idx 300 hidden train
batch idx 317 hidden train
31801 torch.Size([50000]) tensor(467.3516, device='cuda:0')
[TRAIN] Acc: 77.500
[TEST] Acc: 68.550
Epoch: 60
batch idx 26 hidden train
batch idx 57 hidden train
batch idx 139 hidden train
batch idx 212 hidden train
batch idx 289 hidden train
batch idx 328 hidden train
batch idx 390 hidden train
31678 torch.Size([50000]) tensor(426.6490, device='cuda:0')
[TRAIN] Acc: 86.250
[TEST] Acc: 75.640
Epoch: 61
batch idx 27 hidden train
batch idx 42 hidden train
batch idx 77 hidden train
batch idx 228 hidden train
batch idx 232 hidden train
batch idx 356 hidden train
batch idx 381 hidden train
32155 torch.Size([50000]) tensor(451.9210, device='cuda:0')
[TRAIN] Acc: 82.500
[TEST] Acc: 77.310
0.03,0.3312
============ NEW BEST =============
BEST: 0.3312
Epoch: 62
batch idx 50 hidden train
batch idx 75 hidden train
batch idx 175 hidden train
batch idx 176 hidden train
batch idx 256 hidden train
batch idx 300 hidden train
batch idx 386 hidden train
32437 torch.Size([50000]) tensor(439.9500, device='cuda:0')
[TRAIN] Acc: 87.500
[TEST] Acc: 75.380
0.03,0.3041
Epoch: 63
batch idx 46 hidden train
batch idx 71 hidden train
batch idx 165 hidden train
batch idx 214 hidden train
batch idx 246 hidden train
batch idx 303 hidden train
batch idx 390 hidden train
32374 torch.Size([50000]) tensor(430.0051, device='cuda:0')
[TRAIN] Acc: 85.000
[TEST] Acc: 77.660
0.03,0.2523
Epoch: 64
batch idx 18 hidden train
batch idx 144 hidden train
batch idx 183 hidden train
batch idx 215 hidden train
batch idx 249 hidden train
batch idx 326 hidden train
batch idx 343 hidden train
31981 torch.Size([50000]) tensor(405.5150, device='cuda:0')
[TRAIN] Acc: 80.000
[TEST] Acc: 78.430
0.03,0.3306
Epoch: 65
batch idx 71 hidden train
batch idx 100 hidden train
batch idx 109 hidden train
batch idx 252 hidden train
batch idx 295 hidden train
batch idx 341 hidden train
batch idx 368 hidden train
32479 torch.Size([50000]) tensor(462.4279, device='cuda:0')
[TRAIN] Acc: 83.750
[TEST] Acc: 79.350
0.03,0.3074
Epoch: 66
batch idx 15 hidden train
batch idx 28 hidden train
batch idx 79 hidden train
batch idx 191 hidden train
batch idx 237 hidden train
batch idx 254 hidden train
batch idx 335 hidden train
32088 torch.Size([50000]) tensor(429.1494, device='cuda:0')
[TRAIN] Acc: 86.250
[TEST] Acc: 76.540
0.03,0.3165
Epoch: 67
batch idx 9 hidden train
batch idx 97 hidden train
batch idx 124 hidden train
batch idx 208 hidden train
batch idx 232 hidden train
batch idx 284 hidden train
batch idx 293 hidden train
32449 torch.Size([50000]) tensor(429.4601, device='cuda:0')
[TRAIN] Acc: 76.250
[TEST] Acc: 74.810
0.03,0.2907
Epoch: 68
batch idx 14 hidden train
batch idx 36 hidden train
batch idx 70 hidden train
batch idx 183 hidden train
batch idx 243 hidden train
batch idx 299 hidden train
batch idx 386 hidden train
33110 torch.Size([50000]) tensor(449.8033, device='cuda:0')
[TRAIN] Acc: 92.500
[TEST] Acc: 79.910
0.03,0.3432
============ NEW BEST =============
BEST: 0.3432
Epoch: 69
batch idx 31 hidden train
batch idx 33 hidden train
batch idx 103 hidden train
batch idx 265 hidden train
batch idx 269 hidden train
batch idx 358 hidden train
batch idx 387 hidden train
32224 torch.Size([50000]) tensor(458.7374, device='cuda:0')
[TRAIN] Acc: 82.500
[TEST] Acc: 78.630
0.03,0.3345
Epoch: 70
batch idx 106 hidden train
batch idx 164 hidden train
batch idx 177 hidden train
batch idx 231 hidden train
batch idx 288 hidden train
batch idx 307 hidden train
batch idx 335 hidden train
31871 torch.Size([50000]) tensor(436.7162, device='cuda:0')
[TRAIN] Acc: 75.000
[TEST] Acc: 77.840
0.03,0.3232
Epoch: 71
batch idx 53 hidden train
batch idx 67 hidden train
batch idx 120 hidden train
batch idx 122 hidden train
batch idx 164 hidden train
batch idx 371 hidden train
batch idx 384 hidden train
31563 torch.Size([50000]) tensor(463.1661, device='cuda:0')
[TRAIN] Acc: 83.750
[TEST] Acc: 78.430
0.03,0.2936
Epoch: 72
batch idx 40 hidden train
batch idx 84 hidden train
batch idx 146 hidden train
batch idx 207 hidden train
batch idx 280 hidden train
batch idx 287 hidden train
batch idx 351 hidden train
32937 torch.Size([50000]) tensor(441.6646, device='cuda:0')
[TRAIN] Acc: 78.750
[TEST] Acc: 79.480
0.03,0.3719
============ NEW BEST =============
BEST: 0.3719
Epoch: 73
batch idx 91 hidden train
batch idx 188 hidden train
batch idx 226 hidden train
batch idx 294 hidden train
batch idx 295 hidden train
batch idx 310 hidden train
batch idx 380 hidden train
33427 torch.Size([50000]) tensor(456.8617, device='cuda:0')
[TRAIN] Acc: 83.750
[TEST] Acc: 79.220
0.03,0.2951
Epoch: 74
batch idx 49 hidden train
batch idx 79 hidden train
batch idx 192 hidden train
batch idx 272 hidden train
batch idx 280 hidden train
batch idx 336 hidden train
batch idx 382 hidden train
33014 torch.Size([50000]) tensor(458.2101, device='cuda:0')
[TRAIN] Acc: 80.000
[TEST] Acc: 75.940
0.03,0.3405
Epoch: 75
batch idx 44 hidden train
batch idx 92 hidden train
batch idx 184 hidden train
batch idx 257 hidden train
batch idx 268 hidden train
batch idx 346 hidden train
batch idx 375 hidden train
31797 torch.Size([50000]) tensor(482.3151, device='cuda:0')
[TRAIN] Acc: 90.000
[TEST] Acc: 78.600
0.03,0.3375
Epoch: 76
batch idx 34 hidden train
batch idx 56 hidden train
batch idx 106 hidden train
batch idx 179 hidden train
batch idx 243 hidden train
batch idx 279 hidden train
batch idx 347 hidden train
32400 torch.Size([50000]) tensor(421.6618, device='cuda:0')
[TRAIN] Acc: 87.500
[TEST] Acc: 77.240
0.03,0.3318
Epoch: 77
batch idx 21 hidden train
batch idx 37 hidden train
batch idx 117 hidden train
batch idx 145 hidden train
batch idx 241 hidden train
batch idx 289 hidden train
batch idx 382 hidden train
33283 torch.Size([50000]) tensor(461.7110, device='cuda:0')
[TRAIN] Acc: 85.000
[TEST] Acc: 81.340
0.03,0.3171
Epoch: 78
batch idx 55 hidden train
batch idx 104 hidden train
batch idx 122 hidden train
batch idx 229 hidden train
batch idx 243 hidden train
batch idx 275 hidden train
batch idx 298 hidden train
33077 torch.Size([50000]) tensor(514.0234, device='cuda:0')
[TRAIN] Acc: 81.250
[TEST] Acc: 77.810
0.03,0.3306
Epoch: 79
batch idx 146 hidden train
batch idx 174 hidden train
batch idx 237 hidden train
batch idx 280 hidden train
batch idx 293 hidden train
batch idx 375 hidden train
batch idx 389 hidden train
31968 torch.Size([50000]) tensor(458.4867, device='cuda:0')
[TRAIN] Acc: 77.500
[TEST] Acc: 78.160
0.03,0.3447
Epoch: 80
batch idx 1 hidden train
batch idx 90 hidden train
batch idx 154 hidden train
batch idx 203 hidden train
batch idx 273 hidden train
batch idx 287 hidden train
batch idx 293 hidden train
38911 torch.Size([50000]) tensor(570.6150, device='cuda:0')
[TRAIN] Acc: 91.250
[TEST] Acc: 84.940
0.03,0.4128
============ NEW BEST =============
BEST: 0.4128
Epoch: 81
batch idx 37 hidden train
batch idx 48 hidden train
batch idx 51 hidden train
batch idx 237 hidden train
batch idx 251 hidden train
batch idx 272 hidden train
batch idx 319 hidden train
39361 torch.Size([50000]) tensor(590.1664, device='cuda:0')
[TRAIN] Acc: 86.250
[TEST] Acc: 85.380
0.03,0.4426
============ NEW BEST =============
BEST: 0.4426
Epoch: 82
batch idx 87 hidden train
batch idx 147 hidden train
batch idx 197 hidden train
batch idx 268 hidden train
batch idx 339 hidden train
batch idx 363 hidden train
batch idx 369 hidden train
38709 torch.Size([50000]) tensor(659.0544, device='cuda:0')
[TRAIN] Acc: 86.250
[TEST] Acc: 85.210
0.03,0.4922
============ NEW BEST =============
BEST: 0.4922
Epoch: 83
batch idx 72 hidden train
batch idx 77 hidden train
batch idx 84 hidden train
batch idx 134 hidden train
batch idx 142 hidden train
batch idx 332 hidden train
batch idx 382 hidden train
38441 torch.Size([50000]) tensor(701.4799, device='cuda:0')
[TRAIN] Acc: 81.250
[TEST] Acc: 85.510
0.03,0.5118
============ NEW BEST =============
BEST: 0.5118
Epoch: 84
batch idx 28 hidden train
batch idx 69 hidden train
batch idx 75 hidden train
batch idx 81 hidden train
batch idx 274 hidden train
batch idx 320 hidden train
batch idx 378 hidden train
38239 torch.Size([50000]) tensor(726.7911, device='cuda:0')
[TRAIN] Acc: 83.750
[TEST] Acc: 85.410
0.03,0.5375
============ NEW BEST =============
BEST: 0.5375
Epoch: 85
batch idx 4 hidden train
batch idx 43 hidden train
batch idx 130 hidden train
batch idx 299 hidden train
batch idx 302 hidden train
batch idx 314 hidden train
batch idx 315 hidden train
38001 torch.Size([50000]) tensor(737.0763, device='cuda:0')
[TRAIN] Acc: 88.750
[TEST] Acc: 85.230
0.03,0.5384
============ NEW BEST =============
BEST: 0.5384
Epoch: 86
batch idx 76 hidden train
batch idx 125 hidden train
batch idx 170 hidden train
batch idx 172 hidden train
batch idx 196 hidden train
batch idx 266 hidden train
batch idx 361 hidden train
38035 torch.Size([50000]) tensor(801.7585, device='cuda:0')
[TRAIN] Acc: 88.750
[TEST] Acc: 84.180
0.03,0.5383
Epoch: 87
batch idx 74 hidden train
batch idx 173 hidden train
batch idx 213 hidden train
batch idx 311 hidden train
batch idx 325 hidden train
batch idx 385 hidden train
batch idx 390 hidden train
38247 torch.Size([50000]) tensor(764.2082, device='cuda:0')
[TRAIN] Acc: 93.750
[TEST] Acc: 84.790
0.03,0.5379
Epoch: 88
batch idx 28 hidden train
batch idx 64 hidden train
batch idx 97 hidden train
batch idx 256 hidden train
batch idx 314 hidden train
batch idx 357 hidden train
batch idx 378 hidden train
38380 torch.Size([50000]) tensor(742.5961, device='cuda:0')
[TRAIN] Acc: 92.500
[TEST] Acc: 84.710
0.03,0.5366
Epoch: 89
batch idx 5 hidden train
batch idx 9 hidden train
batch idx 112 hidden train
batch idx 157 hidden train
batch idx 176 hidden train
batch idx 185 hidden train
batch idx 359 hidden train
38082 torch.Size([50000]) tensor(768.1984, device='cuda:0')
[TRAIN] Acc: 83.750
[TEST] Acc: 85.060
0.03,0.5309
Epoch: 90
batch idx 21 hidden train
batch idx 25 hidden train
batch idx 63 hidden train
batch idx 218 hidden train
batch idx 235 hidden train
batch idx 327 hidden train
batch idx 354 hidden train
38391 torch.Size([50000]) tensor(787.2833, device='cuda:0')
[TRAIN] Acc: 88.750
[TEST] Acc: 84.040
0.03,0.5513
============ NEW BEST =============
BEST: 0.5513
Epoch: 91
batch idx 47 hidden train
batch idx 82 hidden train
batch idx 146 hidden train
batch idx 267 hidden train
batch idx 306 hidden train
batch idx 344 hidden train
batch idx 349 hidden train
38312 torch.Size([50000]) tensor(798.3048, device='cuda:0')
[TRAIN] Acc: 86.250
[TEST] Acc: 84.570
0.03,0.5411
Epoch: 92
batch idx 18 hidden train
batch idx 46 hidden train
batch idx 61 hidden train
batch idx 81 hidden train
batch idx 292 hidden train
batch idx 308 hidden train
batch idx 383 hidden train
38249 torch.Size([50000]) tensor(760.3591, device='cuda:0')
[TRAIN] Acc: 86.250
[TEST] Acc: 84.790
0.03,0.5465
Epoch: 93
batch idx 71 hidden train
batch idx 93 hidden train
batch idx 94 hidden train
batch idx 143 hidden train
batch idx 211 hidden train
batch idx 257 hidden train
batch idx 333 hidden train
38132 torch.Size([50000]) tensor(824.1544, device='cuda:0')
[TRAIN] Acc: 85.000
[TEST] Acc: 84.830
0.03,0.5535
============ NEW BEST =============
BEST: 0.5535
Epoch: 94
batch idx 99 hidden train
batch idx 185 hidden train
batch idx 200 hidden train
batch idx 224 hidden train
batch idx 227 hidden train
batch idx 274 hidden train
batch idx 343 hidden train
38516 torch.Size([50000]) tensor(773.8357, device='cuda:0')
[TRAIN] Acc: 92.500
[TEST] Acc: 84.850
0.03,0.5566
============ NEW BEST =============
BEST: 0.5566
Epoch: 95
batch idx 6 hidden train
batch idx 9 hidden train
batch idx 16 hidden train
batch idx 98 hidden train
batch idx 145 hidden train
batch idx 202 hidden train
batch idx 349 hidden train
38717 torch.Size([50000]) tensor(783.5485, device='cuda:0')
[TRAIN] Acc: 86.250
[TEST] Acc: 84.980
0.03,0.5636
============ NEW BEST =============
BEST: 0.5636
Epoch: 96
batch idx 40 hidden train
batch idx 49 hidden train
batch idx 94 hidden train
batch idx 129 hidden train
batch idx 167 hidden train
batch idx 265 hidden train
batch idx 278 hidden train
38632 torch.Size([50000]) tensor(756.0318, device='cuda:0')
[TRAIN] Acc: 90.000
[TEST] Acc: 85.020
0.03,0.5903
============ NEW BEST =============
BEST: 0.5903
Epoch: 97
batch idx 76 hidden train
batch idx 145 hidden train
batch idx 167 hidden train
batch idx 229 hidden train
batch idx 249 hidden train
batch idx 341 hidden train
batch idx 363 hidden train
38727 torch.Size([50000]) tensor(774.6880, device='cuda:0')
[TRAIN] Acc: 87.500
[TEST] Acc: 84.780
0.03,0.6032
============ NEW BEST =============
BEST: 0.6032
Epoch: 98
batch idx 93 hidden train
batch idx 114 hidden train
batch idx 191 hidden train
batch idx 248 hidden train
batch idx 272 hidden train
batch idx 347 hidden train
batch idx 386 hidden train
38147 torch.Size([50000]) tensor(749.9254, device='cuda:0')
[TRAIN] Acc: 86.250
[TEST] Acc: 84.700
0.03,0.5639
Epoch: 99
batch idx 59 hidden train
batch idx 93 hidden train
batch idx 109 hidden train
batch idx 120 hidden train
batch idx 287 hidden train
batch idx 342 hidden train
batch idx 359 hidden train
38730 torch.Size([50000]) tensor(751.3708, device='cuda:0')
[TRAIN] Acc: 88.750
[TEST] Acc: 84.710
0.03,0.5512
Epoch: 100
batch idx 36 hidden train
batch idx 45 hidden train
batch idx 150 hidden train
batch idx 229 hidden train
batch idx 295 hidden train
batch idx 351 hidden train
batch idx 363 hidden train
38708 torch.Size([50000]) tensor(750.2308, device='cuda:0')
[TRAIN] Acc: 85.000
[TEST] Acc: 84.480
0.03,0.5623
Epoch: 101
batch idx 54 hidden train
batch idx 121 hidden train
batch idx 128 hidden train
batch idx 160 hidden train
batch idx 187 hidden train
batch idx 216 hidden train
batch idx 256 hidden train
38901 torch.Size([50000]) tensor(763.5605, device='cuda:0')
[TRAIN] Acc: 93.750
[TEST] Acc: 85.160
0.03,0.5408
Epoch: 102
batch idx 4 hidden train
batch idx 243 hidden train
batch idx 246 hidden train
batch idx 305 hidden train
batch idx 314 hidden train
batch idx 345 hidden train
batch idx 378 hidden train
38738 torch.Size([50000]) tensor(775.5527, device='cuda:0')
[TRAIN] Acc: 93.750
[TEST] Acc: 85.560
0.03,0.575
Epoch: 103
batch idx 190 hidden train
batch idx 222 hidden train
batch idx 247 hidden train
batch idx 260 hidden train
batch idx 273 hidden train
batch idx 345 hidden train
batch idx 352 hidden train
39167 torch.Size([50000]) tensor(780.1389, device='cuda:0')
[TRAIN] Acc: 87.500
[TEST] Acc: 85.250
0.03,0.5718
Epoch: 104
batch idx 170 hidden train
batch idx 209 hidden train
batch idx 283 hidden train
batch idx 290 hidden train
batch idx 314 hidden train
batch idx 366 hidden train
batch idx 371 hidden train
38526 torch.Size([50000]) tensor(728.5227, device='cuda:0')
[TRAIN] Acc: 86.250
[TEST] Acc: 85.550
0.03,0.5968
Epoch: 105
batch idx 55 hidden train
batch idx 206 hidden train
batch idx 313 hidden train
batch idx 314 hidden train
batch idx 331 hidden train
batch idx 334 hidden train
batch idx 389 hidden train
38976 torch.Size([50000]) tensor(773.3235, device='cuda:0')
[TRAIN] Acc: 82.500
[TEST] Acc: 85.190
0.03,0.585
Epoch: 106
batch idx 34 hidden train
batch idx 43 hidden train
batch idx 151 hidden train
batch idx 153 hidden train
batch idx 164 hidden train
batch idx 177 hidden train
batch idx 196 hidden train
38959 torch.Size([50000]) tensor(744.1524, device='cuda:0')
[TRAIN] Acc: 90.000
[TEST] Acc: 85.080
0.03,0.5563
Epoch: 107
batch idx 78 hidden train
batch idx 85 hidden train
batch idx 136 hidden train
batch idx 145 hidden train
batch idx 195 hidden train
batch idx 227 hidden train
batch idx 268 hidden train
38867 torch.Size([50000]) tensor(769.4602, device='cuda:0')
[TRAIN] Acc: 87.500
[TEST] Acc: 84.760
0.03,0.5957
Epoch: 108
batch idx 20 hidden train
batch idx 41 hidden train
batch idx 205 hidden train
batch idx 207 hidden train
batch idx 232 hidden train
batch idx 287 hidden train
batch idx 362 hidden train
38834 torch.Size([50000]) tensor(799.7223, device='cuda:0')
[TRAIN] Acc: 87.500
[TEST] Acc: 85.290
0.03,0.6003
Epoch: 109
batch idx 11 hidden train
batch idx 121 hidden train
batch idx 163 hidden train
batch idx 223 hidden train
batch idx 226 hidden train
batch idx 241 hidden train
batch idx 383 hidden train
38727 torch.Size([50000]) tensor(765.1394, device='cuda:0')
[TRAIN] Acc: 92.500
[TEST] Acc: 85.180
0.03,0.5684
Epoch: 110
batch idx 44 hidden train
batch idx 59 hidden train
batch idx 163 hidden train
batch idx 297 hidden train
batch idx 336 hidden train
batch idx 367 hidden train
batch idx 389 hidden train
39067 torch.Size([50000]) tensor(769.0199, device='cuda:0')
[TRAIN] Acc: 87.500
[TEST] Acc: 85.630
0.03,0.5886
Epoch: 111
batch idx 15 hidden train
batch idx 134 hidden train
batch idx 147 hidden train
batch idx 152 hidden train
batch idx 215 hidden train
batch idx 323 hidden train
batch idx 379 hidden train
38677 torch.Size([50000]) tensor(777.2437, device='cuda:0')
[TRAIN] Acc: 85.000
[TEST] Acc: 84.450
0.03,0.6004
Epoch: 112
batch idx 45 hidden train
batch idx 140 hidden train
batch idx 220 hidden train
batch idx 308 hidden train
batch idx 314 hidden train
batch idx 316 hidden train
batch idx 356 hidden train
38990 torch.Size([50000]) tensor(764.6930, device='cuda:0')
[TRAIN] Acc: 88.750
[TEST] Acc: 84.940
0.03,0.5477
Epoch: 113
batch idx 15 hidden train
batch idx 66 hidden train
batch idx 104 hidden train
batch idx 137 hidden train
batch idx 221 hidden train
batch idx 259 hidden train
batch idx 268 hidden train
39146 torch.Size([50000]) tensor(757.9240, device='cuda:0')
[TRAIN] Acc: 90.000
[TEST] Acc: 84.970
0.03,0.5809
Epoch: 114
batch idx 7 hidden train
batch idx 38 hidden train
batch idx 129 hidden train
batch idx 167 hidden train
batch idx 233 hidden train
batch idx 277 hidden train
batch idx 314 hidden train
38701 torch.Size([50000]) tensor(750.1899, device='cuda:0')
[TRAIN] Acc: 78.750
[TEST] Acc: 85.180
0.03,0.5806
Epoch: 115
batch idx 31 hidden train
batch idx 37 hidden train
batch idx 85 hidden train
batch idx 91 hidden train
batch idx 181 hidden train
batch idx 201 hidden train
batch idx 319 hidden train
38898 torch.Size([50000]) tensor(761.4877, device='cuda:0')
[TRAIN] Acc: 87.500
[TEST] Acc: 85.160
0.03,0.5619
Epoch: 116
batch idx 128 hidden train
batch idx 207 hidden train
batch idx 275 hidden train
batch idx 318 hidden train
batch idx 326 hidden train
batch idx 383 hidden train
batch idx 389 hidden train
38934 torch.Size([50000]) tensor(731.1744, device='cuda:0')
[TRAIN] Acc: 83.750
[TEST] Acc: 85.130
0.03,0.5294
Epoch: 117
batch idx 21 hidden train
batch idx 30 hidden train
batch idx 136 hidden train
batch idx 189 hidden train
batch idx 295 hidden train
batch idx 321 hidden train
batch idx 340 hidden train
39231 torch.Size([50000]) tensor(746.2388, device='cuda:0')
[TRAIN] Acc: 86.250
[TEST] Acc: 85.590
0.03,0.6126
============ NEW BEST =============
BEST: 0.6126
Epoch: 118
batch idx 27 hidden train
batch idx 70 hidden train
batch idx 118 hidden train
batch idx 147 hidden train
batch idx 236 hidden train
batch idx 271 hidden train
batch idx 294 hidden train
39180 torch.Size([50000]) tensor(739.4038, device='cuda:0')
[TRAIN] Acc: 85.000
[TEST] Acc: 85.240
0.03,0.5688
Epoch: 119
batch idx 7 hidden train
batch idx 20 hidden train
batch idx 72 hidden train
batch idx 147 hidden train
batch idx 159 hidden train
batch idx 261 hidden train
batch idx 352 hidden train
39182 torch.Size([50000]) tensor(752.4127, device='cuda:0')
[TRAIN] Acc: 87.500
[TEST] Acc: 85.040
0.03,0.5557
Epoch: 120
batch idx 102 hidden train
batch idx 112 hidden train
batch idx 121 hidden train
batch idx 190 hidden train
batch idx 252 hidden train
batch idx 258 hidden train
batch idx 315 hidden train
39488 torch.Size([50000]) tensor(764.9192, device='cuda:0')
[TRAIN] Acc: 96.250
[TEST] Acc: 85.490
0.03,0.5623
Epoch: 121
batch idx 38 hidden train
batch idx 136 hidden train
batch idx 167 hidden train
batch idx 263 hidden train
batch idx 267 hidden train
batch idx 289 hidden train
batch idx 330 hidden train
39166 torch.Size([50000]) tensor(761.1341, device='cuda:0')
[TRAIN] Acc: 95.000
[TEST] Acc: 85.540
0.03,0.596
Epoch: 122
batch idx 1 hidden train
batch idx 76 hidden train
batch idx 107 hidden train
batch idx 216 hidden train
batch idx 234 hidden train
batch idx 241 hidden train
batch idx 242 hidden train
39540 torch.Size([50000]) tensor(804.7172, device='cuda:0')
[TRAIN] Acc: 91.250
[TEST] Acc: 85.550
0.03,0.6047
Epoch: 123
batch idx 48 hidden train
batch idx 99 hidden train
batch idx 173 hidden train
batch idx 224 hidden train
batch idx 338 hidden train
batch idx 353 hidden train
batch idx 357 hidden train
39595 torch.Size([50000]) tensor(755.4097, device='cuda:0')
[TRAIN] Acc: 88.750
[TEST] Acc: 85.640
0.03,0.5478
Epoch: 124
batch idx 48 hidden train
batch idx 101 hidden train
batch idx 127 hidden train
batch idx 211 hidden train
batch idx 244 hidden train
batch idx 299 hidden train
batch idx 326 hidden train
39287 torch.Size([50000]) tensor(807.4447, device='cuda:0')
[TRAIN] Acc: 92.500
[TEST] Acc: 85.310
0.03,0.565
Epoch: 125
batch idx 40 hidden train
batch idx 196 hidden train
batch idx 242 hidden train
batch idx 265 hidden train
batch idx 271 hidden train
batch idx 320 hidden train
batch idx 352 hidden train
38900 torch.Size([50000]) tensor(786.5739, device='cuda:0')
[TRAIN] Acc: 83.750
[TEST] Acc: 85.440
0.03,0.5965
Epoch: 126
batch idx 26 hidden train
batch idx 119 hidden train
batch idx 189 hidden train
batch idx 191 hidden train
batch idx 248 hidden train
batch idx 284 hidden train
batch idx 317 hidden train
39760 torch.Size([50000]) tensor(760.6315, device='cuda:0')
[TRAIN] Acc: 93.750
[TEST] Acc: 85.460
0.03,0.5981
Epoch: 127
batch idx 61 hidden train
batch idx 141 hidden train
batch idx 183 hidden train
batch idx 195 hidden train
batch idx 218 hidden train
batch idx 338 hidden train
batch idx 342 hidden train
39581 torch.Size([50000]) tensor(795.5928, device='cuda:0')
[TRAIN] Acc: 86.250
[TEST] Acc: 85.360
0.03,0.5456
Epoch: 128
batch idx 5 hidden train
batch idx 8 hidden train
batch idx 99 hidden train
batch idx 163 hidden train
batch idx 225 hidden train
batch idx 301 hidden train
batch idx 367 hidden train
39021 torch.Size([50000]) tensor(760.0162, device='cuda:0')
[TRAIN] Acc: 86.250
[TEST] Acc: 85.180
0.03,0.5573
Epoch: 129
batch idx 66 hidden train
batch idx 90 hidden train
batch idx 134 hidden train
batch idx 246 hidden train
batch idx 266 hidden train
batch idx 329 hidden train
batch idx 333 hidden train
39131 torch.Size([50000]) tensor(761.6557, device='cuda:0')
[TRAIN] Acc: 91.250
[TEST] Acc: 85.080
0.03,0.5561
Epoch: 130
batch idx 111 hidden train
batch idx 150 hidden train
batch idx 252 hidden train
batch idx 253 hidden train
batch idx 290 hidden train
batch idx 350 hidden train
batch idx 379 hidden train
39520 torch.Size([50000]) tensor(781.8408, device='cuda:0')
[TRAIN] Acc: 88.750
[TEST] Acc: 85.250
0.03,0.5815
Epoch: 131
batch idx 8 hidden train
batch idx 151 hidden train
batch idx 222 hidden train
batch idx 295 hidden train
batch idx 307 hidden train
batch idx 329 hidden train
batch idx 359 hidden train
39256 torch.Size([50000]) tensor(776.1129, device='cuda:0')
[TRAIN] Acc: 88.750
[TEST] Acc: 85.380
0.03,0.6054
Epoch: 132
batch idx 3 hidden train
batch idx 197 hidden train
batch idx 217 hidden train
batch idx 281 hidden train
batch idx 286 hidden train
batch idx 314 hidden train
batch idx 338 hidden train
39730 torch.Size([50000]) tensor(770.0555, device='cuda:0')
[TRAIN] Acc: 90.000
[TEST] Acc: 85.390
0.03,0.5784
Epoch: 133
batch idx 207 hidden train
batch idx 215 hidden train
batch idx 216 hidden train
batch idx 220 hidden train
batch idx 271 hidden train
batch idx 324 hidden train
batch idx 368 hidden train
39813 torch.Size([50000]) tensor(783.6785, device='cuda:0')
[TRAIN] Acc: 86.250
[TEST] Acc: 86.080
0.03,0.598
Epoch: 134
batch idx 13 hidden train
batch idx 55 hidden train
batch idx 96 hidden train
batch idx 143 hidden train
batch idx 217 hidden train
batch idx 243 hidden train
batch idx 302 hidden train
39570 torch.Size([50000]) tensor(770.6447, device='cuda:0')
[TRAIN] Acc: 92.500
[TEST] Acc: 84.900
0.03,0.5676
Epoch: 135
batch idx 17 hidden train
batch idx 33 hidden train
batch idx 60 hidden train
batch idx 103 hidden train
batch idx 188 hidden train
batch idx 202 hidden train
batch idx 316 hidden train
38859 torch.Size([50000]) tensor(778.0734, device='cuda:0')
[TRAIN] Acc: 87.500
[TEST] Acc: 85.290
0.03,0.5763
Epoch: 136
batch idx 45 hidden train
batch idx 226 hidden train
batch idx 234 hidden train
batch idx 309 hidden train
batch idx 341 hidden train
batch idx 344 hidden train
batch idx 388 hidden train
39816 torch.Size([50000]) tensor(787.8265, device='cuda:0')
[TRAIN] Acc: 91.250
[TEST] Acc: 86.060
0.03,0.6092
Epoch: 137
batch idx 14 hidden train
batch idx 34 hidden train
batch idx 88 hidden train
batch idx 94 hidden train
batch idx 192 hidden train
batch idx 295 hidden train
batch idx 339 hidden train
39947 torch.Size([50000]) tensor(801.0787, device='cuda:0')
[TRAIN] Acc: 93.750
[TEST] Acc: 85.250
0.03,0.6029
Epoch: 138
batch idx 59 hidden train
batch idx 76 hidden train
batch idx 224 hidden train
batch idx 242 hidden train
batch idx 289 hidden train
batch idx 362 hidden train
batch idx 369 hidden train
38872 torch.Size([50000]) tensor(748.5540, device='cuda:0')
[TRAIN] Acc: 86.250
[TEST] Acc: 84.920
0.03,0.6146
============ NEW BEST =============
BEST: 0.6146
Epoch: 139
batch idx 1 hidden train
batch idx 9 hidden train
batch idx 59 hidden train
batch idx 135 hidden train
batch idx 206 hidden train
batch idx 231 hidden train
batch idx 353 hidden train
39010 torch.Size([50000]) tensor(754.7313, device='cuda:0')
[TRAIN] Acc: 88.750
[TEST] Acc: 84.460
0.03,0.5554
Epoch: 140
batch idx 36 hidden train
batch idx 83 hidden train
batch idx 196 hidden train
batch idx 197 hidden train
batch idx 222 hidden train
batch idx 237 hidden train
batch idx 289 hidden train
40555 torch.Size([50000]) tensor(759.4926, device='cuda:0')
[TRAIN] Acc: 86.250
[TEST] Acc: 86.000
0.03,0.6265
============ NEW BEST =============
BEST: 0.6265
Epoch: 141
batch idx 3 hidden train
batch idx 37 hidden train
batch idx 70 hidden train
batch idx 87 hidden train
batch idx 130 hidden train
batch idx 141 hidden train
batch idx 380 hidden train
41670 torch.Size([50000]) tensor(781.5163, device='cuda:0')
[TRAIN] Acc: 88.750
[TEST] Acc: 86.290
0.03,0.6507
============ NEW BEST =============
BEST: 0.6507
Epoch: 142
batch idx 8 hidden train
batch idx 43 hidden train
batch idx 122 hidden train
batch idx 183 hidden train
batch idx 300 hidden train
batch idx 367 hidden train
batch idx 390 hidden train
41540 torch.Size([50000]) tensor(859.7932, device='cuda:0')
[TRAIN] Acc: 93.750
[TEST] Acc: 86.320
0.03,0.6673
============ NEW BEST =============
BEST: 0.6673
Epoch: 143
batch idx 66 hidden train
batch idx 72 hidden train
batch idx 131 hidden train
batch idx 168 hidden train
batch idx 210 hidden train
batch idx 336 hidden train
batch idx 378 hidden train
41371 torch.Size([50000]) tensor(899.5908, device='cuda:0')
[TRAIN] Acc: 88.750
[TEST] Acc: 86.530
0.03,0.6662
Epoch: 144
batch idx 28 hidden train
batch idx 105 hidden train
batch idx 129 hidden train
batch idx 149 hidden train
batch idx 292 hidden train
batch idx 315 hidden train
batch idx 350 hidden train
41385 torch.Size([50000]) tensor(883.5529, device='cuda:0')
[TRAIN] Acc: 93.750
[TEST] Acc: 86.270
0.03,0.6665
Epoch: 145
batch idx 52 hidden train
batch idx 72 hidden train
batch idx 132 hidden train
batch idx 173 hidden train
batch idx 178 hidden train
batch idx 193 hidden train
batch idx 389 hidden train
41542 torch.Size([50000]) tensor(865.2150, device='cuda:0')
[TRAIN] Acc: 92.500
[TEST] Acc: 86.420
0.03,0.6945
============ NEW BEST =============
BEST: 0.6945
Epoch: 146
batch idx 27 hidden train
batch idx 32 hidden train
batch idx 159 hidden train
batch idx 180 hidden train
batch idx 271 hidden train
batch idx 302 hidden train
batch idx 381 hidden train
41349 torch.Size([50000]) tensor(879.0330, device='cuda:0')
[TRAIN] Acc: 83.750
[TEST] Acc: 86.410
0.03,0.6723
Epoch: 147
batch idx 9 hidden train
batch idx 30 hidden train
batch idx 84 hidden train
batch idx 123 hidden train
batch idx 131 hidden train
batch idx 133 hidden train
batch idx 154 hidden train
41437 torch.Size([50000]) tensor(902.5648, device='cuda:0')
[TRAIN] Acc: 91.250
[TEST] Acc: 86.630
0.03,0.6792
Epoch: 148
batch idx 63 hidden train
batch idx 99 hidden train
batch idx 231 hidden train
batch idx 247 hidden train
batch idx 250 hidden train
batch idx 286 hidden train
batch idx 319 hidden train
41665 torch.Size([50000]) tensor(911.2114, device='cuda:0')
[TRAIN] Acc: 92.500
[TEST] Acc: 86.630
0.03,0.685
Epoch: 149
batch idx 40 hidden train
batch idx 45 hidden train
batch idx 66 hidden train
batch idx 177 hidden train
batch idx 248 hidden train
batch idx 366 hidden train
batch idx 389 hidden train
41350 torch.Size([50000]) tensor(917.8693, device='cuda:0')
[TRAIN] Acc: 93.750
[TEST] Acc: 86.500
0.03,0.6663
Epoch: 150
batch idx 2 hidden train
batch idx 76 hidden train
batch idx 91 hidden train
batch idx 92 hidden train
batch idx 99 hidden train
batch idx 113 hidden train
batch idx 139 hidden train
41689 torch.Size([50000]) tensor(919.6692, device='cuda:0')
[TRAIN] Acc: 95.000
[TEST] Acc: 86.540
0.03,0.6841
Epoch: 151
batch idx 195 hidden train
batch idx 330 hidden train
batch idx 348 hidden train
batch idx 352 hidden train
batch idx 359 hidden train
batch idx 370 hidden train
batch idx 371 hidden train
41745 torch.Size([50000]) tensor(940.1031, device='cuda:0')
[TRAIN] Acc: 86.250
[TEST] Acc: 86.780
0.03,0.6655
Epoch: 152
batch idx 169 hidden train
batch idx 212 hidden train
batch idx 228 hidden train
batch idx 298 hidden train
batch idx 337 hidden train
batch idx 340 hidden train
batch idx 362 hidden train
41300 torch.Size([50000]) tensor(893.0242, device='cuda:0')
[TRAIN] Acc: 93.750
[TEST] Acc: 86.800
0.03,0.6873
Epoch: 153
batch idx 87 hidden train
batch idx 132 hidden train
batch idx 150 hidden train
batch idx 208 hidden train
batch idx 231 hidden train
batch idx 266 hidden train
batch idx 275 hidden train
41892 torch.Size([50000]) tensor(941.1886, device='cuda:0')
[TRAIN] Acc: 92.500
[TEST] Acc: 86.850
0.03,0.6833
Epoch: 154
batch idx 59 hidden train
batch idx 142 hidden train
batch idx 190 hidden train
batch idx 209 hidden train
batch idx 299 hidden train
batch idx 345 hidden train
batch idx 347 hidden train
41703 torch.Size([50000]) tensor(942.6295, device='cuda:0')
[TRAIN] Acc: 90.000
[TEST] Acc: 86.710
0.03,0.6972
============ NEW BEST =============
BEST: 0.6972
Epoch: 155
batch idx 56 hidden train
batch idx 59 hidden train
batch idx 102 hidden train
batch idx 129 hidden train
batch idx 338 hidden train
batch idx 370 hidden train
batch idx 380 hidden train
41754 torch.Size([50000]) tensor(932.4524, device='cuda:0')
[TRAIN] Acc: 91.250
[TEST] Acc: 86.750
0.03,0.6802
Epoch: 156
batch idx 102 hidden train
batch idx 147 hidden train
batch idx 203 hidden train
batch idx 262 hidden train
batch idx 285 hidden train
batch idx 324 hidden train
batch idx 379 hidden train
41738 torch.Size([50000]) tensor(960.6561, device='cuda:0')
[TRAIN] Acc: 96.250
[TEST] Acc: 86.780
0.03,0.689
Epoch: 157
batch idx 85 hidden train
batch idx 104 hidden train
batch idx 135 hidden train
batch idx 224 hidden train
batch idx 231 hidden train
batch idx 290 hidden train
batch idx 363 hidden train
42005 torch.Size([50000]) tensor(906.6333, device='cuda:0')
[TRAIN] Acc: 90.000
[TEST] Acc: 86.930
0.03,0.6831
Epoch: 158
batch idx 11 hidden train
batch idx 28 hidden train
batch idx 80 hidden train
batch idx 103 hidden train
batch idx 177 hidden train
batch idx 321 hidden train
batch idx 342 hidden train
42090 torch.Size([50000]) tensor(957.5495, device='cuda:0')
[TRAIN] Acc: 91.250
[TEST] Acc: 87.140
0.03,0.68
Epoch: 159
batch idx 81 hidden train
batch idx 103 hidden train
batch idx 125 hidden train
batch idx 141 hidden train
batch idx 185 hidden train
batch idx 247 hidden train
batch idx 266 hidden train
41984 torch.Size([50000]) tensor(942.3213, device='cuda:0')
[TRAIN] Acc: 91.250
[TEST] Acc: 87.100
0.03,0.6836
Epoch: 160
batch idx 8 hidden train
batch idx 24 hidden train
batch idx 147 hidden train
batch idx 210 hidden train
batch idx 211 hidden train
batch idx 249 hidden train
batch idx 312 hidden train
42097 torch.Size([50000]) tensor(958.8948, device='cuda:0')
[TRAIN] Acc: 91.250
[TEST] Acc: 86.970
0.03,0.7081
============ NEW BEST =============
BEST: 0.7081
Epoch: 161
batch idx 15 hidden train
batch idx 207 hidden train
batch idx 212 hidden train
batch idx 221 hidden train
batch idx 286 hidden train
batch idx 307 hidden train
batch idx 322 hidden train
42084 torch.Size([50000]) tensor(946.6674, device='cuda:0')
[TRAIN] Acc: 90.000
[TEST] Acc: 86.980
0.03,0.6935
Epoch: 162
batch idx 98 hidden train
batch idx 222 hidden train
batch idx 241 hidden train
batch idx 258 hidden train
batch idx 264 hidden train
batch idx 359 hidden train
batch idx 363 hidden train
41968 torch.Size([50000]) tensor(950.7678, device='cuda:0')
[TRAIN] Acc: 92.500
[TEST] Acc: 87.160
0.03,0.6987
Epoch: 163
batch idx 23 hidden train
batch idx 85 hidden train
batch idx 167 hidden train
batch idx 285 hidden train
batch idx 286 hidden train
batch idx 331 hidden train
batch idx 357 hidden train
41931 torch.Size([50000]) tensor(942.1954, device='cuda:0')
[TRAIN] Acc: 95.000
[TEST] Acc: 87.120
0.03,0.6993
Epoch: 164
batch idx 18 hidden train
batch idx 29 hidden train
batch idx 120 hidden train
batch idx 124 hidden train
batch idx 322 hidden train
batch idx 361 hidden train
batch idx 370 hidden train
42198 torch.Size([50000]) tensor(954.4638, device='cuda:0')
[TRAIN] Acc: 96.250
[TEST] Acc: 87.290
0.03,0.7112
============ NEW BEST =============
BEST: 0.7112
Epoch: 165
batch idx 71 hidden train
batch idx 124 hidden train
batch idx 172 hidden train
batch idx 274 hidden train
batch idx 303 hidden train
batch idx 319 hidden train
batch idx 345 hidden train
42059 torch.Size([50000]) tensor(939.7951, device='cuda:0')
[TRAIN] Acc: 87.500
[TEST] Acc: 86.900
0.03,0.6764
Epoch: 166
batch idx 38 hidden train
batch idx 68 hidden train
batch idx 122 hidden train
batch idx 160 hidden train
batch idx 201 hidden train
batch idx 251 hidden train
batch idx 331 hidden train
42019 torch.Size([50000]) tensor(930.3397, device='cuda:0')
[TRAIN] Acc: 90.000
[TEST] Acc: 87.140
0.03,0.7024
Epoch: 167
batch idx 22 hidden train
batch idx 36 hidden train
batch idx 54 hidden train
batch idx 148 hidden train
batch idx 163 hidden train
batch idx 197 hidden train
batch idx 218 hidden train
42232 torch.Size([50000]) tensor(945.9070, device='cuda:0')
[TRAIN] Acc: 93.750
[TEST] Acc: 87.100
0.03,0.7019
Epoch: 168
batch idx 1 hidden train
batch idx 160 hidden train
batch idx 188 hidden train
batch idx 251 hidden train
batch idx 301 hidden train
batch idx 339 hidden train
batch idx 360 hidden train
41866 torch.Size([50000]) tensor(965.8306, device='cuda:0')
[TRAIN] Acc: 88.750
[TEST] Acc: 86.990
0.03,0.7014
Epoch: 169
batch idx 12 hidden train
batch idx 100 hidden train
batch idx 103 hidden train
batch idx 112 hidden train
batch idx 180 hidden train
batch idx 296 hidden train
batch idx 360 hidden train
42056 torch.Size([50000]) tensor(984.5713, device='cuda:0')
[TRAIN] Acc: 95.000
[TEST] Acc: 86.730
0.03,0.6857
Epoch: 170
batch idx 11 hidden train
batch idx 146 hidden train
batch idx 201 hidden train
batch idx 231 hidden train
batch idx 292 hidden train
batch idx 377 hidden train
batch idx 386 hidden train
42046 torch.Size([50000]) tensor(952.1592, device='cuda:0')
[TRAIN] Acc: 95.000
[TEST] Acc: 86.830
0.03,0.7008
Epoch: 171
batch idx 101 hidden train
batch idx 132 hidden train
batch idx 147 hidden train
batch idx 186 hidden train
batch idx 344 hidden train
batch idx 346 hidden train
batch idx 373 hidden train
42156 torch.Size([50000]) tensor(1000.4347, device='cuda:0')
[TRAIN] Acc: 96.250
[TEST] Acc: 87.040
0.03,0.697
Epoch: 172
batch idx 60 hidden train
batch idx 108 hidden train
batch idx 137 hidden train
batch idx 191 hidden train
batch idx 226 hidden train
batch idx 253 hidden train
batch idx 299 hidden train
42185 torch.Size([50000]) tensor(1006.5037, device='cuda:0')
[TRAIN] Acc: 92.500
[TEST] Acc: 86.950
0.03,0.6915
Epoch: 173
batch idx 112 hidden train
batch idx 116 hidden train
batch idx 159 hidden train
batch idx 229 hidden train
batch idx 230 hidden train
batch idx 285 hidden train
batch idx 300 hidden train
42045 torch.Size([50000]) tensor(951.9479, device='cuda:0')
[TRAIN] Acc: 85.000
[TEST] Acc: 86.930
0.03,0.6812
Epoch: 174
batch idx 50 hidden train
batch idx 75 hidden train
batch idx 106 hidden train
batch idx 114 hidden train
batch idx 333 hidden train
batch idx 339 hidden train
batch idx 371 hidden train
42176 torch.Size([50000]) tensor(956.7051, device='cuda:0')
[TRAIN] Acc: 92.500
[TEST] Acc: 87.140
0.03,0.6951
Epoch: 175
batch idx 71 hidden train
batch idx 75 hidden train
batch idx 112 hidden train
batch idx 113 hidden train
batch idx 123 hidden train
batch idx 177 hidden train
batch idx 380 hidden train
42258 torch.Size([50000]) tensor(958.8469, device='cuda:0')
[TRAIN] Acc: 96.250
[TEST] Acc: 86.930
0.03,0.6921
Epoch: 176
batch idx 16 hidden train
batch idx 54 hidden train
batch idx 97 hidden train
batch idx 117 hidden train
batch idx 355 hidden train
batch idx 366 hidden train
batch idx 376 hidden train
42165 torch.Size([50000]) tensor(964.7107, device='cuda:0')
[TRAIN] Acc: 92.500
[TEST] Acc: 87.040
0.03,0.7032
Epoch: 177
batch idx 27 hidden train
batch idx 65 hidden train
batch idx 94 hidden train
batch idx 133 hidden train
batch idx 170 hidden train
batch idx 231 hidden train
batch idx 270 hidden train
42126 torch.Size([50000]) tensor(976.4240, device='cuda:0')
[TRAIN] Acc: 96.250
[TEST] Acc: 87.210
0.03,0.6998
Epoch: 178
batch idx 41 hidden train
batch idx 75 hidden train
batch idx 148 hidden train
batch idx 204 hidden train
batch idx 308 hidden train
batch idx 320 hidden train
batch idx 384 hidden train
42408 torch.Size([50000]) tensor(966.1574, device='cuda:0')
[TRAIN] Acc: 95.000
[TEST] Acc: 87.270
0.03,0.7089
Epoch: 179
batch idx 6 hidden train
batch idx 43 hidden train
batch idx 123 hidden train
batch idx 197 hidden train
batch idx 256 hidden train
batch idx 311 hidden train
batch idx 318 hidden train
42222 torch.Size([50000]) tensor(1007.6832, device='cuda:0')
[TRAIN] Acc: 91.250
[TEST] Acc: 87.260
0.03,0.7205
============ NEW BEST =============
BEST: 0.7205
Epoch: 180
batch idx 31 hidden train
batch idx 58 hidden train
batch idx 156 hidden train
batch idx 228 hidden train
batch idx 268 hidden train
batch idx 346 hidden train
batch idx 349 hidden train
42670 torch.Size([50000]) tensor(959.0668, device='cuda:0')
[TRAIN] Acc: 88.750
[TEST] Acc: 87.270
0.03,0.7089
Epoch: 181
batch idx 57 hidden train
batch idx 164 hidden train
batch idx 192 hidden train
batch idx 313 hidden train
batch idx 355 hidden train
batch idx 359 hidden train
batch idx 375 hidden train
42596 torch.Size([50000]) tensor(976.2123, device='cuda:0')
[TRAIN] Acc: 91.250
[TEST] Acc: 87.210
0.03,0.7014
Epoch: 182
batch idx 133 hidden train
batch idx 138 hidden train
batch idx 188 hidden train
batch idx 193 hidden train
batch idx 235 hidden train
batch idx 246 hidden train
batch idx 274 hidden train
42412 torch.Size([50000]) tensor(1006.7429, device='cuda:0')
[TRAIN] Acc: 92.500
[TEST] Acc: 87.270
0.03,0.7043
Epoch: 183
batch idx 16 hidden train
batch idx 131 hidden train
batch idx 149 hidden train
batch idx 157 hidden train
batch idx 287 hidden train
batch idx 297 hidden train
batch idx 384 hidden train
42401 torch.Size([50000]) tensor(981.6573, device='cuda:0')
[TRAIN] Acc: 93.750
[TEST] Acc: 87.200
0.03,0.7178
Epoch: 184
batch idx 17 hidden train
batch idx 42 hidden train
batch idx 84 hidden train
batch idx 157 hidden train
batch idx 282 hidden train
batch idx 292 hidden train
batch idx 344 hidden train
42621 torch.Size([50000]) tensor(974.3214, device='cuda:0')
[TRAIN] Acc: 92.500
[TEST] Acc: 87.250
0.03,0.7107
Epoch: 185
batch idx 1 hidden train
batch idx 69 hidden train
batch idx 135 hidden train
batch idx 202 hidden train
batch idx 300 hidden train
batch idx 333 hidden train
batch idx 382 hidden train
42501 torch.Size([50000]) tensor(987.8123, device='cuda:0')
[TRAIN] Acc: 93.750
[TEST] Acc: 87.320
0.03,0.7031
Epoch: 186
batch idx 94 hidden train
batch idx 162 hidden train
batch idx 201 hidden train
batch idx 240 hidden train
batch idx 313 hidden train
batch idx 316 hidden train
batch idx 384 hidden train
42420 torch.Size([50000]) tensor(994.1107, device='cuda:0')
[TRAIN] Acc: 93.750
[TEST] Acc: 87.260
0.03,0.7144
Epoch: 187
batch idx 138 hidden train
batch idx 159 hidden train
batch idx 183 hidden train
batch idx 189 hidden train
batch idx 304 hidden train
batch idx 323 hidden train
batch idx 336 hidden train
42549 torch.Size([50000]) tensor(981.1724, device='cuda:0')
[TRAIN] Acc: 92.500
[TEST] Acc: 87.200
0.03,0.7032
Epoch: 188
batch idx 46 hidden train
batch idx 59 hidden train
batch idx 187 hidden train
batch idx 234 hidden train
batch idx 276 hidden train
batch idx 370 hidden train
batch idx 390 hidden train
42611 torch.Size([50000]) tensor(973.7213, device='cuda:0')
[TRAIN] Acc: 88.750
[TEST] Acc: 87.360
0.03,0.7085
Epoch: 189
batch idx 23 hidden train
batch idx 97 hidden train
batch idx 143 hidden train
batch idx 161 hidden train
batch idx 235 hidden train
batch idx 297 hidden train
batch idx 379 hidden train
42512 torch.Size([50000]) tensor(1000.6147, device='cuda:0')
[TRAIN] Acc: 98.750
[TEST] Acc: 87.430
0.03,0.7127
Epoch: 190
batch idx 49 hidden train
batch idx 121 hidden train
batch idx 176 hidden train
batch idx 208 hidden train
batch idx 232 hidden train
batch idx 248 hidden train
batch idx 292 hidden train
42559 torch.Size([50000]) tensor(971.1605, device='cuda:0')
[TRAIN] Acc: 95.000
[TEST] Acc: 87.310
0.03,0.7165
Epoch: 191
batch idx 41 hidden train
batch idx 168 hidden train
batch idx 177 hidden train
batch idx 179 hidden train
batch idx 247 hidden train
batch idx 258 hidden train
batch idx 324 hidden train
42567 torch.Size([50000]) tensor(1013.4580, device='cuda:0')
[TRAIN] Acc: 93.750
[TEST] Acc: 87.260
0.03,0.7114
Epoch: 192
batch idx 44 hidden train
batch idx 85 hidden train
batch idx 86 hidden train
batch idx 91 hidden train
batch idx 99 hidden train
batch idx 150 hidden train
batch idx 168 hidden train
42410 torch.Size([50000]) tensor(981.2129, device='cuda:0')
[TRAIN] Acc: 90.000
[TEST] Acc: 87.380
0.03,0.699
Epoch: 193
batch idx 60 hidden train
batch idx 95 hidden train
batch idx 133 hidden train
batch idx 167 hidden train
batch idx 198 hidden train
batch idx 279 hidden train
batch idx 299 hidden train
42629 torch.Size([50000]) tensor(1011.4375, device='cuda:0')
[TRAIN] Acc: 91.250
[TEST] Acc: 87.340
0.03,0.7034
Epoch: 194
batch idx 15 hidden train
batch idx 59 hidden train
batch idx 94 hidden train
batch idx 111 hidden train
batch idx 112 hidden train
batch idx 235 hidden train
batch idx 390 hidden train
42531 torch.Size([50000]) tensor(997.9927, device='cuda:0')
[TRAIN] Acc: 93.750
[TEST] Acc: 87.300
0.03,0.7077
Epoch: 195
batch idx 19 hidden train
batch idx 133 hidden train
batch idx 167 hidden train
batch idx 181 hidden train
batch idx 234 hidden train
batch idx 353 hidden train
batch idx 390 hidden train
42621 torch.Size([50000]) tensor(986.8584, device='cuda:0')
[TRAIN] Acc: 95.000
[TEST] Acc: 87.150
0.03,0.7064
Epoch: 196
batch idx 16 hidden train
batch idx 60 hidden train
batch idx 85 hidden train
batch idx 95 hidden train
batch idx 218 hidden train
batch idx 287 hidden train
batch idx 361 hidden train
42579 torch.Size([50000]) tensor(982.7480, device='cuda:0')
[TRAIN] Acc: 96.250
[TEST] Acc: 87.360
0.03,0.7028
Epoch: 197
batch idx 20 hidden train
batch idx 58 hidden train
batch idx 156 hidden train
batch idx 223 hidden train
batch idx 258 hidden train
batch idx 300 hidden train
batch idx 328 hidden train
42453 torch.Size([50000]) tensor(1009.8848, device='cuda:0')
[TRAIN] Acc: 91.250
[TEST] Acc: 87.320
0.03,0.6951
Epoch: 198
batch idx 48 hidden train
batch idx 56 hidden train
batch idx 182 hidden train
batch idx 185 hidden train
batch idx 200 hidden train
batch idx 214 hidden train
batch idx 224 hidden train
42596 torch.Size([50000]) tensor(991.4272, device='cuda:0')
[TRAIN] Acc: 97.500
[TEST] Acc: 87.400
0.03,0.719
Epoch: 199
batch idx 21 hidden train
batch idx 83 hidden train
batch idx 178 hidden train
batch idx 194 hidden train
batch idx 204 hidden train
batch idx 328 hidden train
batch idx 341 hidden train
42574 torch.Size([50000]) tensor(988.8226, device='cuda:0')
[TRAIN] Acc: 95.000
[TEST] Acc: 87.370
0.03,0.7083
