model_out:  ./checkpoint/cifar10_vgg_adv
==> Preparing data..
Files already downloaded and verified
Training data will be SHUFFLED
Files already downloaded and verified
running experiment with mixup_in_epoch=0, hidden_in_epoch=8, mixup_alpha=1.0
Epoch: 0
batch idx 61 hidden train
batch idx 137 hidden train
batch idx 200 hidden train
batch idx 299 hidden train
batch idx 332 hidden train
batch idx 338 hidden train
batch idx 344 hidden train
batch idx 380 hidden train
1749 torch.Size([50000]) tensor(58.6840, device='cuda:0')
[TRAIN] Acc: 10.000
[TEST] Acc: 10.010
Epoch: 1
batch idx 94 hidden train
batch idx 104 hidden train
batch idx 167 hidden train
batch idx 199 hidden train
batch idx 206 hidden train
batch idx 247 hidden train
batch idx 277 hidden train
batch idx 364 hidden train
21 torch.Size([50000]) tensor(0.0700, device='cuda:0')
[TRAIN] Acc: 5.000
[TEST] Acc: 10.020
Epoch: 2
batch idx 133 hidden train
batch idx 146 hidden train
batch idx 207 hidden train
batch idx 236 hidden train
batch idx 268 hidden train
batch idx 306 hidden train
batch idx 337 hidden train
batch idx 381 hidden train
31 torch.Size([50000]) tensor(0.0850, device='cuda:0')
[TRAIN] Acc: 15.000
[TEST] Acc: 10.110
Epoch: 3
batch idx 17 hidden train
batch idx 42 hidden train
batch idx 52 hidden train
batch idx 69 hidden train
batch idx 96 hidden train
batch idx 175 hidden train
batch idx 320 hidden train
batch idx 370 hidden train
27 torch.Size([50000]) tensor(0.0800, device='cuda:0')
[TRAIN] Acc: 6.250
[TEST] Acc: 9.990
Epoch: 4
batch idx 13 hidden train
batch idx 14 hidden train
batch idx 58 hidden train
batch idx 173 hidden train
batch idx 284 hidden train
batch idx 310 hidden train
batch idx 337 hidden train
batch idx 377 hidden train
34 torch.Size([50000]) tensor(0.0950, device='cuda:0')
[TRAIN] Acc: 10.000
[TEST] Acc: 10.040
Epoch: 5
batch idx 17 hidden train
batch idx 31 hidden train
batch idx 80 hidden train
batch idx 157 hidden train
batch idx 199 hidden train
batch idx 204 hidden train
batch idx 259 hidden train
batch idx 364 hidden train
72 torch.Size([50000]) tensor(0.1925, device='cuda:0')
[TRAIN] Acc: 8.750
[TEST] Acc: 9.950
Epoch: 6
batch idx 116 hidden train
batch idx 133 hidden train
batch idx 175 hidden train
batch idx 180 hidden train
batch idx 207 hidden train
batch idx 289 hidden train
batch idx 317 hidden train
batch idx 323 hidden train
13 torch.Size([50000]) tensor(0.0450, device='cuda:0')
[TRAIN] Acc: 7.500
[TEST] Acc: 9.970
Epoch: 7
batch idx 30 hidden train
batch idx 102 hidden train
batch idx 238 hidden train
batch idx 247 hidden train
batch idx 254 hidden train
batch idx 339 hidden train
batch idx 371 hidden train
batch idx 376 hidden train
28 torch.Size([50000]) tensor(0.0800, device='cuda:0')
[TRAIN] Acc: 7.500
[TEST] Acc: 10.030
Epoch: 8
batch idx 26 hidden train
batch idx 42 hidden train
batch idx 80 hidden train
batch idx 136 hidden train
batch idx 210 hidden train
batch idx 329 hidden train
batch idx 355 hidden train
batch idx 385 hidden train
30 torch.Size([50000]) tensor(0.0800, device='cuda:0')
[TRAIN] Acc: 7.500
[TEST] Acc: 10.010
Epoch: 9
batch idx 38 hidden train
batch idx 57 hidden train
batch idx 123 hidden train
batch idx 146 hidden train
batch idx 187 hidden train
batch idx 214 hidden train
batch idx 248 hidden train
batch idx 285 hidden train
40 torch.Size([50000]) tensor(0.1000, device='cuda:0')
[TRAIN] Acc: 6.250
[TEST] Acc: 9.990
Epoch: 10
batch idx 7 hidden train
batch idx 10 hidden train
batch idx 17 hidden train
batch idx 96 hidden train
batch idx 127 hidden train
batch idx 250 hidden train
batch idx 257 hidden train
batch idx 324 hidden train
22 torch.Size([50000]) tensor(0.0550, device='cuda:0')
[TRAIN] Acc: 8.750
[TEST] Acc: 10.020
Epoch: 11
batch idx 18 hidden train
batch idx 24 hidden train
batch idx 53 hidden train
batch idx 231 hidden train
batch idx 265 hidden train
batch idx 276 hidden train
batch idx 320 hidden train
batch idx 363 hidden train
8 torch.Size([50000]) tensor(0.0250, device='cuda:0')
[TRAIN] Acc: 8.750
[TEST] Acc: 9.980
Epoch: 12
batch idx 21 hidden train
batch idx 25 hidden train
batch idx 83 hidden train
batch idx 137 hidden train
batch idx 159 hidden train
batch idx 197 hidden train
batch idx 289 hidden train
batch idx 343 hidden train
6 torch.Size([50000]) tensor(0.0225, device='cuda:0')
[TRAIN] Acc: 15.000
[TEST] Acc: 10.030
Epoch: 13
batch idx 117 hidden train
batch idx 172 hidden train
batch idx 179 hidden train
batch idx 234 hidden train
batch idx 288 hidden train
batch idx 302 hidden train
batch idx 307 hidden train
batch idx 362 hidden train
13 torch.Size([50000]) tensor(0.0350, device='cuda:0')
[TRAIN] Acc: 7.500
[TEST] Acc: 10.010
Epoch: 14
batch idx 10 hidden train
batch idx 48 hidden train
batch idx 61 hidden train
batch idx 71 hidden train
batch idx 172 hidden train
batch idx 203 hidden train
batch idx 238 hidden train
batch idx 365 hidden train
15 torch.Size([50000]) tensor(0.0450, device='cuda:0')
[TRAIN] Acc: 13.750
[TEST] Acc: 10.020
Epoch: 15
batch idx 18 hidden train
batch idx 32 hidden train
batch idx 172 hidden train
batch idx 191 hidden train
batch idx 217 hidden train
batch idx 241 hidden train
batch idx 352 hidden train
batch idx 361 hidden train
11 torch.Size([50000]) tensor(0.0350, device='cuda:0')
[TRAIN] Acc: 12.500
[TEST] Acc: 9.990
Epoch: 16
batch idx 8 hidden train
batch idx 36 hidden train
batch idx 64 hidden train
batch idx 220 hidden train
batch idx 271 hidden train
batch idx 274 hidden train
batch idx 291 hidden train
batch idx 339 hidden train
9 torch.Size([50000]) tensor(0.0250, device='cuda:0')
[TRAIN] Acc: 10.000
[TEST] Acc: 10.020
Epoch: 17
batch idx 65 hidden train
batch idx 90 hidden train
batch idx 126 hidden train
batch idx 150 hidden train
batch idx 200 hidden train
batch idx 214 hidden train
batch idx 221 hidden train
batch idx 350 hidden train
34 torch.Size([50000]) tensor(0.0875, device='cuda:0')
[TRAIN] Acc: 16.250
[TEST] Acc: 10.020
Epoch: 18
batch idx 44 hidden train
batch idx 51 hidden train
batch idx 55 hidden train
batch idx 163 hidden train
batch idx 185 hidden train
batch idx 193 hidden train
batch idx 305 hidden train
batch idx 367 hidden train
8 torch.Size([50000]) tensor(0.0250, device='cuda:0')
[TRAIN] Acc: 13.750
[TEST] Acc: 10.030
Epoch: 19
batch idx 94 hidden train
batch idx 118 hidden train
batch idx 123 hidden train
batch idx 142 hidden train
batch idx 218 hidden train
batch idx 262 hidden train
batch idx 348 hidden train
batch idx 375 hidden train
23 torch.Size([50000]) tensor(0.0600, device='cuda:0')
[TRAIN] Acc: 10.000
[TEST] Acc: 10.060
Epoch: 20
batch idx 21 hidden train
batch idx 38 hidden train
batch idx 89 hidden train
batch idx 137 hidden train
batch idx 214 hidden train
batch idx 220 hidden train
batch idx 329 hidden train
batch idx 346 hidden train
15 torch.Size([50000]) tensor(0.0425, device='cuda:0')
[TRAIN] Acc: 8.750
[TEST] Acc: 9.970
Epoch: 21
batch idx 35 hidden train
batch idx 49 hidden train
batch idx 51 hidden train
batch idx 63 hidden train
batch idx 187 hidden train
batch idx 194 hidden train
batch idx 265 hidden train
batch idx 295 hidden train
8 torch.Size([50000]) tensor(0.0200, device='cuda:0')
[TRAIN] Acc: 10.000
[TEST] Acc: 10.020
Epoch: 22
batch idx 0 hidden train
batch idx 140 hidden train
batch idx 175 hidden train
batch idx 176 hidden train
batch idx 190 hidden train
batch idx 270 hidden train
batch idx 357 hidden train
batch idx 376 hidden train
12 torch.Size([50000]) tensor(0.0300, device='cuda:0')
[TRAIN] Acc: 3.750
[TEST] Acc: 10.050
Epoch: 23
batch idx 55 hidden train
batch idx 86 hidden train
batch idx 107 hidden train
batch idx 144 hidden train
batch idx 237 hidden train
batch idx 317 hidden train
batch idx 342 hidden train
batch idx 349 hidden train
18 torch.Size([50000]) tensor(0.0525, device='cuda:0')
[TRAIN] Acc: 10.000
[TEST] Acc: 10.020
Epoch: 24
batch idx 14 hidden train
batch idx 52 hidden train
batch idx 57 hidden train
batch idx 59 hidden train
batch idx 99 hidden train
batch idx 208 hidden train
batch idx 351 hidden train
batch idx 357 hidden train
64 torch.Size([50000]) tensor(0.1675, device='cuda:0')
[TRAIN] Acc: 6.250
[TEST] Acc: 10.000
Epoch: 25
batch idx 51 hidden train
batch idx 105 hidden train
batch idx 120 hidden train
batch idx 142 hidden train
batch idx 243 hidden train
batch idx 260 hidden train
batch idx 314 hidden train
batch idx 379 hidden train
22 torch.Size([50000]) tensor(0.0550, device='cuda:0')
[TRAIN] Acc: 3.750
[TEST] Acc: 10.070
Epoch: 26
batch idx 106 hidden train
batch idx 139 hidden train
batch idx 149 hidden train
batch idx 160 hidden train
batch idx 191 hidden train
batch idx 288 hidden train
batch idx 342 hidden train
batch idx 347 hidden train
9 torch.Size([50000]) tensor(0.0225, device='cuda:0')
[TRAIN] Acc: 7.500
[TEST] Acc: 10.020
Epoch: 27
batch idx 38 hidden train
batch idx 49 hidden train
batch idx 75 hidden train
batch idx 168 hidden train
batch idx 205 hidden train
batch idx 281 hidden train
batch idx 374 hidden train
batch idx 390 hidden train
9 torch.Size([50000]) tensor(0.0250, device='cuda:0')
[TRAIN] Acc: 10.000
[TEST] Acc: 10.020
Epoch: 28
batch idx 8 hidden train
batch idx 20 hidden train
batch idx 30 hidden train
batch idx 54 hidden train
batch idx 188 hidden train
batch idx 246 hidden train
batch idx 274 hidden train
batch idx 307 hidden train
20 torch.Size([50000]) tensor(0.0575, device='cuda:0')
[TRAIN] Acc: 7.500
[TEST] Acc: 10.020
Epoch: 29
batch idx 2 hidden train
batch idx 4 hidden train
batch idx 55 hidden train
batch idx 80 hidden train
batch idx 180 hidden train
batch idx 242 hidden train
batch idx 266 hidden train
batch idx 390 hidden train
34 torch.Size([50000]) tensor(0.0950, device='cuda:0')
[TRAIN] Acc: 8.750
[TEST] Acc: 9.980
Epoch: 30
batch idx 37 hidden train
batch idx 61 hidden train
batch idx 80 hidden train
batch idx 95 hidden train
batch idx 136 hidden train
batch idx 154 hidden train
batch idx 299 hidden train
batch idx 341 hidden train
67 torch.Size([50000]) tensor(0.1700, device='cuda:0')
[TRAIN] Acc: 12.500
[TEST] Acc: 9.990
Epoch: 31
batch idx 59 hidden train
batch idx 80 hidden train
batch idx 84 hidden train
batch idx 114 hidden train
batch idx 264 hidden train
batch idx 330 hidden train
batch idx 375 hidden train
batch idx 384 hidden train
11 torch.Size([50000]) tensor(0.0325, device='cuda:0')
[TRAIN] Acc: 11.250
[TEST] Acc: 9.950
Epoch: 32
batch idx 91 hidden train
batch idx 99 hidden train
batch idx 230 hidden train
batch idx 300 hidden train
batch idx 304 hidden train
batch idx 309 hidden train
batch idx 368 hidden train
batch idx 388 hidden train
56 torch.Size([50000]) tensor(0.1425, device='cuda:0')
[TRAIN] Acc: 5.000
[TEST] Acc: 10.010
Epoch: 33
batch idx 93 hidden train
batch idx 177 hidden train
batch idx 195 hidden train
batch idx 269 hidden train
batch idx 273 hidden train
batch idx 310 hidden train
batch idx 313 hidden train
batch idx 343 hidden train
8 torch.Size([50000]) tensor(0.0225, device='cuda:0')
[TRAIN] Acc: 10.000
[TEST] Acc: 9.980
Epoch: 34
batch idx 15 hidden train
batch idx 20 hidden train
batch idx 79 hidden train
batch idx 120 hidden train
batch idx 174 hidden train
batch idx 278 hidden train
batch idx 329 hidden train
batch idx 382 hidden train
10 torch.Size([50000]) tensor(0.0300, device='cuda:0')
[TRAIN] Acc: 8.750
[TEST] Acc: 10.010
Epoch: 35
batch idx 9 hidden train
batch idx 118 hidden train
batch idx 235 hidden train
batch idx 253 hidden train
batch idx 262 hidden train
batch idx 266 hidden train
batch idx 275 hidden train
batch idx 357 hidden train
42 torch.Size([50000]) tensor(0.1075, device='cuda:0')
[TRAIN] Acc: 11.250
[TEST] Acc: 10.030
Epoch: 36
batch idx 58 hidden train
batch idx 174 hidden train
batch idx 187 hidden train
batch idx 261 hidden train
batch idx 264 hidden train
batch idx 297 hidden train
batch idx 316 hidden train
batch idx 377 hidden train
16 torch.Size([50000]) tensor(0.0425, device='cuda:0')
[TRAIN] Acc: 7.500
[TEST] Acc: 9.980
Epoch: 37
batch idx 67 hidden train
batch idx 101 hidden train
batch idx 178 hidden train
batch idx 203 hidden train
batch idx 301 hidden train
batch idx 375 hidden train
batch idx 380 hidden train
batch idx 384 hidden train
12 torch.Size([50000]) tensor(0.0325, device='cuda:0')
[TRAIN] Acc: 11.250
[TEST] Acc: 10.020
Epoch: 38
batch idx 27 hidden train
batch idx 87 hidden train
batch idx 228 hidden train
batch idx 250 hidden train
batch idx 269 hidden train
batch idx 341 hidden train
batch idx 344 hidden train
batch idx 348 hidden train
14 torch.Size([50000]) tensor(0.0350, device='cuda:0')
[TRAIN] Acc: 6.250
[TEST] Acc: 10.020
Epoch: 39
batch idx 38 hidden train
batch idx 73 hidden train
batch idx 110 hidden train
batch idx 183 hidden train
batch idx 227 hidden train
batch idx 310 hidden train
batch idx 331 hidden train
batch idx 368 hidden train
22 torch.Size([50000]) tensor(0.0650, device='cuda:0')
[TRAIN] Acc: 7.500
[TEST] Acc: 10.010
Epoch: 40
batch idx 8 hidden train
batch idx 56 hidden train
batch idx 67 hidden train
batch idx 185 hidden train
batch idx 217 hidden train
batch idx 292 hidden train
batch idx 295 hidden train
batch idx 370 hidden train
12 torch.Size([50000]) tensor(0.0425, device='cuda:0')
[TRAIN] Acc: 5.000
[TEST] Acc: 10.010
Epoch: 41
batch idx 2 hidden train
batch idx 131 hidden train
batch idx 204 hidden train
batch idx 216 hidden train
batch idx 228 hidden train
batch idx 257 hidden train
batch idx 325 hidden train
batch idx 370 hidden train
29 torch.Size([50000]) tensor(0.0825, device='cuda:0')
[TRAIN] Acc: 1.250
[TEST] Acc: 10.050
Epoch: 42
batch idx 24 hidden train
batch idx 77 hidden train
batch idx 124 hidden train
batch idx 134 hidden train
batch idx 211 hidden train
batch idx 247 hidden train
batch idx 261 hidden train
batch idx 344 hidden train
25 torch.Size([50000]) tensor(0.0750, device='cuda:0')
[TRAIN] Acc: 8.750
[TEST] Acc: 10.010
Epoch: 43
batch idx 36 hidden train
batch idx 91 hidden train
batch idx 93 hidden train
batch idx 105 hidden train
batch idx 150 hidden train
batch idx 160 hidden train
batch idx 200 hidden train
batch idx 223 hidden train
8 torch.Size([50000]) tensor(0.0225, device='cuda:0')
[TRAIN] Acc: 10.000
[TEST] Acc: 10.010
Epoch: 44
batch idx 5 hidden train
batch idx 24 hidden train
batch idx 71 hidden train
batch idx 218 hidden train
batch idx 326 hidden train
batch idx 327 hidden train
batch idx 341 hidden train
batch idx 367 hidden train
14 torch.Size([50000]) tensor(0.0375, device='cuda:0')
[TRAIN] Acc: 8.750
[TEST] Acc: 9.960
Epoch: 45
batch idx 8 hidden train
batch idx 16 hidden train
batch idx 128 hidden train
batch idx 144 hidden train
batch idx 277 hidden train
batch idx 314 hidden train
batch idx 316 hidden train
batch idx 379 hidden train
11 torch.Size([50000]) tensor(0.0300, device='cuda:0')
[TRAIN] Acc: 7.500
[TEST] Acc: 9.960
Epoch: 46
batch idx 64 hidden train
batch idx 166 hidden train
batch idx 171 hidden train
batch idx 186 hidden train
batch idx 226 hidden train
batch idx 267 hidden train
batch idx 336 hidden train
batch idx 360 hidden train
24 torch.Size([50000]) tensor(0.0625, device='cuda:0')
[TRAIN] Acc: 12.500
[TEST] Acc: 10.010
Epoch: 47
batch idx 17 hidden train
batch idx 29 hidden train
batch idx 75 hidden train
batch idx 85 hidden train
batch idx 101 hidden train
batch idx 124 hidden train
batch idx 153 hidden train
batch idx 337 hidden train
70 torch.Size([50000]) tensor(0.1875, device='cuda:0')
[TRAIN] Acc: 7.500
[TEST] Acc: 10.010
Epoch: 48
batch idx 2 hidden train
batch idx 5 hidden train
batch idx 14 hidden train
batch idx 50 hidden train
batch idx 280 hidden train
batch idx 313 hidden train
batch idx 359 hidden train
batch idx 380 hidden train
52 torch.Size([50000]) tensor(0.1425, device='cuda:0')
[TRAIN] Acc: 8.750
[TEST] Acc: 10.010
Epoch: 49
batch idx 22 hidden train
batch idx 42 hidden train
batch idx 141 hidden train
batch idx 220 hidden train
batch idx 261 hidden train
batch idx 326 hidden train
batch idx 330 hidden train
batch idx 376 hidden train
44 torch.Size([50000]) tensor(0.1125, device='cuda:0')
[TRAIN] Acc: 8.750
[TEST] Acc: 9.970
Epoch: 50
batch idx 97 hidden train
batch idx 122 hidden train
batch idx 124 hidden train
batch idx 141 hidden train
batch idx 170 hidden train
batch idx 255 hidden train
batch idx 277 hidden train
batch idx 367 hidden train
29 torch.Size([50000]) tensor(0.0750, device='cuda:0')
[TRAIN] Acc: 16.250
[TEST] Acc: 10.010
Epoch: 51
batch idx 40 hidden train
batch idx 115 hidden train
batch idx 122 hidden train
batch idx 232 hidden train
batch idx 276 hidden train
batch idx 329 hidden train
batch idx 361 hidden train
batch idx 384 hidden train
62 torch.Size([50000]) tensor(0.1600, device='cuda:0')
[TRAIN] Acc: 7.500
[TEST] Acc: 10.010
Epoch: 52
batch idx 55 hidden train
batch idx 125 hidden train
batch idx 143 hidden train
batch idx 281 hidden train
batch idx 295 hidden train
batch idx 318 hidden train
batch idx 324 hidden train
batch idx 345 hidden train
67 torch.Size([50000]) tensor(0.1700, device='cuda:0')
[TRAIN] Acc: 10.000
[TEST] Acc: 10.010
Epoch: 53
batch idx 136 hidden train
batch idx 153 hidden train
batch idx 164 hidden train
batch idx 274 hidden train
batch idx 328 hidden train
batch idx 329 hidden train
batch idx 354 hidden train
batch idx 380 hidden train
53 torch.Size([50000]) tensor(0.1350, device='cuda:0')
[TRAIN] Acc: 13.750
[TEST] Acc: 10.000
Epoch: 54
batch idx 116 hidden train
batch idx 130 hidden train
batch idx 155 hidden train
batch idx 210 hidden train
batch idx 294 hidden train
batch idx 304 hidden train
batch idx 360 hidden train
batch idx 371 hidden train
54 torch.Size([50000]) tensor(0.1400, device='cuda:0')
[TRAIN] Acc: 13.750
[TEST] Acc: 9.970
Epoch: 55
batch idx 11 hidden train
batch idx 59 hidden train
batch idx 193 hidden train
batch idx 269 hidden train
batch idx 291 hidden train
batch idx 311 hidden train
batch idx 338 hidden train
batch idx 384 hidden train
33 torch.Size([50000]) tensor(0.0925, device='cuda:0')
[TRAIN] Acc: 10.000
[TEST] Acc: 9.970
Epoch: 56
batch idx 6 hidden train
batch idx 9 hidden train
batch idx 44 hidden train
batch idx 68 hidden train
batch idx 124 hidden train
batch idx 168 hidden train
batch idx 240 hidden train
batch idx 331 hidden train
15 torch.Size([50000]) tensor(0.0425, device='cuda:0')
[TRAIN] Acc: 8.750
[TEST] Acc: 9.970
Epoch: 57
batch idx 141 hidden train
batch idx 168 hidden train
batch idx 173 hidden train
batch idx 212 hidden train
batch idx 228 hidden train
batch idx 311 hidden train
batch idx 344 hidden train
batch idx 366 hidden train
15 torch.Size([50000]) tensor(0.0550, device='cuda:0')
[TRAIN] Acc: 6.250
[TEST] Acc: 10.020
Epoch: 58
batch idx 2 hidden train
batch idx 80 hidden train
batch idx 145 hidden train
batch idx 201 hidden train
batch idx 203 hidden train
batch idx 298 hidden train
batch idx 310 hidden train
batch idx 330 hidden train
66 torch.Size([50000]) tensor(0.1725, device='cuda:0')
[TRAIN] Acc: 11.250
[TEST] Acc: 10.010
Epoch: 59
batch idx 33 hidden train
batch idx 64 hidden train
batch idx 94 hidden train
batch idx 149 hidden train
batch idx 266 hidden train
batch idx 290 hidden train
batch idx 357 hidden train
batch idx 372 hidden train
25 torch.Size([50000]) tensor(0.0625, device='cuda:0')
[TRAIN] Acc: 5.000
[TEST] Acc: 10.020
Epoch: 60
batch idx 32 hidden train
batch idx 79 hidden train
batch idx 131 hidden train
batch idx 168 hidden train
batch idx 193 hidden train
batch idx 331 hidden train
batch idx 343 hidden train
batch idx 350 hidden train
19 torch.Size([50000]) tensor(0.0475, device='cuda:0')
[TRAIN] Acc: 11.250
[TEST] Acc: 10.020
Epoch: 61
batch idx 63 hidden train
batch idx 65 hidden train
batch idx 73 hidden train
batch idx 254 hidden train
batch idx 267 hidden train
batch idx 307 hidden train
batch idx 308 hidden train
batch idx 382 hidden train
32 torch.Size([50000]) tensor(0.0800, device='cuda:0')
[TRAIN] Acc: 8.750
[TEST] Acc: 10.010
0.03,0.1001
============ NEW BEST =============
BEST: 0.1001
Epoch: 62
batch idx 30 hidden train
batch idx 104 hidden train
batch idx 141 hidden train
batch idx 164 hidden train
batch idx 262 hidden train
batch idx 277 hidden train
batch idx 349 hidden train
batch idx 388 hidden train
39 torch.Size([50000]) tensor(0.1050, device='cuda:0')
[TRAIN] Acc: 10.000
[TEST] Acc: 10.020
0.03,0.0999
Epoch: 63
batch idx 31 hidden train
batch idx 68 hidden train
batch idx 121 hidden train
batch idx 125 hidden train
batch idx 144 hidden train
batch idx 242 hidden train
batch idx 341 hidden train
batch idx 345 hidden train
19 torch.Size([50000]) tensor(0.0525, device='cuda:0')
[TRAIN] Acc: 7.500
[TEST] Acc: 10.010
0.03,0.1001
Epoch: 64
batch idx 32 hidden train
batch idx 89 hidden train
batch idx 162 hidden train
batch idx 227 hidden train
batch idx 247 hidden train
batch idx 287 hidden train
batch idx 312 hidden train
batch idx 357 hidden train
54 torch.Size([50000]) tensor(0.1425, device='cuda:0')
[TRAIN] Acc: 11.250
[TEST] Acc: 10.020
0.03,0.1001
Epoch: 65
batch idx 96 hidden train
batch idx 128 hidden train
batch idx 177 hidden train
batch idx 252 hidden train
batch idx 266 hidden train
batch idx 278 hidden train
batch idx 301 hidden train
batch idx 345 hidden train
44 torch.Size([50000]) tensor(0.1125, device='cuda:0')
[TRAIN] Acc: 13.750
[TEST] Acc: 10.010
0.03,0.1
Epoch: 66
batch idx 31 hidden train
batch idx 207 hidden train
batch idx 301 hidden train
batch idx 303 hidden train
batch idx 304 hidden train
batch idx 345 hidden train
batch idx 381 hidden train
batch idx 388 hidden train
48 torch.Size([50000]) tensor(0.1200, device='cuda:0')
[TRAIN] Acc: 10.000
[TEST] Acc: 10.020
0.03,0.1001
Epoch: 67
batch idx 44 hidden train
batch idx 88 hidden train
batch idx 124 hidden train
batch idx 142 hidden train
batch idx 255 hidden train
batch idx 266 hidden train
batch idx 341 hidden train
batch idx 349 hidden train
33 torch.Size([50000]) tensor(0.0900, device='cuda:0')
[TRAIN] Acc: 12.500
[TEST] Acc: 9.990
0.03,0.0996
Epoch: 68
batch idx 8 hidden train
batch idx 14 hidden train
batch idx 155 hidden train
batch idx 198 hidden train
batch idx 334 hidden train
batch idx 335 hidden train
batch idx 348 hidden train
batch idx 374 hidden train
14 torch.Size([50000]) tensor(0.0525, device='cuda:0')
[TRAIN] Acc: 10.000
[TEST] Acc: 9.970
0.03,0.0997
Epoch: 69
batch idx 14 hidden train
batch idx 43 hidden train
batch idx 103 hidden train
batch idx 195 hidden train
batch idx 196 hidden train
batch idx 199 hidden train
batch idx 277 hidden train
batch idx 317 hidden train
22 torch.Size([50000]) tensor(0.0675, device='cuda:0')
[TRAIN] Acc: 6.250
[TEST] Acc: 10.020
0.03,0.1
Epoch: 70
batch idx 50 hidden train
batch idx 172 hidden train
batch idx 260 hidden train
batch idx 267 hidden train
batch idx 269 hidden train
batch idx 303 hidden train
batch idx 313 hidden train
batch idx 315 hidden train
16 torch.Size([50000]) tensor(0.0450, device='cuda:0')
[TRAIN] Acc: 12.500
[TEST] Acc: 9.970
0.03,0.0996
Epoch: 71
batch idx 51 hidden train
batch idx 71 hidden train
batch idx 87 hidden train
batch idx 88 hidden train
batch idx 122 hidden train
batch idx 159 hidden train
batch idx 316 hidden train
batch idx 350 hidden train
38 torch.Size([50000]) tensor(0.1075, device='cuda:0')
[TRAIN] Acc: 5.000
[TEST] Acc: 10.020
0.03,0.1001
Epoch: 72
batch idx 52 hidden train
batch idx 80 hidden train
batch idx 162 hidden train
batch idx 165 hidden train
batch idx 316 hidden train
batch idx 319 hidden train
batch idx 349 hidden train
batch idx 354 hidden train
38 torch.Size([50000]) tensor(0.1075, device='cuda:0')
[TRAIN] Acc: 8.750
[TEST] Acc: 10.010
0.03,0.1001
Epoch: 73
batch idx 11 hidden train
batch idx 34 hidden train
batch idx 193 hidden train
batch idx 221 hidden train
batch idx 294 hidden train
batch idx 307 hidden train
batch idx 315 hidden train
batch idx 389 hidden train
25 torch.Size([50000]) tensor(0.0650, device='cuda:0')
[TRAIN] Acc: 12.500
[TEST] Acc: 9.990
0.03,0.0997
Epoch: 74
batch idx 41 hidden train
batch idx 58 hidden train
batch idx 87 hidden train
batch idx 236 hidden train
batch idx 273 hidden train
batch idx 298 hidden train
batch idx 300 hidden train
batch idx 309 hidden train
62 torch.Size([50000]) tensor(0.1600, device='cuda:0')
[TRAIN] Acc: 10.000
[TEST] Acc: 9.980
0.03,0.0997
Epoch: 75
batch idx 5 hidden train
batch idx 52 hidden train
batch idx 73 hidden train
batch idx 92 hidden train
batch idx 147 hidden train
batch idx 186 hidden train
batch idx 339 hidden train
batch idx 360 hidden train
84 torch.Size([50000]) tensor(0.2150, device='cuda:0')
[TRAIN] Acc: 12.500
[TEST] Acc: 10.020
0.03,0.1001
Epoch: 76
batch idx 77 hidden train
batch idx 182 hidden train
batch idx 243 hidden train
batch idx 259 hidden train
batch idx 295 hidden train
batch idx 300 hidden train
batch idx 315 hidden train
batch idx 330 hidden train
14 torch.Size([50000]) tensor(0.0500, device='cuda:0')
[TRAIN] Acc: 8.750
[TEST] Acc: 10.020
0.03,0.1
Epoch: 77
batch idx 41 hidden train
batch idx 106 hidden train
batch idx 242 hidden train
batch idx 281 hidden train
batch idx 305 hidden train
batch idx 318 hidden train
batch idx 337 hidden train
batch idx 371 hidden train
9 torch.Size([50000]) tensor(0.0350, device='cuda:0')
[TRAIN] Acc: 10.000
[TEST] Acc: 9.970
0.03,0.0995
Epoch: 78
batch idx 124 hidden train
batch idx 131 hidden train
batch idx 203 hidden train
batch idx 231 hidden train
batch idx 249 hidden train
batch idx 342 hidden train
batch idx 367 hidden train
batch idx 375 hidden train
79 torch.Size([50000]) tensor(0.2050, device='cuda:0')
[TRAIN] Acc: 8.750
[TEST] Acc: 10.020
0.03,0.1001
Epoch: 79
batch idx 64 hidden train
batch idx 88 hidden train
batch idx 133 hidden train
batch idx 221 hidden train
batch idx 271 hidden train
batch idx 275 hidden train
batch idx 330 hidden train
batch idx 331 hidden train
43 torch.Size([50000]) tensor(0.1175, device='cuda:0')
[TRAIN] Acc: 15.000
[TEST] Acc: 9.970
0.03,0.0996
Epoch: 80
batch idx 36 hidden train
batch idx 54 hidden train
batch idx 98 hidden train
batch idx 116 hidden train
batch idx 193 hidden train
batch idx 218 hidden train
batch idx 241 hidden train
batch idx 271 hidden train
65 torch.Size([50000]) tensor(0.1650, device='cuda:0')
[TRAIN] Acc: 8.750
[TEST] Acc: 10.010
0.03,0.1001
Epoch: 81
batch idx 46 hidden train
batch idx 74 hidden train
batch idx 130 hidden train
batch idx 141 hidden train
batch idx 144 hidden train
batch idx 186 hidden train
batch idx 306 hidden train
batch idx 309 hidden train
18 torch.Size([50000]) tensor(0.0450, device='cuda:0')
[TRAIN] Acc: 8.750
[TEST] Acc: 9.980
0.03,0.0993
Epoch: 82
batch idx 11 hidden train
batch idx 134 hidden train
batch idx 137 hidden train
batch idx 147 hidden train
batch idx 172 hidden train
batch idx 210 hidden train
batch idx 277 hidden train
batch idx 318 hidden train
32 torch.Size([50000]) tensor(0.0800, device='cuda:0')
[TRAIN] Acc: 5.000
[TEST] Acc: 10.010
0.03,0.1
Epoch: 83
batch idx 23 hidden train
batch idx 75 hidden train
batch idx 86 hidden train
batch idx 120 hidden train
batch idx 143 hidden train
batch idx 197 hidden train
batch idx 199 hidden train
batch idx 320 hidden train
21 torch.Size([50000]) tensor(0.0525, device='cuda:0')
[TRAIN] Acc: 7.500
[TEST] Acc: 10.010
0.03,0.1001
Epoch: 84
batch idx 28 hidden train
batch idx 53 hidden train
batch idx 58 hidden train
batch idx 151 hidden train
batch idx 224 hidden train
batch idx 300 hidden train
batch idx 366 hidden train
batch idx 376 hidden train
34 torch.Size([50000]) tensor(0.0850, device='cuda:0')
[TRAIN] Acc: 13.750
[TEST] Acc: 10.010
0.03,0.1
Epoch: 85
batch idx 5 hidden train
batch idx 107 hidden train
batch idx 118 hidden train
batch idx 166 hidden train
batch idx 182 hidden train
batch idx 202 hidden train
batch idx 207 hidden train
batch idx 237 hidden train
43 torch.Size([50000]) tensor(0.1075, device='cuda:0')
[TRAIN] Acc: 13.750
[TEST] Acc: 9.990
0.03,0.0999
Epoch: 86
batch idx 35 hidden train
batch idx 40 hidden train
batch idx 41 hidden train
batch idx 72 hidden train
batch idx 95 hidden train
batch idx 241 hidden train
batch idx 308 hidden train
batch idx 342 hidden train
83 torch.Size([50000]) tensor(0.2125, device='cuda:0')
[TRAIN] Acc: 7.500
[TEST] Acc: 10.010
0.03,0.1001
Epoch: 87
batch idx 56 hidden train
batch idx 96 hidden train
batch idx 136 hidden train
batch idx 256 hidden train
batch idx 276 hidden train
batch idx 277 hidden train
batch idx 319 hidden train
batch idx 324 hidden train
57 torch.Size([50000]) tensor(0.1500, device='cuda:0')
[TRAIN] Acc: 10.000
[TEST] Acc: 10.010
0.03,0.0999
Epoch: 88
batch idx 10 hidden train
batch idx 96 hidden train
batch idx 104 hidden train
batch idx 201 hidden train
batch idx 217 hidden train
batch idx 253 hidden train
batch idx 308 hidden train
batch idx 360 hidden train
9 torch.Size([50000]) tensor(0.0275, device='cuda:0')
[TRAIN] Acc: 6.250
[TEST] Acc: 10.040
0.03,0.1001
Epoch: 89
batch idx 42 hidden train
batch idx 64 hidden train
batch idx 140 hidden train
batch idx 221 hidden train
batch idx 257 hidden train
batch idx 267 hidden train
batch idx 274 hidden train
batch idx 298 hidden train
14 torch.Size([50000]) tensor(0.0450, device='cuda:0')
[TRAIN] Acc: 10.000
[TEST] Acc: 10.010
0.03,0.1001
Epoch: 90
batch idx 8 hidden train
batch idx 49 hidden train
batch idx 100 hidden train
batch idx 104 hidden train
batch idx 126 hidden train
batch idx 197 hidden train
batch idx 245 hidden train
batch idx 388 hidden train
32 torch.Size([50000]) tensor(0.0925, device='cuda:0')
[TRAIN] Acc: 12.500
[TEST] Acc: 10.010
0.03,0.1001
Epoch: 91
batch idx 57 hidden train
batch idx 58 hidden train
batch idx 130 hidden train
batch idx 257 hidden train
batch idx 268 hidden train
batch idx 276 hidden train
batch idx 289 hidden train
batch idx 327 hidden train
13 torch.Size([50000]) tensor(0.0525, device='cuda:0')
[TRAIN] Acc: 10.000
[TEST] Acc: 9.970
0.03,0.0997
Epoch: 92
batch idx 63 hidden train
batch idx 109 hidden train
batch idx 151 hidden train
batch idx 221 hidden train
batch idx 245 hidden train
batch idx 288 hidden train
batch idx 289 hidden train
batch idx 369 hidden train
8 torch.Size([50000]) tensor(0.0350, device='cuda:0')
[TRAIN] Acc: 10.000
[TEST] Acc: 9.970
0.03,0.0997
Epoch: 93
batch idx 18 hidden train
batch idx 37 hidden train
batch idx 100 hidden train
batch idx 232 hidden train
batch idx 245 hidden train
batch idx 294 hidden train
batch idx 320 hidden train
batch idx 375 hidden train
10 torch.Size([50000]) tensor(0.0450, device='cuda:0')
[TRAIN] Acc: 11.250
[TEST] Acc: 10.040
0.03,0.1001
Epoch: 94
batch idx 115 hidden train
batch idx 174 hidden train
batch idx 236 hidden train
batch idx 257 hidden train
batch idx 271 hidden train
batch idx 273 hidden train
batch idx 286 hidden train
batch idx 316 hidden train
32 torch.Size([50000]) tensor(0.0850, device='cuda:0')
[TRAIN] Acc: 7.500
[TEST] Acc: 10.000
0.03,0.0999
Epoch: 95
batch idx 6 hidden train
batch idx 49 hidden train
batch idx 198 hidden train
batch idx 235 hidden train
batch idx 238 hidden train
batch idx 253 hidden train
batch idx 268 hidden train
batch idx 279 hidden train
9 torch.Size([50000]) tensor(0.0250, device='cuda:0')
[TRAIN] Acc: 12.500
[TEST] Acc: 10.010
0.03,0.0999
Epoch: 96
batch idx 90 hidden train
batch idx 102 hidden train
batch idx 158 hidden train
batch idx 238 hidden train
batch idx 240 hidden train
batch idx 322 hidden train
batch idx 352 hidden train
batch idx 359 hidden train
13 torch.Size([50000]) tensor(0.0350, device='cuda:0')
[TRAIN] Acc: 10.000
[TEST] Acc: 10.000
0.03,0.1
Epoch: 97
batch idx 90 hidden train
batch idx 104 hidden train
batch idx 154 hidden train
batch idx 155 hidden train
batch idx 184 hidden train
batch idx 300 hidden train
batch idx 314 hidden train
batch idx 372 hidden train
74 torch.Size([50000]) tensor(0.1925, device='cuda:0')
[TRAIN] Acc: 6.250
[TEST] Acc: 9.990
0.03,0.0998
Epoch: 98
batch idx 27 hidden train
batch idx 60 hidden train
batch idx 107 hidden train
batch idx 188 hidden train
batch idx 197 hidden train
batch idx 253 hidden train
batch idx 367 hidden train
batch idx 368 hidden train
28 torch.Size([50000]) tensor(0.0800, device='cuda:0')
[TRAIN] Acc: 13.750
[TEST] Acc: 10.000
0.03,0.0997
Epoch: 99
batch idx 46 hidden train
batch idx 125 hidden train
batch idx 185 hidden train
batch idx 214 hidden train
batch idx 264 hidden train
batch idx 304 hidden train
batch idx 372 hidden train
batch idx 386 hidden train
14 torch.Size([50000]) tensor(0.0450, device='cuda:0')
[TRAIN] Acc: 10.000
[TEST] Acc: 9.990
0.03,0.0999
Epoch: 100
batch idx 25 hidden train
batch idx 68 hidden train
batch idx 91 hidden train
batch idx 165 hidden train
batch idx 195 hidden train
batch idx 200 hidden train
batch idx 307 hidden train
batch idx 368 hidden train
24 torch.Size([50000]) tensor(0.0700, device='cuda:0')
[TRAIN] Acc: 10.000
[TEST] Acc: 10.010
0.03,0.1
Epoch: 101
batch idx 9 hidden train
batch idx 14 hidden train
batch idx 61 hidden train
batch idx 127 hidden train
batch idx 191 hidden train
batch idx 323 hidden train
batch idx 379 hidden train
batch idx 382 hidden train
19 torch.Size([50000]) tensor(0.0500, device='cuda:0')
[TRAIN] Acc: 10.000
[TEST] Acc: 10.050
0.03,0.1002
============ NEW BEST =============
BEST: 0.1002
Epoch: 102
batch idx 23 hidden train
batch idx 36 hidden train
batch idx 94 hidden train
batch idx 112 hidden train
batch idx 181 hidden train
batch idx 182 hidden train
batch idx 230 hidden train
batch idx 236 hidden train
12 torch.Size([50000]) tensor(0.0325, device='cuda:0')
[TRAIN] Acc: 5.000
[TEST] Acc: 10.010
0.03,0.1001
Epoch: 103
batch idx 46 hidden train
batch idx 133 hidden train
batch idx 160 hidden train
batch idx 167 hidden train
batch idx 192 hidden train
batch idx 236 hidden train
batch idx 262 hidden train
batch idx 375 hidden train
6 torch.Size([50000]) tensor(0.0175, device='cuda:0')
[TRAIN] Acc: 7.500
[TEST] Acc: 9.970
0.03,0.0997
Epoch: 104
batch idx 46 hidden train
batch idx 67 hidden train
batch idx 116 hidden train
batch idx 148 hidden train
batch idx 211 hidden train
batch idx 228 hidden train
batch idx 347 hidden train
batch idx 348 hidden train
9 torch.Size([50000]) tensor(0.0225, device='cuda:0')
[TRAIN] Acc: 10.000
[TEST] Acc: 9.980
0.03,0.0995
Epoch: 105
batch idx 18 hidden train
batch idx 29 hidden train
batch idx 110 hidden train
batch idx 288 hidden train
batch idx 296 hidden train
batch idx 318 hidden train
batch idx 351 hidden train
batch idx 386 hidden train
11 torch.Size([50000]) tensor(0.0275, device='cuda:0')
[TRAIN] Acc: 6.250
[TEST] Acc: 9.910
0.03,0.0987
Epoch: 106
batch idx 92 hidden train
batch idx 115 hidden train
batch idx 120 hidden train
batch idx 192 hidden train
batch idx 203 hidden train
batch idx 211 hidden train
batch idx 232 hidden train
batch idx 233 hidden train
111 torch.Size([50000]) tensor(0.2850, device='cuda:0')
[TRAIN] Acc: 7.500
[TEST] Acc: 9.920
0.03,0.0988
Epoch: 107
batch idx 81 hidden train
batch idx 120 hidden train
batch idx 154 hidden train
batch idx 233 hidden train
batch idx 314 hidden train
batch idx 353 hidden train
batch idx 360 hidden train
batch idx 382 hidden train
28 torch.Size([50000]) tensor(0.0825, device='cuda:0')
[TRAIN] Acc: 7.500
[TEST] Acc: 10.020
0.03,0.1001
Epoch: 108
batch idx 73 hidden train
batch idx 83 hidden train
batch idx 131 hidden train
batch idx 168 hidden train
batch idx 194 hidden train
batch idx 268 hidden train
batch idx 335 hidden train
batch idx 343 hidden train
8 torch.Size([50000]) tensor(0.0200, device='cuda:0')
[TRAIN] Acc: 7.500
[TEST] Acc: 10.020
0.03,0.1001
Epoch: 109
batch idx 109 hidden train
batch idx 191 hidden train
batch idx 200 hidden train
batch idx 234 hidden train
batch idx 293 hidden train
batch idx 339 hidden train
batch idx 349 hidden train
batch idx 379 hidden train
9 torch.Size([50000]) tensor(0.0275, device='cuda:0')
[TRAIN] Acc: 6.250
[TEST] Acc: 9.960
0.03,0.0993
Epoch: 110
batch idx 49 hidden train
batch idx 60 hidden train
batch idx 106 hidden train
batch idx 135 hidden train
batch idx 140 hidden train
batch idx 295 hidden train
batch idx 312 hidden train
batch idx 337 hidden train
11 torch.Size([50000]) tensor(0.0345, device='cuda:0')
[TRAIN] Acc: 8.750
[TEST] Acc: 10.010
0.03,0.1001
Epoch: 111
batch idx 74 hidden train
batch idx 139 hidden train
batch idx 141 hidden train
batch idx 148 hidden train
batch idx 181 hidden train
batch idx 245 hidden train
batch idx 352 hidden train
batch idx 354 hidden train
11 torch.Size([50000]) tensor(0.0395, device='cuda:0')
[TRAIN] Acc: 10.000
[TEST] Acc: 10.020
0.03,0.1001
Epoch: 112
batch idx 21 hidden train
batch idx 60 hidden train
batch idx 90 hidden train
batch idx 120 hidden train
batch idx 142 hidden train
batch idx 275 hidden train
batch idx 288 hidden train
batch idx 302 hidden train
11 torch.Size([50000]) tensor(0.0275, device='cuda:0')
[TRAIN] Acc: 10.000
[TEST] Acc: 10.020
0.03,0.1001
Epoch: 113
batch idx 26 hidden train
batch idx 180 hidden train
batch idx 181 hidden train
batch idx 197 hidden train
batch idx 202 hidden train
batch idx 245 hidden train
batch idx 317 hidden train
batch idx 334 hidden train
7 torch.Size([50000]) tensor(0.0200, device='cuda:0')
[TRAIN] Acc: 8.750
[TEST] Acc: 10.010
0.03,0.1001
Epoch: 114
batch idx 56 hidden train
batch idx 84 hidden train
batch idx 109 hidden train
batch idx 196 hidden train
batch idx 323 hidden train
batch idx 353 hidden train
batch idx 380 hidden train
batch idx 388 hidden train
16 torch.Size([50000]) tensor(0.0450, device='cuda:0')
[TRAIN] Acc: 8.750
[TEST] Acc: 9.990
0.03,0.0999
Epoch: 115
batch idx 30 hidden train
batch idx 53 hidden train
batch idx 55 hidden train
batch idx 80 hidden train
batch idx 118 hidden train
batch idx 153 hidden train
batch idx 359 hidden train
batch idx 370 hidden train
7 torch.Size([50000]) tensor(0.0200, device='cuda:0')
[TRAIN] Acc: 3.750
[TEST] Acc: 10.000
0.03,0.0999
Epoch: 116
batch idx 55 hidden train
batch idx 60 hidden train
batch idx 90 hidden train
batch idx 117 hidden train
batch idx 192 hidden train
batch idx 343 hidden train
batch idx 361 hidden train
batch idx 390 hidden train
47 torch.Size([50000]) tensor(0.1200, device='cuda:0')
[TRAIN] Acc: 10.000
[TEST] Acc: 10.000
0.03,0.0999
Epoch: 117
batch idx 20 hidden train
batch idx 48 hidden train
batch idx 203 hidden train
batch idx 259 hidden train
batch idx 270 hidden train
batch idx 317 hidden train
batch idx 345 hidden train
batch idx 381 hidden train
13 torch.Size([50000]) tensor(0.0400, device='cuda:0')
[TRAIN] Acc: 5.000
[TEST] Acc: 10.010
0.03,0.1001
Epoch: 118
batch idx 6 hidden train
batch idx 27 hidden train
batch idx 33 hidden train
batch idx 154 hidden train
batch idx 193 hidden train
batch idx 302 hidden train
batch idx 307 hidden train
batch idx 385 hidden train
13 torch.Size([50000]) tensor(0.0400, device='cuda:0')
[TRAIN] Acc: 2.500
[TEST] Acc: 10.010
0.03,0.1001
Epoch: 119
batch idx 72 hidden train
batch idx 91 hidden train
batch idx 93 hidden train
batch idx 137 hidden train
batch idx 244 hidden train
batch idx 316 hidden train
batch idx 342 hidden train
batch idx 350 hidden train
8 torch.Size([50000]) tensor(0.0250, device='cuda:0')
[TRAIN] Acc: 7.500
[TEST] Acc: 10.010
0.03,0.1001
Epoch: 120
batch idx 49 hidden train
batch idx 120 hidden train
batch idx 123 hidden train
batch idx 221 hidden train
batch idx 239 hidden train
batch idx 247 hidden train
batch idx 365 hidden train
batch idx 372 hidden train
39 torch.Size([50000]) tensor(0.1000, device='cuda:0')
[TRAIN] Acc: 7.500
[TEST] Acc: 10.010
0.03,0.0998
Epoch: 121
batch idx 48 hidden train
batch idx 84 hidden train
batch idx 126 hidden train
batch idx 183 hidden train
batch idx 264 hidden train
batch idx 320 hidden train
batch idx 325 hidden train
batch idx 342 hidden train
13 torch.Size([50000]) tensor(0.0400, device='cuda:0')
[TRAIN] Acc: 16.250
[TEST] Acc: 10.000
0.03,0.0995
Epoch: 122
batch idx 24 hidden train
batch idx 41 hidden train
batch idx 85 hidden train
batch idx 91 hidden train
batch idx 132 hidden train
batch idx 155 hidden train
batch idx 175 hidden train
batch idx 388 hidden train
18 torch.Size([50000]) tensor(0.0600, device='cuda:0')
[TRAIN] Acc: 7.500
[TEST] Acc: 9.990
0.03,0.0999
Epoch: 123
batch idx 73 hidden train
batch idx 89 hidden train
batch idx 234 hidden train
batch idx 253 hidden train
batch idx 258 hidden train
batch idx 298 hidden train
batch idx 342 hidden train
batch idx 382 hidden train
11 torch.Size([50000]) tensor(0.0325, device='cuda:0')
[TRAIN] Acc: 7.500
[TEST] Acc: 10.010
0.03,0.0995
Epoch: 124
batch idx 149 hidden train
batch idx 173 hidden train
batch idx 178 hidden train
batch idx 199 hidden train
batch idx 217 hidden train
batch idx 248 hidden train
batch idx 284 hidden train
batch idx 346 hidden train
12 torch.Size([50000]) tensor(0.0350, device='cuda:0')
[TRAIN] Acc: 11.250
[TEST] Acc: 9.950
0.03,0.0993
Epoch: 125
batch idx 84 hidden train
batch idx 176 hidden train
batch idx 204 hidden train
batch idx 228 hidden train
batch idx 262 hidden train
batch idx 276 hidden train
batch idx 279 hidden train
batch idx 353 hidden train
23 torch.Size([50000]) tensor(0.0625, device='cuda:0')
[TRAIN] Acc: 11.250
[TEST] Acc: 9.960
0.03,0.0994
Epoch: 126
batch idx 32 hidden train
batch idx 86 hidden train
batch idx 113 hidden train
batch idx 133 hidden train
batch idx 163 hidden train
batch idx 204 hidden train
batch idx 225 hidden train
batch idx 333 hidden train
11 torch.Size([50000]) tensor(0.0300, device='cuda:0')
[TRAIN] Acc: 3.750
[TEST] Acc: 10.010
0.03,0.1001
Epoch: 127
batch idx 9 hidden train
batch idx 30 hidden train
batch idx 34 hidden train
batch idx 204 hidden train
batch idx 218 hidden train
batch idx 275 hidden train
batch idx 278 hidden train
batch idx 283 hidden train
17 torch.Size([50000]) tensor(0.0550, device='cuda:0')
[TRAIN] Acc: 12.500
[TEST] Acc: 9.970
0.03,0.0996
Epoch: 128
batch idx 15 hidden train
batch idx 24 hidden train
batch idx 72 hidden train
batch idx 93 hidden train
batch idx 103 hidden train
batch idx 121 hidden train
batch idx 194 hidden train
batch idx 227 hidden train
12 torch.Size([50000]) tensor(0.0350, device='cuda:0')
[TRAIN] Acc: 8.750
[TEST] Acc: 10.050
0.03,0.1002
Epoch: 129
batch idx 58 hidden train
batch idx 88 hidden train
batch idx 192 hidden train
batch idx 233 hidden train
batch idx 290 hidden train
batch idx 295 hidden train
batch idx 315 hidden train
batch idx 329 hidden train
33 torch.Size([50000]) tensor(0.0900, device='cuda:0')
[TRAIN] Acc: 13.750
[TEST] Acc: 9.990
0.03,0.0999
Epoch: 130
batch idx 120 hidden train
batch idx 122 hidden train
batch idx 133 hidden train
batch idx 140 hidden train
batch idx 155 hidden train
batch idx 216 hidden train
batch idx 222 hidden train
batch idx 238 hidden train
10 torch.Size([50000]) tensor(0.0250, device='cuda:0')
[TRAIN] Acc: 8.750
[TEST] Acc: 10.010
0.03,0.1001
Epoch: 131
batch idx 8 hidden train
batch idx 57 hidden train
batch idx 67 hidden train
batch idx 96 hidden train
batch idx 122 hidden train
batch idx 237 hidden train
batch idx 238 hidden train
batch idx 369 hidden train
13 torch.Size([50000]) tensor(0.0325, device='cuda:0')
[TRAIN] Acc: 8.750
[TEST] Acc: 10.010
0.03,0.1001
Epoch: 132
batch idx 0 hidden train
batch idx 46 hidden train
batch idx 62 hidden train
batch idx 115 hidden train
batch idx 132 hidden train
batch idx 162 hidden train
batch idx 201 hidden train
batch idx 256 hidden train
8 torch.Size([50000]) tensor(0.0250, device='cuda:0')
[TRAIN] Acc: 10.000
[TEST] Acc: 9.970
0.03,0.0996
Epoch: 133
batch idx 1 hidden train
batch idx 18 hidden train
batch idx 21 hidden train
batch idx 168 hidden train
batch idx 190 hidden train
batch idx 306 hidden train
batch idx 311 hidden train
batch idx 375 hidden train
10 torch.Size([50000]) tensor(0.0250, device='cuda:0')
[TRAIN] Acc: 7.500
[TEST] Acc: 10.020
0.03,0.1001
Epoch: 134
batch idx 8 hidden train
batch idx 64 hidden train
batch idx 154 hidden train
batch idx 210 hidden train
batch idx 222 hidden train
batch idx 232 hidden train
batch idx 317 hidden train
batch idx 336 hidden train
11 torch.Size([50000]) tensor(0.0275, device='cuda:0')
[TRAIN] Acc: 11.250
[TEST] Acc: 10.040
0.03,0.1001
Epoch: 135
batch idx 92 hidden train
batch idx 153 hidden train
batch idx 171 hidden train
batch idx 191 hidden train
batch idx 276 hidden train
batch idx 340 hidden train
batch idx 363 hidden train
batch idx 366 hidden train
13 torch.Size([50000]) tensor(0.0325, device='cuda:0')
[TRAIN] Acc: 11.250
[TEST] Acc: 9.980
0.03,0.0997
Epoch: 136
batch idx 86 hidden train
batch idx 175 hidden train
batch idx 177 hidden train
batch idx 198 hidden train
batch idx 235 hidden train
batch idx 352 hidden train
batch idx 362 hidden train
batch idx 389 hidden train
12 torch.Size([50000]) tensor(0.0325, device='cuda:0')
[TRAIN] Acc: 7.500
[TEST] Acc: 9.970
0.03,0.0997
Epoch: 137
batch idx 7 hidden train
batch idx 163 hidden train
batch idx 214 hidden train
batch idx 226 hidden train
batch idx 264 hidden train
batch idx 293 hidden train
batch idx 309 hidden train
batch idx 311 hidden train
32 torch.Size([50000]) tensor(0.0850, device='cuda:0')
[TRAIN] Acc: 3.750
[TEST] Acc: 10.010
0.03,0.1001
Epoch: 138
batch idx 10 hidden train
batch idx 24 hidden train
batch idx 42 hidden train
batch idx 163 hidden train
batch idx 194 hidden train
batch idx 222 hidden train
batch idx 227 hidden train
batch idx 296 hidden train
11 torch.Size([50000]) tensor(0.0275, device='cuda:0')
[TRAIN] Acc: 11.250
[TEST] Acc: 10.040
0.03,0.1001
Epoch: 139
batch idx 36 hidden train
batch idx 47 hidden train
batch idx 61 hidden train
batch idx 79 hidden train
batch idx 87 hidden train
batch idx 120 hidden train
batch idx 340 hidden train
batch idx 389 hidden train
13 torch.Size([50000]) tensor(0.0375, device='cuda:0')
[TRAIN] Acc: 7.500
[TEST] Acc: 9.990
0.03,0.0995
Epoch: 140
batch idx 60 hidden train
batch idx 73 hidden train
batch idx 121 hidden train
batch idx 132 hidden train
batch idx 179 hidden train
batch idx 199 hidden train
batch idx 293 hidden train
batch idx 336 hidden train
13 torch.Size([50000]) tensor(0.0400, device='cuda:0')
[TRAIN] Acc: 10.000
[TEST] Acc: 10.000
0.03,0.0999
Epoch: 141
batch idx 0 hidden train
batch idx 120 hidden train
batch idx 142 hidden train
batch idx 158 hidden train
batch idx 159 hidden train
batch idx 306 hidden train
batch idx 375 hidden train
batch idx 379 hidden train
7 torch.Size([50000]) tensor(0.0225, device='cuda:0')
[TRAIN] Acc: 6.250
[TEST] Acc: 10.030
0.03,0.1
Epoch: 142
batch idx 44 hidden train
batch idx 92 hidden train
batch idx 98 hidden train
batch idx 115 hidden train
batch idx 127 hidden train
batch idx 211 hidden train
batch idx 321 hidden train
batch idx 330 hidden train
11 torch.Size([50000]) tensor(0.0325, device='cuda:0')
[TRAIN] Acc: 3.750
[TEST] Acc: 10.010
0.03,0.0995
Epoch: 143
batch idx 47 hidden train
batch idx 116 hidden train
batch idx 124 hidden train
batch idx 172 hidden train
batch idx 254 hidden train
batch idx 260 hidden train
batch idx 270 hidden train
batch idx 291 hidden train
11 torch.Size([50000]) tensor(0.0375, device='cuda:0')
[TRAIN] Acc: 13.750
[TEST] Acc: 9.980
0.03,0.0993
Epoch: 144
batch idx 75 hidden train
batch idx 106 hidden train
batch idx 107 hidden train
batch idx 154 hidden train
batch idx 248 hidden train
batch idx 280 hidden train
batch idx 306 hidden train
batch idx 320 hidden train
10 torch.Size([50000]) tensor(0.0350, device='cuda:0')
[TRAIN] Acc: 6.250
[TEST] Acc: 10.030
0.03,0.1
Epoch: 145
batch idx 125 hidden train
batch idx 158 hidden train
batch idx 170 hidden train
batch idx 189 hidden train
batch idx 275 hidden train
batch idx 308 hidden train
batch idx 316 hidden train
batch idx 373 hidden train
14 torch.Size([50000]) tensor(0.0475, device='cuda:0')
[TRAIN] Acc: 5.000
[TEST] Acc: 10.020
0.03,0.0999
Epoch: 146
batch idx 14 hidden train
batch idx 106 hidden train
batch idx 176 hidden train
batch idx 231 hidden train
batch idx 272 hidden train
batch idx 329 hidden train
batch idx 368 hidden train
batch idx 369 hidden train
6 torch.Size([50000]) tensor(0.0150, device='cuda:0')
[TRAIN] Acc: 13.750
[TEST] Acc: 10.000
0.03,0.0999
Epoch: 147
batch idx 42 hidden train
batch idx 62 hidden train
batch idx 196 hidden train
batch idx 218 hidden train
batch idx 263 hidden train
batch idx 276 hidden train
batch idx 283 hidden train
batch idx 376 hidden train
9 torch.Size([50000]) tensor(0.0250, device='cuda:0')
[TRAIN] Acc: 8.750
[TEST] Acc: 10.000
0.03,0.1
Epoch: 148
batch idx 56 hidden train
batch idx 70 hidden train
batch idx 91 hidden train
batch idx 152 hidden train
batch idx 209 hidden train
batch idx 234 hidden train
batch idx 291 hidden train
batch idx 301 hidden train
14 torch.Size([50000]) tensor(0.0400, device='cuda:0')
[TRAIN] Acc: 7.500
[TEST] Acc: 10.010
0.03,0.0999
Epoch: 149
batch idx 18 hidden train
batch idx 37 hidden train
batch idx 61 hidden train
batch idx 173 hidden train
batch idx 204 hidden train
batch idx 244 hidden train
batch idx 309 hidden train
batch idx 324 hidden train
8 torch.Size([50000]) tensor(0.0275, device='cuda:0')
[TRAIN] Acc: 6.250
[TEST] Acc: 10.000
0.03,0.0999
Epoch: 150
batch idx 1 hidden train
batch idx 8 hidden train
batch idx 45 hidden train
batch idx 77 hidden train
batch idx 125 hidden train
batch idx 157 hidden train
batch idx 281 hidden train
batch idx 337 hidden train
9 torch.Size([50000]) tensor(0.0350, device='cuda:0')
[TRAIN] Acc: 10.000
[TEST] Acc: 10.000
0.03,0.0999
Epoch: 151
batch idx 10 hidden train
batch idx 38 hidden train
batch idx 108 hidden train
batch idx 154 hidden train
batch idx 187 hidden train
batch idx 209 hidden train
batch idx 234 hidden train
batch idx 235 hidden train
4 torch.Size([50000]) tensor(0.0275, device='cuda:0')
[TRAIN] Acc: 8.750
[TEST] Acc: 10.000
0.03,0.1
Epoch: 152
batch idx 66 hidden train
batch idx 137 hidden train
batch idx 222 hidden train
batch idx 228 hidden train
batch idx 278 hidden train
batch idx 291 hidden train
batch idx 294 hidden train
batch idx 349 hidden train
16 torch.Size([50000]) tensor(0.0550, device='cuda:0')
[TRAIN] Acc: 11.250
[TEST] Acc: 10.010
0.03,0.0999
Epoch: 153
batch idx 9 hidden train
batch idx 111 hidden train
batch idx 183 hidden train
batch idx 211 hidden train
batch idx 220 hidden train
batch idx 250 hidden train
batch idx 333 hidden train
batch idx 359 hidden train
13 torch.Size([50000]) tensor(0.0400, device='cuda:0')
[TRAIN] Acc: 11.250
[TEST] Acc: 10.010
0.03,0.1001
Epoch: 154
batch idx 17 hidden train
batch idx 63 hidden train
batch idx 71 hidden train
batch idx 138 hidden train
batch idx 158 hidden train
batch idx 206 hidden train
batch idx 339 hidden train
batch idx 344 hidden train
7 torch.Size([50000]) tensor(0.0175, device='cuda:0')
[TRAIN] Acc: 18.750
[TEST] Acc: 10.010
0.03,0.1
Epoch: 155
batch idx 72 hidden train
batch idx 108 hidden train
batch idx 110 hidden train
batch idx 164 hidden train
batch idx 189 hidden train
batch idx 196 hidden train
batch idx 250 hidden train
batch idx 294 hidden train
11 torch.Size([50000]) tensor(0.0325, device='cuda:0')
[TRAIN] Acc: 8.750
[TEST] Acc: 10.010
0.03,0.1001
Epoch: 156
batch idx 3 hidden train
batch idx 113 hidden train
batch idx 184 hidden train
batch idx 200 hidden train
batch idx 291 hidden train
batch idx 297 hidden train
batch idx 313 hidden train
batch idx 376 hidden train
13 torch.Size([50000]) tensor(0.0375, device='cuda:0')
[TRAIN] Acc: 10.000
[TEST] Acc: 10.020
0.03,0.0999
Epoch: 157
batch idx 31 hidden train
batch idx 44 hidden train
batch idx 51 hidden train
batch idx 118 hidden train
batch idx 127 hidden train
batch idx 158 hidden train
batch idx 230 hidden train
batch idx 336 hidden train
8 torch.Size([50000]) tensor(0.0275, device='cuda:0')
[TRAIN] Acc: 7.500
[TEST] Acc: 10.030
0.03,0.1001
Epoch: 158
batch idx 122 hidden train
batch idx 128 hidden train
batch idx 158 hidden train
batch idx 173 hidden train
batch idx 180 hidden train
batch idx 186 hidden train
batch idx 327 hidden train
batch idx 332 hidden train
7 torch.Size([50000]) tensor(0.0275, device='cuda:0')
[TRAIN] Acc: 6.250
[TEST] Acc: 9.940
0.03,0.0994
Epoch: 159
batch idx 66 hidden train
batch idx 124 hidden train
batch idx 140 hidden train
batch idx 233 hidden train
batch idx 263 hidden train
batch idx 267 hidden train
batch idx 272 hidden train
batch idx 348 hidden train
5 torch.Size([50000]) tensor(0.0125, device='cuda:0')
[TRAIN] Acc: 7.500
[TEST] Acc: 9.950
0.03,0.0992
Epoch: 160
batch idx 51 hidden train
batch idx 118 hidden train
batch idx 139 hidden train
batch idx 237 hidden train
batch idx 241 hidden train
batch idx 276 hidden train
batch idx 287 hidden train
batch idx 300 hidden train
12 torch.Size([50000]) tensor(0.0350, device='cuda:0')
[TRAIN] Acc: 10.000
[TEST] Acc: 9.960
0.03,0.0993
Epoch: 161
batch idx 12 hidden train
batch idx 71 hidden train
batch idx 102 hidden train
batch idx 108 hidden train
batch idx 302 hidden train
batch idx 327 hidden train
batch idx 346 hidden train
batch idx 365 hidden train
7 torch.Size([50000]) tensor(0.0225, device='cuda:0')
[TRAIN] Acc: 7.500
[TEST] Acc: 9.950
0.03,0.0992
Epoch: 162
batch idx 48 hidden train
batch idx 72 hidden train
batch idx 111 hidden train
batch idx 122 hidden train
batch idx 146 hidden train
batch idx 150 hidden train
batch idx 196 hidden train
batch idx 242 hidden train
9 torch.Size([50000]) tensor(0.0325, device='cuda:0')
[TRAIN] Acc: 8.750
[TEST] Acc: 9.950
0.03,0.0994
Epoch: 163
batch idx 40 hidden train
batch idx 119 hidden train
batch idx 129 hidden train
batch idx 134 hidden train
batch idx 216 hidden train
batch idx 217 hidden train
batch idx 338 hidden train
batch idx 364 hidden train
9 torch.Size([50000]) tensor(0.0325, device='cuda:0')
[TRAIN] Acc: 3.750
[TEST] Acc: 9.980
0.03,0.0997
Epoch: 164
batch idx 84 hidden train
batch idx 121 hidden train
batch idx 208 hidden train
batch idx 239 hidden train
batch idx 285 hidden train
batch idx 292 hidden train
batch idx 299 hidden train
batch idx 368 hidden train
13 torch.Size([50000]) tensor(0.0350, device='cuda:0')
[TRAIN] Acc: 5.000
[TEST] Acc: 9.960
0.03,0.0992
Epoch: 165
batch idx 134 hidden train
batch idx 160 hidden train
batch idx 188 hidden train
batch idx 230 hidden train
batch idx 232 hidden train
batch idx 304 hidden train
batch idx 338 hidden train
batch idx 367 hidden train
9 torch.Size([50000]) tensor(0.0300, device='cuda:0')
[TRAIN] Acc: 13.750
[TEST] Acc: 9.960
0.03,0.0993
Epoch: 166
batch idx 40 hidden train
batch idx 61 hidden train
batch idx 152 hidden train
batch idx 254 hidden train
batch idx 268 hidden train
batch idx 302 hidden train
batch idx 323 hidden train
batch idx 327 hidden train
11 torch.Size([50000]) tensor(0.0300, device='cuda:0')
[TRAIN] Acc: 7.500
[TEST] Acc: 9.960
0.03,0.0996
Epoch: 167
batch idx 68 hidden train
batch idx 95 hidden train
batch idx 112 hidden train
batch idx 140 hidden train
batch idx 223 hidden train
batch idx 262 hidden train
batch idx 265 hidden train
batch idx 268 hidden train
12 torch.Size([50000]) tensor(0.0325, device='cuda:0')
[TRAIN] Acc: 10.000
[TEST] Acc: 9.960
0.03,0.0996
Epoch: 168
batch idx 73 hidden train
batch idx 141 hidden train
batch idx 143 hidden train
batch idx 233 hidden train
batch idx 319 hidden train
batch idx 338 hidden train
batch idx 344 hidden train
batch idx 349 hidden train
11 torch.Size([50000]) tensor(0.0400, device='cuda:0')
[TRAIN] Acc: 13.750
[TEST] Acc: 9.970
0.03,0.0997
Epoch: 169
batch idx 20 hidden train
batch idx 26 hidden train
batch idx 97 hidden train
batch idx 130 hidden train
batch idx 149 hidden train
batch idx 208 hidden train
batch idx 221 hidden train
batch idx 376 hidden train
15 torch.Size([50000]) tensor(0.0425, device='cuda:0')
[TRAIN] Acc: 12.500
[TEST] Acc: 9.960
0.03,0.0995
Epoch: 170
batch idx 40 hidden train
batch idx 58 hidden train
batch idx 60 hidden train
batch idx 64 hidden train
batch idx 129 hidden train
batch idx 263 hidden train
batch idx 271 hidden train
batch idx 353 hidden train
13 torch.Size([50000]) tensor(0.0425, device='cuda:0')
[TRAIN] Acc: 6.250
[TEST] Acc: 9.960
0.03,0.0995
Epoch: 171
batch idx 87 hidden train
batch idx 108 hidden train
batch idx 169 hidden train
batch idx 198 hidden train
batch idx 231 hidden train
batch idx 275 hidden train
batch idx 311 hidden train
batch idx 353 hidden train
13 torch.Size([50000]) tensor(0.0425, device='cuda:0')
[TRAIN] Acc: 11.250
[TEST] Acc: 9.970
0.03,0.0993
Epoch: 172
batch idx 18 hidden train
batch idx 19 hidden train
batch idx 84 hidden train
batch idx 124 hidden train
batch idx 227 hidden train
batch idx 294 hidden train
batch idx 297 hidden train
batch idx 384 hidden train
10 torch.Size([50000]) tensor(0.0325, device='cuda:0')
[TRAIN] Acc: 8.750
[TEST] Acc: 9.960
0.03,0.0995
Epoch: 173
batch idx 109 hidden train
batch idx 193 hidden train
batch idx 242 hidden train
batch idx 249 hidden train
batch idx 307 hidden train
batch idx 331 hidden train
batch idx 349 hidden train
batch idx 358 hidden train
7 torch.Size([50000]) tensor(0.0200, device='cuda:0')
[TRAIN] Acc: 12.500
[TEST] Acc: 9.980
0.03,0.0993
Epoch: 174
batch idx 75 hidden train
batch idx 81 hidden train
batch idx 151 hidden train
batch idx 270 hidden train
batch idx 308 hidden train
batch idx 332 hidden train
batch idx 359 hidden train
batch idx 366 hidden train
9 torch.Size([50000]) tensor(0.0250, device='cuda:0')
[TRAIN] Acc: 15.000
[TEST] Acc: 9.960
0.03,0.0995
Epoch: 175
batch idx 82 hidden train
batch idx 86 hidden train
batch idx 120 hidden train
batch idx 139 hidden train
batch idx 232 hidden train
batch idx 300 hidden train
batch idx 339 hidden train
batch idx 358 hidden train
11 torch.Size([50000]) tensor(0.0325, device='cuda:0')
[TRAIN] Acc: 11.250
[TEST] Acc: 9.970
0.03,0.0993
Epoch: 176
batch idx 47 hidden train
batch idx 97 hidden train
batch idx 185 hidden train
batch idx 199 hidden train
batch idx 203 hidden train
batch idx 230 hidden train
batch idx 284 hidden train
batch idx 389 hidden train
13 torch.Size([50000]) tensor(0.0350, device='cuda:0')
[TRAIN] Acc: 3.750
[TEST] Acc: 9.960
0.03,0.0993
Epoch: 177
batch idx 52 hidden train
batch idx 119 hidden train
batch idx 135 hidden train
batch idx 139 hidden train
batch idx 184 hidden train
batch idx 213 hidden train
batch idx 236 hidden train
batch idx 282 hidden train
9 torch.Size([50000]) tensor(0.0300, device='cuda:0')
[TRAIN] Acc: 13.750
[TEST] Acc: 9.970
0.03,0.0995
Epoch: 178
batch idx 103 hidden train
batch idx 149 hidden train
batch idx 156 hidden train
batch idx 215 hidden train
batch idx 262 hidden train
batch idx 267 hidden train
batch idx 337 hidden train
batch idx 342 hidden train
7 torch.Size([50000]) tensor(0.0250, device='cuda:0')
[TRAIN] Acc: 8.750
[TEST] Acc: 9.950
0.03,0.0994
Epoch: 179
batch idx 53 hidden train
batch idx 61 hidden train
batch idx 110 hidden train
batch idx 146 hidden train
batch idx 190 hidden train
batch idx 206 hidden train
batch idx 297 hidden train
batch idx 323 hidden train
17 torch.Size([50000]) tensor(0.0450, device='cuda:0')
[TRAIN] Acc: 7.500
[TEST] Acc: 9.960
0.03,0.0993
Epoch: 180
batch idx 6 hidden train
batch idx 92 hidden train
batch idx 95 hidden train
batch idx 104 hidden train
batch idx 172 hidden train
batch idx 215 hidden train
batch idx 287 hidden train
batch idx 358 hidden train
11 torch.Size([50000]) tensor(0.0450, device='cuda:0')
[TRAIN] Acc: 10.000
[TEST] Acc: 9.960
0.03,0.0992
Epoch: 181
batch idx 76 hidden train
batch idx 80 hidden train
batch idx 126 hidden train
batch idx 130 hidden train
batch idx 244 hidden train
batch idx 249 hidden train
batch idx 288 hidden train
batch idx 299 hidden train
7 torch.Size([50000]) tensor(0.0350, device='cuda:0')
[TRAIN] Acc: 12.500
[TEST] Acc: 9.950
0.03,0.0994
Epoch: 182
batch idx 66 hidden train
batch idx 195 hidden train
batch idx 236 hidden train
batch idx 245 hidden train
batch idx 250 hidden train
batch idx 292 hidden train
batch idx 306 hidden train
batch idx 371 hidden train
11 torch.Size([50000]) tensor(0.0325, device='cuda:0')
[TRAIN] Acc: 15.000
[TEST] Acc: 9.950
0.03,0.0994
Epoch: 183
batch idx 77 hidden train
batch idx 94 hidden train
batch idx 129 hidden train
batch idx 149 hidden train
batch idx 151 hidden train
batch idx 179 hidden train
batch idx 207 hidden train
batch idx 249 hidden train
13 torch.Size([50000]) tensor(0.0425, device='cuda:0')
[TRAIN] Acc: 7.500
[TEST] Acc: 9.950
0.03,0.099
Epoch: 184
batch idx 70 hidden train
batch idx 75 hidden train
batch idx 104 hidden train
batch idx 230 hidden train
batch idx 234 hidden train
batch idx 250 hidden train
batch idx 311 hidden train
batch idx 377 hidden train
16 torch.Size([50000]) tensor(0.0650, device='cuda:0')
[TRAIN] Acc: 11.250
[TEST] Acc: 9.970
0.03,0.0997
Epoch: 185
batch idx 13 hidden train
batch idx 74 hidden train
batch idx 148 hidden train
batch idx 199 hidden train
batch idx 244 hidden train
batch idx 286 hidden train
batch idx 369 hidden train
batch idx 389 hidden train
8 torch.Size([50000]) tensor(0.0275, device='cuda:0')
[TRAIN] Acc: 10.000
[TEST] Acc: 9.960
0.03,0.0993
Epoch: 186
batch idx 31 hidden train
batch idx 252 hidden train
batch idx 260 hidden train
batch idx 268 hidden train
batch idx 294 hidden train
batch idx 296 hidden train
batch idx 357 hidden train
batch idx 390 hidden train
7 torch.Size([50000]) tensor(0.0175, device='cuda:0')
[TRAIN] Acc: 8.750
[TEST] Acc: 9.960
0.03,0.0994
Epoch: 187
batch idx 29 hidden train
batch idx 85 hidden train
batch idx 95 hidden train
batch idx 159 hidden train
batch idx 254 hidden train
batch idx 307 hidden train
batch idx 327 hidden train
batch idx 350 hidden train
11 torch.Size([50000]) tensor(0.0300, device='cuda:0')
[TRAIN] Acc: 7.500
[TEST] Acc: 9.970
0.03,0.0993
Epoch: 188
batch idx 5 hidden train
batch idx 31 hidden train
batch idx 59 hidden train
batch idx 136 hidden train
batch idx 196 hidden train
batch idx 214 hidden train
batch idx 341 hidden train
batch idx 360 hidden train
11 torch.Size([50000]) tensor(0.0325, device='cuda:0')
[TRAIN] Acc: 11.250
[TEST] Acc: 9.960
0.03,0.0992
Epoch: 189
batch idx 43 hidden train
batch idx 115 hidden train
batch idx 184 hidden train
batch idx 209 hidden train
batch idx 251 hidden train
batch idx 281 hidden train
batch idx 341 hidden train
batch idx 386 hidden train
9 torch.Size([50000]) tensor(0.0250, device='cuda:0')
[TRAIN] Acc: 6.250
[TEST] Acc: 9.960
0.03,0.0993
Epoch: 190
batch idx 22 hidden train
batch idx 88 hidden train
batch idx 174 hidden train
batch idx 195 hidden train
batch idx 253 hidden train
batch idx 285 hidden train
batch idx 358 hidden train
batch idx 381 hidden train
11 torch.Size([50000]) tensor(0.0325, device='cuda:0')
[TRAIN] Acc: 6.250
[TEST] Acc: 9.940
0.03,0.0994
Epoch: 191
batch idx 27 hidden train
batch idx 38 hidden train
batch idx 197 hidden train
batch idx 250 hidden train
batch idx 273 hidden train
batch idx 292 hidden train
batch idx 323 hidden train
batch idx 380 hidden train
6 torch.Size([50000]) tensor(0.0200, device='cuda:0')
[TRAIN] Acc: 11.250
[TEST] Acc: 9.950
0.03,0.0995
Epoch: 192
batch idx 23 hidden train
batch idx 87 hidden train
batch idx 115 hidden train
batch idx 116 hidden train
batch idx 234 hidden train
batch idx 237 hidden train
batch idx 272 hidden train
batch idx 338 hidden train
11 torch.Size([50000]) tensor(0.0350, device='cuda:0')
[TRAIN] Acc: 11.250
[TEST] Acc: 9.960
0.03,0.0993
Epoch: 193
batch idx 11 hidden train
batch idx 129 hidden train
batch idx 166 hidden train
batch idx 191 hidden train
batch idx 218 hidden train
batch idx 234 hidden train
batch idx 251 hidden train
batch idx 296 hidden train
19 torch.Size([50000]) tensor(0.0675, device='cuda:0')
[TRAIN] Acc: 6.250
[TEST] Acc: 9.950
0.03,0.0993
Epoch: 194
batch idx 38 hidden train
batch idx 82 hidden train
batch idx 111 hidden train
batch idx 121 hidden train
batch idx 164 hidden train
batch idx 180 hidden train
batch idx 266 hidden train
batch idx 275 hidden train
8 torch.Size([50000]) tensor(0.0300, device='cuda:0')
[TRAIN] Acc: 8.750
[TEST] Acc: 9.960
0.03,0.0993
Epoch: 195
batch idx 42 hidden train
batch idx 84 hidden train
batch idx 242 hidden train
batch idx 281 hidden train
batch idx 300 hidden train
batch idx 335 hidden train
batch idx 352 hidden train
batch idx 373 hidden train
9 torch.Size([50000]) tensor(0.0350, device='cuda:0')
[TRAIN] Acc: 11.250
[TEST] Acc: 9.970
0.03,0.0997
Epoch: 196
batch idx 39 hidden train
batch idx 62 hidden train
batch idx 232 hidden train
batch idx 260 hidden train
batch idx 268 hidden train
batch idx 338 hidden train
batch idx 357 hidden train
batch idx 366 hidden train
8 torch.Size([50000]) tensor(0.0250, device='cuda:0')
[TRAIN] Acc: 13.750
[TEST] Acc: 9.950
0.03,0.0994
Epoch: 197
batch idx 33 hidden train
batch idx 43 hidden train
batch idx 65 hidden train
batch idx 101 hidden train
batch idx 167 hidden train
batch idx 213 hidden train
batch idx 340 hidden train
batch idx 367 hidden train
13 torch.Size([50000]) tensor(0.0425, device='cuda:0')
[TRAIN] Acc: 7.500
[TEST] Acc: 9.960
0.03,0.0993
Epoch: 198
batch idx 64 hidden train
batch idx 211 hidden train
batch idx 232 hidden train
batch idx 238 hidden train
batch idx 304 hidden train
batch idx 321 hidden train
batch idx 372 hidden train
batch idx 377 hidden train
6 torch.Size([50000]) tensor(0.0225, device='cuda:0')
[TRAIN] Acc: 15.000
[TEST] Acc: 9.960
0.03,0.0996
Epoch: 199
batch idx 121 hidden train
batch idx 154 hidden train
batch idx 157 hidden train
batch idx 165 hidden train
batch idx 240 hidden train
batch idx 247 hidden train
batch idx 384 hidden train
batch idx 390 hidden train
10 torch.Size([50000]) tensor(0.0275, device='cuda:0')
[TRAIN] Acc: 13.750
[TEST] Acc: 9.960
0.03,0.0993
