model_out:  ./checkpoint/cifar10_vgg_adv
==> Preparing data..
Files already downloaded and verified
Training data will be SHUFFLED
Files already downloaded and verified
running experiment with mixup_in_epoch=0, hidden_in_epoch=4, mixup_alpha=1.0
Epoch: 0
batch idx 196 hidden train
batch idx 229 hidden train
batch idx 239 hidden train
batch idx 310 hidden train
8731 torch.Size([50000]) tensor(113.4496, device='cuda:0')
[TRAIN] Acc: 7.500
[TEST] Acc: 10.950
Epoch: 1
batch idx 0 hidden train
batch idx 2 hidden train
batch idx 90 hidden train
batch idx 341 hidden train
1653 torch.Size([50000]) tensor(5.7576, device='cuda:0')
[TRAIN] Acc: 8.750
[TEST] Acc: 11.510
Epoch: 2
batch idx 2 hidden train
batch idx 6 hidden train
batch idx 29 hidden train
batch idx 74 hidden train
2254 torch.Size([50000]) tensor(13.4153, device='cuda:0')
[TRAIN] Acc: 12.500
[TEST] Acc: 11.610
Epoch: 3
batch idx 49 hidden train
batch idx 153 hidden train
batch idx 208 hidden train
batch idx 257 hidden train
5511 torch.Size([50000]) tensor(20.1467, device='cuda:0')
[TRAIN] Acc: 15.000
[TEST] Acc: 12.270
Epoch: 4
batch idx 144 hidden train
batch idx 145 hidden train
batch idx 192 hidden train
batch idx 232 hidden train
5795 torch.Size([50000]) tensor(38.9064, device='cuda:0')
[TRAIN] Acc: 13.750
[TEST] Acc: 13.210
Epoch: 5
batch idx 2 hidden train
batch idx 83 hidden train
batch idx 156 hidden train
batch idx 377 hidden train
6501 torch.Size([50000]) tensor(48.1675, device='cuda:0')
[TRAIN] Acc: 16.250
[TEST] Acc: 14.400
Epoch: 6
batch idx 35 hidden train
batch idx 60 hidden train
batch idx 138 hidden train
batch idx 242 hidden train
6944 torch.Size([50000]) tensor(63.1157, device='cuda:0')
[TRAIN] Acc: 18.750
[TEST] Acc: 16.360
Epoch: 7
batch idx 55 hidden train
batch idx 106 hidden train
batch idx 188 hidden train
batch idx 327 hidden train
7859 torch.Size([50000]) tensor(78.3233, device='cuda:0')
[TRAIN] Acc: 16.250
[TEST] Acc: 17.520
Epoch: 8
batch idx 178 hidden train
batch idx 182 hidden train
batch idx 348 hidden train
batch idx 378 hidden train
8518 torch.Size([50000]) tensor(93.7333, device='cuda:0')
[TRAIN] Acc: 20.000
[TEST] Acc: 17.660
Epoch: 9
batch idx 19 hidden train
batch idx 254 hidden train
batch idx 296 hidden train
batch idx 336 hidden train
8979 torch.Size([50000]) tensor(117.2090, device='cuda:0')
[TRAIN] Acc: 16.250
[TEST] Acc: 17.710
Epoch: 10
batch idx 11 hidden train
batch idx 24 hidden train
batch idx 173 hidden train
batch idx 268 hidden train
9476 torch.Size([50000]) tensor(125.6464, device='cuda:0')
[TRAIN] Acc: 25.000
[TEST] Acc: 27.690
Epoch: 11
batch idx 91 hidden train
batch idx 124 hidden train
batch idx 212 hidden train
batch idx 331 hidden train
11372 torch.Size([50000]) tensor(138.8419, device='cuda:0')
[TRAIN] Acc: 23.750
[TEST] Acc: 27.840
Epoch: 12
batch idx 103 hidden train
batch idx 229 hidden train
batch idx 315 hidden train
batch idx 332 hidden train
12102 torch.Size([50000]) tensor(150.9121, device='cuda:0')
[TRAIN] Acc: 35.000
[TEST] Acc: 30.540
Epoch: 13
batch idx 8 hidden train
batch idx 166 hidden train
batch idx 213 hidden train
batch idx 217 hidden train
12668 torch.Size([50000]) tensor(169.8762, device='cuda:0')
[TRAIN] Acc: 32.500
[TEST] Acc: 31.160
Epoch: 14
batch idx 28 hidden train
batch idx 130 hidden train
batch idx 255 hidden train
batch idx 323 hidden train
13267 torch.Size([50000]) tensor(197.9402, device='cuda:0')
[TRAIN] Acc: 25.000
[TEST] Acc: 33.400
Epoch: 15
batch idx 4 hidden train
batch idx 19 hidden train
batch idx 90 hidden train
batch idx 390 hidden train
14624 torch.Size([50000]) tensor(227.1234, device='cuda:0')
[TRAIN] Acc: 38.750
[TEST] Acc: 33.930
Epoch: 16
batch idx 6 hidden train
batch idx 62 hidden train
batch idx 221 hidden train
batch idx 232 hidden train
15150 torch.Size([50000]) tensor(237.6007, device='cuda:0')
[TRAIN] Acc: 23.750
[TEST] Acc: 38.150
Epoch: 17
batch idx 83 hidden train
batch idx 85 hidden train
batch idx 111 hidden train
batch idx 209 hidden train
15871 torch.Size([50000]) tensor(216.1157, device='cuda:0')
[TRAIN] Acc: 31.250
[TEST] Acc: 37.190
Epoch: 18
batch idx 46 hidden train
batch idx 141 hidden train
batch idx 143 hidden train
batch idx 288 hidden train
17040 torch.Size([50000]) tensor(222.9344, device='cuda:0')
[TRAIN] Acc: 33.750
[TEST] Acc: 37.250
Epoch: 19
batch idx 33 hidden train
batch idx 58 hidden train
batch idx 369 hidden train
batch idx 388 hidden train
17420 torch.Size([50000]) tensor(275.6970, device='cuda:0')
[TRAIN] Acc: 35.000
[TEST] Acc: 43.240
Epoch: 20
batch idx 16 hidden train
batch idx 145 hidden train
batch idx 222 hidden train
batch idx 375 hidden train
18893 torch.Size([50000]) tensor(256.6023, device='cuda:0')
[TRAIN] Acc: 47.500
[TEST] Acc: 47.640
Epoch: 21
batch idx 13 hidden train
batch idx 141 hidden train
batch idx 213 hidden train
batch idx 325 hidden train
20232 torch.Size([50000]) tensor(285.1130, device='cuda:0')
[TRAIN] Acc: 56.250
[TEST] Acc: 52.480
Epoch: 22
batch idx 117 hidden train
batch idx 277 hidden train
batch idx 301 hidden train
batch idx 351 hidden train
21642 torch.Size([50000]) tensor(285.3571, device='cuda:0')
[TRAIN] Acc: 47.500
[TEST] Acc: 53.030
Epoch: 23
batch idx 39 hidden train
batch idx 128 hidden train
batch idx 202 hidden train
batch idx 304 hidden train
23080 torch.Size([50000]) tensor(300.0098, device='cuda:0')
[TRAIN] Acc: 51.250
[TEST] Acc: 59.380
Epoch: 24
batch idx 31 hidden train
batch idx 63 hidden train
batch idx 179 hidden train
batch idx 382 hidden train
23806 torch.Size([50000]) tensor(296.4420, device='cuda:0')
[TRAIN] Acc: 52.500
[TEST] Acc: 56.860
Epoch: 25
batch idx 214 hidden train
batch idx 278 hidden train
batch idx 317 hidden train
batch idx 330 hidden train
23683 torch.Size([50000]) tensor(257.9595, device='cuda:0')
[TRAIN] Acc: 67.500
[TEST] Acc: 62.970
Epoch: 26
batch idx 116 hidden train
batch idx 158 hidden train
batch idx 212 hidden train
batch idx 316 hidden train
24312 torch.Size([50000]) tensor(321.9408, device='cuda:0')
[TRAIN] Acc: 60.000
[TEST] Acc: 52.790
Epoch: 27
batch idx 44 hidden train
batch idx 113 hidden train
batch idx 180 hidden train
batch idx 353 hidden train
24983 torch.Size([50000]) tensor(277.4301, device='cuda:0')
[TRAIN] Acc: 61.250
[TEST] Acc: 62.880
Epoch: 28
batch idx 75 hidden train
batch idx 92 hidden train
batch idx 307 hidden train
batch idx 390 hidden train
25486 torch.Size([50000]) tensor(264.3736, device='cuda:0')
[TRAIN] Acc: 73.750
[TEST] Acc: 55.710
Epoch: 29
batch idx 52 hidden train
batch idx 212 hidden train
batch idx 241 hidden train
batch idx 334 hidden train
25673 torch.Size([50000]) tensor(285.0569, device='cuda:0')
[TRAIN] Acc: 61.250
[TEST] Acc: 60.360
Epoch: 30
batch idx 56 hidden train
batch idx 64 hidden train
batch idx 83 hidden train
batch idx 226 hidden train
26483 torch.Size([50000]) tensor(277.3582, device='cuda:0')
[TRAIN] Acc: 72.500
[TEST] Acc: 67.490
Epoch: 31
batch idx 38 hidden train
batch idx 211 hidden train
batch idx 276 hidden train
batch idx 367 hidden train
27036 torch.Size([50000]) tensor(297.0764, device='cuda:0')
[TRAIN] Acc: 73.750
[TEST] Acc: 66.150
Epoch: 32
batch idx 142 hidden train
batch idx 159 hidden train
batch idx 186 hidden train
batch idx 262 hidden train
27219 torch.Size([50000]) tensor(326.4888, device='cuda:0')
[TRAIN] Acc: 61.250
[TEST] Acc: 58.600
Epoch: 33
batch idx 25 hidden train
batch idx 213 hidden train
batch idx 216 hidden train
batch idx 344 hidden train
27438 torch.Size([50000]) tensor(295.0896, device='cuda:0')
[TRAIN] Acc: 70.000
[TEST] Acc: 70.640
Epoch: 34
batch idx 34 hidden train
batch idx 120 hidden train
batch idx 341 hidden train
batch idx 381 hidden train
27486 torch.Size([50000]) tensor(283.3404, device='cuda:0')
[TRAIN] Acc: 68.750
[TEST] Acc: 64.440
Epoch: 35
batch idx 10 hidden train
batch idx 47 hidden train
batch idx 245 hidden train
batch idx 350 hidden train
29113 torch.Size([50000]) tensor(344.8719, device='cuda:0')
[TRAIN] Acc: 66.250
[TEST] Acc: 69.750
Epoch: 36
batch idx 24 hidden train
batch idx 170 hidden train
batch idx 284 hidden train
batch idx 384 hidden train
28480 torch.Size([50000]) tensor(312.9354, device='cuda:0')
[TRAIN] Acc: 75.000
[TEST] Acc: 71.100
Epoch: 37
batch idx 23 hidden train
batch idx 69 hidden train
batch idx 143 hidden train
batch idx 254 hidden train
28599 torch.Size([50000]) tensor(281.4394, device='cuda:0')
[TRAIN] Acc: 70.000
[TEST] Acc: 70.820
Epoch: 38
batch idx 191 hidden train
batch idx 230 hidden train
batch idx 254 hidden train
batch idx 305 hidden train
29500 torch.Size([50000]) tensor(301.7885, device='cuda:0')
[TRAIN] Acc: 67.500
[TEST] Acc: 66.970
Epoch: 39
batch idx 109 hidden train
batch idx 213 hidden train
batch idx 214 hidden train
batch idx 281 hidden train
28903 torch.Size([50000]) tensor(300.2451, device='cuda:0')
[TRAIN] Acc: 73.750
[TEST] Acc: 69.100
Epoch: 40
batch idx 22 hidden train
batch idx 52 hidden train
batch idx 170 hidden train
batch idx 344 hidden train
29355 torch.Size([50000]) tensor(297.3579, device='cuda:0')
[TRAIN] Acc: 77.500
[TEST] Acc: 73.330
Epoch: 41
batch idx 132 hidden train
batch idx 157 hidden train
batch idx 312 hidden train
batch idx 389 hidden train
29735 torch.Size([50000]) tensor(312.7558, device='cuda:0')
[TRAIN] Acc: 73.750
[TEST] Acc: 76.510
Epoch: 42
batch idx 24 hidden train
batch idx 139 hidden train
batch idx 152 hidden train
batch idx 289 hidden train
29681 torch.Size([50000]) tensor(314.4087, device='cuda:0')
[TRAIN] Acc: 78.750
[TEST] Acc: 70.650
Epoch: 43
batch idx 129 hidden train
batch idx 133 hidden train
batch idx 145 hidden train
batch idx 305 hidden train
30007 torch.Size([50000]) tensor(322.7214, device='cuda:0')
[TRAIN] Acc: 73.750
[TEST] Acc: 74.890
Epoch: 44
batch idx 157 hidden train
batch idx 258 hidden train
batch idx 324 hidden train
batch idx 381 hidden train
30500 torch.Size([50000]) tensor(328.9737, device='cuda:0')
[TRAIN] Acc: 85.000
[TEST] Acc: 75.630
Epoch: 45
batch idx 26 hidden train
batch idx 66 hidden train
batch idx 144 hidden train
batch idx 374 hidden train
30635 torch.Size([50000]) tensor(323.2364, device='cuda:0')
[TRAIN] Acc: 76.250
[TEST] Acc: 76.850
Epoch: 46
batch idx 23 hidden train
batch idx 60 hidden train
batch idx 216 hidden train
batch idx 310 hidden train
30546 torch.Size([50000]) tensor(334.9530, device='cuda:0')
[TRAIN] Acc: 80.000
[TEST] Acc: 77.610
Epoch: 47
batch idx 28 hidden train
batch idx 48 hidden train
batch idx 335 hidden train
batch idx 364 hidden train
30531 torch.Size([50000]) tensor(336.5989, device='cuda:0')
[TRAIN] Acc: 66.250
[TEST] Acc: 75.310
Epoch: 48
batch idx 7 hidden train
batch idx 164 hidden train
batch idx 309 hidden train
batch idx 363 hidden train
30245 torch.Size([50000]) tensor(325.7366, device='cuda:0')
[TRAIN] Acc: 77.500
[TEST] Acc: 74.330
Epoch: 49
batch idx 122 hidden train
batch idx 278 hidden train
batch idx 282 hidden train
batch idx 306 hidden train
30685 torch.Size([50000]) tensor(336.1977, device='cuda:0')
[TRAIN] Acc: 71.250
[TEST] Acc: 73.870
Epoch: 50
batch idx 7 hidden train
batch idx 97 hidden train
batch idx 168 hidden train
batch idx 344 hidden train
30920 torch.Size([50000]) tensor(355.8137, device='cuda:0')
[TRAIN] Acc: 77.500
[TEST] Acc: 76.010
Epoch: 51
batch idx 157 hidden train
batch idx 158 hidden train
batch idx 262 hidden train
batch idx 270 hidden train
31783 torch.Size([50000]) tensor(368.7494, device='cuda:0')
[TRAIN] Acc: 72.500
[TEST] Acc: 78.380
Epoch: 52
batch idx 71 hidden train
batch idx 87 hidden train
batch idx 134 hidden train
batch idx 262 hidden train
30944 torch.Size([50000]) tensor(332.6943, device='cuda:0')
[TRAIN] Acc: 68.750
[TEST] Acc: 74.160
Epoch: 53
batch idx 95 hidden train
batch idx 298 hidden train
batch idx 307 hidden train
batch idx 362 hidden train
31138 torch.Size([50000]) tensor(368.7374, device='cuda:0')
[TRAIN] Acc: 80.000
[TEST] Acc: 73.390
Epoch: 54
batch idx 117 hidden train
batch idx 128 hidden train
batch idx 147 hidden train
batch idx 320 hidden train
31326 torch.Size([50000]) tensor(346.3590, device='cuda:0')
[TRAIN] Acc: 85.000
[TEST] Acc: 76.340
Epoch: 55
batch idx 184 hidden train
batch idx 211 hidden train
batch idx 298 hidden train
batch idx 370 hidden train
31325 torch.Size([50000]) tensor(327.1595, device='cuda:0')
[TRAIN] Acc: 80.000
[TEST] Acc: 72.140
Epoch: 56
batch idx 149 hidden train
batch idx 229 hidden train
batch idx 247 hidden train
batch idx 275 hidden train
31608 torch.Size([50000]) tensor(333.6425, device='cuda:0')
[TRAIN] Acc: 75.000
[TEST] Acc: 75.830
Epoch: 57
batch idx 5 hidden train
batch idx 145 hidden train
batch idx 278 hidden train
batch idx 311 hidden train
32092 torch.Size([50000]) tensor(383.7611, device='cuda:0')
[TRAIN] Acc: 76.250
[TEST] Acc: 71.840
Epoch: 58
batch idx 34 hidden train
batch idx 40 hidden train
batch idx 225 hidden train
batch idx 316 hidden train
31362 torch.Size([50000]) tensor(347.8685, device='cuda:0')
[TRAIN] Acc: 81.250
[TEST] Acc: 78.410
Epoch: 59
batch idx 64 hidden train
batch idx 170 hidden train
batch idx 215 hidden train
batch idx 348 hidden train
31655 torch.Size([50000]) tensor(336.6801, device='cuda:0')
[TRAIN] Acc: 73.750
[TEST] Acc: 74.680
Epoch: 60
batch idx 35 hidden train
batch idx 55 hidden train
batch idx 350 hidden train
batch idx 377 hidden train
32365 torch.Size([50000]) tensor(345.4191, device='cuda:0')
[TRAIN] Acc: 77.500
[TEST] Acc: 78.070
Epoch: 61
batch idx 92 hidden train
batch idx 99 hidden train
batch idx 140 hidden train
batch idx 302 hidden train
31441 torch.Size([50000]) tensor(361.3231, device='cuda:0')
[TRAIN] Acc: 75.000
[TEST] Acc: 79.040
0.03,0.3529
Epoch: 62
batch idx 67 hidden train
batch idx 236 hidden train
batch idx 315 hidden train
batch idx 344 hidden train
32011 torch.Size([50000]) tensor(361.2964, device='cuda:0')
[TRAIN] Acc: 72.500
[TEST] Acc: 75.450
0.03,0.3092
Epoch: 63
batch idx 32 hidden train
batch idx 59 hidden train
batch idx 157 hidden train
batch idx 242 hidden train
32203 torch.Size([50000]) tensor(366.1301, device='cuda:0')
[TRAIN] Acc: 78.750
[TEST] Acc: 76.010
0.03,0.3417
Epoch: 64
batch idx 231 hidden train
batch idx 264 hidden train
batch idx 309 hidden train
batch idx 370 hidden train
32029 torch.Size([50000]) tensor(369.4924, device='cuda:0')
[TRAIN] Acc: 78.750
[TEST] Acc: 78.330
0.03,0.3456
Epoch: 65
batch idx 39 hidden train
batch idx 83 hidden train
batch idx 375 hidden train
batch idx 380 hidden train
32689 torch.Size([50000]) tensor(379.9326, device='cuda:0')
[TRAIN] Acc: 85.000
[TEST] Acc: 75.320
0.03,0.3524
Epoch: 66
batch idx 68 hidden train
batch idx 176 hidden train
batch idx 200 hidden train
batch idx 221 hidden train
32437 torch.Size([50000]) tensor(361.9984, device='cuda:0')
[TRAIN] Acc: 75.000
[TEST] Acc: 80.870
0.03,0.372
Epoch: 67
batch idx 17 hidden train
batch idx 35 hidden train
batch idx 183 hidden train
batch idx 277 hidden train
31848 torch.Size([50000]) tensor(365.6204, device='cuda:0')
[TRAIN] Acc: 72.500
[TEST] Acc: 75.720
0.03,0.3005
Epoch: 68
batch idx 97 hidden train
batch idx 126 hidden train
batch idx 302 hidden train
batch idx 311 hidden train
32470 torch.Size([50000]) tensor(368.5157, device='cuda:0')
[TRAIN] Acc: 81.250
[TEST] Acc: 80.690
0.03,0.3337
Epoch: 69
batch idx 124 hidden train
batch idx 132 hidden train
batch idx 133 hidden train
batch idx 237 hidden train
32078 torch.Size([50000]) tensor(367.0562, device='cuda:0')
[TRAIN] Acc: 80.000
[TEST] Acc: 76.680
0.03,0.33
Epoch: 70
batch idx 80 hidden train
batch idx 105 hidden train
batch idx 236 hidden train
batch idx 267 hidden train
32974 torch.Size([50000]) tensor(392.8005, device='cuda:0')
[TRAIN] Acc: 77.500
[TEST] Acc: 77.140
0.03,0.3531
Epoch: 71
batch idx 45 hidden train
batch idx 231 hidden train
batch idx 250 hidden train
batch idx 370 hidden train
32501 torch.Size([50000]) tensor(380.5989, device='cuda:0')
[TRAIN] Acc: 85.000
[TEST] Acc: 78.010
0.03,0.3119
Epoch: 72
batch idx 108 hidden train
batch idx 161 hidden train
batch idx 183 hidden train
batch idx 313 hidden train
31754 torch.Size([50000]) tensor(362.2292, device='cuda:0')
[TRAIN] Acc: 71.250
[TEST] Acc: 73.200
0.03,0.3421
Epoch: 73
batch idx 41 hidden train
batch idx 161 hidden train
batch idx 182 hidden train
batch idx 331 hidden train
32898 torch.Size([50000]) tensor(374.4919, device='cuda:0')
[TRAIN] Acc: 81.250
[TEST] Acc: 78.260
0.03,0.3301
Epoch: 74
batch idx 55 hidden train
batch idx 130 hidden train
batch idx 218 hidden train
batch idx 369 hidden train
32518 torch.Size([50000]) tensor(362.6408, device='cuda:0')
[TRAIN] Acc: 85.000
[TEST] Acc: 76.130
0.03,0.3346
Epoch: 75
batch idx 41 hidden train
batch idx 200 hidden train
batch idx 224 hidden train
batch idx 347 hidden train
33013 torch.Size([50000]) tensor(380.8078, device='cuda:0')
[TRAIN] Acc: 87.500
[TEST] Acc: 80.150
0.03,0.3859
Epoch: 76
batch idx 27 hidden train
batch idx 110 hidden train
batch idx 257 hidden train
batch idx 363 hidden train
32637 torch.Size([50000]) tensor(373.3704, device='cuda:0')
[TRAIN] Acc: 72.500
[TEST] Acc: 78.460
0.03,0.2767
Epoch: 77
batch idx 30 hidden train
batch idx 77 hidden train
batch idx 235 hidden train
batch idx 339 hidden train
32846 torch.Size([50000]) tensor(408.2458, device='cuda:0')
[TRAIN] Acc: 78.750
[TEST] Acc: 74.940
0.03,0.3279
Epoch: 78
batch idx 240 hidden train
batch idx 243 hidden train
batch idx 308 hidden train
batch idx 351 hidden train
32958 torch.Size([50000]) tensor(387.8124, device='cuda:0')
[TRAIN] Acc: 82.500
[TEST] Acc: 77.330
0.03,0.3728
Epoch: 79
batch idx 25 hidden train
batch idx 110 hidden train
batch idx 267 hidden train
batch idx 345 hidden train
32332 torch.Size([50000]) tensor(387.3457, device='cuda:0')
[TRAIN] Acc: 85.000
[TEST] Acc: 76.430
0.03,0.3194
Epoch: 80
batch idx 6 hidden train
batch idx 160 hidden train
batch idx 217 hidden train
batch idx 339 hidden train
38907 torch.Size([50000]) tensor(426.1398, device='cuda:0')
[TRAIN] Acc: 87.500
[TEST] Acc: 84.850
0.03,0.4221
Epoch: 81
batch idx 46 hidden train
batch idx 96 hidden train
batch idx 102 hidden train
batch idx 279 hidden train
39393 torch.Size([50000]) tensor(493.8900, device='cuda:0')
[TRAIN] Acc: 81.250
[TEST] Acc: 84.710
0.03,0.4775
Epoch: 82
batch idx 142 hidden train
batch idx 183 hidden train
batch idx 198 hidden train
batch idx 263 hidden train
38759 torch.Size([50000]) tensor(551.8016, device='cuda:0')
[TRAIN] Acc: 87.500
[TEST] Acc: 84.400
0.03,0.5155
Epoch: 83
batch idx 37 hidden train
batch idx 194 hidden train
batch idx 267 hidden train
batch idx 344 hidden train
38266 torch.Size([50000]) tensor(606.9203, device='cuda:0')
[TRAIN] Acc: 82.500
[TEST] Acc: 83.750
0.03,0.5178
Epoch: 84
batch idx 50 hidden train
batch idx 152 hidden train
batch idx 176 hidden train
batch idx 281 hidden train
37730 torch.Size([50000]) tensor(623.2737, device='cuda:0')
[TRAIN] Acc: 82.500
[TEST] Acc: 84.140
0.03,0.5361
Epoch: 85
batch idx 131 hidden train
batch idx 250 hidden train
batch idx 324 hidden train
batch idx 384 hidden train
37368 torch.Size([50000]) tensor(654.6927, device='cuda:0')
[TRAIN] Acc: 88.750
[TEST] Acc: 84.030
0.03,0.541
Epoch: 86
batch idx 59 hidden train
batch idx 254 hidden train
batch idx 300 hidden train
batch idx 310 hidden train
37739 torch.Size([50000]) tensor(652.1815, device='cuda:0')
[TRAIN] Acc: 82.500
[TEST] Acc: 83.330
0.03,0.5462
Epoch: 87
batch idx 145 hidden train
batch idx 244 hidden train
batch idx 256 hidden train
batch idx 263 hidden train
37455 torch.Size([50000]) tensor(672.0901, device='cuda:0')
[TRAIN] Acc: 85.000
[TEST] Acc: 83.860
0.03,0.5378
Epoch: 88
batch idx 12 hidden train
batch idx 126 hidden train
batch idx 316 hidden train
batch idx 320 hidden train
37084 torch.Size([50000]) tensor(681.0143, device='cuda:0')
[TRAIN] Acc: 76.250
[TEST] Acc: 83.280
0.03,0.5397
Epoch: 89
batch idx 271 hidden train
batch idx 291 hidden train
batch idx 299 hidden train
batch idx 343 hidden train
37671 torch.Size([50000]) tensor(694.9717, device='cuda:0')
[TRAIN] Acc: 77.500
[TEST] Acc: 83.760
0.03,0.5589
Epoch: 90
batch idx 53 hidden train
batch idx 88 hidden train
batch idx 233 hidden train
batch idx 330 hidden train
37910 torch.Size([50000]) tensor(689.3566, device='cuda:0')
[TRAIN] Acc: 90.000
[TEST] Acc: 83.350
0.03,0.5493
Epoch: 91
batch idx 40 hidden train
batch idx 200 hidden train
batch idx 251 hidden train
batch idx 313 hidden train
37818 torch.Size([50000]) tensor(700.4366, device='cuda:0')
[TRAIN] Acc: 76.250
[TEST] Acc: 83.880
0.03,0.5462
Epoch: 92
batch idx 129 hidden train
batch idx 130 hidden train
batch idx 138 hidden train
batch idx 221 hidden train
38251 torch.Size([50000]) tensor(698.4087, device='cuda:0')
[TRAIN] Acc: 82.500
[TEST] Acc: 84.070
0.03,0.5565
Epoch: 93
batch idx 77 hidden train
batch idx 129 hidden train
batch idx 341 hidden train
batch idx 363 hidden train
38318 torch.Size([50000]) tensor(702.5883, device='cuda:0')
[TRAIN] Acc: 88.750
[TEST] Acc: 83.920
0.03,0.57
Epoch: 94
batch idx 12 hidden train
batch idx 66 hidden train
batch idx 85 hidden train
batch idx 259 hidden train
38372 torch.Size([50000]) tensor(711.0841, device='cuda:0')
[TRAIN] Acc: 85.000
[TEST] Acc: 84.300
0.03,0.5617
Epoch: 95
batch idx 26 hidden train
batch idx 103 hidden train
batch idx 226 hidden train
batch idx 386 hidden train
38451 torch.Size([50000]) tensor(724.2222, device='cuda:0')
[TRAIN] Acc: 86.250
[TEST] Acc: 84.400
0.03,0.5691
Epoch: 96
batch idx 267 hidden train
batch idx 269 hidden train
batch idx 285 hidden train
batch idx 350 hidden train
38237 torch.Size([50000]) tensor(698.5181, device='cuda:0')
[TRAIN] Acc: 86.250
[TEST] Acc: 83.710
0.03,0.5769
Epoch: 97
batch idx 172 hidden train
batch idx 302 hidden train
batch idx 365 hidden train
batch idx 383 hidden train
37669 torch.Size([50000]) tensor(703.2126, device='cuda:0')
[TRAIN] Acc: 86.250
[TEST] Acc: 83.950
0.03,0.5599
Epoch: 98
batch idx 18 hidden train
batch idx 77 hidden train
batch idx 345 hidden train
batch idx 382 hidden train
38017 torch.Size([50000]) tensor(697.2926, device='cuda:0')
[TRAIN] Acc: 83.750
[TEST] Acc: 84.160
0.03,0.544
Epoch: 99
batch idx 65 hidden train
batch idx 67 hidden train
batch idx 146 hidden train
batch idx 213 hidden train
38408 torch.Size([50000]) tensor(704.0724, device='cuda:0')
[TRAIN] Acc: 87.500
[TEST] Acc: 84.520
0.03,0.5972
Epoch: 100
batch idx 120 hidden train
batch idx 191 hidden train
batch idx 225 hidden train
batch idx 375 hidden train
38296 torch.Size([50000]) tensor(691.8973, device='cuda:0')
[TRAIN] Acc: 88.750
[TEST] Acc: 83.940
0.03,0.5517
Epoch: 101
batch idx 171 hidden train
batch idx 219 hidden train
batch idx 242 hidden train
batch idx 370 hidden train
38479 torch.Size([50000]) tensor(704.9350, device='cuda:0')
[TRAIN] Acc: 87.500
[TEST] Acc: 84.070
0.03,0.5448
Epoch: 102
batch idx 25 hidden train
batch idx 44 hidden train
batch idx 246 hidden train
batch idx 390 hidden train
38219 torch.Size([50000]) tensor(703.9401, device='cuda:0')
[TRAIN] Acc: 82.500
[TEST] Acc: 83.920
0.03,0.5421
Epoch: 103
batch idx 87 hidden train
batch idx 88 hidden train
batch idx 151 hidden train
batch idx 240 hidden train
38625 torch.Size([50000]) tensor(710.8390, device='cuda:0')
[TRAIN] Acc: 90.000
[TEST] Acc: 84.490
0.03,0.5532
Epoch: 104
batch idx 206 hidden train
batch idx 265 hidden train
batch idx 289 hidden train
batch idx 302 hidden train
38781 torch.Size([50000]) tensor(712.9622, device='cuda:0')
[TRAIN] Acc: 87.500
[TEST] Acc: 84.720
0.03,0.6082
Epoch: 105
batch idx 174 hidden train
batch idx 178 hidden train
batch idx 209 hidden train
batch idx 244 hidden train
38334 torch.Size([50000]) tensor(711.3646, device='cuda:0')
[TRAIN] Acc: 83.750
[TEST] Acc: 83.500
0.03,0.5471
Epoch: 106
batch idx 46 hidden train
batch idx 70 hidden train
batch idx 325 hidden train
batch idx 357 hidden train
38663 torch.Size([50000]) tensor(712.7014, device='cuda:0')
[TRAIN] Acc: 87.500
[TEST] Acc: 83.860
0.03,0.5519
Epoch: 107
batch idx 87 hidden train
batch idx 120 hidden train
batch idx 174 hidden train
batch idx 290 hidden train
38499 torch.Size([50000]) tensor(710.1820, device='cuda:0')
[TRAIN] Acc: 92.500
[TEST] Acc: 83.770
0.03,0.5461
Epoch: 108
batch idx 165 hidden train
batch idx 237 hidden train
batch idx 261 hidden train
batch idx 310 hidden train
38750 torch.Size([50000]) tensor(726.8116, device='cuda:0')
[TRAIN] Acc: 81.250
[TEST] Acc: 83.600
0.03,0.5295
Epoch: 109
batch idx 180 hidden train
batch idx 220 hidden train
batch idx 254 hidden train
batch idx 332 hidden train
38274 torch.Size([50000]) tensor(707.7829, device='cuda:0')
[TRAIN] Acc: 86.250
[TEST] Acc: 83.860
0.03,0.561
Epoch: 110
batch idx 226 hidden train
batch idx 246 hidden train
batch idx 344 hidden train
batch idx 371 hidden train
38520 torch.Size([50000]) tensor(740.1573, device='cuda:0')
[TRAIN] Acc: 88.750
[TEST] Acc: 84.290
0.03,0.5775
Epoch: 111
batch idx 57 hidden train
batch idx 189 hidden train
batch idx 308 hidden train
batch idx 373 hidden train
38374 torch.Size([50000]) tensor(698.9738, device='cuda:0')
[TRAIN] Acc: 85.000
[TEST] Acc: 84.410
0.03,0.5806
Epoch: 112
batch idx 116 hidden train
batch idx 287 hidden train
batch idx 300 hidden train
batch idx 346 hidden train
38659 torch.Size([50000]) tensor(718.8245, device='cuda:0')
[TRAIN] Acc: 91.250
[TEST] Acc: 84.090
0.03,0.5604
Epoch: 113
batch idx 93 hidden train
batch idx 101 hidden train
batch idx 235 hidden train
batch idx 343 hidden train
39076 torch.Size([50000]) tensor(722.3443, device='cuda:0')
[TRAIN] Acc: 91.250
[TEST] Acc: 84.300
0.03,0.565
Epoch: 114
batch idx 155 hidden train
batch idx 269 hidden train
batch idx 285 hidden train
batch idx 305 hidden train
38662 torch.Size([50000]) tensor(728.3105, device='cuda:0')
[TRAIN] Acc: 85.000
[TEST] Acc: 84.150
0.03,0.5418
Epoch: 115
batch idx 58 hidden train
batch idx 63 hidden train
batch idx 76 hidden train
batch idx 244 hidden train
38660 torch.Size([50000]) tensor(700.6864, device='cuda:0')
[TRAIN] Acc: 87.500
[TEST] Acc: 84.600
0.03,0.5789
Epoch: 116
batch idx 49 hidden train
batch idx 56 hidden train
batch idx 134 hidden train
batch idx 260 hidden train
38515 torch.Size([50000]) tensor(703.4683, device='cuda:0')
[TRAIN] Acc: 82.500
[TEST] Acc: 84.020
0.03,0.5632
Epoch: 117
batch idx 65 hidden train
batch idx 85 hidden train
batch idx 93 hidden train
batch idx 310 hidden train
38903 torch.Size([50000]) tensor(711.5843, device='cuda:0')
[TRAIN] Acc: 83.750
[TEST] Acc: 83.800
0.03,0.5308
Epoch: 118
batch idx 102 hidden train
batch idx 129 hidden train
batch idx 264 hidden train
batch idx 359 hidden train
38324 torch.Size([50000]) tensor(696.4822, device='cuda:0')
[TRAIN] Acc: 92.500
[TEST] Acc: 83.930
0.03,0.5561
Epoch: 119
batch idx 315 hidden train
batch idx 325 hidden train
batch idx 366 hidden train
batch idx 372 hidden train
39142 torch.Size([50000]) tensor(703.8558, device='cuda:0')
[TRAIN] Acc: 87.500
[TEST] Acc: 82.850
0.03,0.5493
Epoch: 120
batch idx 30 hidden train
batch idx 61 hidden train
batch idx 63 hidden train
batch idx 157 hidden train
38999 torch.Size([50000]) tensor(708.4706, device='cuda:0')
[TRAIN] Acc: 86.250
[TEST] Acc: 85.040
0.03,0.5706
Epoch: 121
batch idx 38 hidden train
batch idx 109 hidden train
batch idx 205 hidden train
batch idx 210 hidden train
38886 torch.Size([50000]) tensor(709.0265, device='cuda:0')
[TRAIN] Acc: 91.250
[TEST] Acc: 84.160
0.03,0.5487
Epoch: 122
batch idx 23 hidden train
batch idx 56 hidden train
batch idx 257 hidden train
batch idx 388 hidden train
38541 torch.Size([50000]) tensor(717.3811, device='cuda:0')
[TRAIN] Acc: 81.250
[TEST] Acc: 84.100
0.03,0.5516
Epoch: 123
batch idx 20 hidden train
batch idx 145 hidden train
batch idx 170 hidden train
batch idx 221 hidden train
39068 torch.Size([50000]) tensor(733.4559, device='cuda:0')
[TRAIN] Acc: 90.000
[TEST] Acc: 83.890
0.03,0.5909
Epoch: 124
batch idx 243 hidden train
batch idx 298 hidden train
batch idx 336 hidden train
batch idx 385 hidden train
38522 torch.Size([50000]) tensor(686.7388, device='cuda:0')
[TRAIN] Acc: 80.000
[TEST] Acc: 82.130
0.03,0.5563
Epoch: 125
batch idx 71 hidden train
batch idx 164 hidden train
batch idx 206 hidden train
batch idx 269 hidden train
38686 torch.Size([50000]) tensor(713.3347, device='cuda:0')
[TRAIN] Acc: 87.500
[TEST] Acc: 83.830
0.03,0.5715
Epoch: 126
batch idx 76 hidden train
batch idx 85 hidden train
batch idx 269 hidden train
batch idx 316 hidden train
38944 torch.Size([50000]) tensor(717.8196, device='cuda:0')
[TRAIN] Acc: 88.750
[TEST] Acc: 83.840
0.03,0.5798
Epoch: 127
batch idx 202 hidden train
batch idx 294 hidden train
batch idx 338 hidden train
batch idx 368 hidden train
38994 torch.Size([50000]) tensor(692.7260, device='cuda:0')
[TRAIN] Acc: 80.000
[TEST] Acc: 82.260
0.03,0.5344
Epoch: 128
batch idx 112 hidden train
batch idx 184 hidden train
batch idx 342 hidden train
batch idx 371 hidden train
38464 torch.Size([50000]) tensor(727.0525, device='cuda:0')
[TRAIN] Acc: 80.000
[TEST] Acc: 83.900
0.03,0.5457
Epoch: 129
batch idx 118 hidden train
batch idx 176 hidden train
batch idx 222 hidden train
batch idx 259 hidden train
38692 torch.Size([50000]) tensor(708.2733, device='cuda:0')
[TRAIN] Acc: 83.750
[TEST] Acc: 83.370
0.03,0.5294
Epoch: 130
batch idx 77 hidden train
batch idx 93 hidden train
batch idx 193 hidden train
batch idx 238 hidden train
38421 torch.Size([50000]) tensor(712.5225, device='cuda:0')
[TRAIN] Acc: 87.500
[TEST] Acc: 83.910
0.03,0.5509
Epoch: 131
batch idx 22 hidden train
batch idx 251 hidden train
batch idx 292 hidden train
batch idx 325 hidden train
39189 torch.Size([50000]) tensor(705.1501, device='cuda:0')
[TRAIN] Acc: 91.250
[TEST] Acc: 83.800
0.03,0.5393
Epoch: 132
batch idx 18 hidden train
batch idx 116 hidden train
batch idx 128 hidden train
batch idx 288 hidden train
38954 torch.Size([50000]) tensor(701.7325, device='cuda:0')
[TRAIN] Acc: 85.000
[TEST] Acc: 84.570
0.03,0.5236
Epoch: 133
batch idx 88 hidden train
batch idx 126 hidden train
batch idx 260 hidden train
batch idx 367 hidden train
38739 torch.Size([50000]) tensor(679.7623, device='cuda:0')
[TRAIN] Acc: 93.750
[TEST] Acc: 83.820
0.03,0.5689
Epoch: 134
batch idx 154 hidden train
batch idx 173 hidden train
batch idx 230 hidden train
batch idx 233 hidden train
39264 torch.Size([50000]) tensor(719.2054, device='cuda:0')
[TRAIN] Acc: 86.250
[TEST] Acc: 83.670
0.03,0.5775
Epoch: 135
batch idx 288 hidden train
batch idx 293 hidden train
batch idx 311 hidden train
batch idx 358 hidden train
38888 torch.Size([50000]) tensor(696.3544, device='cuda:0')
[TRAIN] Acc: 93.750
[TEST] Acc: 84.640
0.03,0.5704
Epoch: 136
batch idx 85 hidden train
batch idx 320 hidden train
batch idx 329 hidden train
batch idx 374 hidden train
39461 torch.Size([50000]) tensor(704.6202, device='cuda:0')
[TRAIN] Acc: 93.750
[TEST] Acc: 84.680
0.03,0.5818
Epoch: 137
batch idx 111 hidden train
batch idx 156 hidden train
batch idx 295 hidden train
batch idx 367 hidden train
38936 torch.Size([50000]) tensor(710.1298, device='cuda:0')
[TRAIN] Acc: 88.750
[TEST] Acc: 84.030
0.03,0.5606
Epoch: 138
batch idx 145 hidden train
batch idx 238 hidden train
batch idx 246 hidden train
batch idx 326 hidden train
38991 torch.Size([50000]) tensor(693.6422, device='cuda:0')
[TRAIN] Acc: 83.750
[TEST] Acc: 83.420
0.03,0.5267
Epoch: 139
batch idx 82 hidden train
batch idx 290 hidden train
batch idx 333 hidden train
batch idx 374 hidden train
38963 torch.Size([50000]) tensor(704.3101, device='cuda:0')
[TRAIN] Acc: 91.250
[TEST] Acc: 84.390
0.03,0.5696
Epoch: 140
batch idx 24 hidden train
batch idx 105 hidden train
batch idx 211 hidden train
batch idx 389 hidden train
40694 torch.Size([50000]) tensor(741.6239, device='cuda:0')
[TRAIN] Acc: 86.250
[TEST] Acc: 85.190
0.03,0.6207
Epoch: 141
batch idx 41 hidden train
batch idx 61 hidden train
batch idx 221 hidden train
batch idx 232 hidden train
41303 torch.Size([50000]) tensor(774.5264, device='cuda:0')
[TRAIN] Acc: 87.500
[TEST] Acc: 85.330
0.03,0.6577
Epoch: 142
batch idx 155 hidden train
batch idx 164 hidden train
batch idx 294 hidden train
batch idx 332 hidden train
41116 torch.Size([50000]) tensor(799.4602, device='cuda:0')
[TRAIN] Acc: 88.750
[TEST] Acc: 85.240
0.03,0.6502
Epoch: 143
batch idx 120 hidden train
batch idx 159 hidden train
batch idx 267 hidden train
batch idx 374 hidden train
41291 torch.Size([50000]) tensor(823.1094, device='cuda:0')
[TRAIN] Acc: 91.250
[TEST] Acc: 85.140
0.03,0.6862
Epoch: 144
batch idx 4 hidden train
batch idx 225 hidden train
batch idx 308 hidden train
batch idx 320 hidden train
41198 torch.Size([50000]) tensor(853.7101, device='cuda:0')
[TRAIN] Acc: 88.750
[TEST] Acc: 85.300
0.03,0.667
Epoch: 145
batch idx 10 hidden train
batch idx 38 hidden train
batch idx 118 hidden train
batch idx 253 hidden train
41173 torch.Size([50000]) tensor(839.1875, device='cuda:0')
[TRAIN] Acc: 88.750
[TEST] Acc: 85.390
0.03,0.6857
Epoch: 146
batch idx 15 hidden train
batch idx 21 hidden train
batch idx 189 hidden train
batch idx 204 hidden train
41252 torch.Size([50000]) tensor(874.3195, device='cuda:0')
[TRAIN] Acc: 87.500
[TEST] Acc: 85.500
0.03,0.6578
Epoch: 147
batch idx 51 hidden train
batch idx 116 hidden train
batch idx 175 hidden train
batch idx 273 hidden train
40981 torch.Size([50000]) tensor(880.3052, device='cuda:0')
[TRAIN] Acc: 91.250
[TEST] Acc: 85.610
0.03,0.6917
Epoch: 148
batch idx 149 hidden train
batch idx 202 hidden train
batch idx 296 hidden train
batch idx 351 hidden train
40979 torch.Size([50000]) tensor(898.4324, device='cuda:0')
[TRAIN] Acc: 91.250
[TEST] Acc: 85.280
0.03,0.6854
Epoch: 149
batch idx 29 hidden train
batch idx 56 hidden train
batch idx 214 hidden train
batch idx 302 hidden train
41405 torch.Size([50000]) tensor(900.2412, device='cuda:0')
[TRAIN] Acc: 77.500
[TEST] Acc: 85.610
0.03,0.7036
Epoch: 150
batch idx 21 hidden train
batch idx 42 hidden train
batch idx 93 hidden train
batch idx 179 hidden train
41214 torch.Size([50000]) tensor(910.8010, device='cuda:0')
[TRAIN] Acc: 88.750
[TEST] Acc: 85.550
0.03,0.6737
Epoch: 151
batch idx 97 hidden train
batch idx 120 hidden train
batch idx 188 hidden train
batch idx 220 hidden train
41239 torch.Size([50000]) tensor(917.3405, device='cuda:0')
[TRAIN] Acc: 86.250
[TEST] Acc: 85.700
0.03,0.6846
Epoch: 152
batch idx 282 hidden train
batch idx 294 hidden train
batch idx 326 hidden train
batch idx 333 hidden train
41198 torch.Size([50000]) tensor(905.9612, device='cuda:0')
[TRAIN] Acc: 93.750
[TEST] Acc: 85.600
0.03,0.6872
Epoch: 153
batch idx 0 hidden train
batch idx 157 hidden train
batch idx 264 hidden train
batch idx 374 hidden train
40950 torch.Size([50000]) tensor(907.3643, device='cuda:0')
[TRAIN] Acc: 93.750
[TEST] Acc: 85.780
0.03,0.6645
Epoch: 154
batch idx 180 hidden train
batch idx 283 hidden train
batch idx 286 hidden train
batch idx 330 hidden train
41634 torch.Size([50000]) tensor(908.4772, device='cuda:0')
[TRAIN] Acc: 91.250
[TEST] Acc: 85.670
0.03,0.6812
Epoch: 155
batch idx 232 hidden train
batch idx 276 hidden train
batch idx 372 hidden train
batch idx 385 hidden train
41350 torch.Size([50000]) tensor(897.7676, device='cuda:0')
[TRAIN] Acc: 96.250
[TEST] Acc: 85.860
0.03,0.6754
Epoch: 156
batch idx 64 hidden train
batch idx 77 hidden train
batch idx 180 hidden train
batch idx 230 hidden train
41349 torch.Size([50000]) tensor(907.7417, device='cuda:0')
[TRAIN] Acc: 97.500
[TEST] Acc: 85.840
0.03,0.6842
Epoch: 157
batch idx 170 hidden train
batch idx 187 hidden train
batch idx 289 hidden train
batch idx 361 hidden train
41662 torch.Size([50000]) tensor(927.6007, device='cuda:0')
[TRAIN] Acc: 88.750
[TEST] Acc: 85.850
0.03,0.6884
Epoch: 158
batch idx 149 hidden train
batch idx 217 hidden train
batch idx 229 hidden train
batch idx 237 hidden train
41525 torch.Size([50000]) tensor(917.6576, device='cuda:0')
[TRAIN] Acc: 88.750
[TEST] Acc: 85.650
0.03,0.6851
Epoch: 159
batch idx 159 hidden train
batch idx 237 hidden train
batch idx 285 hidden train
batch idx 344 hidden train
41570 torch.Size([50000]) tensor(888.9131, device='cuda:0')
[TRAIN] Acc: 83.750
[TEST] Acc: 85.620
0.03,0.671
Epoch: 160
batch idx 48 hidden train
batch idx 67 hidden train
batch idx 243 hidden train
batch idx 319 hidden train
41457 torch.Size([50000]) tensor(905.9805, device='cuda:0')
[TRAIN] Acc: 90.000
[TEST] Acc: 85.870
0.03,0.6827
Epoch: 161
batch idx 39 hidden train
batch idx 52 hidden train
batch idx 115 hidden train
batch idx 144 hidden train
41416 torch.Size([50000]) tensor(908.2772, device='cuda:0')
[TRAIN] Acc: 92.500
[TEST] Acc: 85.910
0.03,0.6899
Epoch: 162
batch idx 239 hidden train
batch idx 315 hidden train
batch idx 324 hidden train
batch idx 363 hidden train
41509 torch.Size([50000]) tensor(910.5526, device='cuda:0')
[TRAIN] Acc: 83.750
[TEST] Acc: 85.780
0.03,0.7031
Epoch: 163
batch idx 171 hidden train
batch idx 194 hidden train
batch idx 196 hidden train
batch idx 313 hidden train
41774 torch.Size([50000]) tensor(933.3203, device='cuda:0')
[TRAIN] Acc: 90.000
[TEST] Acc: 86.130
0.03,0.6906
Epoch: 164
batch idx 46 hidden train
batch idx 74 hidden train
batch idx 79 hidden train
batch idx 233 hidden train
41719 torch.Size([50000]) tensor(927.7892, device='cuda:0')
[TRAIN] Acc: 96.250
[TEST] Acc: 86.030
0.03,0.6991
Epoch: 165
batch idx 53 hidden train
batch idx 73 hidden train
batch idx 189 hidden train
batch idx 231 hidden train
41705 torch.Size([50000]) tensor(926.8298, device='cuda:0')
[TRAIN] Acc: 90.000
[TEST] Acc: 86.050
0.03,0.6895
Epoch: 166
batch idx 210 hidden train
batch idx 239 hidden train
batch idx 255 hidden train
batch idx 297 hidden train
41599 torch.Size([50000]) tensor(919.6650, device='cuda:0')
[TRAIN] Acc: 88.750
[TEST] Acc: 86.040
0.03,0.696
Epoch: 167
batch idx 39 hidden train
batch idx 152 hidden train
batch idx 238 hidden train
batch idx 300 hidden train
41764 torch.Size([50000]) tensor(908.2963, device='cuda:0')
[TRAIN] Acc: 91.250
[TEST] Acc: 86.070
0.03,0.676
Epoch: 168
batch idx 50 hidden train
batch idx 125 hidden train
batch idx 220 hidden train
batch idx 249 hidden train
41669 torch.Size([50000]) tensor(920.5790, device='cuda:0')
[TRAIN] Acc: 90.000
[TEST] Acc: 86.260
0.03,0.6823
Epoch: 169
batch idx 88 hidden train
batch idx 109 hidden train
batch idx 278 hidden train
batch idx 388 hidden train
41616 torch.Size([50000]) tensor(911.8217, device='cuda:0')
[TRAIN] Acc: 87.500
[TEST] Acc: 86.190
0.03,0.6921
Epoch: 170
batch idx 45 hidden train
batch idx 141 hidden train
batch idx 191 hidden train
batch idx 360 hidden train
41896 torch.Size([50000]) tensor(920.9669, device='cuda:0')
[TRAIN] Acc: 91.250
[TEST] Acc: 86.100
0.03,0.6942
Epoch: 171
batch idx 93 hidden train
batch idx 169 hidden train
batch idx 206 hidden train
batch idx 250 hidden train
41821 torch.Size([50000]) tensor(910.7749, device='cuda:0')
[TRAIN] Acc: 87.500
[TEST] Acc: 86.190
0.03,0.6946
Epoch: 172
batch idx 87 hidden train
batch idx 122 hidden train
batch idx 241 hidden train
batch idx 317 hidden train
41896 torch.Size([50000]) tensor(922.7184, device='cuda:0')
[TRAIN] Acc: 91.250
[TEST] Acc: 86.080
0.03,0.7057
Epoch: 173
batch idx 1 hidden train
batch idx 292 hidden train
batch idx 295 hidden train
batch idx 304 hidden train
41788 torch.Size([50000]) tensor(917.3361, device='cuda:0')
[TRAIN] Acc: 92.500
[TEST] Acc: 85.980
0.03,0.6953
Epoch: 174
batch idx 76 hidden train
batch idx 169 hidden train
batch idx 276 hidden train
batch idx 382 hidden train
41774 torch.Size([50000]) tensor(935.7498, device='cuda:0')
[TRAIN] Acc: 86.250
[TEST] Acc: 86.170
0.03,0.6946
Epoch: 175
batch idx 100 hidden train
batch idx 254 hidden train
batch idx 328 hidden train
batch idx 335 hidden train
42039 torch.Size([50000]) tensor(923.1278, device='cuda:0')
[TRAIN] Acc: 88.750
[TEST] Acc: 85.900
0.03,0.7023
Epoch: 176
batch idx 54 hidden train
batch idx 146 hidden train
batch idx 234 hidden train
batch idx 370 hidden train
41943 torch.Size([50000]) tensor(947.7476, device='cuda:0')
[TRAIN] Acc: 91.250
[TEST] Acc: 86.010
0.03,0.6991
Epoch: 177
batch idx 28 hidden train
batch idx 285 hidden train
batch idx 320 hidden train
batch idx 371 hidden train
41756 torch.Size([50000]) tensor(936.6926, device='cuda:0')
[TRAIN] Acc: 88.750
[TEST] Acc: 86.100
0.03,0.6878
Epoch: 178
batch idx 133 hidden train
batch idx 208 hidden train
batch idx 284 hidden train
batch idx 342 hidden train
41821 torch.Size([50000]) tensor(937.9147, device='cuda:0')
[TRAIN] Acc: 87.500
[TEST] Acc: 86.130
0.03,0.691
Epoch: 179
batch idx 87 hidden train
batch idx 93 hidden train
batch idx 94 hidden train
batch idx 131 hidden train
41867 torch.Size([50000]) tensor(942.6443, device='cuda:0')
[TRAIN] Acc: 90.000
[TEST] Acc: 86.250
0.03,0.6976
Epoch: 180
batch idx 131 hidden train
batch idx 234 hidden train
batch idx 278 hidden train
batch idx 320 hidden train
42186 torch.Size([50000]) tensor(947.3455, device='cuda:0')
[TRAIN] Acc: 87.500
[TEST] Acc: 86.350
0.03,0.6857
Epoch: 181
batch idx 27 hidden train
batch idx 244 hidden train
batch idx 265 hidden train
batch idx 389 hidden train
42218 torch.Size([50000]) tensor(932.3572, device='cuda:0')
[TRAIN] Acc: 95.000
[TEST] Acc: 86.300
0.03,0.7107
Epoch: 182
batch idx 118 hidden train
batch idx 132 hidden train
batch idx 164 hidden train
batch idx 298 hidden train
42109 torch.Size([50000]) tensor(951.8779, device='cuda:0')
[TRAIN] Acc: 97.500
[TEST] Acc: 86.170
0.03,0.6924
Epoch: 183
batch idx 290 hidden train
batch idx 309 hidden train
batch idx 314 hidden train
batch idx 346 hidden train
42118 torch.Size([50000]) tensor(950.4266, device='cuda:0')
[TRAIN] Acc: 87.500
[TEST] Acc: 86.270
0.03,0.7004
Epoch: 184
batch idx 7 hidden train
batch idx 59 hidden train
batch idx 176 hidden train
batch idx 372 hidden train
42018 torch.Size([50000]) tensor(958.8835, device='cuda:0')
[TRAIN] Acc: 87.500
[TEST] Acc: 86.170
0.03,0.7054
Epoch: 185
batch idx 60 hidden train
batch idx 160 hidden train
batch idx 191 hidden train
batch idx 240 hidden train
42087 torch.Size([50000]) tensor(955.0005, device='cuda:0')
[TRAIN] Acc: 86.250
[TEST] Acc: 86.100
0.03,0.7032
Epoch: 186
batch idx 4 hidden train
batch idx 29 hidden train
batch idx 298 hidden train
batch idx 320 hidden train
42069 torch.Size([50000]) tensor(948.7601, device='cuda:0')
[TRAIN] Acc: 93.750
[TEST] Acc: 86.270
0.03,0.6985
Epoch: 187
batch idx 0 hidden train
batch idx 46 hidden train
batch idx 63 hidden train
batch idx 64 hidden train
42206 torch.Size([50000]) tensor(960.4360, device='cuda:0')
[TRAIN] Acc: 88.750
[TEST] Acc: 86.350
0.03,0.6968
Epoch: 188
batch idx 86 hidden train
batch idx 157 hidden train
batch idx 341 hidden train
batch idx 346 hidden train
42094 torch.Size([50000]) tensor(958.4012, device='cuda:0')
[TRAIN] Acc: 93.750
[TEST] Acc: 86.360
0.03,0.7024
Epoch: 189
batch idx 11 hidden train
batch idx 50 hidden train
batch idx 166 hidden train
batch idx 331 hidden train
42020 torch.Size([50000]) tensor(938.3806, device='cuda:0')
[TRAIN] Acc: 91.250
[TEST] Acc: 86.270
0.03,0.7103
Epoch: 190
batch idx 56 hidden train
batch idx 181 hidden train
batch idx 326 hidden train
batch idx 386 hidden train
42115 torch.Size([50000]) tensor(977.9697, device='cuda:0')
[TRAIN] Acc: 95.000
[TEST] Acc: 86.280
0.03,0.7052
Epoch: 191
batch idx 2 hidden train
batch idx 108 hidden train
batch idx 189 hidden train
batch idx 256 hidden train
42179 torch.Size([50000]) tensor(942.9266, device='cuda:0')
[TRAIN] Acc: 88.750
[TEST] Acc: 86.420
0.03,0.7041
Epoch: 192
batch idx 206 hidden train
batch idx 227 hidden train
batch idx 265 hidden train
batch idx 341 hidden train
42328 torch.Size([50000]) tensor(966.3260, device='cuda:0')
[TRAIN] Acc: 83.750
[TEST] Acc: 86.350
0.03,0.7084
Epoch: 193
batch idx 11 hidden train
batch idx 51 hidden train
batch idx 182 hidden train
batch idx 274 hidden train
42207 torch.Size([50000]) tensor(954.2490, device='cuda:0')
[TRAIN] Acc: 93.750
[TEST] Acc: 86.240
0.03,0.7099
Epoch: 194
batch idx 133 hidden train
batch idx 175 hidden train
batch idx 284 hidden train
batch idx 304 hidden train
42189 torch.Size([50000]) tensor(970.5729, device='cuda:0')
[TRAIN] Acc: 88.750
[TEST] Acc: 86.180
0.03,0.7045
Epoch: 195
batch idx 47 hidden train
batch idx 88 hidden train
batch idx 254 hidden train
batch idx 332 hidden train
42231 torch.Size([50000]) tensor(965.7269, device='cuda:0')
[TRAIN] Acc: 82.500
[TEST] Acc: 86.340
0.03,0.692
Epoch: 196
batch idx 24 hidden train
batch idx 152 hidden train
batch idx 186 hidden train
batch idx 241 hidden train
42250 torch.Size([50000]) tensor(954.7322, device='cuda:0')
[TRAIN] Acc: 90.000
[TEST] Acc: 86.250
0.03,0.7128
Epoch: 197
batch idx 19 hidden train
batch idx 46 hidden train
batch idx 100 hidden train
batch idx 129 hidden train
42214 torch.Size([50000]) tensor(964.8840, device='cuda:0')
[TRAIN] Acc: 96.250
[TEST] Acc: 86.310
0.03,0.7012
Epoch: 198
batch idx 243 hidden train
batch idx 307 hidden train
batch idx 347 hidden train
batch idx 384 hidden train
42281 torch.Size([50000]) tensor(978.3812, device='cuda:0')
[TRAIN] Acc: 90.000
[TEST] Acc: 86.330
0.03,0.7043
Epoch: 199
batch idx 88 hidden train
batch idx 99 hidden train
batch idx 102 hidden train
batch idx 387 hidden train
42147 torch.Size([50000]) tensor(970.7056, device='cuda:0')
[TRAIN] Acc: 93.750
[TEST] Acc: 86.310
0.03,0.7056
