model_out:  ./checkpoint/cifar10_vgg_adv
==> Preparing data..
Files already downloaded and verified
Training data will be SHUFFLED
Files already downloaded and verified
running experiment with mixup_in_epoch=0, hidden_in_epoch=9, mixup_alpha=1.0
Epoch: 0
batch idx 33 hidden train
batch idx 81 hidden train
batch idx 180 hidden train
batch idx 194 hidden train
batch idx 210 hidden train
batch idx 219 hidden train
batch idx 271 hidden train
batch idx 273 hidden train
batch idx 310 hidden train
3040 torch.Size([50000]) tensor(68.9426, device='cuda:0')
[TRAIN] Acc: 7.500
[TEST] Acc: 10.000
Epoch: 1
batch idx 47 hidden train
batch idx 59 hidden train
batch idx 85 hidden train
batch idx 165 hidden train
batch idx 325 hidden train
batch idx 344 hidden train
batch idx 359 hidden train
batch idx 376 hidden train
batch idx 381 hidden train
47 torch.Size([50000]) tensor(0.1750, device='cuda:0')
[TRAIN] Acc: 11.250
[TEST] Acc: 10.000
Epoch: 2
batch idx 77 hidden train
batch idx 99 hidden train
batch idx 167 hidden train
batch idx 236 hidden train
batch idx 261 hidden train
batch idx 301 hidden train
batch idx 307 hidden train
batch idx 335 hidden train
batch idx 385 hidden train
45 torch.Size([50000]) tensor(0.1890, device='cuda:0')
[TRAIN] Acc: 13.750
[TEST] Acc: 10.100
Epoch: 3
batch idx 30 hidden train
batch idx 42 hidden train
batch idx 96 hidden train
batch idx 111 hidden train
batch idx 124 hidden train
batch idx 143 hidden train
batch idx 153 hidden train
batch idx 279 hidden train
batch idx 323 hidden train
30 torch.Size([50000]) tensor(0.1570, device='cuda:0')
[TRAIN] Acc: 5.000
[TEST] Acc: 10.130
Epoch: 4
batch idx 38 hidden train
batch idx 57 hidden train
batch idx 124 hidden train
batch idx 140 hidden train
batch idx 145 hidden train
batch idx 176 hidden train
batch idx 217 hidden train
batch idx 304 hidden train
batch idx 317 hidden train
52 torch.Size([50000]) tensor(0.2270, device='cuda:0')
[TRAIN] Acc: 10.000
[TEST] Acc: 10.070
Epoch: 5
batch idx 60 hidden train
batch idx 90 hidden train
batch idx 142 hidden train
batch idx 167 hidden train
batch idx 204 hidden train
batch idx 262 hidden train
batch idx 280 hidden train
batch idx 360 hidden train
batch idx 372 hidden train
27 torch.Size([50000]) tensor(0.1575, device='cuda:0')
[TRAIN] Acc: 2.500
[TEST] Acc: 10.040
Epoch: 6
batch idx 28 hidden train
batch idx 108 hidden train
batch idx 127 hidden train
batch idx 186 hidden train
batch idx 216 hidden train
batch idx 250 hidden train
batch idx 325 hidden train
batch idx 367 hidden train
batch idx 390 hidden train
31 torch.Size([50000]) tensor(0.1575, device='cuda:0')
[TRAIN] Acc: 11.250
[TEST] Acc: 10.000
Epoch: 7
batch idx 131 hidden train
batch idx 163 hidden train
batch idx 165 hidden train
batch idx 195 hidden train
batch idx 196 hidden train
batch idx 209 hidden train
batch idx 253 hidden train
batch idx 302 hidden train
batch idx 375 hidden train
35 torch.Size([50000]) tensor(0.1400, device='cuda:0')
[TRAIN] Acc: 6.250
[TEST] Acc: 10.050
Epoch: 8
batch idx 34 hidden train
batch idx 49 hidden train
batch idx 118 hidden train
batch idx 141 hidden train
batch idx 261 hidden train
batch idx 276 hidden train
batch idx 280 hidden train
batch idx 299 hidden train
batch idx 326 hidden train
30 torch.Size([50000]) tensor(0.1375, device='cuda:0')
[TRAIN] Acc: 16.250
[TEST] Acc: 10.070
Epoch: 9
batch idx 51 hidden train
batch idx 70 hidden train
batch idx 90 hidden train
batch idx 131 hidden train
batch idx 199 hidden train
batch idx 238 hidden train
batch idx 296 hidden train
batch idx 309 hidden train
batch idx 329 hidden train
56 torch.Size([50000]) tensor(0.2225, device='cuda:0')
[TRAIN] Acc: 8.750
[TEST] Acc: 10.000
Epoch: 10
batch idx 4 hidden train
batch idx 22 hidden train
batch idx 76 hidden train
batch idx 141 hidden train
batch idx 153 hidden train
batch idx 188 hidden train
batch idx 204 hidden train
batch idx 324 hidden train
batch idx 381 hidden train
69 torch.Size([50000]) tensor(0.2375, device='cuda:0')
[TRAIN] Acc: 8.750
[TEST] Acc: 10.170
Epoch: 11
batch idx 1 hidden train
batch idx 8 hidden train
batch idx 51 hidden train
batch idx 65 hidden train
batch idx 79 hidden train
batch idx 129 hidden train
batch idx 167 hidden train
batch idx 258 hidden train
batch idx 364 hidden train
48 torch.Size([50000]) tensor(0.1970, device='cuda:0')
[TRAIN] Acc: 5.000
[TEST] Acc: 10.000
Epoch: 12
batch idx 8 hidden train
batch idx 84 hidden train
batch idx 94 hidden train
batch idx 101 hidden train
batch idx 184 hidden train
batch idx 269 hidden train
batch idx 293 hidden train
batch idx 317 hidden train
batch idx 326 hidden train
34 torch.Size([50000]) tensor(0.1470, device='cuda:0')
[TRAIN] Acc: 6.250
[TEST] Acc: 10.060
Epoch: 13
batch idx 31 hidden train
batch idx 59 hidden train
batch idx 62 hidden train
batch idx 64 hidden train
batch idx 157 hidden train
batch idx 202 hidden train
batch idx 254 hidden train
batch idx 281 hidden train
batch idx 324 hidden train
50 torch.Size([50000]) tensor(0.2145, device='cuda:0')
[TRAIN] Acc: 7.500
[TEST] Acc: 10.000
Epoch: 14
batch idx 6 hidden train
batch idx 11 hidden train
batch idx 37 hidden train
batch idx 125 hidden train
batch idx 147 hidden train
batch idx 157 hidden train
batch idx 177 hidden train
batch idx 352 hidden train
batch idx 384 hidden train
43 torch.Size([50000]) tensor(0.1825, device='cuda:0')
[TRAIN] Acc: 7.500
[TEST] Acc: 10.000
Epoch: 15
batch idx 7 hidden train
batch idx 16 hidden train
batch idx 89 hidden train
batch idx 175 hidden train
batch idx 232 hidden train
batch idx 236 hidden train
batch idx 313 hidden train
batch idx 382 hidden train
batch idx 385 hidden train
36 torch.Size([50000]) tensor(0.1625, device='cuda:0')
[TRAIN] Acc: 12.500
[TEST] Acc: 10.070
Epoch: 16
batch idx 90 hidden train
batch idx 94 hidden train
batch idx 137 hidden train
batch idx 210 hidden train
batch idx 254 hidden train
batch idx 270 hidden train
batch idx 272 hidden train
batch idx 303 hidden train
batch idx 387 hidden train
71 torch.Size([50000]) tensor(0.2550, device='cuda:0')
[TRAIN] Acc: 7.500
[TEST] Acc: 10.110
Epoch: 17
batch idx 15 hidden train
batch idx 55 hidden train
batch idx 67 hidden train
batch idx 72 hidden train
batch idx 83 hidden train
batch idx 192 hidden train
batch idx 206 hidden train
batch idx 221 hidden train
batch idx 226 hidden train
37 torch.Size([50000]) tensor(0.1875, device='cuda:0')
[TRAIN] Acc: 8.750
[TEST] Acc: 10.100
Epoch: 18
batch idx 16 hidden train
batch idx 93 hidden train
batch idx 107 hidden train
batch idx 134 hidden train
batch idx 181 hidden train
batch idx 219 hidden train
batch idx 266 hidden train
batch idx 342 hidden train
batch idx 378 hidden train
30 torch.Size([50000]) tensor(0.1975, device='cuda:0')
[TRAIN] Acc: 10.000
[TEST] Acc: 10.100
Epoch: 19
batch idx 77 hidden train
batch idx 100 hidden train
batch idx 108 hidden train
batch idx 143 hidden train
batch idx 150 hidden train
batch idx 273 hidden train
batch idx 284 hidden train
batch idx 292 hidden train
batch idx 368 hidden train
29 torch.Size([50000]) tensor(0.1850, device='cuda:0')
[TRAIN] Acc: 10.000
[TEST] Acc: 10.080
Epoch: 20
batch idx 36 hidden train
batch idx 62 hidden train
batch idx 80 hidden train
batch idx 99 hidden train
batch idx 162 hidden train
batch idx 276 hidden train
batch idx 298 hidden train
batch idx 317 hidden train
batch idx 358 hidden train
27 torch.Size([50000]) tensor(0.1425, device='cuda:0')
[TRAIN] Acc: 8.750
[TEST] Acc: 10.150
Epoch: 21
batch idx 7 hidden train
batch idx 10 hidden train
batch idx 31 hidden train
batch idx 126 hidden train
batch idx 136 hidden train
batch idx 180 hidden train
batch idx 193 hidden train
batch idx 200 hidden train
batch idx 245 hidden train
35 torch.Size([50000]) tensor(0.1375, device='cuda:0')
[TRAIN] Acc: 11.250
[TEST] Acc: 10.070
Epoch: 22
batch idx 1 hidden train
batch idx 9 hidden train
batch idx 68 hidden train
batch idx 80 hidden train
batch idx 157 hidden train
batch idx 207 hidden train
batch idx 266 hidden train
batch idx 332 hidden train
batch idx 342 hidden train
21 torch.Size([50000]) tensor(0.1050, device='cuda:0')
[TRAIN] Acc: 10.000
[TEST] Acc: 9.940
Epoch: 23
batch idx 73 hidden train
batch idx 87 hidden train
batch idx 95 hidden train
batch idx 139 hidden train
batch idx 144 hidden train
batch idx 188 hidden train
batch idx 264 hidden train
batch idx 297 hidden train
batch idx 317 hidden train
41 torch.Size([50000]) tensor(0.1375, device='cuda:0')
[TRAIN] Acc: 17.500
[TEST] Acc: 10.000
Epoch: 24
batch idx 113 hidden train
batch idx 126 hidden train
batch idx 128 hidden train
batch idx 186 hidden train
batch idx 188 hidden train
batch idx 211 hidden train
batch idx 282 hidden train
batch idx 294 hidden train
batch idx 326 hidden train
38 torch.Size([50000]) tensor(0.1225, device='cuda:0')
[TRAIN] Acc: 10.000
[TEST] Acc: 9.990
Epoch: 25
batch idx 21 hidden train
batch idx 33 hidden train
batch idx 54 hidden train
batch idx 69 hidden train
batch idx 96 hidden train
batch idx 118 hidden train
batch idx 263 hidden train
batch idx 277 hidden train
batch idx 302 hidden train
24 torch.Size([50000]) tensor(0.0825, device='cuda:0')
[TRAIN] Acc: 12.500
[TEST] Acc: 10.050
Epoch: 26
batch idx 41 hidden train
batch idx 124 hidden train
batch idx 185 hidden train
batch idx 187 hidden train
batch idx 236 hidden train
batch idx 266 hidden train
batch idx 325 hidden train
batch idx 346 hidden train
batch idx 354 hidden train
77 torch.Size([50000]) tensor(0.2050, device='cuda:0')
[TRAIN] Acc: 13.750
[TEST] Acc: 10.060
Epoch: 27
batch idx 10 hidden train
batch idx 45 hidden train
batch idx 114 hidden train
batch idx 127 hidden train
batch idx 146 hidden train
batch idx 184 hidden train
batch idx 270 hidden train
batch idx 355 hidden train
batch idx 369 hidden train
43 torch.Size([50000]) tensor(0.1400, device='cuda:0')
[TRAIN] Acc: 8.750
[TEST] Acc: 10.050
Epoch: 28
batch idx 4 hidden train
batch idx 86 hidden train
batch idx 94 hidden train
batch idx 159 hidden train
batch idx 280 hidden train
batch idx 285 hidden train
batch idx 287 hidden train
batch idx 298 hidden train
batch idx 325 hidden train
19 torch.Size([50000]) tensor(0.0725, device='cuda:0')
[TRAIN] Acc: 8.750
[TEST] Acc: 10.140
Epoch: 29
batch idx 4 hidden train
batch idx 49 hidden train
batch idx 65 hidden train
batch idx 143 hidden train
batch idx 148 hidden train
batch idx 196 hidden train
batch idx 223 hidden train
batch idx 283 hidden train
batch idx 341 hidden train
42 torch.Size([50000]) tensor(0.1225, device='cuda:0')
[TRAIN] Acc: 8.750
[TEST] Acc: 10.000
Epoch: 30
batch idx 15 hidden train
batch idx 66 hidden train
batch idx 129 hidden train
batch idx 178 hidden train
batch idx 194 hidden train
batch idx 202 hidden train
batch idx 207 hidden train
batch idx 225 hidden train
batch idx 265 hidden train
23 torch.Size([50000]) tensor(0.0925, device='cuda:0')
[TRAIN] Acc: 12.500
[TEST] Acc: 10.060
Epoch: 31
batch idx 130 hidden train
batch idx 149 hidden train
batch idx 213 hidden train
batch idx 259 hidden train
batch idx 309 hidden train
batch idx 326 hidden train
batch idx 333 hidden train
batch idx 335 hidden train
batch idx 387 hidden train
28 torch.Size([50000]) tensor(0.1050, device='cuda:0')
[TRAIN] Acc: 10.000
[TEST] Acc: 10.060
Epoch: 32
batch idx 38 hidden train
batch idx 103 hidden train
batch idx 171 hidden train
batch idx 183 hidden train
batch idx 230 hidden train
batch idx 335 hidden train
batch idx 351 hidden train
batch idx 360 hidden train
batch idx 364 hidden train
39 torch.Size([50000]) tensor(0.1250, device='cuda:0')
[TRAIN] Acc: 10.000
[TEST] Acc: 10.080
Epoch: 33
batch idx 76 hidden train
batch idx 196 hidden train
batch idx 221 hidden train
batch idx 260 hidden train
batch idx 267 hidden train
batch idx 269 hidden train
batch idx 330 hidden train
batch idx 365 hidden train
batch idx 388 hidden train
43 torch.Size([50000]) tensor(0.1475, device='cuda:0')
[TRAIN] Acc: 12.500
[TEST] Acc: 10.070
Epoch: 34
batch idx 132 hidden train
batch idx 166 hidden train
batch idx 171 hidden train
batch idx 216 hidden train
batch idx 229 hidden train
batch idx 246 hidden train
batch idx 279 hidden train
batch idx 306 hidden train
batch idx 367 hidden train
39 torch.Size([50000]) tensor(0.1750, device='cuda:0')
[TRAIN] Acc: 6.250
[TEST] Acc: 10.070
Epoch: 35
batch idx 42 hidden train
batch idx 75 hidden train
batch idx 112 hidden train
batch idx 136 hidden train
batch idx 168 hidden train
batch idx 313 hidden train
batch idx 317 hidden train
batch idx 335 hidden train
batch idx 382 hidden train
21 torch.Size([50000]) tensor(0.1175, device='cuda:0')
[TRAIN] Acc: 8.750
[TEST] Acc: 10.050
Epoch: 36
batch idx 25 hidden train
batch idx 90 hidden train
batch idx 217 hidden train
batch idx 269 hidden train
batch idx 291 hidden train
batch idx 310 hidden train
batch idx 331 hidden train
batch idx 333 hidden train
batch idx 385 hidden train
44 torch.Size([50000]) tensor(0.1745, device='cuda:0')
[TRAIN] Acc: 10.000
[TEST] Acc: 9.990
Epoch: 37
batch idx 83 hidden train
batch idx 94 hidden train
batch idx 117 hidden train
batch idx 167 hidden train
batch idx 172 hidden train
batch idx 223 hidden train
batch idx 317 hidden train
batch idx 330 hidden train
batch idx 382 hidden train
37 torch.Size([50000]) tensor(0.1300, device='cuda:0')
[TRAIN] Acc: 8.750
[TEST] Acc: 10.070
Epoch: 38
batch idx 14 hidden train
batch idx 29 hidden train
batch idx 30 hidden train
batch idx 31 hidden train
batch idx 35 hidden train
batch idx 82 hidden train
batch idx 222 hidden train
batch idx 296 hidden train
batch idx 357 hidden train
16 torch.Size([50000]) tensor(0.0495, device='cuda:0')
[TRAIN] Acc: 15.000
[TEST] Acc: 10.070
Epoch: 39
batch idx 53 hidden train
batch idx 56 hidden train
batch idx 98 hidden train
batch idx 174 hidden train
batch idx 233 hidden train
batch idx 236 hidden train
batch idx 237 hidden train
batch idx 339 hidden train
batch idx 354 hidden train
68 torch.Size([50000]) tensor(0.1850, device='cuda:0')
[TRAIN] Acc: 5.000
[TEST] Acc: 10.070
Epoch: 40
batch idx 73 hidden train
batch idx 108 hidden train
batch idx 119 hidden train
batch idx 121 hidden train
batch idx 219 hidden train
batch idx 355 hidden train
batch idx 363 hidden train
batch idx 369 hidden train
batch idx 381 hidden train
14 torch.Size([50000]) tensor(0.0525, device='cuda:0')
[TRAIN] Acc: 7.500
[TEST] Acc: 10.100
Epoch: 41
batch idx 204 hidden train
batch idx 205 hidden train
batch idx 245 hidden train
batch idx 269 hidden train
batch idx 285 hidden train
batch idx 314 hidden train
batch idx 364 hidden train
batch idx 378 hidden train
batch idx 389 hidden train
55 torch.Size([50000]) tensor(0.1600, device='cuda:0')
[TRAIN] Acc: 12.500
[TEST] Acc: 10.000
Epoch: 42
batch idx 54 hidden train
batch idx 99 hidden train
batch idx 128 hidden train
batch idx 186 hidden train
batch idx 207 hidden train
batch idx 260 hidden train
batch idx 281 hidden train
batch idx 311 hidden train
batch idx 355 hidden train
23 torch.Size([50000]) tensor(0.0700, device='cuda:0')
[TRAIN] Acc: 11.250
[TEST] Acc: 10.100
Epoch: 43
batch idx 25 hidden train
batch idx 27 hidden train
batch idx 134 hidden train
batch idx 250 hidden train
batch idx 301 hidden train
batch idx 305 hidden train
batch idx 307 hidden train
batch idx 328 hidden train
batch idx 372 hidden train
28 torch.Size([50000]) tensor(0.0975, device='cuda:0')
[TRAIN] Acc: 5.000
[TEST] Acc: 10.020
Epoch: 44
batch idx 15 hidden train
batch idx 16 hidden train
batch idx 17 hidden train
batch idx 61 hidden train
batch idx 135 hidden train
batch idx 151 hidden train
batch idx 176 hidden train
batch idx 274 hidden train
batch idx 325 hidden train
68 torch.Size([50000]) tensor(0.2175, device='cuda:0')
[TRAIN] Acc: 11.250
[TEST] Acc: 10.110
Epoch: 45
batch idx 1 hidden train
batch idx 17 hidden train
batch idx 92 hidden train
batch idx 181 hidden train
batch idx 214 hidden train
batch idx 284 hidden train
batch idx 313 hidden train
batch idx 329 hidden train
batch idx 366 hidden train
49 torch.Size([50000]) tensor(0.1525, device='cuda:0')
[TRAIN] Acc: 10.000
[TEST] Acc: 10.070
Epoch: 46
batch idx 14 hidden train
batch idx 45 hidden train
batch idx 54 hidden train
batch idx 67 hidden train
batch idx 129 hidden train
batch idx 147 hidden train
batch idx 205 hidden train
batch idx 332 hidden train
batch idx 343 hidden train
31 torch.Size([50000]) tensor(0.1075, device='cuda:0')
[TRAIN] Acc: 6.250
[TEST] Acc: 10.050
Epoch: 47
batch idx 5 hidden train
batch idx 47 hidden train
batch idx 60 hidden train
batch idx 142 hidden train
batch idx 167 hidden train
batch idx 215 hidden train
batch idx 229 hidden train
batch idx 289 hidden train
batch idx 333 hidden train
54 torch.Size([50000]) tensor(0.1775, device='cuda:0')
[TRAIN] Acc: 6.250
[TEST] Acc: 10.000
Epoch: 48
batch idx 0 hidden train
batch idx 28 hidden train
batch idx 69 hidden train
batch idx 129 hidden train
batch idx 152 hidden train
batch idx 290 hidden train
batch idx 326 hidden train
batch idx 363 hidden train
batch idx 389 hidden train
33 torch.Size([50000]) tensor(0.1200, device='cuda:0')
[TRAIN] Acc: 7.500
[TEST] Acc: 10.020
Epoch: 49
batch idx 17 hidden train
batch idx 52 hidden train
batch idx 91 hidden train
batch idx 155 hidden train
batch idx 173 hidden train
batch idx 201 hidden train
batch idx 209 hidden train
batch idx 351 hidden train
batch idx 371 hidden train
25 torch.Size([50000]) tensor(0.0950, device='cuda:0')
[TRAIN] Acc: 16.250
[TEST] Acc: 10.000
Epoch: 50
batch idx 11 hidden train
batch idx 18 hidden train
batch idx 89 hidden train
batch idx 109 hidden train
batch idx 141 hidden train
batch idx 164 hidden train
batch idx 166 hidden train
batch idx 255 hidden train
batch idx 283 hidden train
19 torch.Size([50000]) tensor(0.0675, device='cuda:0')
[TRAIN] Acc: 7.500
[TEST] Acc: 10.070
Epoch: 51
batch idx 1 hidden train
batch idx 72 hidden train
batch idx 73 hidden train
batch idx 119 hidden train
batch idx 123 hidden train
batch idx 289 hidden train
batch idx 320 hidden train
batch idx 330 hidden train
batch idx 339 hidden train
50 torch.Size([50000]) tensor(0.1525, device='cuda:0')
[TRAIN] Acc: 11.250
[TEST] Acc: 10.000
Epoch: 52
batch idx 26 hidden train
batch idx 38 hidden train
batch idx 42 hidden train
batch idx 146 hidden train
batch idx 173 hidden train
batch idx 203 hidden train
batch idx 269 hidden train
batch idx 320 hidden train
batch idx 360 hidden train
23 torch.Size([50000]) tensor(0.0925, device='cuda:0')
[TRAIN] Acc: 12.500
[TEST] Acc: 10.070
Epoch: 53
batch idx 2 hidden train
batch idx 31 hidden train
batch idx 48 hidden train
batch idx 59 hidden train
batch idx 103 hidden train
batch idx 122 hidden train
batch idx 256 hidden train
batch idx 290 hidden train
batch idx 296 hidden train
17 torch.Size([50000]) tensor(0.0600, device='cuda:0')
[TRAIN] Acc: 5.000
[TEST] Acc: 10.080
Epoch: 54
batch idx 74 hidden train
batch idx 76 hidden train
batch idx 169 hidden train
batch idx 201 hidden train
batch idx 224 hidden train
batch idx 247 hidden train
batch idx 292 hidden train
batch idx 376 hidden train
batch idx 378 hidden train
32 torch.Size([50000]) tensor(0.1075, device='cuda:0')
[TRAIN] Acc: 7.500
[TEST] Acc: 10.070
Epoch: 55
batch idx 41 hidden train
batch idx 83 hidden train
batch idx 96 hidden train
batch idx 105 hidden train
batch idx 249 hidden train
batch idx 266 hidden train
batch idx 276 hidden train
batch idx 286 hidden train
batch idx 384 hidden train
27 torch.Size([50000]) tensor(0.0925, device='cuda:0')
[TRAIN] Acc: 5.000
[TEST] Acc: 10.070
Epoch: 56
batch idx 65 hidden train
batch idx 74 hidden train
batch idx 85 hidden train
batch idx 145 hidden train
batch idx 153 hidden train
batch idx 211 hidden train
batch idx 215 hidden train
batch idx 216 hidden train
batch idx 369 hidden train
25 torch.Size([50000]) tensor(0.0675, device='cuda:0')
[TRAIN] Acc: 5.000
[TEST] Acc: 10.060
Epoch: 57
batch idx 6 hidden train
batch idx 39 hidden train
batch idx 151 hidden train
batch idx 158 hidden train
batch idx 192 hidden train
batch idx 226 hidden train
batch idx 258 hidden train
batch idx 275 hidden train
batch idx 345 hidden train
41 torch.Size([50000]) tensor(0.1100, device='cuda:0')
[TRAIN] Acc: 13.750
[TEST] Acc: 10.020
Epoch: 58
batch idx 85 hidden train
batch idx 100 hidden train
batch idx 173 hidden train
batch idx 201 hidden train
batch idx 255 hidden train
batch idx 310 hidden train
batch idx 312 hidden train
batch idx 328 hidden train
batch idx 368 hidden train
48 torch.Size([50000]) tensor(0.1400, device='cuda:0')
[TRAIN] Acc: 11.250
[TEST] Acc: 10.000
Epoch: 59
batch idx 1 hidden train
batch idx 4 hidden train
batch idx 14 hidden train
batch idx 15 hidden train
batch idx 73 hidden train
batch idx 88 hidden train
batch idx 218 hidden train
batch idx 260 hidden train
batch idx 334 hidden train
13 torch.Size([50000]) tensor(0.0525, device='cuda:0')
[TRAIN] Acc: 5.000
[TEST] Acc: 10.050
Epoch: 60
batch idx 14 hidden train
batch idx 122 hidden train
batch idx 182 hidden train
batch idx 183 hidden train
batch idx 227 hidden train
batch idx 254 hidden train
batch idx 269 hidden train
batch idx 304 hidden train
batch idx 339 hidden train
27 torch.Size([50000]) tensor(0.0775, device='cuda:0')
[TRAIN] Acc: 10.000
[TEST] Acc: 10.040
Epoch: 61
batch idx 61 hidden train
batch idx 92 hidden train
batch idx 106 hidden train
batch idx 180 hidden train
batch idx 215 hidden train
batch idx 333 hidden train
batch idx 339 hidden train
batch idx 373 hidden train
batch idx 387 hidden train
26 torch.Size([50000]) tensor(0.0850, device='cuda:0')
[TRAIN] Acc: 11.250
[TEST] Acc: 10.070
0.03,0.1001
============ NEW BEST =============
BEST: 0.1001
Epoch: 62
batch idx 83 hidden train
batch idx 178 hidden train
batch idx 190 hidden train
batch idx 235 hidden train
batch idx 249 hidden train
batch idx 297 hidden train
batch idx 331 hidden train
batch idx 361 hidden train
batch idx 376 hidden train
17 torch.Size([50000]) tensor(0.0500, device='cuda:0')
[TRAIN] Acc: 7.500
[TEST] Acc: 10.050
0.03,0.1
Epoch: 63
batch idx 78 hidden train
batch idx 98 hidden train
batch idx 173 hidden train
batch idx 187 hidden train
batch idx 259 hidden train
batch idx 260 hidden train
batch idx 263 hidden train
batch idx 292 hidden train
batch idx 317 hidden train
85 torch.Size([50000]) tensor(0.2245, device='cuda:0')
[TRAIN] Acc: 11.250
[TEST] Acc: 10.010
0.03,0.0995
Epoch: 64
batch idx 11 hidden train
batch idx 14 hidden train
batch idx 35 hidden train
batch idx 48 hidden train
batch idx 161 hidden train
batch idx 175 hidden train
batch idx 196 hidden train
batch idx 295 hidden train
batch idx 345 hidden train
45 torch.Size([50000]) tensor(0.1450, device='cuda:0')
[TRAIN] Acc: 6.250
[TEST] Acc: 10.080
0.03,0.1004
============ NEW BEST =============
BEST: 0.1004
Epoch: 65
batch idx 8 hidden train
batch idx 30 hidden train
batch idx 116 hidden train
batch idx 169 hidden train
batch idx 211 hidden train
batch idx 213 hidden train
batch idx 277 hidden train
batch idx 366 hidden train
batch idx 374 hidden train
44 torch.Size([50000]) tensor(0.1300, device='cuda:0')
[TRAIN] Acc: 10.000
[TEST] Acc: 10.040
0.03,0.1001
Epoch: 66
batch idx 36 hidden train
batch idx 48 hidden train
batch idx 80 hidden train
batch idx 94 hidden train
batch idx 105 hidden train
batch idx 171 hidden train
batch idx 214 hidden train
batch idx 283 hidden train
batch idx 359 hidden train
26 torch.Size([50000]) tensor(0.1000, device='cuda:0')
[TRAIN] Acc: 15.000
[TEST] Acc: 10.040
0.03,0.1001
Epoch: 67
batch idx 40 hidden train
batch idx 46 hidden train
batch idx 171 hidden train
batch idx 172 hidden train
batch idx 264 hidden train
batch idx 302 hidden train
batch idx 317 hidden train
batch idx 333 hidden train
batch idx 355 hidden train
19 torch.Size([50000]) tensor(0.0700, device='cuda:0')
[TRAIN] Acc: 11.250
[TEST] Acc: 10.000
0.03,0.1
Epoch: 68
batch idx 48 hidden train
batch idx 70 hidden train
batch idx 100 hidden train
batch idx 113 hidden train
batch idx 173 hidden train
batch idx 273 hidden train
batch idx 312 hidden train
batch idx 374 hidden train
batch idx 382 hidden train
41 torch.Size([50000]) tensor(0.1400, device='cuda:0')
[TRAIN] Acc: 8.750
[TEST] Acc: 10.060
0.03,0.1001
Epoch: 69
batch idx 54 hidden train
batch idx 115 hidden train
batch idx 227 hidden train
batch idx 265 hidden train
batch idx 266 hidden train
batch idx 280 hidden train
batch idx 324 hidden train
batch idx 327 hidden train
batch idx 347 hidden train
11 torch.Size([50000]) tensor(0.0550, device='cuda:0')
[TRAIN] Acc: 5.000
[TEST] Acc: 10.040
0.03,0.1001
Epoch: 70
batch idx 0 hidden train
batch idx 22 hidden train
batch idx 132 hidden train
batch idx 150 hidden train
batch idx 162 hidden train
batch idx 189 hidden train
batch idx 242 hidden train
batch idx 364 hidden train
batch idx 387 hidden train
39 torch.Size([50000]) tensor(0.1125, device='cuda:0')
[TRAIN] Acc: 7.500
[TEST] Acc: 10.000
0.03,0.1
Epoch: 71
batch idx 38 hidden train
batch idx 53 hidden train
batch idx 58 hidden train
batch idx 88 hidden train
batch idx 100 hidden train
batch idx 146 hidden train
batch idx 167 hidden train
batch idx 276 hidden train
batch idx 308 hidden train
17 torch.Size([50000]) tensor(0.0550, device='cuda:0')
[TRAIN] Acc: 6.250
[TEST] Acc: 10.060
0.03,0.1001
Epoch: 72
batch idx 120 hidden train
batch idx 160 hidden train
batch idx 209 hidden train
batch idx 228 hidden train
batch idx 239 hidden train
batch idx 269 hidden train
batch idx 295 hidden train
batch idx 315 hidden train
batch idx 352 hidden train
59 torch.Size([50000]) tensor(0.1500, device='cuda:0')
[TRAIN] Acc: 21.250
[TEST] Acc: 10.060
0.03,0.1002
Epoch: 73
batch idx 7 hidden train
batch idx 36 hidden train
batch idx 38 hidden train
batch idx 46 hidden train
batch idx 56 hidden train
batch idx 91 hidden train
batch idx 109 hidden train
batch idx 323 hidden train
batch idx 384 hidden train
68 torch.Size([50000]) tensor(0.1800, device='cuda:0')
[TRAIN] Acc: 11.250
[TEST] Acc: 10.130
0.03,0.1005
============ NEW BEST =============
BEST: 0.1005
Epoch: 74
batch idx 76 hidden train
batch idx 101 hidden train
batch idx 105 hidden train
batch idx 119 hidden train
batch idx 164 hidden train
batch idx 172 hidden train
batch idx 321 hidden train
batch idx 343 hidden train
batch idx 354 hidden train
39 torch.Size([50000]) tensor(0.1075, device='cuda:0')
[TRAIN] Acc: 7.500
[TEST] Acc: 10.080
0.03,0.1003
Epoch: 75
batch idx 6 hidden train
batch idx 51 hidden train
batch idx 178 hidden train
batch idx 192 hidden train
batch idx 228 hidden train
batch idx 258 hidden train
batch idx 318 hidden train
batch idx 324 hidden train
batch idx 380 hidden train
31 torch.Size([50000]) tensor(0.0850, device='cuda:0')
[TRAIN] Acc: 6.250
[TEST] Acc: 10.080
0.03,0.1005
Epoch: 76
batch idx 3 hidden train
batch idx 172 hidden train
batch idx 206 hidden train
batch idx 220 hidden train
batch idx 248 hidden train
batch idx 249 hidden train
batch idx 257 hidden train
batch idx 280 hidden train
batch idx 329 hidden train
43 torch.Size([50000]) tensor(0.1075, device='cuda:0')
[TRAIN] Acc: 5.000
[TEST] Acc: 10.100
0.03,0.1006
============ NEW BEST =============
BEST: 0.1006
Epoch: 77
batch idx 10 hidden train
batch idx 48 hidden train
batch idx 72 hidden train
batch idx 193 hidden train
batch idx 241 hidden train
batch idx 269 hidden train
batch idx 288 hidden train
batch idx 332 hidden train
batch idx 358 hidden train
19 torch.Size([50000]) tensor(0.0500, device='cuda:0')
[TRAIN] Acc: 10.000
[TEST] Acc: 10.060
0.03,0.1
Epoch: 78
batch idx 3 hidden train
batch idx 21 hidden train
batch idx 22 hidden train
batch idx 42 hidden train
batch idx 128 hidden train
batch idx 181 hidden train
batch idx 198 hidden train
batch idx 228 hidden train
batch idx 347 hidden train
43 torch.Size([50000]) tensor(0.1150, device='cuda:0')
[TRAIN] Acc: 12.500
[TEST] Acc: 10.040
0.03,0.1001
Epoch: 79
batch idx 1 hidden train
batch idx 20 hidden train
batch idx 58 hidden train
batch idx 71 hidden train
batch idx 144 hidden train
batch idx 147 hidden train
batch idx 230 hidden train
batch idx 333 hidden train
batch idx 375 hidden train
31 torch.Size([50000]) tensor(0.0900, device='cuda:0')
[TRAIN] Acc: 3.750
[TEST] Acc: 10.060
0.03,0.1003
Epoch: 80
batch idx 11 hidden train
batch idx 18 hidden train
batch idx 43 hidden train
batch idx 73 hidden train
batch idx 131 hidden train
batch idx 276 hidden train
batch idx 321 hidden train
batch idx 325 hidden train
batch idx 356 hidden train
7 torch.Size([50000]) tensor(0.0225, device='cuda:0')
[TRAIN] Acc: 10.000
[TEST] Acc: 10.070
0.03,0.1002
Epoch: 81
batch idx 38 hidden train
batch idx 40 hidden train
batch idx 88 hidden train
batch idx 119 hidden train
batch idx 167 hidden train
batch idx 172 hidden train
batch idx 294 hidden train
batch idx 319 hidden train
batch idx 366 hidden train
10 torch.Size([50000]) tensor(0.0300, device='cuda:0')
[TRAIN] Acc: 11.250
[TEST] Acc: 10.010
0.03,0.1
Epoch: 82
batch idx 26 hidden train
batch idx 44 hidden train
batch idx 99 hidden train
batch idx 127 hidden train
batch idx 146 hidden train
batch idx 166 hidden train
batch idx 304 hidden train
batch idx 326 hidden train
batch idx 381 hidden train
7 torch.Size([50000]) tensor(0.0225, device='cuda:0')
[TRAIN] Acc: 5.000
[TEST] Acc: 10.020
0.03,0.1
Epoch: 83
batch idx 44 hidden train
batch idx 70 hidden train
batch idx 235 hidden train
batch idx 255 hidden train
batch idx 276 hidden train
batch idx 290 hidden train
batch idx 340 hidden train
batch idx 349 hidden train
batch idx 368 hidden train
11 torch.Size([50000]) tensor(0.0325, device='cuda:0')
[TRAIN] Acc: 6.250
[TEST] Acc: 10.050
0.03,0.1
Epoch: 84
batch idx 26 hidden train
batch idx 32 hidden train
batch idx 48 hidden train
batch idx 96 hidden train
batch idx 115 hidden train
batch idx 254 hidden train
batch idx 274 hidden train
batch idx 340 hidden train
batch idx 374 hidden train
24 torch.Size([50000]) tensor(0.0800, device='cuda:0')
[TRAIN] Acc: 18.750
[TEST] Acc: 10.050
0.03,0.1002
Epoch: 85
batch idx 28 hidden train
batch idx 47 hidden train
batch idx 51 hidden train
batch idx 73 hidden train
batch idx 74 hidden train
batch idx 111 hidden train
batch idx 194 hidden train
batch idx 212 hidden train
batch idx 221 hidden train
25 torch.Size([50000]) tensor(0.0875, device='cuda:0')
[TRAIN] Acc: 8.750
[TEST] Acc: 10.060
0.03,0.1004
Epoch: 86
batch idx 40 hidden train
batch idx 120 hidden train
batch idx 176 hidden train
batch idx 199 hidden train
batch idx 208 hidden train
batch idx 278 hidden train
batch idx 289 hidden train
batch idx 334 hidden train
batch idx 375 hidden train
33 torch.Size([50000]) tensor(0.1100, device='cuda:0')
[TRAIN] Acc: 12.500
[TEST] Acc: 10.070
0.03,0.1003
Epoch: 87
batch idx 42 hidden train
batch idx 101 hidden train
batch idx 198 hidden train
batch idx 205 hidden train
batch idx 234 hidden train
batch idx 257 hidden train
batch idx 304 hidden train
batch idx 314 hidden train
batch idx 369 hidden train
31 torch.Size([50000]) tensor(0.1025, device='cuda:0')
[TRAIN] Acc: 8.750
[TEST] Acc: 10.120
0.03,0.1007
============ NEW BEST =============
BEST: 0.1007
Epoch: 88
batch idx 35 hidden train
batch idx 55 hidden train
batch idx 60 hidden train
batch idx 76 hidden train
batch idx 142 hidden train
batch idx 164 hidden train
batch idx 317 hidden train
batch idx 367 hidden train
batch idx 370 hidden train
39 torch.Size([50000]) tensor(0.1275, device='cuda:0')
[TRAIN] Acc: 13.750
[TEST] Acc: 10.000
0.03,0.1
Epoch: 89
batch idx 31 hidden train
batch idx 71 hidden train
batch idx 81 hidden train
batch idx 91 hidden train
batch idx 142 hidden train
batch idx 311 hidden train
batch idx 327 hidden train
batch idx 334 hidden train
batch idx 380 hidden train
35 torch.Size([50000]) tensor(0.1420, device='cuda:0')
[TRAIN] Acc: 7.500
[TEST] Acc: 10.110
0.03,0.1006
Epoch: 90
batch idx 18 hidden train
batch idx 30 hidden train
batch idx 45 hidden train
batch idx 59 hidden train
batch idx 122 hidden train
batch idx 187 hidden train
batch idx 272 hidden train
batch idx 276 hidden train
batch idx 351 hidden train
187 torch.Size([50000]) tensor(0.5695, device='cuda:0')
[TRAIN] Acc: 6.250
[TEST] Acc: 10.000
0.03,0.1
Epoch: 91
batch idx 2 hidden train
batch idx 14 hidden train
batch idx 94 hidden train
batch idx 122 hidden train
batch idx 163 hidden train
batch idx 238 hidden train
batch idx 261 hidden train
batch idx 272 hidden train
batch idx 357 hidden train
319 torch.Size([50000]) tensor(7.5955, device='cuda:0')
[TRAIN] Acc: 13.750
[TEST] Acc: 10.000
0.03,0.1
Epoch: 92
batch idx 2 hidden train
batch idx 38 hidden train
batch idx 82 hidden train
batch idx 98 hidden train
batch idx 100 hidden train
batch idx 136 hidden train
batch idx 176 hidden train
batch idx 266 hidden train
batch idx 289 hidden train
344 torch.Size([50000]) tensor(13.0376, device='cuda:0')
[TRAIN] Acc: 15.000
[TEST] Acc: 10.000
0.03,0.1
Epoch: 93
batch idx 78 hidden train
batch idx 103 hidden train
batch idx 222 hidden train
batch idx 225 hidden train
batch idx 251 hidden train
batch idx 254 hidden train
batch idx 277 hidden train
batch idx 313 hidden train
batch idx 370 hidden train
383 torch.Size([50000]) tensor(10.7184, device='cuda:0')
[TRAIN] Acc: 12.500
[TEST] Acc: 10.000
0.03,0.1
Epoch: 94
batch idx 0 hidden train
batch idx 21 hidden train
batch idx 125 hidden train
batch idx 159 hidden train
batch idx 210 hidden train
batch idx 287 hidden train
batch idx 290 hidden train
batch idx 360 hidden train
batch idx 385 hidden train
442 torch.Size([50000]) tensor(9.2977, device='cuda:0')
[TRAIN] Acc: 8.750
[TEST] Acc: 10.000
0.03,0.1
Epoch: 95
batch idx 20 hidden train
batch idx 23 hidden train
batch idx 49 hidden train
batch idx 100 hidden train
batch idx 164 hidden train
batch idx 222 hidden train
batch idx 258 hidden train
batch idx 277 hidden train
batch idx 352 hidden train
499 torch.Size([50000]) tensor(12.5234, device='cuda:0')
[TRAIN] Acc: 8.750
[TEST] Acc: 10.000
0.03,0.1
Epoch: 96
batch idx 110 hidden train
batch idx 132 hidden train
batch idx 235 hidden train
batch idx 239 hidden train
batch idx 256 hidden train
batch idx 334 hidden train
batch idx 342 hidden train
batch idx 371 hidden train
batch idx 386 hidden train
571 torch.Size([50000]) tensor(15.7170, device='cuda:0')
[TRAIN] Acc: 15.000
[TEST] Acc: 10.000
0.03,0.1
Epoch: 97
batch idx 58 hidden train
batch idx 116 hidden train
batch idx 117 hidden train
batch idx 137 hidden train
batch idx 192 hidden train
batch idx 294 hidden train
batch idx 340 hidden train
batch idx 359 hidden train
batch idx 381 hidden train
702 torch.Size([50000]) tensor(18.0807, device='cuda:0')
[TRAIN] Acc: 7.500
[TEST] Acc: 10.000
0.03,0.1
Epoch: 98
batch idx 43 hidden train
batch idx 68 hidden train
batch idx 86 hidden train
batch idx 116 hidden train
batch idx 185 hidden train
batch idx 255 hidden train
batch idx 302 hidden train
batch idx 337 hidden train
batch idx 366 hidden train
3825 torch.Size([50000]) tensor(30.5091, device='cuda:0')
[TRAIN] Acc: 8.750
[TEST] Acc: 10.000
0.03,0.1
Epoch: 99
batch idx 2 hidden train
batch idx 25 hidden train
batch idx 27 hidden train
batch idx 95 hidden train
batch idx 98 hidden train
batch idx 260 hidden train
batch idx 323 hidden train
batch idx 335 hidden train
batch idx 379 hidden train
4146 torch.Size([50000]) tensor(31.7356, device='cuda:0')
[TRAIN] Acc: 12.500
[TEST] Acc: 10.000
0.03,0.1
Epoch: 100
batch idx 19 hidden train
batch idx 31 hidden train
batch idx 139 hidden train
batch idx 155 hidden train
batch idx 170 hidden train
batch idx 191 hidden train
batch idx 287 hidden train
batch idx 356 hidden train
batch idx 368 hidden train
4384 torch.Size([50000]) tensor(78.5938, device='cuda:0')
[TRAIN] Acc: 10.000
[TEST] Acc: 10.000
0.03,0.1
Epoch: 101
batch idx 90 hidden train
batch idx 117 hidden train
batch idx 126 hidden train
batch idx 169 hidden train
batch idx 199 hidden train
batch idx 208 hidden train
batch idx 223 hidden train
batch idx 340 hidden train
batch idx 355 hidden train
3279 torch.Size([50000]) tensor(126.4197, device='cuda:0')
[TRAIN] Acc: 12.500
[TEST] Acc: 10.000
0.03,0.1
Epoch: 102
batch idx 42 hidden train
batch idx 69 hidden train
batch idx 98 hidden train
batch idx 123 hidden train
batch idx 131 hidden train
batch idx 207 hidden train
batch idx 274 hidden train
batch idx 333 hidden train
batch idx 356 hidden train
3410 torch.Size([50000]) tensor(104.3807, device='cuda:0')
[TRAIN] Acc: 7.500
[TEST] Acc: 10.000
0.03,0.1
Epoch: 103
batch idx 31 hidden train
batch idx 34 hidden train
batch idx 40 hidden train
batch idx 97 hidden train
batch idx 201 hidden train
batch idx 270 hidden train
batch idx 271 hidden train
batch idx 362 hidden train
batch idx 388 hidden train
3446 torch.Size([50000]) tensor(91.9773, device='cuda:0')
[TRAIN] Acc: 13.750
[TEST] Acc: 10.000
0.03,0.1
Epoch: 104
batch idx 5 hidden train
batch idx 161 hidden train
batch idx 165 hidden train
batch idx 203 hidden train
batch idx 204 hidden train
batch idx 207 hidden train
batch idx 331 hidden train
batch idx 358 hidden train
batch idx 386 hidden train
3678 torch.Size([50000]) tensor(98.5426, device='cuda:0')
[TRAIN] Acc: 11.250
[TEST] Acc: 10.000
0.03,0.1
Epoch: 105
batch idx 66 hidden train
batch idx 75 hidden train
batch idx 131 hidden train
batch idx 143 hidden train
batch idx 161 hidden train
batch idx 242 hidden train
batch idx 271 hidden train
batch idx 273 hidden train
batch idx 388 hidden train
3881 torch.Size([50000]) tensor(96.8040, device='cuda:0')
[TRAIN] Acc: 13.750
[TEST] Acc: 10.000
0.03,0.1
Epoch: 106
batch idx 47 hidden train
batch idx 82 hidden train
batch idx 191 hidden train
batch idx 192 hidden train
batch idx 206 hidden train
batch idx 232 hidden train
batch idx 287 hidden train
batch idx 289 hidden train
batch idx 346 hidden train
4062 torch.Size([50000]) tensor(109.5711, device='cuda:0')
[TRAIN] Acc: 11.250
[TEST] Acc: 10.000
0.03,0.1
Epoch: 107
batch idx 38 hidden train
batch idx 39 hidden train
batch idx 62 hidden train
batch idx 77 hidden train
batch idx 160 hidden train
batch idx 198 hidden train
batch idx 202 hidden train
batch idx 297 hidden train
batch idx 342 hidden train
4053 torch.Size([50000]) tensor(111.6608, device='cuda:0')
[TRAIN] Acc: 5.000
[TEST] Acc: 10.000
0.03,0.1
Epoch: 108
batch idx 29 hidden train
batch idx 33 hidden train
batch idx 120 hidden train
batch idx 129 hidden train
batch idx 149 hidden train
batch idx 150 hidden train
batch idx 277 hidden train
batch idx 343 hidden train
batch idx 371 hidden train
4228 torch.Size([50000]) tensor(113.8382, device='cuda:0')
[TRAIN] Acc: 10.000
[TEST] Acc: 10.000
0.03,0.1
Epoch: 109
batch idx 1 hidden train
batch idx 194 hidden train
batch idx 219 hidden train
batch idx 223 hidden train
batch idx 251 hidden train
batch idx 261 hidden train
batch idx 268 hidden train
batch idx 308 hidden train
batch idx 373 hidden train
4344 torch.Size([50000]) tensor(118.8188, device='cuda:0')
[TRAIN] Acc: 6.250
[TEST] Acc: 10.000
0.03,0.1
Epoch: 110
batch idx 44 hidden train
batch idx 63 hidden train
batch idx 88 hidden train
batch idx 132 hidden train
batch idx 168 hidden train
batch idx 172 hidden train
batch idx 210 hidden train
batch idx 245 hidden train
batch idx 332 hidden train
4459 torch.Size([50000]) tensor(118.2682, device='cuda:0')
[TRAIN] Acc: 12.500
[TEST] Acc: 10.000
0.03,0.1
Epoch: 111
batch idx 17 hidden train
batch idx 117 hidden train
batch idx 121 hidden train
batch idx 134 hidden train
batch idx 265 hidden train
batch idx 301 hidden train
batch idx 306 hidden train
batch idx 329 hidden train
batch idx 333 hidden train
4546 torch.Size([50000]) tensor(123.7983, device='cuda:0')
[TRAIN] Acc: 7.500
[TEST] Acc: 10.000
0.03,0.1
Epoch: 112
batch idx 66 hidden train
batch idx 77 hidden train
batch idx 124 hidden train
batch idx 144 hidden train
batch idx 158 hidden train
batch idx 172 hidden train
batch idx 253 hidden train
batch idx 257 hidden train
batch idx 315 hidden train
4576 torch.Size([50000]) tensor(122.8074, device='cuda:0')
[TRAIN] Acc: 15.000
[TEST] Acc: 10.000
0.03,0.1
Epoch: 113
batch idx 2 hidden train
batch idx 57 hidden train
batch idx 67 hidden train
batch idx 77 hidden train
batch idx 190 hidden train
batch idx 203 hidden train
batch idx 204 hidden train
batch idx 282 hidden train
batch idx 373 hidden train
4614 torch.Size([50000]) tensor(119.8223, device='cuda:0')
[TRAIN] Acc: 3.750
[TEST] Acc: 10.000
0.03,0.1
Epoch: 114
batch idx 62 hidden train
batch idx 74 hidden train
batch idx 93 hidden train
batch idx 120 hidden train
batch idx 226 hidden train
batch idx 255 hidden train
batch idx 273 hidden train
batch idx 306 hidden train
batch idx 351 hidden train
4700 torch.Size([50000]) tensor(120.5755, device='cuda:0')
[TRAIN] Acc: 8.750
[TEST] Acc: 10.000
0.03,0.1
Epoch: 115
batch idx 40 hidden train
batch idx 73 hidden train
batch idx 94 hidden train
batch idx 144 hidden train
batch idx 155 hidden train
batch idx 191 hidden train
batch idx 293 hidden train
batch idx 359 hidden train
batch idx 378 hidden train
4762 torch.Size([50000]) tensor(123.8622, device='cuda:0')
[TRAIN] Acc: 8.750
[TEST] Acc: 10.000
0.03,0.1
Epoch: 116
batch idx 74 hidden train
batch idx 121 hidden train
batch idx 169 hidden train
batch idx 181 hidden train
batch idx 186 hidden train
batch idx 200 hidden train
batch idx 232 hidden train
batch idx 288 hidden train
batch idx 296 hidden train
4801 torch.Size([50000]) tensor(130.3035, device='cuda:0')
[TRAIN] Acc: 6.250
[TEST] Acc: 10.000
0.03,0.1
Epoch: 117
batch idx 27 hidden train
batch idx 33 hidden train
batch idx 101 hidden train
batch idx 153 hidden train
batch idx 176 hidden train
batch idx 190 hidden train
batch idx 256 hidden train
batch idx 278 hidden train
batch idx 337 hidden train
4692 torch.Size([50000]) tensor(126.7999, device='cuda:0')
[TRAIN] Acc: 13.750
[TEST] Acc: 18.770
0.03,0.1747
============ NEW BEST =============
BEST: 0.1747
Epoch: 118
batch idx 74 hidden train
batch idx 84 hidden train
batch idx 155 hidden train
batch idx 160 hidden train
batch idx 172 hidden train
batch idx 182 hidden train
batch idx 246 hidden train
batch idx 250 hidden train
batch idx 261 hidden train
4822 torch.Size([50000]) tensor(122.8285, device='cuda:0')
[TRAIN] Acc: 17.500
[TEST] Acc: 16.530
0.03,0.1516
Epoch: 119
batch idx 22 hidden train
batch idx 64 hidden train
batch idx 67 hidden train
batch idx 76 hidden train
batch idx 194 hidden train
batch idx 228 hidden train
batch idx 276 hidden train
batch idx 280 hidden train
batch idx 375 hidden train
4733 torch.Size([50000]) tensor(126.7046, device='cuda:0')
[TRAIN] Acc: 13.750
[TEST] Acc: 18.390
0.03,0.1752
============ NEW BEST =============
BEST: 0.1752
Epoch: 120
batch idx 32 hidden train
batch idx 45 hidden train
batch idx 119 hidden train
batch idx 143 hidden train
batch idx 192 hidden train
batch idx 209 hidden train
batch idx 230 hidden train
batch idx 232 hidden train
batch idx 379 hidden train
4839 torch.Size([50000]) tensor(117.4423, device='cuda:0')
[TRAIN] Acc: 12.500
[TEST] Acc: 18.690
0.03,0.1749
Epoch: 121
batch idx 67 hidden train
batch idx 78 hidden train
batch idx 106 hidden train
batch idx 118 hidden train
batch idx 188 hidden train
batch idx 197 hidden train
batch idx 202 hidden train
batch idx 233 hidden train
batch idx 235 hidden train
4880 torch.Size([50000]) tensor(122.0696, device='cuda:0')
[TRAIN] Acc: 18.750
[TEST] Acc: 18.500
0.03,0.1747
Epoch: 122
batch idx 23 hidden train
batch idx 45 hidden train
batch idx 72 hidden train
batch idx 262 hidden train
batch idx 309 hidden train
batch idx 318 hidden train
batch idx 339 hidden train
batch idx 363 hidden train
batch idx 371 hidden train
4902 torch.Size([50000]) tensor(118.0803, device='cuda:0')
[TRAIN] Acc: 15.000
[TEST] Acc: 18.070
0.03,0.1696
Epoch: 123
batch idx 46 hidden train
batch idx 67 hidden train
batch idx 136 hidden train
batch idx 227 hidden train
batch idx 228 hidden train
batch idx 232 hidden train
batch idx 323 hidden train
batch idx 346 hidden train
batch idx 381 hidden train
4932 torch.Size([50000]) tensor(117.1582, device='cuda:0')
[TRAIN] Acc: 13.750
[TEST] Acc: 18.500
0.03,0.1731
Epoch: 124
batch idx 56 hidden train
batch idx 63 hidden train
batch idx 96 hidden train
batch idx 154 hidden train
batch idx 220 hidden train
batch idx 264 hidden train
batch idx 323 hidden train
batch idx 373 hidden train
batch idx 376 hidden train
4858 torch.Size([50000]) tensor(119.3042, device='cuda:0')
[TRAIN] Acc: 20.000
[TEST] Acc: 18.660
0.03,0.1771
============ NEW BEST =============
BEST: 0.1771
Epoch: 125
batch idx 31 hidden train
batch idx 52 hidden train
batch idx 105 hidden train
batch idx 148 hidden train
batch idx 184 hidden train
batch idx 194 hidden train
batch idx 290 hidden train
batch idx 302 hidden train
batch idx 303 hidden train
5058 torch.Size([50000]) tensor(113.9523, device='cuda:0')
[TRAIN] Acc: 17.500
[TEST] Acc: 18.520
0.03,0.1739
Epoch: 126
batch idx 96 hidden train
batch idx 135 hidden train
batch idx 184 hidden train
batch idx 192 hidden train
batch idx 257 hidden train
batch idx 277 hidden train
batch idx 305 hidden train
batch idx 321 hidden train
batch idx 350 hidden train
5039 torch.Size([50000]) tensor(112.0176, device='cuda:0')
[TRAIN] Acc: 21.250
[TEST] Acc: 19.000
0.03,0.1711
Epoch: 127
batch idx 40 hidden train
batch idx 88 hidden train
batch idx 104 hidden train
batch idx 133 hidden train
batch idx 188 hidden train
batch idx 231 hidden train
batch idx 236 hidden train
batch idx 276 hidden train
batch idx 278 hidden train
5070 torch.Size([50000]) tensor(120.7725, device='cuda:0')
[TRAIN] Acc: 25.000
[TEST] Acc: 18.950
0.03,0.1732
Epoch: 128
batch idx 4 hidden train
batch idx 57 hidden train
batch idx 88 hidden train
batch idx 96 hidden train
batch idx 109 hidden train
batch idx 142 hidden train
batch idx 193 hidden train
batch idx 211 hidden train
batch idx 317 hidden train
5044 torch.Size([50000]) tensor(125.9210, device='cuda:0')
[TRAIN] Acc: 15.000
[TEST] Acc: 18.820
0.03,0.1677
Epoch: 129
batch idx 32 hidden train
batch idx 69 hidden train
batch idx 113 hidden train
batch idx 132 hidden train
batch idx 188 hidden train
batch idx 258 hidden train
batch idx 297 hidden train
batch idx 304 hidden train
batch idx 386 hidden train
4930 torch.Size([50000]) tensor(120.0024, device='cuda:0')
[TRAIN] Acc: 17.500
[TEST] Acc: 18.790
0.03,0.1735
Epoch: 130
batch idx 9 hidden train
batch idx 55 hidden train
batch idx 62 hidden train
batch idx 138 hidden train
batch idx 171 hidden train
batch idx 191 hidden train
batch idx 270 hidden train
batch idx 348 hidden train
batch idx 353 hidden train
4869 torch.Size([50000]) tensor(116.7540, device='cuda:0')
[TRAIN] Acc: 16.250
[TEST] Acc: 18.100
0.03,0.1778
============ NEW BEST =============
BEST: 0.1778
Epoch: 131
batch idx 14 hidden train
batch idx 20 hidden train
batch idx 30 hidden train
batch idx 46 hidden train
batch idx 127 hidden train
batch idx 207 hidden train
batch idx 238 hidden train
batch idx 302 hidden train
batch idx 304 hidden train
4949 torch.Size([50000]) tensor(113.9212, device='cuda:0')
[TRAIN] Acc: 12.500
[TEST] Acc: 18.970
0.03,0.1753
Epoch: 132
batch idx 16 hidden train
batch idx 82 hidden train
batch idx 142 hidden train
batch idx 183 hidden train
batch idx 237 hidden train
batch idx 275 hidden train
batch idx 289 hidden train
batch idx 346 hidden train
batch idx 358 hidden train
5098 torch.Size([50000]) tensor(125.1417, device='cuda:0')
[TRAIN] Acc: 15.000
[TEST] Acc: 19.250
0.03,0.177
Epoch: 133
batch idx 45 hidden train
batch idx 65 hidden train
batch idx 123 hidden train
batch idx 155 hidden train
batch idx 189 hidden train
batch idx 195 hidden train
batch idx 240 hidden train
batch idx 346 hidden train
batch idx 389 hidden train
4992 torch.Size([50000]) tensor(122.2047, device='cuda:0')
[TRAIN] Acc: 26.250
[TEST] Acc: 19.050
0.03,0.1763
Epoch: 134
batch idx 28 hidden train
batch idx 31 hidden train
batch idx 37 hidden train
batch idx 70 hidden train
batch idx 126 hidden train
batch idx 140 hidden train
batch idx 248 hidden train
batch idx 324 hidden train
batch idx 337 hidden train
5180 torch.Size([50000]) tensor(122.0082, device='cuda:0')
[TRAIN] Acc: 22.500
[TEST] Acc: 19.050
0.03,0.1801
============ NEW BEST =============
BEST: 0.1801
Epoch: 135
batch idx 0 hidden train
batch idx 19 hidden train
batch idx 55 hidden train
batch idx 130 hidden train
batch idx 137 hidden train
batch idx 142 hidden train
batch idx 143 hidden train
batch idx 246 hidden train
batch idx 316 hidden train
5098 torch.Size([50000]) tensor(114.2878, device='cuda:0')
[TRAIN] Acc: 15.000
[TEST] Acc: 18.990
0.03,0.1828
============ NEW BEST =============
BEST: 0.1828
Epoch: 136
batch idx 1 hidden train
batch idx 134 hidden train
batch idx 198 hidden train
batch idx 202 hidden train
batch idx 233 hidden train
batch idx 236 hidden train
batch idx 297 hidden train
batch idx 334 hidden train
batch idx 381 hidden train
5092 torch.Size([50000]) tensor(129.0865, device='cuda:0')
[TRAIN] Acc: 20.000
[TEST] Acc: 19.250
0.03,0.1814
Epoch: 137
batch idx 120 hidden train
batch idx 180 hidden train
batch idx 184 hidden train
batch idx 198 hidden train
batch idx 226 hidden train
batch idx 249 hidden train
batch idx 312 hidden train
batch idx 313 hidden train
batch idx 378 hidden train
5162 torch.Size([50000]) tensor(126.9289, device='cuda:0')
[TRAIN] Acc: 18.750
[TEST] Acc: 18.990
0.03,0.1817
Epoch: 138
batch idx 17 hidden train
batch idx 21 hidden train
batch idx 92 hidden train
batch idx 109 hidden train
batch idx 147 hidden train
batch idx 216 hidden train
batch idx 219 hidden train
batch idx 322 hidden train
batch idx 388 hidden train
5164 torch.Size([50000]) tensor(121.0393, device='cuda:0')
[TRAIN] Acc: 13.750
[TEST] Acc: 19.050
0.03,0.1775
Epoch: 139
batch idx 8 hidden train
batch idx 43 hidden train
batch idx 172 hidden train
batch idx 173 hidden train
batch idx 268 hidden train
batch idx 316 hidden train
batch idx 317 hidden train
batch idx 348 hidden train
batch idx 374 hidden train
5026 torch.Size([50000]) tensor(123.3222, device='cuda:0')
[TRAIN] Acc: 15.000
[TEST] Acc: 19.100
0.03,0.1805
Epoch: 140
batch idx 41 hidden train
batch idx 162 hidden train
batch idx 187 hidden train
batch idx 286 hidden train
batch idx 288 hidden train
batch idx 298 hidden train
batch idx 318 hidden train
batch idx 330 hidden train
batch idx 379 hidden train
5039 torch.Size([50000]) tensor(121.5027, device='cuda:0')
[TRAIN] Acc: 10.000
[TEST] Acc: 19.160
0.03,0.179
Epoch: 141
batch idx 74 hidden train
batch idx 135 hidden train
batch idx 166 hidden train
batch idx 213 hidden train
batch idx 338 hidden train
batch idx 340 hidden train
batch idx 367 hidden train
batch idx 379 hidden train
batch idx 389 hidden train
5081 torch.Size([50000]) tensor(122.1369, device='cuda:0')
[TRAIN] Acc: 16.250
[TEST] Acc: 19.300
0.03,0.1805
Epoch: 142
batch idx 75 hidden train
batch idx 92 hidden train
batch idx 105 hidden train
batch idx 232 hidden train
batch idx 233 hidden train
batch idx 335 hidden train
batch idx 343 hidden train
batch idx 359 hidden train
batch idx 381 hidden train
5078 torch.Size([50000]) tensor(126.1361, device='cuda:0')
[TRAIN] Acc: 27.500
[TEST] Acc: 19.270
0.03,0.1796
Epoch: 143
batch idx 13 hidden train
batch idx 16 hidden train
batch idx 49 hidden train
batch idx 98 hidden train
batch idx 128 hidden train
batch idx 188 hidden train
batch idx 221 hidden train
batch idx 282 hidden train
batch idx 305 hidden train
5042 torch.Size([50000]) tensor(127.4026, device='cuda:0')
[TRAIN] Acc: 17.500
[TEST] Acc: 19.270
0.03,0.1809
Epoch: 144
batch idx 40 hidden train
batch idx 77 hidden train
batch idx 159 hidden train
batch idx 228 hidden train
batch idx 244 hidden train
batch idx 276 hidden train
batch idx 343 hidden train
batch idx 347 hidden train
batch idx 349 hidden train
5077 torch.Size([50000]) tensor(127.7182, device='cuda:0')
[TRAIN] Acc: 23.750
[TEST] Acc: 19.230
0.03,0.1791
Epoch: 145
batch idx 64 hidden train
batch idx 75 hidden train
batch idx 130 hidden train
batch idx 171 hidden train
batch idx 218 hidden train
batch idx 256 hidden train
batch idx 270 hidden train
batch idx 296 hidden train
batch idx 366 hidden train
5084 torch.Size([50000]) tensor(131.3492, device='cuda:0')
[TRAIN] Acc: 13.750
[TEST] Acc: 19.240
0.03,0.1801
Epoch: 146
batch idx 10 hidden train
batch idx 92 hidden train
batch idx 96 hidden train
batch idx 147 hidden train
batch idx 190 hidden train
batch idx 193 hidden train
batch idx 242 hidden train
batch idx 314 hidden train
batch idx 332 hidden train
5087 torch.Size([50000]) tensor(131.9958, device='cuda:0')
[TRAIN] Acc: 17.500
[TEST] Acc: 18.910
0.03,0.1836
============ NEW BEST =============
BEST: 0.1836
Epoch: 147
batch idx 98 hidden train
batch idx 99 hidden train
batch idx 103 hidden train
batch idx 174 hidden train
batch idx 181 hidden train
batch idx 202 hidden train
batch idx 259 hidden train
batch idx 339 hidden train
batch idx 386 hidden train
5138 torch.Size([50000]) tensor(133.3963, device='cuda:0')
[TRAIN] Acc: 17.500
[TEST] Acc: 19.050
0.03,0.1801
Epoch: 148
batch idx 20 hidden train
batch idx 90 hidden train
batch idx 113 hidden train
batch idx 201 hidden train
batch idx 269 hidden train
batch idx 285 hidden train
batch idx 326 hidden train
batch idx 339 hidden train
batch idx 367 hidden train
5066 torch.Size([50000]) tensor(133.0567, device='cuda:0')
[TRAIN] Acc: 21.250
[TEST] Acc: 19.150
0.03,0.179
Epoch: 149
batch idx 17 hidden train
batch idx 34 hidden train
batch idx 237 hidden train
batch idx 251 hidden train
batch idx 279 hidden train
batch idx 288 hidden train
batch idx 301 hidden train
batch idx 346 hidden train
batch idx 385 hidden train
5062 torch.Size([50000]) tensor(134.5809, device='cuda:0')
[TRAIN] Acc: 28.750
[TEST] Acc: 19.170
0.03,0.1801
Epoch: 150
batch idx 77 hidden train
batch idx 87 hidden train
batch idx 92 hidden train
batch idx 143 hidden train
batch idx 167 hidden train
batch idx 218 hidden train
batch idx 273 hidden train
batch idx 313 hidden train
batch idx 367 hidden train
5081 torch.Size([50000]) tensor(133.3568, device='cuda:0')
[TRAIN] Acc: 16.250
[TEST] Acc: 19.170
0.03,0.1803
Epoch: 151
batch idx 79 hidden train
batch idx 84 hidden train
batch idx 105 hidden train
batch idx 213 hidden train
batch idx 237 hidden train
batch idx 295 hidden train
batch idx 304 hidden train
batch idx 320 hidden train
batch idx 372 hidden train
5164 torch.Size([50000]) tensor(133.3030, device='cuda:0')
[TRAIN] Acc: 26.250
[TEST] Acc: 19.180
0.03,0.179
Epoch: 152
batch idx 43 hidden train
batch idx 84 hidden train
batch idx 98 hidden train
batch idx 159 hidden train
batch idx 170 hidden train
batch idx 176 hidden train
batch idx 201 hidden train
batch idx 239 hidden train
batch idx 241 hidden train
5117 torch.Size([50000]) tensor(133.4684, device='cuda:0')
[TRAIN] Acc: 21.250
[TEST] Acc: 19.160
0.03,0.181
Epoch: 153
batch idx 28 hidden train
batch idx 99 hidden train
batch idx 126 hidden train
batch idx 160 hidden train
batch idx 196 hidden train
batch idx 229 hidden train
batch idx 231 hidden train
batch idx 299 hidden train
batch idx 312 hidden train
5047 torch.Size([50000]) tensor(132.9271, device='cuda:0')
[TRAIN] Acc: 17.500
[TEST] Acc: 19.190
0.03,0.1807
Epoch: 154
batch idx 62 hidden train
batch idx 93 hidden train
batch idx 206 hidden train
batch idx 212 hidden train
batch idx 218 hidden train
batch idx 231 hidden train
batch idx 235 hidden train
batch idx 343 hidden train
batch idx 353 hidden train
5018 torch.Size([50000]) tensor(133.0779, device='cuda:0')
[TRAIN] Acc: 17.500
[TEST] Acc: 19.280
0.03,0.1825
Epoch: 155
batch idx 32 hidden train
batch idx 76 hidden train
batch idx 210 hidden train
batch idx 249 hidden train
batch idx 271 hidden train
batch idx 283 hidden train
batch idx 313 hidden train
batch idx 316 hidden train
batch idx 358 hidden train
5021 torch.Size([50000]) tensor(135.9301, device='cuda:0')
[TRAIN] Acc: 17.500
[TEST] Acc: 19.180
0.03,0.1818
Epoch: 156
batch idx 8 hidden train
batch idx 56 hidden train
batch idx 137 hidden train
batch idx 218 hidden train
batch idx 274 hidden train
batch idx 339 hidden train
batch idx 345 hidden train
batch idx 373 hidden train
batch idx 384 hidden train
5058 torch.Size([50000]) tensor(134.7006, device='cuda:0')
[TRAIN] Acc: 16.250
[TEST] Acc: 19.250
0.03,0.1817
Epoch: 157
batch idx 7 hidden train
batch idx 83 hidden train
batch idx 114 hidden train
batch idx 117 hidden train
batch idx 165 hidden train
batch idx 177 hidden train
batch idx 186 hidden train
batch idx 295 hidden train
batch idx 320 hidden train
5073 torch.Size([50000]) tensor(133.9505, device='cuda:0')
[TRAIN] Acc: 15.000
[TEST] Acc: 19.250
0.03,0.1805
Epoch: 158
batch idx 5 hidden train
batch idx 34 hidden train
batch idx 104 hidden train
batch idx 140 hidden train
batch idx 163 hidden train
batch idx 220 hidden train
batch idx 246 hidden train
batch idx 314 hidden train
batch idx 371 hidden train
5062 torch.Size([50000]) tensor(133.7985, device='cuda:0')
[TRAIN] Acc: 18.750
[TEST] Acc: 19.060
0.03,0.1806
Epoch: 159
batch idx 2 hidden train
batch idx 19 hidden train
batch idx 145 hidden train
batch idx 174 hidden train
batch idx 241 hidden train
batch idx 245 hidden train
batch idx 314 hidden train
batch idx 357 hidden train
batch idx 380 hidden train
5029 torch.Size([50000]) tensor(135.0836, device='cuda:0')
[TRAIN] Acc: 21.250
[TEST] Acc: 19.170
0.03,0.1814
Epoch: 160
batch idx 3 hidden train
batch idx 56 hidden train
batch idx 59 hidden train
batch idx 70 hidden train
batch idx 88 hidden train
batch idx 99 hidden train
batch idx 157 hidden train
batch idx 201 hidden train
batch idx 279 hidden train
5030 torch.Size([50000]) tensor(134.8581, device='cuda:0')
[TRAIN] Acc: 30.000
[TEST] Acc: 19.140
0.03,0.1802
Epoch: 161
batch idx 13 hidden train
batch idx 30 hidden train
batch idx 89 hidden train
batch idx 98 hidden train
batch idx 110 hidden train
batch idx 217 hidden train
batch idx 242 hidden train
batch idx 323 hidden train
batch idx 354 hidden train
5080 torch.Size([50000]) tensor(134.6221, device='cuda:0')
[TRAIN] Acc: 8.750
[TEST] Acc: 19.300
0.03,0.1797
Epoch: 162
batch idx 68 hidden train
batch idx 120 hidden train
batch idx 204 hidden train
batch idx 219 hidden train
batch idx 268 hidden train
batch idx 359 hidden train
batch idx 368 hidden train
batch idx 375 hidden train
batch idx 388 hidden train
5059 torch.Size([50000]) tensor(134.0675, device='cuda:0')
[TRAIN] Acc: 26.250
[TEST] Acc: 19.310
0.03,0.1812
Epoch: 163
batch idx 113 hidden train
batch idx 115 hidden train
batch idx 129 hidden train
batch idx 133 hidden train
batch idx 211 hidden train
batch idx 279 hidden train
batch idx 316 hidden train
batch idx 326 hidden train
batch idx 332 hidden train
5007 torch.Size([50000]) tensor(134.3686, device='cuda:0')
[TRAIN] Acc: 15.000
[TEST] Acc: 19.220
0.03,0.1828
Epoch: 164
batch idx 16 hidden train
batch idx 21 hidden train
batch idx 89 hidden train
batch idx 174 hidden train
batch idx 254 hidden train
batch idx 281 hidden train
batch idx 305 hidden train
batch idx 374 hidden train
batch idx 389 hidden train
5019 torch.Size([50000]) tensor(133.3971, device='cuda:0')
[TRAIN] Acc: 22.500
[TEST] Acc: 19.320
0.03,0.1814
Epoch: 165
batch idx 13 hidden train
batch idx 69 hidden train
batch idx 138 hidden train
batch idx 146 hidden train
batch idx 198 hidden train
batch idx 242 hidden train
batch idx 253 hidden train
batch idx 340 hidden train
batch idx 375 hidden train
4986 torch.Size([50000]) tensor(132.8093, device='cuda:0')
[TRAIN] Acc: 22.500
[TEST] Acc: 18.930
0.03,0.181
Epoch: 166
batch idx 26 hidden train
batch idx 47 hidden train
batch idx 87 hidden train
batch idx 103 hidden train
batch idx 112 hidden train
batch idx 247 hidden train
batch idx 321 hidden train
batch idx 344 hidden train
batch idx 349 hidden train
4980 torch.Size([50000]) tensor(133.8535, device='cuda:0')
[TRAIN] Acc: 18.750
[TEST] Acc: 19.260
0.03,0.1822
Epoch: 167
batch idx 40 hidden train
batch idx 90 hidden train
batch idx 94 hidden train
batch idx 139 hidden train
batch idx 145 hidden train
batch idx 241 hidden train
batch idx 242 hidden train
batch idx 248 hidden train
batch idx 348 hidden train
5047 torch.Size([50000]) tensor(134.8560, device='cuda:0')
[TRAIN] Acc: 18.750
[TEST] Acc: 19.180
0.03,0.1816
Epoch: 168
batch idx 66 hidden train
batch idx 67 hidden train
batch idx 114 hidden train
batch idx 161 hidden train
batch idx 165 hidden train
batch idx 190 hidden train
batch idx 249 hidden train
batch idx 284 hidden train
batch idx 325 hidden train
5030 torch.Size([50000]) tensor(134.1312, device='cuda:0')
[TRAIN] Acc: 18.750
[TEST] Acc: 19.180
0.03,0.1853
============ NEW BEST =============
BEST: 0.1853
Epoch: 169
batch idx 16 hidden train
batch idx 36 hidden train
batch idx 50 hidden train
batch idx 57 hidden train
batch idx 268 hidden train
batch idx 276 hidden train
batch idx 317 hidden train
batch idx 321 hidden train
batch idx 329 hidden train
5004 torch.Size([50000]) tensor(134.2600, device='cuda:0')
[TRAIN] Acc: 16.250
[TEST] Acc: 19.280
0.03,0.1814
Epoch: 170
batch idx 85 hidden train
batch idx 108 hidden train
batch idx 124 hidden train
batch idx 136 hidden train
batch idx 137 hidden train
batch idx 170 hidden train
batch idx 207 hidden train
batch idx 235 hidden train
batch idx 301 hidden train
4964 torch.Size([50000]) tensor(133.7891, device='cuda:0')
[TRAIN] Acc: 20.000
[TEST] Acc: 19.200
0.03,0.1811
Epoch: 171
batch idx 22 hidden train
batch idx 43 hidden train
batch idx 61 hidden train
batch idx 112 hidden train
batch idx 171 hidden train
batch idx 262 hidden train
batch idx 271 hidden train
batch idx 326 hidden train
batch idx 344 hidden train
5029 torch.Size([50000]) tensor(135.4445, device='cuda:0')
[TRAIN] Acc: 25.000
[TEST] Acc: 19.320
0.03,0.1818
Epoch: 172
batch idx 55 hidden train
batch idx 154 hidden train
batch idx 221 hidden train
batch idx 240 hidden train
batch idx 254 hidden train
batch idx 320 hidden train
batch idx 356 hidden train
batch idx 368 hidden train
batch idx 383 hidden train
4973 torch.Size([50000]) tensor(133.8508, device='cuda:0')
[TRAIN] Acc: 17.500
[TEST] Acc: 19.270
0.03,0.1819
Epoch: 173
batch idx 51 hidden train
batch idx 95 hidden train
batch idx 131 hidden train
batch idx 173 hidden train
batch idx 219 hidden train
batch idx 309 hidden train
batch idx 317 hidden train
batch idx 361 hidden train
batch idx 385 hidden train
4997 torch.Size([50000]) tensor(134.2645, device='cuda:0')
[TRAIN] Acc: 17.500
[TEST] Acc: 19.300
0.03,0.1811
Epoch: 174
batch idx 11 hidden train
batch idx 37 hidden train
batch idx 77 hidden train
batch idx 95 hidden train
batch idx 119 hidden train
batch idx 166 hidden train
batch idx 170 hidden train
batch idx 210 hidden train
batch idx 340 hidden train
5044 torch.Size([50000]) tensor(135.9476, device='cuda:0')
[TRAIN] Acc: 12.500
[TEST] Acc: 19.260
0.03,0.1824
Epoch: 175
batch idx 48 hidden train
batch idx 59 hidden train
batch idx 204 hidden train
batch idx 211 hidden train
batch idx 212 hidden train
batch idx 312 hidden train
batch idx 343 hidden train
batch idx 359 hidden train
batch idx 378 hidden train
4977 torch.Size([50000]) tensor(135.7740, device='cuda:0')
[TRAIN] Acc: 7.500
[TEST] Acc: 19.120
0.03,0.1826
Epoch: 176
batch idx 2 hidden train
batch idx 122 hidden train
batch idx 276 hidden train
batch idx 346 hidden train
batch idx 353 hidden train
batch idx 357 hidden train
batch idx 365 hidden train
batch idx 376 hidden train
batch idx 387 hidden train
4993 torch.Size([50000]) tensor(135.4596, device='cuda:0')
[TRAIN] Acc: 10.000
[TEST] Acc: 19.260
0.03,0.1821
Epoch: 177
batch idx 39 hidden train
batch idx 70 hidden train
batch idx 112 hidden train
batch idx 117 hidden train
batch idx 175 hidden train
batch idx 214 hidden train
batch idx 253 hidden train
batch idx 295 hidden train
batch idx 300 hidden train
4927 torch.Size([50000]) tensor(135.3125, device='cuda:0')
[TRAIN] Acc: 22.500
[TEST] Acc: 19.360
0.03,0.1832
Epoch: 178
batch idx 7 hidden train
batch idx 19 hidden train
batch idx 54 hidden train
batch idx 122 hidden train
batch idx 184 hidden train
batch idx 221 hidden train
batch idx 273 hidden train
batch idx 286 hidden train
batch idx 333 hidden train
4938 torch.Size([50000]) tensor(134.5219, device='cuda:0')
[TRAIN] Acc: 25.000
[TEST] Acc: 19.350
0.03,0.184
Epoch: 179
batch idx 52 hidden train
batch idx 60 hidden train
batch idx 135 hidden train
batch idx 155 hidden train
batch idx 186 hidden train
batch idx 251 hidden train
batch idx 256 hidden train
batch idx 319 hidden train
batch idx 344 hidden train
4944 torch.Size([50000]) tensor(132.4324, device='cuda:0')
[TRAIN] Acc: 11.250
[TEST] Acc: 19.220
0.03,0.1824
Epoch: 180
batch idx 145 hidden train
batch idx 157 hidden train
batch idx 174 hidden train
batch idx 238 hidden train
batch idx 242 hidden train
batch idx 306 hidden train
batch idx 337 hidden train
batch idx 361 hidden train
batch idx 382 hidden train
4984 torch.Size([50000]) tensor(133.0988, device='cuda:0')
[TRAIN] Acc: 16.250
[TEST] Acc: 19.330
0.03,0.1828
Epoch: 181
batch idx 67 hidden train
batch idx 70 hidden train
batch idx 134 hidden train
batch idx 141 hidden train
batch idx 148 hidden train
batch idx 158 hidden train
batch idx 181 hidden train
batch idx 237 hidden train
batch idx 267 hidden train
4967 torch.Size([50000]) tensor(133.3128, device='cuda:0')
[TRAIN] Acc: 16.250
[TEST] Acc: 19.260
0.03,0.1819
Epoch: 182
batch idx 12 hidden train
batch idx 20 hidden train
batch idx 36 hidden train
batch idx 124 hidden train
batch idx 144 hidden train
batch idx 203 hidden train
batch idx 256 hidden train
batch idx 322 hidden train
batch idx 382 hidden train
4992 torch.Size([50000]) tensor(134.1261, device='cuda:0')
[TRAIN] Acc: 23.750
[TEST] Acc: 19.390
0.03,0.1834
Epoch: 183
batch idx 1 hidden train
batch idx 56 hidden train
batch idx 81 hidden train
batch idx 104 hidden train
batch idx 125 hidden train
batch idx 176 hidden train
batch idx 201 hidden train
batch idx 209 hidden train
batch idx 234 hidden train
5003 torch.Size([50000]) tensor(134.0244, device='cuda:0')
[TRAIN] Acc: 23.750
[TEST] Acc: 19.380
0.03,0.1837
Epoch: 184
batch idx 5 hidden train
batch idx 146 hidden train
batch idx 154 hidden train
batch idx 159 hidden train
batch idx 169 hidden train
batch idx 218 hidden train
batch idx 246 hidden train
batch idx 256 hidden train
batch idx 374 hidden train
4998 torch.Size([50000]) tensor(134.1695, device='cuda:0')
[TRAIN] Acc: 16.250
[TEST] Acc: 19.310
0.03,0.1835
Epoch: 185
batch idx 12 hidden train
batch idx 62 hidden train
batch idx 156 hidden train
batch idx 203 hidden train
batch idx 224 hidden train
batch idx 253 hidden train
batch idx 308 hidden train
batch idx 366 hidden train
batch idx 367 hidden train
5006 torch.Size([50000]) tensor(134.3866, device='cuda:0')
[TRAIN] Acc: 7.500
[TEST] Acc: 19.300
0.03,0.1829
Epoch: 186
batch idx 25 hidden train
batch idx 29 hidden train
batch idx 181 hidden train
batch idx 216 hidden train
batch idx 233 hidden train
batch idx 358 hidden train
batch idx 368 hidden train
batch idx 376 hidden train
batch idx 386 hidden train
4998 torch.Size([50000]) tensor(134.2881, device='cuda:0')
[TRAIN] Acc: 22.500
[TEST] Acc: 19.340
0.03,0.1834
Epoch: 187
batch idx 72 hidden train
batch idx 94 hidden train
batch idx 139 hidden train
batch idx 154 hidden train
batch idx 172 hidden train
batch idx 182 hidden train
batch idx 192 hidden train
batch idx 203 hidden train
batch idx 279 hidden train
4995 torch.Size([50000]) tensor(134.2695, device='cuda:0')
[TRAIN] Acc: 20.000
[TEST] Acc: 19.360
0.03,0.1835
Epoch: 188
batch idx 55 hidden train
batch idx 101 hidden train
batch idx 105 hidden train
batch idx 163 hidden train
batch idx 214 hidden train
batch idx 217 hidden train
batch idx 287 hidden train
batch idx 364 hidden train
batch idx 386 hidden train
4990 torch.Size([50000]) tensor(134.2775, device='cuda:0')
[TRAIN] Acc: 27.500
[TEST] Acc: 19.390
0.03,0.1832
Epoch: 189
batch idx 4 hidden train
batch idx 14 hidden train
batch idx 131 hidden train
batch idx 171 hidden train
batch idx 193 hidden train
batch idx 215 hidden train
batch idx 363 hidden train
batch idx 365 hidden train
batch idx 373 hidden train
5005 torch.Size([50000]) tensor(134.1062, device='cuda:0')
[TRAIN] Acc: 23.750
[TEST] Acc: 19.360
0.03,0.1837
Epoch: 190
batch idx 70 hidden train
batch idx 116 hidden train
batch idx 178 hidden train
batch idx 231 hidden train
batch idx 255 hidden train
batch idx 315 hidden train
batch idx 320 hidden train
batch idx 341 hidden train
batch idx 360 hidden train
5013 torch.Size([50000]) tensor(134.7343, device='cuda:0')
[TRAIN] Acc: 18.750
[TEST] Acc: 19.380
0.03,0.1834
Epoch: 191
batch idx 13 hidden train
batch idx 53 hidden train
batch idx 147 hidden train
batch idx 170 hidden train
batch idx 244 hidden train
batch idx 292 hidden train
batch idx 300 hidden train
batch idx 350 hidden train
batch idx 363 hidden train
5004 torch.Size([50000]) tensor(134.8559, device='cuda:0')
[TRAIN] Acc: 30.000
[TEST] Acc: 19.370
0.03,0.1834
Epoch: 192
batch idx 32 hidden train
batch idx 33 hidden train
batch idx 55 hidden train
batch idx 62 hidden train
batch idx 64 hidden train
batch idx 87 hidden train
batch idx 200 hidden train
batch idx 277 hidden train
batch idx 344 hidden train
5011 torch.Size([50000]) tensor(135.0654, device='cuda:0')
[TRAIN] Acc: 21.250
[TEST] Acc: 19.370
0.03,0.182
Epoch: 193
batch idx 12 hidden train
batch idx 23 hidden train
batch idx 41 hidden train
batch idx 71 hidden train
batch idx 188 hidden train
batch idx 283 hidden train
batch idx 335 hidden train
batch idx 350 hidden train
batch idx 369 hidden train
4986 torch.Size([50000]) tensor(134.9146, device='cuda:0')
[TRAIN] Acc: 26.250
[TEST] Acc: 19.360
0.03,0.1834
Epoch: 194
batch idx 66 hidden train
batch idx 138 hidden train
batch idx 164 hidden train
batch idx 166 hidden train
batch idx 231 hidden train
batch idx 239 hidden train
batch idx 243 hidden train
batch idx 245 hidden train
batch idx 257 hidden train
5033 torch.Size([50000]) tensor(135.7685, device='cuda:0')
[TRAIN] Acc: 17.500
[TEST] Acc: 19.340
0.03,0.1825
Epoch: 195
batch idx 65 hidden train
batch idx 138 hidden train
batch idx 150 hidden train
batch idx 171 hidden train
batch idx 229 hidden train
batch idx 269 hidden train
batch idx 279 hidden train
batch idx 287 hidden train
batch idx 390 hidden train
4985 torch.Size([50000]) tensor(135.3168, device='cuda:0')
[TRAIN] Acc: 22.500
[TEST] Acc: 19.340
0.03,0.1822
Epoch: 196
batch idx 1 hidden train
batch idx 92 hidden train
batch idx 106 hidden train
batch idx 167 hidden train
batch idx 242 hidden train
batch idx 260 hidden train
batch idx 268 hidden train
batch idx 312 hidden train
batch idx 343 hidden train
4988 torch.Size([50000]) tensor(134.9585, device='cuda:0')
[TRAIN] Acc: 22.500
[TEST] Acc: 19.330
0.03,0.1825
Epoch: 197
batch idx 4 hidden train
batch idx 69 hidden train
batch idx 86 hidden train
batch idx 110 hidden train
batch idx 196 hidden train
batch idx 198 hidden train
batch idx 219 hidden train
batch idx 286 hidden train
batch idx 363 hidden train
5019 torch.Size([50000]) tensor(135.0724, device='cuda:0')
[TRAIN] Acc: 32.500
[TEST] Acc: 19.330
0.03,0.1834
Epoch: 198
batch idx 43 hidden train
batch idx 76 hidden train
batch idx 136 hidden train
batch idx 157 hidden train
batch idx 159 hidden train
batch idx 236 hidden train
batch idx 304 hidden train
batch idx 319 hidden train
batch idx 325 hidden train
5004 torch.Size([50000]) tensor(135.0975, device='cuda:0')
[TRAIN] Acc: 18.750
[TEST] Acc: 19.360
0.03,0.1823
Epoch: 199
batch idx 5 hidden train
batch idx 97 hidden train
batch idx 149 hidden train
batch idx 297 hidden train
batch idx 311 hidden train
batch idx 315 hidden train
batch idx 320 hidden train
batch idx 328 hidden train
batch idx 376 hidden train
5002 torch.Size([50000]) tensor(135.0526, device='cuda:0')
[TRAIN] Acc: 12.500
[TEST] Acc: 19.340
0.03,0.1832
