model_out:  ./checkpoint/cifar10_vgg_adv
==> Preparing data..
Files already downloaded and verified
Training data will be SHUFFLED
Files already downloaded and verified
running experiment with mixup_in_epoch=0, hidden_in_epoch=10, mixup_alpha=1.0
Epoch: 0
batch idx 18 hidden train
batch idx 21 hidden train
batch idx 44 hidden train
batch idx 49 hidden train
batch idx 59 hidden train
batch idx 94 hidden train
batch idx 163 hidden train
batch idx 167 hidden train
batch idx 220 hidden train
batch idx 351 hidden train
5459 torch.Size([50000]) tensor(188.6322, device='cuda:0')
[TRAIN] Acc: 15.000
[TEST] Acc: 13.790
Epoch: 1
batch idx 9 hidden train
batch idx 24 hidden train
batch idx 149 hidden train
batch idx 171 hidden train
batch idx 222 hidden train
batch idx 261 hidden train
batch idx 290 hidden train
batch idx 332 hidden train
batch idx 383 hidden train
batch idx 387 hidden train
6726 torch.Size([50000]) tensor(89.8063, device='cuda:0')
[TRAIN] Acc: 10.000
[TEST] Acc: 10.000
Epoch: 2
batch idx 9 hidden train
batch idx 39 hidden train
batch idx 47 hidden train
batch idx 64 hidden train
batch idx 190 hidden train
batch idx 226 hidden train
batch idx 235 hidden train
batch idx 240 hidden train
batch idx 258 hidden train
batch idx 266 hidden train
6359 torch.Size([50000]) tensor(335.4388, device='cuda:0')
[TRAIN] Acc: 20.000
[TEST] Acc: 16.350
Epoch: 3
batch idx 12 hidden train
batch idx 26 hidden train
batch idx 43 hidden train
batch idx 77 hidden train
batch idx 97 hidden train
batch idx 105 hidden train
batch idx 151 hidden train
batch idx 199 hidden train
batch idx 276 hidden train
batch idx 340 hidden train
7560 torch.Size([50000]) tensor(384.4630, device='cuda:0')
[TRAIN] Acc: 21.250
[TEST] Acc: 17.230
Epoch: 4
batch idx 21 hidden train
batch idx 49 hidden train
batch idx 104 hidden train
batch idx 108 hidden train
batch idx 170 hidden train
batch idx 176 hidden train
batch idx 177 hidden train
batch idx 250 hidden train
batch idx 257 hidden train
batch idx 327 hidden train
7971 torch.Size([50000]) tensor(324.2344, device='cuda:0')
[TRAIN] Acc: 6.250
[TEST] Acc: 17.350
Epoch: 5
batch idx 66 hidden train
batch idx 122 hidden train
batch idx 167 hidden train
batch idx 168 hidden train
batch idx 210 hidden train
batch idx 293 hidden train
batch idx 294 hidden train
batch idx 297 hidden train
batch idx 302 hidden train
batch idx 315 hidden train
7896 torch.Size([50000]) tensor(371.3092, device='cuda:0')
[TRAIN] Acc: 21.250
[TEST] Acc: 17.380
Epoch: 6
batch idx 10 hidden train
batch idx 14 hidden train
batch idx 17 hidden train
batch idx 118 hidden train
batch idx 153 hidden train
batch idx 171 hidden train
batch idx 324 hidden train
batch idx 356 hidden train
batch idx 373 hidden train
batch idx 388 hidden train
8008 torch.Size([50000]) tensor(337.9243, device='cuda:0')
[TRAIN] Acc: 15.000
[TEST] Acc: 17.450
Epoch: 7
batch idx 116 hidden train
batch idx 120 hidden train
batch idx 167 hidden train
batch idx 181 hidden train
batch idx 194 hidden train
batch idx 230 hidden train
batch idx 275 hidden train
batch idx 283 hidden train
batch idx 361 hidden train
batch idx 362 hidden train
8068 torch.Size([50000]) tensor(294.7986, device='cuda:0')
[TRAIN] Acc: 12.500
[TEST] Acc: 17.410
Epoch: 8
batch idx 43 hidden train
batch idx 80 hidden train
batch idx 83 hidden train
batch idx 107 hidden train
batch idx 112 hidden train
batch idx 155 hidden train
batch idx 164 hidden train
batch idx 205 hidden train
batch idx 251 hidden train
batch idx 313 hidden train
8136 torch.Size([50000]) tensor(323.2209, device='cuda:0')
[TRAIN] Acc: 21.250
[TEST] Acc: 17.520
Epoch: 9
batch idx 16 hidden train
batch idx 26 hidden train
batch idx 41 hidden train
batch idx 126 hidden train
batch idx 220 hidden train
batch idx 240 hidden train
batch idx 278 hidden train
batch idx 305 hidden train
batch idx 347 hidden train
batch idx 355 hidden train
8245 torch.Size([50000]) tensor(320.9570, device='cuda:0')
[TRAIN] Acc: 16.250
[TEST] Acc: 17.440
Epoch: 10
batch idx 14 hidden train
batch idx 16 hidden train
batch idx 32 hidden train
batch idx 81 hidden train
batch idx 117 hidden train
batch idx 154 hidden train
batch idx 161 hidden train
batch idx 171 hidden train
batch idx 218 hidden train
batch idx 262 hidden train
8332 torch.Size([50000]) tensor(352.7695, device='cuda:0')
[TRAIN] Acc: 18.750
[TEST] Acc: 17.610
Epoch: 11
batch idx 59 hidden train
batch idx 86 hidden train
batch idx 91 hidden train
batch idx 165 hidden train
batch idx 188 hidden train
batch idx 284 hidden train
batch idx 286 hidden train
batch idx 336 hidden train
batch idx 351 hidden train
batch idx 384 hidden train
8475 torch.Size([50000]) tensor(371.9887, device='cuda:0')
[TRAIN] Acc: 11.250
[TEST] Acc: 17.600
Epoch: 12
batch idx 40 hidden train
batch idx 75 hidden train
batch idx 85 hidden train
batch idx 187 hidden train
batch idx 231 hidden train
batch idx 237 hidden train
batch idx 267 hidden train
batch idx 299 hidden train
batch idx 328 hidden train
batch idx 357 hidden train
8377 torch.Size([50000]) tensor(371.9698, device='cuda:0')
[TRAIN] Acc: 18.750
[TEST] Acc: 18.500
Epoch: 13
batch idx 39 hidden train
batch idx 54 hidden train
batch idx 99 hidden train
batch idx 136 hidden train
batch idx 138 hidden train
batch idx 173 hidden train
batch idx 180 hidden train
batch idx 252 hidden train
batch idx 359 hidden train
batch idx 387 hidden train
8883 torch.Size([50000]) tensor(351.4398, device='cuda:0')
[TRAIN] Acc: 25.000
[TEST] Acc: 19.870
Epoch: 14
batch idx 43 hidden train
batch idx 89 hidden train
batch idx 93 hidden train
batch idx 109 hidden train
batch idx 124 hidden train
batch idx 138 hidden train
batch idx 148 hidden train
batch idx 240 hidden train
batch idx 331 hidden train
batch idx 362 hidden train
9359 torch.Size([50000]) tensor(337.0776, device='cuda:0')
[TRAIN] Acc: 23.750
[TEST] Acc: 20.580
Epoch: 15
batch idx 4 hidden train
batch idx 46 hidden train
batch idx 49 hidden train
batch idx 105 hidden train
batch idx 109 hidden train
batch idx 169 hidden train
batch idx 229 hidden train
batch idx 267 hidden train
batch idx 294 hidden train
batch idx 358 hidden train
9568 torch.Size([50000]) tensor(318.6537, device='cuda:0')
[TRAIN] Acc: 31.250
[TEST] Acc: 21.430
Epoch: 16
batch idx 78 hidden train
batch idx 102 hidden train
batch idx 108 hidden train
batch idx 118 hidden train
batch idx 127 hidden train
batch idx 133 hidden train
batch idx 197 hidden train
batch idx 255 hidden train
batch idx 384 hidden train
batch idx 387 hidden train
9586 torch.Size([50000]) tensor(440.6932, device='cuda:0')
[TRAIN] Acc: 28.750
[TEST] Acc: 22.640
Epoch: 17
batch idx 37 hidden train
batch idx 134 hidden train
batch idx 213 hidden train
batch idx 230 hidden train
batch idx 256 hidden train
batch idx 275 hidden train
batch idx 294 hidden train
batch idx 341 hidden train
batch idx 344 hidden train
batch idx 387 hidden train
10149 torch.Size([50000]) tensor(392.0717, device='cuda:0')
[TRAIN] Acc: 26.250
[TEST] Acc: 22.140
Epoch: 18
batch idx 31 hidden train
batch idx 52 hidden train
batch idx 118 hidden train
batch idx 128 hidden train
batch idx 221 hidden train
batch idx 278 hidden train
batch idx 297 hidden train
batch idx 329 hidden train
batch idx 348 hidden train
batch idx 355 hidden train
10145 torch.Size([50000]) tensor(410.5794, device='cuda:0')
[TRAIN] Acc: 16.250
[TEST] Acc: 23.340
Epoch: 19
batch idx 84 hidden train
batch idx 96 hidden train
batch idx 168 hidden train
batch idx 186 hidden train
batch idx 253 hidden train
batch idx 262 hidden train
batch idx 285 hidden train
batch idx 297 hidden train
batch idx 298 hidden train
batch idx 382 hidden train
10408 torch.Size([50000]) tensor(462.0421, device='cuda:0')
[TRAIN] Acc: 22.500
[TEST] Acc: 22.860
Epoch: 20
batch idx 11 hidden train
batch idx 12 hidden train
batch idx 29 hidden train
batch idx 135 hidden train
batch idx 163 hidden train
batch idx 183 hidden train
batch idx 268 hidden train
batch idx 269 hidden train
batch idx 270 hidden train
batch idx 354 hidden train
10798 torch.Size([50000]) tensor(387.5496, device='cuda:0')
[TRAIN] Acc: 33.750
[TEST] Acc: 23.890
Epoch: 21
batch idx 19 hidden train
batch idx 24 hidden train
batch idx 29 hidden train
batch idx 60 hidden train
batch idx 83 hidden train
batch idx 84 hidden train
batch idx 90 hidden train
batch idx 209 hidden train
batch idx 224 hidden train
batch idx 281 hidden train
10919 torch.Size([50000]) tensor(376.0490, device='cuda:0')
[TRAIN] Acc: 22.500
[TEST] Acc: 24.960
Epoch: 22
batch idx 10 hidden train
batch idx 169 hidden train
batch idx 170 hidden train
batch idx 196 hidden train
batch idx 220 hidden train
batch idx 224 hidden train
batch idx 225 hidden train
batch idx 246 hidden train
batch idx 352 hidden train
batch idx 365 hidden train
11457 torch.Size([50000]) tensor(365.8770, device='cuda:0')
[TRAIN] Acc: 18.750
[TEST] Acc: 26.060
Epoch: 23
batch idx 5 hidden train
batch idx 78 hidden train
batch idx 175 hidden train
batch idx 232 hidden train
batch idx 256 hidden train
batch idx 266 hidden train
batch idx 286 hidden train
batch idx 316 hidden train
batch idx 345 hidden train
batch idx 364 hidden train
11577 torch.Size([50000]) tensor(383.2004, device='cuda:0')
[TRAIN] Acc: 18.750
[TEST] Acc: 26.340
Epoch: 24
batch idx 12 hidden train
batch idx 25 hidden train
batch idx 58 hidden train
batch idx 77 hidden train
batch idx 119 hidden train
batch idx 190 hidden train
batch idx 260 hidden train
batch idx 294 hidden train
batch idx 315 hidden train
batch idx 360 hidden train
11822 torch.Size([50000]) tensor(398.7401, device='cuda:0')
[TRAIN] Acc: 26.250
[TEST] Acc: 26.500
Epoch: 25
batch idx 41 hidden train
batch idx 69 hidden train
batch idx 85 hidden train
batch idx 131 hidden train
batch idx 154 hidden train
batch idx 178 hidden train
batch idx 222 hidden train
batch idx 269 hidden train
batch idx 370 hidden train
batch idx 371 hidden train
12156 torch.Size([50000]) tensor(415.4281, device='cuda:0')
[TRAIN] Acc: 25.000
[TEST] Acc: 27.470
Epoch: 26
batch idx 4 hidden train
batch idx 47 hidden train
batch idx 68 hidden train
batch idx 126 hidden train
batch idx 159 hidden train
batch idx 169 hidden train
batch idx 203 hidden train
batch idx 265 hidden train
batch idx 286 hidden train
batch idx 375 hidden train
12212 torch.Size([50000]) tensor(399.2815, device='cuda:0')
[TRAIN] Acc: 22.500
[TEST] Acc: 29.270
Epoch: 27
batch idx 0 hidden train
batch idx 26 hidden train
batch idx 62 hidden train
batch idx 117 hidden train
batch idx 135 hidden train
batch idx 176 hidden train
batch idx 200 hidden train
batch idx 213 hidden train
batch idx 246 hidden train
batch idx 335 hidden train
13139 torch.Size([50000]) tensor(406.8061, device='cuda:0')
[TRAIN] Acc: 20.000
[TEST] Acc: 26.950
Epoch: 28
batch idx 15 hidden train
batch idx 26 hidden train
batch idx 106 hidden train
batch idx 131 hidden train
batch idx 175 hidden train
batch idx 276 hidden train
batch idx 306 hidden train
batch idx 311 hidden train
batch idx 355 hidden train
batch idx 359 hidden train
13177 torch.Size([50000]) tensor(401.5724, device='cuda:0')
[TRAIN] Acc: 38.750
[TEST] Acc: 31.250
Epoch: 29
batch idx 11 hidden train
batch idx 30 hidden train
batch idx 33 hidden train
batch idx 82 hidden train
batch idx 127 hidden train
batch idx 138 hidden train
batch idx 213 hidden train
batch idx 265 hidden train
batch idx 284 hidden train
batch idx 366 hidden train
13641 torch.Size([50000]) tensor(330.1710, device='cuda:0')
[TRAIN] Acc: 27.500
[TEST] Acc: 31.740
Epoch: 30
batch idx 37 hidden train
batch idx 52 hidden train
batch idx 94 hidden train
batch idx 141 hidden train
batch idx 164 hidden train
batch idx 172 hidden train
batch idx 241 hidden train
batch idx 250 hidden train
batch idx 259 hidden train
batch idx 281 hidden train
14426 torch.Size([50000]) tensor(423.4150, device='cuda:0')
[TRAIN] Acc: 35.000
[TEST] Acc: 32.530
Epoch: 31
batch idx 12 hidden train
batch idx 60 hidden train
batch idx 73 hidden train
batch idx 117 hidden train
batch idx 130 hidden train
batch idx 158 hidden train
batch idx 247 hidden train
batch idx 297 hidden train
batch idx 335 hidden train
batch idx 361 hidden train
14806 torch.Size([50000]) tensor(349.7661, device='cuda:0')
[TRAIN] Acc: 35.000
[TEST] Acc: 36.180
Epoch: 32
batch idx 20 hidden train
batch idx 81 hidden train
batch idx 107 hidden train
batch idx 109 hidden train
batch idx 218 hidden train
batch idx 226 hidden train
batch idx 228 hidden train
batch idx 234 hidden train
batch idx 245 hidden train
batch idx 306 hidden train
15755 torch.Size([50000]) tensor(391.3668, device='cuda:0')
[TRAIN] Acc: 41.250
[TEST] Acc: 41.910
Epoch: 33
batch idx 7 hidden train
batch idx 27 hidden train
batch idx 57 hidden train
batch idx 106 hidden train
batch idx 125 hidden train
batch idx 141 hidden train
batch idx 209 hidden train
batch idx 244 hidden train
batch idx 288 hidden train
batch idx 373 hidden train
16673 torch.Size([50000]) tensor(436.3698, device='cuda:0')
[TRAIN] Acc: 46.250
[TEST] Acc: 33.870
Epoch: 34
batch idx 6 hidden train
batch idx 13 hidden train
batch idx 34 hidden train
batch idx 37 hidden train
batch idx 91 hidden train
batch idx 120 hidden train
batch idx 210 hidden train
batch idx 212 hidden train
batch idx 263 hidden train
batch idx 377 hidden train
17408 torch.Size([50000]) tensor(436.8136, device='cuda:0')
[TRAIN] Acc: 46.250
[TEST] Acc: 39.120
Epoch: 35
batch idx 31 hidden train
batch idx 102 hidden train
batch idx 174 hidden train
batch idx 191 hidden train
batch idx 286 hidden train
batch idx 303 hidden train
batch idx 347 hidden train
batch idx 360 hidden train
batch idx 374 hidden train
batch idx 377 hidden train
18215 torch.Size([50000]) tensor(441.0211, device='cuda:0')
[TRAIN] Acc: 53.750
[TEST] Acc: 43.510
Epoch: 36
batch idx 22 hidden train
batch idx 154 hidden train
batch idx 182 hidden train
batch idx 199 hidden train
batch idx 220 hidden train
batch idx 243 hidden train
batch idx 276 hidden train
batch idx 343 hidden train
batch idx 360 hidden train
batch idx 383 hidden train
19349 torch.Size([50000]) tensor(422.1047, device='cuda:0')
[TRAIN] Acc: 41.250
[TEST] Acc: 44.210
Epoch: 37
batch idx 2 hidden train
batch idx 59 hidden train
batch idx 60 hidden train
batch idx 225 hidden train
batch idx 242 hidden train
batch idx 300 hidden train
batch idx 313 hidden train
batch idx 330 hidden train
batch idx 351 hidden train
batch idx 366 hidden train
19945 torch.Size([50000]) tensor(417.4726, device='cuda:0')
[TRAIN] Acc: 46.250
[TEST] Acc: 44.270
Epoch: 38
batch idx 17 hidden train
batch idx 28 hidden train
batch idx 84 hidden train
batch idx 104 hidden train
batch idx 106 hidden train
batch idx 191 hidden train
batch idx 199 hidden train
batch idx 227 hidden train
batch idx 263 hidden train
batch idx 293 hidden train
19768 torch.Size([50000]) tensor(432.8516, device='cuda:0')
[TRAIN] Acc: 45.000
[TEST] Acc: 42.210
Epoch: 39
batch idx 102 hidden train
batch idx 153 hidden train
batch idx 170 hidden train
batch idx 186 hidden train
batch idx 193 hidden train
batch idx 199 hidden train
batch idx 253 hidden train
batch idx 300 hidden train
batch idx 324 hidden train
batch idx 343 hidden train
19636 torch.Size([50000]) tensor(401.8930, device='cuda:0')
[TRAIN] Acc: 51.250
[TEST] Acc: 45.540
Epoch: 40
batch idx 26 hidden train
batch idx 34 hidden train
batch idx 47 hidden train
batch idx 56 hidden train
batch idx 63 hidden train
batch idx 158 hidden train
batch idx 164 hidden train
batch idx 196 hidden train
batch idx 260 hidden train
batch idx 268 hidden train
20476 torch.Size([50000]) tensor(447.1910, device='cuda:0')
[TRAIN] Acc: 52.500
[TEST] Acc: 53.690
Epoch: 41
batch idx 50 hidden train
batch idx 65 hidden train
batch idx 82 hidden train
batch idx 163 hidden train
batch idx 195 hidden train
batch idx 228 hidden train
batch idx 244 hidden train
batch idx 270 hidden train
batch idx 317 hidden train
batch idx 379 hidden train
20413 torch.Size([50000]) tensor(384.3051, device='cuda:0')
[TRAIN] Acc: 53.750
[TEST] Acc: 56.180
Epoch: 42
batch idx 33 hidden train
batch idx 36 hidden train
batch idx 62 hidden train
batch idx 119 hidden train
batch idx 140 hidden train
batch idx 188 hidden train
batch idx 217 hidden train
batch idx 227 hidden train
batch idx 240 hidden train
batch idx 368 hidden train
21518 torch.Size([50000]) tensor(411.5091, device='cuda:0')
[TRAIN] Acc: 53.750
[TEST] Acc: 43.840
Epoch: 43
batch idx 3 hidden train
batch idx 19 hidden train
batch idx 52 hidden train
batch idx 95 hidden train
batch idx 138 hidden train
batch idx 183 hidden train
batch idx 198 hidden train
batch idx 228 hidden train
batch idx 240 hidden train
batch idx 266 hidden train
21617 torch.Size([50000]) tensor(371.9309, device='cuda:0')
[TRAIN] Acc: 48.750
[TEST] Acc: 48.880
Epoch: 44
batch idx 62 hidden train
batch idx 115 hidden train
batch idx 130 hidden train
batch idx 148 hidden train
batch idx 187 hidden train
batch idx 212 hidden train
batch idx 247 hidden train
batch idx 294 hidden train
batch idx 312 hidden train
batch idx 341 hidden train
22554 torch.Size([50000]) tensor(384.2352, device='cuda:0')
[TRAIN] Acc: 48.750
[TEST] Acc: 54.120
Epoch: 45
batch idx 117 hidden train
batch idx 121 hidden train
batch idx 126 hidden train
batch idx 216 hidden train
batch idx 221 hidden train
batch idx 296 hidden train
batch idx 318 hidden train
batch idx 322 hidden train
batch idx 355 hidden train
batch idx 367 hidden train
22876 torch.Size([50000]) tensor(394.3767, device='cuda:0')
[TRAIN] Acc: 63.750
[TEST] Acc: 59.800
Epoch: 46
batch idx 7 hidden train
batch idx 8 hidden train
batch idx 202 hidden train
batch idx 251 hidden train
batch idx 267 hidden train
batch idx 302 hidden train
batch idx 345 hidden train
batch idx 349 hidden train
batch idx 353 hidden train
batch idx 376 hidden train
24001 torch.Size([50000]) tensor(435.4422, device='cuda:0')
[TRAIN] Acc: 65.000
[TEST] Acc: 59.910
Epoch: 47
batch idx 32 hidden train
batch idx 38 hidden train
batch idx 63 hidden train
batch idx 116 hidden train
batch idx 122 hidden train
batch idx 220 hidden train
batch idx 286 hidden train
batch idx 324 hidden train
batch idx 330 hidden train
batch idx 360 hidden train
23954 torch.Size([50000]) tensor(421.8985, device='cuda:0')
[TRAIN] Acc: 60.000
[TEST] Acc: 59.850
Epoch: 48
batch idx 7 hidden train
batch idx 26 hidden train
batch idx 104 hidden train
batch idx 109 hidden train
batch idx 181 hidden train
batch idx 191 hidden train
batch idx 200 hidden train
batch idx 250 hidden train
batch idx 277 hidden train
batch idx 315 hidden train
23918 torch.Size([50000]) tensor(418.9476, device='cuda:0')
[TRAIN] Acc: 56.250
[TEST] Acc: 58.070
Epoch: 49
batch idx 42 hidden train
batch idx 47 hidden train
batch idx 55 hidden train
batch idx 83 hidden train
batch idx 99 hidden train
batch idx 136 hidden train
batch idx 198 hidden train
batch idx 300 hidden train
batch idx 305 hidden train
batch idx 320 hidden train
24719 torch.Size([50000]) tensor(356.2313, device='cuda:0')
[TRAIN] Acc: 66.250
[TEST] Acc: 58.360
Epoch: 50
batch idx 15 hidden train
batch idx 28 hidden train
batch idx 36 hidden train
batch idx 100 hidden train
batch idx 143 hidden train
batch idx 161 hidden train
batch idx 171 hidden train
batch idx 190 hidden train
batch idx 252 hidden train
batch idx 382 hidden train
25135 torch.Size([50000]) tensor(468.6305, device='cuda:0')
[TRAIN] Acc: 72.500
[TEST] Acc: 56.660
Epoch: 51
batch idx 18 hidden train
batch idx 122 hidden train
batch idx 198 hidden train
batch idx 209 hidden train
batch idx 255 hidden train
batch idx 286 hidden train
batch idx 288 hidden train
batch idx 300 hidden train
batch idx 350 hidden train
batch idx 360 hidden train
25688 torch.Size([50000]) tensor(421.3212, device='cuda:0')
[TRAIN] Acc: 76.250
[TEST] Acc: 55.160
Epoch: 52
batch idx 35 hidden train
batch idx 37 hidden train
batch idx 66 hidden train
batch idx 67 hidden train
batch idx 95 hidden train
batch idx 100 hidden train
batch idx 139 hidden train
batch idx 224 hidden train
batch idx 236 hidden train
batch idx 343 hidden train
25568 torch.Size([50000]) tensor(423.8378, device='cuda:0')
[TRAIN] Acc: 65.000
[TEST] Acc: 61.590
Epoch: 53
batch idx 58 hidden train
batch idx 60 hidden train
batch idx 99 hidden train
batch idx 124 hidden train
batch idx 142 hidden train
batch idx 223 hidden train
batch idx 226 hidden train
batch idx 227 hidden train
batch idx 362 hidden train
batch idx 378 hidden train
25911 torch.Size([50000]) tensor(357.1142, device='cuda:0')
[TRAIN] Acc: 63.750
[TEST] Acc: 61.940
Epoch: 54
batch idx 17 hidden train
batch idx 56 hidden train
batch idx 106 hidden train
batch idx 118 hidden train
batch idx 223 hidden train
batch idx 293 hidden train
batch idx 316 hidden train
batch idx 335 hidden train
batch idx 355 hidden train
batch idx 377 hidden train
26532 torch.Size([50000]) tensor(407.4132, device='cuda:0')
[TRAIN] Acc: 62.500
[TEST] Acc: 65.120
Epoch: 55
batch idx 11 hidden train
batch idx 150 hidden train
batch idx 157 hidden train
batch idx 250 hidden train
batch idx 261 hidden train
batch idx 290 hidden train
batch idx 318 hidden train
batch idx 334 hidden train
batch idx 347 hidden train
batch idx 358 hidden train
25265 torch.Size([50000]) tensor(379.4412, device='cuda:0')
[TRAIN] Acc: 67.500
[TEST] Acc: 64.050
Epoch: 56
batch idx 2 hidden train
batch idx 29 hidden train
batch idx 48 hidden train
batch idx 108 hidden train
batch idx 144 hidden train
batch idx 182 hidden train
batch idx 189 hidden train
batch idx 280 hidden train
batch idx 290 hidden train
batch idx 358 hidden train
27450 torch.Size([50000]) tensor(398.7371, device='cuda:0')
[TRAIN] Acc: 71.250
[TEST] Acc: 68.570
Epoch: 57
batch idx 16 hidden train
batch idx 62 hidden train
batch idx 72 hidden train
batch idx 86 hidden train
batch idx 95 hidden train
batch idx 117 hidden train
batch idx 174 hidden train
batch idx 327 hidden train
batch idx 345 hidden train
batch idx 378 hidden train
27684 torch.Size([50000]) tensor(387.1868, device='cuda:0')
[TRAIN] Acc: 68.750
[TEST] Acc: 69.700
Epoch: 58
batch idx 40 hidden train
batch idx 62 hidden train
batch idx 64 hidden train
batch idx 120 hidden train
batch idx 126 hidden train
batch idx 143 hidden train
batch idx 211 hidden train
batch idx 224 hidden train
batch idx 334 hidden train
batch idx 346 hidden train
27217 torch.Size([50000]) tensor(434.8901, device='cuda:0')
[TRAIN] Acc: 68.750
[TEST] Acc: 67.350
Epoch: 59
batch idx 26 hidden train
batch idx 66 hidden train
batch idx 100 hidden train
batch idx 106 hidden train
batch idx 198 hidden train
batch idx 274 hidden train
batch idx 304 hidden train
batch idx 322 hidden train
batch idx 330 hidden train
batch idx 343 hidden train
28170 torch.Size([50000]) tensor(374.4434, device='cuda:0')
[TRAIN] Acc: 78.750
[TEST] Acc: 69.170
Epoch: 60
batch idx 28 hidden train
batch idx 54 hidden train
batch idx 132 hidden train
batch idx 213 hidden train
batch idx 240 hidden train
batch idx 272 hidden train
batch idx 281 hidden train
batch idx 304 hidden train
batch idx 314 hidden train
batch idx 366 hidden train
28175 torch.Size([50000]) tensor(451.6194, device='cuda:0')
[TRAIN] Acc: 68.750
[TEST] Acc: 72.070
Epoch: 61
batch idx 66 hidden train
batch idx 87 hidden train
batch idx 144 hidden train
batch idx 187 hidden train
batch idx 189 hidden train
batch idx 233 hidden train
batch idx 268 hidden train
batch idx 340 hidden train
batch idx 356 hidden train
batch idx 373 hidden train
28192 torch.Size([50000]) tensor(409.5375, device='cuda:0')
[TRAIN] Acc: 72.500
[TEST] Acc: 68.090
0.03,0.2544
Epoch: 62
batch idx 86 hidden train
batch idx 96 hidden train
batch idx 136 hidden train
batch idx 167 hidden train
batch idx 182 hidden train
batch idx 194 hidden train
batch idx 256 hidden train
batch idx 307 hidden train
batch idx 381 hidden train
batch idx 389 hidden train
27823 torch.Size([50000]) tensor(418.8093, device='cuda:0')
[TRAIN] Acc: 75.000
[TEST] Acc: 70.160
0.03,0.287
Epoch: 63
batch idx 1 hidden train
batch idx 9 hidden train
batch idx 14 hidden train
batch idx 27 hidden train
batch idx 29 hidden train
batch idx 139 hidden train
batch idx 208 hidden train
batch idx 243 hidden train
batch idx 249 hidden train
batch idx 354 hidden train
28632 torch.Size([50000]) tensor(402.9522, device='cuda:0')
[TRAIN] Acc: 70.000
[TEST] Acc: 72.670
0.03,0.296
Epoch: 64
batch idx 24 hidden train
batch idx 63 hidden train
batch idx 69 hidden train
batch idx 184 hidden train
batch idx 194 hidden train
batch idx 220 hidden train
batch idx 238 hidden train
batch idx 302 hidden train
batch idx 309 hidden train
batch idx 362 hidden train
28745 torch.Size([50000]) tensor(368.1182, device='cuda:0')
[TRAIN] Acc: 83.750
[TEST] Acc: 72.450
0.03,0.2915
Epoch: 65
batch idx 21 hidden train
batch idx 42 hidden train
batch idx 56 hidden train
batch idx 176 hidden train
batch idx 210 hidden train
batch idx 259 hidden train
batch idx 277 hidden train
batch idx 322 hidden train
batch idx 328 hidden train
batch idx 331 hidden train
28673 torch.Size([50000]) tensor(350.5939, device='cuda:0')
[TRAIN] Acc: 70.000
[TEST] Acc: 74.600
0.03,0.293
Epoch: 66
batch idx 3 hidden train
batch idx 26 hidden train
batch idx 55 hidden train
batch idx 103 hidden train
batch idx 105 hidden train
batch idx 151 hidden train
batch idx 235 hidden train
batch idx 253 hidden train
batch idx 312 hidden train
batch idx 313 hidden train
29590 torch.Size([50000]) tensor(414.3235, device='cuda:0')
[TRAIN] Acc: 72.500
[TEST] Acc: 75.230
0.03,0.3138
Epoch: 67
batch idx 3 hidden train
batch idx 91 hidden train
batch idx 118 hidden train
batch idx 169 hidden train
batch idx 226 hidden train
batch idx 320 hidden train
batch idx 344 hidden train
batch idx 379 hidden train
batch idx 382 hidden train
batch idx 389 hidden train
29458 torch.Size([50000]) tensor(443.3727, device='cuda:0')
[TRAIN] Acc: 78.750
[TEST] Acc: 74.080
0.03,0.301
Epoch: 68
batch idx 95 hidden train
batch idx 120 hidden train
batch idx 173 hidden train
batch idx 224 hidden train
batch idx 253 hidden train
batch idx 285 hidden train
batch idx 290 hidden train
batch idx 293 hidden train
batch idx 312 hidden train
batch idx 365 hidden train
29038 torch.Size([50000]) tensor(414.9192, device='cuda:0')
[TRAIN] Acc: 72.500
[TEST] Acc: 73.860
0.03,0.2958
Epoch: 69
batch idx 29 hidden train
batch idx 55 hidden train
batch idx 57 hidden train
batch idx 87 hidden train
batch idx 99 hidden train
batch idx 123 hidden train
batch idx 193 hidden train
batch idx 229 hidden train
batch idx 262 hidden train
batch idx 307 hidden train
29528 torch.Size([50000]) tensor(405.4428, device='cuda:0')
[TRAIN] Acc: 67.500
[TEST] Acc: 66.900
0.03,0.2594
Epoch: 70
batch idx 14 hidden train
batch idx 46 hidden train
batch idx 66 hidden train
batch idx 68 hidden train
batch idx 83 hidden train
batch idx 238 hidden train
batch idx 320 hidden train
batch idx 325 hidden train
batch idx 351 hidden train
batch idx 365 hidden train
29343 torch.Size([50000]) tensor(372.7718, device='cuda:0')
[TRAIN] Acc: 76.250
[TEST] Acc: 71.550
0.03,0.3088
Epoch: 71
batch idx 46 hidden train
batch idx 99 hidden train
batch idx 117 hidden train
batch idx 133 hidden train
batch idx 188 hidden train
batch idx 230 hidden train
batch idx 240 hidden train
batch idx 319 hidden train
batch idx 338 hidden train
batch idx 377 hidden train
29916 torch.Size([50000]) tensor(447.0330, device='cuda:0')
[TRAIN] Acc: 81.250
[TEST] Acc: 73.230
0.03,0.3088
Epoch: 72
batch idx 35 hidden train
batch idx 45 hidden train
batch idx 73 hidden train
batch idx 149 hidden train
batch idx 156 hidden train
batch idx 198 hidden train
batch idx 288 hidden train
batch idx 309 hidden train
batch idx 330 hidden train
batch idx 382 hidden train
30056 torch.Size([50000]) tensor(474.4692, device='cuda:0')
[TRAIN] Acc: 71.250
[TEST] Acc: 68.890
0.03,0.2845
Epoch: 73
batch idx 62 hidden train
batch idx 87 hidden train
batch idx 172 hidden train
batch idx 178 hidden train
batch idx 180 hidden train
batch idx 237 hidden train
batch idx 252 hidden train
batch idx 300 hidden train
batch idx 363 hidden train
batch idx 365 hidden train
29063 torch.Size([50000]) tensor(422.8774, device='cuda:0')
[TRAIN] Acc: 70.000
[TEST] Acc: 70.680
0.03,0.2604
Epoch: 74
batch idx 48 hidden train
batch idx 92 hidden train
batch idx 98 hidden train
batch idx 100 hidden train
batch idx 142 hidden train
batch idx 182 hidden train
batch idx 235 hidden train
batch idx 302 hidden train
batch idx 361 hidden train
batch idx 378 hidden train
30014 torch.Size([50000]) tensor(465.8479, device='cuda:0')
[TRAIN] Acc: 70.000
[TEST] Acc: 71.960
0.03,0.2748
Epoch: 75
batch idx 57 hidden train
batch idx 63 hidden train
batch idx 85 hidden train
batch idx 157 hidden train
batch idx 207 hidden train
batch idx 222 hidden train
batch idx 256 hidden train
batch idx 280 hidden train
batch idx 317 hidden train
batch idx 332 hidden train
30393 torch.Size([50000]) tensor(421.1924, device='cuda:0')
[TRAIN] Acc: 75.000
[TEST] Acc: 77.040
0.03,0.3193
Epoch: 76
batch idx 0 hidden train
batch idx 28 hidden train
batch idx 54 hidden train
batch idx 57 hidden train
batch idx 84 hidden train
batch idx 135 hidden train
batch idx 207 hidden train
batch idx 325 hidden train
batch idx 348 hidden train
batch idx 380 hidden train
30354 torch.Size([50000]) tensor(441.8388, device='cuda:0')
[TRAIN] Acc: 72.500
[TEST] Acc: 78.060
0.03,0.3314
Epoch: 77
batch idx 0 hidden train
batch idx 23 hidden train
batch idx 65 hidden train
batch idx 126 hidden train
batch idx 153 hidden train
batch idx 271 hidden train
batch idx 274 hidden train
batch idx 318 hidden train
batch idx 360 hidden train
batch idx 384 hidden train
30660 torch.Size([50000]) tensor(475.8431, device='cuda:0')
[TRAIN] Acc: 85.000
[TEST] Acc: 73.570
0.03,0.3125
Epoch: 78
batch idx 45 hidden train
batch idx 55 hidden train
batch idx 169 hidden train
batch idx 254 hidden train
batch idx 290 hidden train
batch idx 312 hidden train
batch idx 315 hidden train
batch idx 326 hidden train
batch idx 384 hidden train
batch idx 387 hidden train
30146 torch.Size([50000]) tensor(434.6548, device='cuda:0')
[TRAIN] Acc: 73.750
[TEST] Acc: 61.660
0.03,0.2686
Epoch: 79
batch idx 65 hidden train
batch idx 71 hidden train
batch idx 75 hidden train
batch idx 135 hidden train
batch idx 148 hidden train
batch idx 251 hidden train
batch idx 293 hidden train
batch idx 327 hidden train
batch idx 341 hidden train
batch idx 360 hidden train
30081 torch.Size([50000]) tensor(402.5601, device='cuda:0')
[TRAIN] Acc: 78.750
[TEST] Acc: 75.410
0.03,0.3426
Epoch: 80
batch idx 38 hidden train
batch idx 68 hidden train
batch idx 111 hidden train
batch idx 198 hidden train
batch idx 200 hidden train
batch idx 208 hidden train
batch idx 266 hidden train
batch idx 292 hidden train
batch idx 300 hidden train
batch idx 311 hidden train
36323 torch.Size([50000]) tensor(470.3688, device='cuda:0')
[TRAIN] Acc: 77.500
[TEST] Acc: 81.760
0.03,0.3948
Epoch: 81
batch idx 55 hidden train
batch idx 112 hidden train
batch idx 126 hidden train
batch idx 166 hidden train
batch idx 206 hidden train
batch idx 276 hidden train
batch idx 278 hidden train
batch idx 320 hidden train
batch idx 339 hidden train
batch idx 369 hidden train
36583 torch.Size([50000]) tensor(576.6687, device='cuda:0')
[TRAIN] Acc: 77.500
[TEST] Acc: 82.010
0.03,0.4356
Epoch: 82
batch idx 34 hidden train
batch idx 110 hidden train
batch idx 194 hidden train
batch idx 198 hidden train
batch idx 225 hidden train
batch idx 281 hidden train
batch idx 282 hidden train
batch idx 342 hidden train
batch idx 343 hidden train
batch idx 386 hidden train
35760 torch.Size([50000]) tensor(646.6394, device='cuda:0')
[TRAIN] Acc: 71.250
[TEST] Acc: 81.410
0.03,0.4479
Epoch: 83
batch idx 57 hidden train
batch idx 162 hidden train
batch idx 197 hidden train
batch idx 255 hidden train
batch idx 266 hidden train
batch idx 335 hidden train
batch idx 369 hidden train
batch idx 376 hidden train
batch idx 380 hidden train
batch idx 387 hidden train
35486 torch.Size([50000]) tensor(664.0542, device='cuda:0')
[TRAIN] Acc: 73.750
[TEST] Acc: 81.330
0.03,0.467
Epoch: 84
batch idx 33 hidden train
batch idx 132 hidden train
batch idx 161 hidden train
batch idx 162 hidden train
batch idx 200 hidden train
batch idx 204 hidden train
batch idx 217 hidden train
batch idx 237 hidden train
batch idx 248 hidden train
batch idx 263 hidden train
35096 torch.Size([50000]) tensor(662.2677, device='cuda:0')
[TRAIN] Acc: 78.750
[TEST] Acc: 80.820
0.03,0.4761
Epoch: 85
batch idx 1 hidden train
batch idx 28 hidden train
batch idx 48 hidden train
batch idx 54 hidden train
batch idx 122 hidden train
batch idx 133 hidden train
batch idx 140 hidden train
batch idx 151 hidden train
batch idx 258 hidden train
batch idx 386 hidden train
34791 torch.Size([50000]) tensor(671.2842, device='cuda:0')
[TRAIN] Acc: 82.500
[TEST] Acc: 80.530
0.03,0.4617
Epoch: 86
batch idx 26 hidden train
batch idx 27 hidden train
batch idx 28 hidden train
batch idx 70 hidden train
batch idx 124 hidden train
batch idx 158 hidden train
batch idx 244 hidden train
batch idx 250 hidden train
batch idx 289 hidden train
batch idx 315 hidden train
34617 torch.Size([50000]) tensor(681.2323, device='cuda:0')
[TRAIN] Acc: 80.000
[TEST] Acc: 80.680
0.03,0.4591
Epoch: 87
batch idx 22 hidden train
batch idx 58 hidden train
batch idx 85 hidden train
batch idx 100 hidden train
batch idx 176 hidden train
batch idx 188 hidden train
batch idx 229 hidden train
batch idx 279 hidden train
batch idx 348 hidden train
batch idx 357 hidden train
34880 torch.Size([50000]) tensor(723.2422, device='cuda:0')
[TRAIN] Acc: 82.500
[TEST] Acc: 80.290
0.03,0.4833
Epoch: 88
batch idx 38 hidden train
batch idx 86 hidden train
batch idx 112 hidden train
batch idx 113 hidden train
batch idx 164 hidden train
batch idx 212 hidden train
batch idx 215 hidden train
batch idx 231 hidden train
batch idx 273 hidden train
batch idx 381 hidden train
35094 torch.Size([50000]) tensor(686.3490, device='cuda:0')
[TRAIN] Acc: 80.000
[TEST] Acc: 80.020
0.03,0.471
Epoch: 89
batch idx 68 hidden train
batch idx 160 hidden train
batch idx 186 hidden train
batch idx 188 hidden train
batch idx 285 hidden train
batch idx 288 hidden train
batch idx 309 hidden train
batch idx 318 hidden train
batch idx 345 hidden train
batch idx 378 hidden train
34720 torch.Size([50000]) tensor(665.6343, device='cuda:0')
[TRAIN] Acc: 82.500
[TEST] Acc: 80.100
0.03,0.4742
Epoch: 90
batch idx 10 hidden train
batch idx 47 hidden train
batch idx 49 hidden train
batch idx 185 hidden train
batch idx 205 hidden train
batch idx 281 hidden train
batch idx 293 hidden train
batch idx 311 hidden train
batch idx 335 hidden train
batch idx 374 hidden train
34967 torch.Size([50000]) tensor(711.5018, device='cuda:0')
[TRAIN] Acc: 76.250
[TEST] Acc: 80.820
0.03,0.4757
Epoch: 91
batch idx 1 hidden train
batch idx 39 hidden train
batch idx 57 hidden train
batch idx 82 hidden train
batch idx 139 hidden train
batch idx 181 hidden train
batch idx 227 hidden train
batch idx 255 hidden train
batch idx 305 hidden train
batch idx 357 hidden train
35103 torch.Size([50000]) tensor(679.2639, device='cuda:0')
[TRAIN] Acc: 75.000
[TEST] Acc: 80.080
0.03,0.4693
Epoch: 92
batch idx 24 hidden train
batch idx 110 hidden train
batch idx 178 hidden train
batch idx 192 hidden train
batch idx 209 hidden train
batch idx 250 hidden train
batch idx 261 hidden train
batch idx 268 hidden train
batch idx 338 hidden train
batch idx 343 hidden train
35005 torch.Size([50000]) tensor(670.1513, device='cuda:0')
[TRAIN] Acc: 80.000
[TEST] Acc: 80.930
0.03,0.4748
Epoch: 93
batch idx 13 hidden train
batch idx 65 hidden train
batch idx 114 hidden train
batch idx 139 hidden train
batch idx 181 hidden train
batch idx 227 hidden train
batch idx 258 hidden train
batch idx 311 hidden train
batch idx 335 hidden train
batch idx 381 hidden train
35406 torch.Size([50000]) tensor(674.6971, device='cuda:0')
[TRAIN] Acc: 75.000
[TEST] Acc: 80.680
0.03,0.4886
Epoch: 94
batch idx 13 hidden train
batch idx 80 hidden train
batch idx 144 hidden train
batch idx 166 hidden train
batch idx 188 hidden train
batch idx 202 hidden train
batch idx 250 hidden train
batch idx 275 hidden train
batch idx 324 hidden train
batch idx 358 hidden train
35569 torch.Size([50000]) tensor(694.4756, device='cuda:0')
[TRAIN] Acc: 76.250
[TEST] Acc: 81.360
0.03,0.5197
Epoch: 95
batch idx 19 hidden train
batch idx 24 hidden train
batch idx 27 hidden train
batch idx 68 hidden train
batch idx 107 hidden train
batch idx 114 hidden train
batch idx 190 hidden train
batch idx 202 hidden train
batch idx 226 hidden train
batch idx 380 hidden train
35374 torch.Size([50000]) tensor(716.4357, device='cuda:0')
[TRAIN] Acc: 81.250
[TEST] Acc: 81.040
0.03,0.4791
Epoch: 96
batch idx 28 hidden train
batch idx 94 hidden train
batch idx 145 hidden train
batch idx 196 hidden train
batch idx 209 hidden train
batch idx 219 hidden train
batch idx 227 hidden train
batch idx 235 hidden train
batch idx 296 hidden train
batch idx 329 hidden train
35236 torch.Size([50000]) tensor(697.7574, device='cuda:0')
[TRAIN] Acc: 87.500
[TEST] Acc: 81.030
0.03,0.4651
Epoch: 97
batch idx 65 hidden train
batch idx 182 hidden train
batch idx 197 hidden train
batch idx 239 hidden train
batch idx 253 hidden train
batch idx 292 hidden train
batch idx 362 hidden train
batch idx 370 hidden train
batch idx 374 hidden train
batch idx 387 hidden train
35344 torch.Size([50000]) tensor(709.7189, device='cuda:0')
[TRAIN] Acc: 75.000
[TEST] Acc: 80.940
0.03,0.5056
Epoch: 98
batch idx 22 hidden train
batch idx 48 hidden train
batch idx 61 hidden train
batch idx 114 hidden train
batch idx 169 hidden train
batch idx 266 hidden train
batch idx 279 hidden train
batch idx 294 hidden train
batch idx 308 hidden train
batch idx 356 hidden train
35425 torch.Size([50000]) tensor(709.5192, device='cuda:0')
[TRAIN] Acc: 72.500
[TEST] Acc: 81.550
0.03,0.4736
Epoch: 99
batch idx 56 hidden train
batch idx 77 hidden train
batch idx 102 hidden train
batch idx 111 hidden train
batch idx 162 hidden train
batch idx 244 hidden train
batch idx 262 hidden train
batch idx 277 hidden train
batch idx 303 hidden train
batch idx 335 hidden train
35284 torch.Size([50000]) tensor(668.3113, device='cuda:0')
[TRAIN] Acc: 88.750
[TEST] Acc: 81.040
0.03,0.5001
Epoch: 100
batch idx 13 hidden train
batch idx 67 hidden train
batch idx 87 hidden train
batch idx 90 hidden train
batch idx 294 hidden train
batch idx 312 hidden train
batch idx 327 hidden train
batch idx 334 hidden train
batch idx 343 hidden train
batch idx 371 hidden train
35427 torch.Size([50000]) tensor(656.8643, device='cuda:0')
[TRAIN] Acc: 88.750
[TEST] Acc: 79.900
0.03,0.4778
Epoch: 101
batch idx 20 hidden train
batch idx 29 hidden train
batch idx 45 hidden train
batch idx 72 hidden train
batch idx 94 hidden train
batch idx 95 hidden train
batch idx 205 hidden train
batch idx 294 hidden train
batch idx 306 hidden train
batch idx 360 hidden train
35379 torch.Size([50000]) tensor(701.2755, device='cuda:0')
[TRAIN] Acc: 81.250
[TEST] Acc: 79.900
0.03,0.4935
Epoch: 102
batch idx 46 hidden train
batch idx 86 hidden train
batch idx 106 hidden train
batch idx 108 hidden train
batch idx 120 hidden train
batch idx 239 hidden train
batch idx 249 hidden train
batch idx 271 hidden train
batch idx 304 hidden train
batch idx 350 hidden train
35568 torch.Size([50000]) tensor(684.7415, device='cuda:0')
[TRAIN] Acc: 78.750
[TEST] Acc: 81.110
0.03,0.4897
Epoch: 103
batch idx 49 hidden train
batch idx 65 hidden train
batch idx 70 hidden train
batch idx 82 hidden train
batch idx 153 hidden train
batch idx 269 hidden train
batch idx 340 hidden train
batch idx 360 hidden train
batch idx 384 hidden train
batch idx 385 hidden train
35446 torch.Size([50000]) tensor(658.3186, device='cuda:0')
[TRAIN] Acc: 81.250
[TEST] Acc: 80.350
0.03,0.4915
Epoch: 104
batch idx 10 hidden train
batch idx 170 hidden train
batch idx 235 hidden train
batch idx 286 hidden train
batch idx 291 hidden train
batch idx 292 hidden train
batch idx 308 hidden train
batch idx 324 hidden train
batch idx 353 hidden train
batch idx 377 hidden train
35149 torch.Size([50000]) tensor(650.8464, device='cuda:0')
[TRAIN] Acc: 85.000
[TEST] Acc: 81.180
0.03,0.4715
Epoch: 105
batch idx 57 hidden train
batch idx 71 hidden train
batch idx 111 hidden train
batch idx 177 hidden train
batch idx 193 hidden train
batch idx 205 hidden train
batch idx 236 hidden train
batch idx 356 hidden train
batch idx 368 hidden train
batch idx 372 hidden train
35683 torch.Size([50000]) tensor(645.6728, device='cuda:0')
[TRAIN] Acc: 76.250
[TEST] Acc: 80.420
0.03,0.4785
Epoch: 106
batch idx 47 hidden train
batch idx 55 hidden train
batch idx 87 hidden train
batch idx 109 hidden train
batch idx 138 hidden train
batch idx 139 hidden train
batch idx 214 hidden train
batch idx 287 hidden train
batch idx 319 hidden train
batch idx 375 hidden train
35691 torch.Size([50000]) tensor(711.0726, device='cuda:0')
[TRAIN] Acc: 81.250
[TEST] Acc: 81.190
0.03,0.4705
Epoch: 107
batch idx 45 hidden train
batch idx 138 hidden train
batch idx 144 hidden train
batch idx 208 hidden train
batch idx 243 hidden train
batch idx 284 hidden train
batch idx 290 hidden train
batch idx 293 hidden train
batch idx 359 hidden train
batch idx 370 hidden train
35667 torch.Size([50000]) tensor(684.9156, device='cuda:0')
[TRAIN] Acc: 90.000
[TEST] Acc: 81.180
0.03,0.4722
Epoch: 108
batch idx 2 hidden train
batch idx 28 hidden train
batch idx 131 hidden train
batch idx 162 hidden train
batch idx 173 hidden train
batch idx 214 hidden train
batch idx 226 hidden train
batch idx 270 hidden train
batch idx 300 hidden train
batch idx 354 hidden train
35456 torch.Size([50000]) tensor(666.7602, device='cuda:0')
[TRAIN] Acc: 83.750
[TEST] Acc: 81.210
0.03,0.486
Epoch: 109
batch idx 8 hidden train
batch idx 85 hidden train
batch idx 90 hidden train
batch idx 104 hidden train
batch idx 116 hidden train
batch idx 143 hidden train
batch idx 176 hidden train
batch idx 182 hidden train
batch idx 292 hidden train
batch idx 381 hidden train
35790 torch.Size([50000]) tensor(695.4202, device='cuda:0')
[TRAIN] Acc: 83.750
[TEST] Acc: 81.360
0.03,0.4966
Epoch: 110
batch idx 4 hidden train
batch idx 112 hidden train
batch idx 132 hidden train
batch idx 188 hidden train
batch idx 197 hidden train
batch idx 258 hidden train
batch idx 272 hidden train
batch idx 310 hidden train
batch idx 348 hidden train
batch idx 369 hidden train
35688 torch.Size([50000]) tensor(659.1450, device='cuda:0')
[TRAIN] Acc: 85.000
[TEST] Acc: 78.900
0.03,0.4845
Epoch: 111
batch idx 99 hidden train
batch idx 110 hidden train
batch idx 123 hidden train
batch idx 148 hidden train
batch idx 163 hidden train
batch idx 272 hidden train
batch idx 304 hidden train
batch idx 366 hidden train
batch idx 374 hidden train
batch idx 377 hidden train
35548 torch.Size([50000]) tensor(679.1521, device='cuda:0')
[TRAIN] Acc: 75.000
[TEST] Acc: 80.890
0.03,0.4823
Epoch: 112
batch idx 59 hidden train
batch idx 61 hidden train
batch idx 266 hidden train
batch idx 267 hidden train
batch idx 293 hidden train
batch idx 294 hidden train
batch idx 314 hidden train
batch idx 346 hidden train
batch idx 359 hidden train
batch idx 380 hidden train
35934 torch.Size([50000]) tensor(680.8901, device='cuda:0')
[TRAIN] Acc: 78.750
[TEST] Acc: 80.500
0.03,0.4749
Epoch: 113
batch idx 27 hidden train
batch idx 159 hidden train
batch idx 187 hidden train
batch idx 253 hidden train
batch idx 292 hidden train
batch idx 294 hidden train
batch idx 316 hidden train
batch idx 348 hidden train
batch idx 362 hidden train
batch idx 370 hidden train
35229 torch.Size([50000]) tensor(648.4102, device='cuda:0')
[TRAIN] Acc: 85.000
[TEST] Acc: 81.560
0.03,0.487
Epoch: 114
batch idx 110 hidden train
batch idx 135 hidden train
batch idx 172 hidden train
batch idx 207 hidden train
batch idx 224 hidden train
batch idx 239 hidden train
batch idx 295 hidden train
batch idx 329 hidden train
batch idx 368 hidden train
batch idx 370 hidden train
35806 torch.Size([50000]) tensor(705.6042, device='cuda:0')
[TRAIN] Acc: 81.250
[TEST] Acc: 81.180
0.03,0.4794
Epoch: 115
batch idx 45 hidden train
batch idx 53 hidden train
batch idx 134 hidden train
batch idx 146 hidden train
batch idx 216 hidden train
batch idx 244 hidden train
batch idx 258 hidden train
batch idx 259 hidden train
batch idx 314 hidden train
batch idx 321 hidden train
35923 torch.Size([50000]) tensor(700.8135, device='cuda:0')
[TRAIN] Acc: 81.250
[TEST] Acc: 80.170
0.03,0.4652
Epoch: 116
batch idx 19 hidden train
batch idx 68 hidden train
batch idx 165 hidden train
batch idx 246 hidden train
batch idx 281 hidden train
batch idx 285 hidden train
batch idx 328 hidden train
batch idx 347 hidden train
batch idx 361 hidden train
batch idx 370 hidden train
35827 torch.Size([50000]) tensor(691.9709, device='cuda:0')
[TRAIN] Acc: 81.250
[TEST] Acc: 81.430
0.03,0.4804
Epoch: 117
batch idx 10 hidden train
batch idx 20 hidden train
batch idx 75 hidden train
batch idx 88 hidden train
batch idx 142 hidden train
batch idx 159 hidden train
batch idx 164 hidden train
batch idx 166 hidden train
batch idx 172 hidden train
batch idx 365 hidden train
35718 torch.Size([50000]) tensor(648.7661, device='cuda:0')
[TRAIN] Acc: 82.500
[TEST] Acc: 82.100
0.03,0.5046
Epoch: 118
batch idx 53 hidden train
batch idx 78 hidden train
batch idx 144 hidden train
batch idx 165 hidden train
batch idx 172 hidden train
batch idx 252 hidden train
batch idx 260 hidden train
batch idx 272 hidden train
batch idx 319 hidden train
batch idx 334 hidden train
35779 torch.Size([50000]) tensor(651.3483, device='cuda:0')
[TRAIN] Acc: 75.000
[TEST] Acc: 81.090
0.03,0.4782
Epoch: 119
batch idx 47 hidden train
batch idx 62 hidden train
batch idx 111 hidden train
batch idx 123 hidden train
batch idx 177 hidden train
batch idx 207 hidden train
batch idx 278 hidden train
batch idx 300 hidden train
batch idx 365 hidden train
batch idx 388 hidden train
35582 torch.Size([50000]) tensor(665.3114, device='cuda:0')
[TRAIN] Acc: 80.000
[TEST] Acc: 81.980
0.03,0.5022
Epoch: 120
batch idx 138 hidden train
batch idx 141 hidden train
batch idx 162 hidden train
batch idx 238 hidden train
batch idx 255 hidden train
batch idx 274 hidden train
batch idx 283 hidden train
batch idx 316 hidden train
batch idx 334 hidden train
batch idx 336 hidden train
36263 torch.Size([50000]) tensor(676.7359, device='cuda:0')
[TRAIN] Acc: 90.000
[TEST] Acc: 81.910
0.03,0.478
Epoch: 121
batch idx 35 hidden train
batch idx 65 hidden train
batch idx 101 hidden train
batch idx 145 hidden train
batch idx 170 hidden train
batch idx 189 hidden train
batch idx 269 hidden train
batch idx 310 hidden train
batch idx 332 hidden train
batch idx 355 hidden train
35979 torch.Size([50000]) tensor(688.1097, device='cuda:0')
[TRAIN] Acc: 82.500
[TEST] Acc: 82.230
0.03,0.4693
Epoch: 122
batch idx 65 hidden train
batch idx 97 hidden train
batch idx 179 hidden train
batch idx 189 hidden train
batch idx 213 hidden train
batch idx 215 hidden train
batch idx 219 hidden train
batch idx 294 hidden train
batch idx 326 hidden train
batch idx 338 hidden train
35736 torch.Size([50000]) tensor(685.6235, device='cuda:0')
[TRAIN] Acc: 81.250
[TEST] Acc: 80.400
0.03,0.4753
Epoch: 123
batch idx 60 hidden train
batch idx 82 hidden train
batch idx 119 hidden train
batch idx 156 hidden train
batch idx 179 hidden train
batch idx 210 hidden train
batch idx 224 hidden train
batch idx 225 hidden train
batch idx 308 hidden train
batch idx 355 hidden train
36000 torch.Size([50000]) tensor(733.4930, device='cuda:0')
[TRAIN] Acc: 81.250
[TEST] Acc: 80.910
0.03,0.4894
Epoch: 124
batch idx 33 hidden train
batch idx 94 hidden train
batch idx 114 hidden train
batch idx 140 hidden train
batch idx 144 hidden train
batch idx 239 hidden train
batch idx 301 hidden train
batch idx 319 hidden train
batch idx 327 hidden train
batch idx 328 hidden train
36102 torch.Size([50000]) tensor(650.3967, device='cuda:0')
[TRAIN] Acc: 87.500
[TEST] Acc: 82.050
0.03,0.5284
Epoch: 125
batch idx 44 hidden train
batch idx 65 hidden train
batch idx 98 hidden train
batch idx 153 hidden train
batch idx 163 hidden train
batch idx 169 hidden train
batch idx 201 hidden train
batch idx 205 hidden train
batch idx 261 hidden train
batch idx 362 hidden train
35980 torch.Size([50000]) tensor(676.2904, device='cuda:0')
[TRAIN] Acc: 87.500
[TEST] Acc: 82.010
0.03,0.477
Epoch: 126
batch idx 112 hidden train
batch idx 232 hidden train
batch idx 261 hidden train
batch idx 299 hidden train
batch idx 308 hidden train
batch idx 319 hidden train
batch idx 325 hidden train
batch idx 327 hidden train
batch idx 339 hidden train
batch idx 372 hidden train
35800 torch.Size([50000]) tensor(690.9833, device='cuda:0')
[TRAIN] Acc: 81.250
[TEST] Acc: 80.840
0.03,0.49
Epoch: 127
batch idx 38 hidden train
batch idx 69 hidden train
batch idx 115 hidden train
batch idx 131 hidden train
batch idx 181 hidden train
batch idx 227 hidden train
batch idx 318 hidden train
batch idx 330 hidden train
batch idx 337 hidden train
batch idx 371 hidden train
35592 torch.Size([50000]) tensor(726.4041, device='cuda:0')
[TRAIN] Acc: 88.750
[TEST] Acc: 81.650
0.03,0.462
Epoch: 128
batch idx 8 hidden train
batch idx 89 hidden train
batch idx 135 hidden train
batch idx 159 hidden train
batch idx 160 hidden train
batch idx 181 hidden train
batch idx 212 hidden train
batch idx 242 hidden train
batch idx 322 hidden train
batch idx 338 hidden train
36067 torch.Size([50000]) tensor(673.5225, device='cuda:0')
[TRAIN] Acc: 85.000
[TEST] Acc: 81.820
0.03,0.4699
Epoch: 129
batch idx 3 hidden train
batch idx 24 hidden train
batch idx 40 hidden train
batch idx 124 hidden train
batch idx 194 hidden train
batch idx 195 hidden train
batch idx 204 hidden train
batch idx 281 hidden train
batch idx 287 hidden train
batch idx 384 hidden train
36485 torch.Size([50000]) tensor(654.4535, device='cuda:0')
[TRAIN] Acc: 87.500
[TEST] Acc: 82.200
0.03,0.4669
Epoch: 130
batch idx 6 hidden train
batch idx 62 hidden train
batch idx 70 hidden train
batch idx 81 hidden train
batch idx 191 hidden train
batch idx 195 hidden train
batch idx 225 hidden train
batch idx 377 hidden train
batch idx 383 hidden train
batch idx 389 hidden train
35793 torch.Size([50000]) tensor(661.5961, device='cuda:0')
[TRAIN] Acc: 87.500
[TEST] Acc: 81.970
0.03,0.4874
Epoch: 131
batch idx 44 hidden train
batch idx 48 hidden train
batch idx 107 hidden train
batch idx 130 hidden train
batch idx 153 hidden train
batch idx 182 hidden train
batch idx 222 hidden train
batch idx 228 hidden train
batch idx 265 hidden train
batch idx 381 hidden train
36359 torch.Size([50000]) tensor(677.7654, device='cuda:0')
[TRAIN] Acc: 81.250
[TEST] Acc: 82.450
0.03,0.5259
Epoch: 132
batch idx 10 hidden train
batch idx 37 hidden train
batch idx 114 hidden train
batch idx 116 hidden train
batch idx 139 hidden train
batch idx 143 hidden train
batch idx 185 hidden train
batch idx 282 hidden train
batch idx 314 hidden train
batch idx 331 hidden train
36226 torch.Size([50000]) tensor(684.2828, device='cuda:0')
[TRAIN] Acc: 78.750
[TEST] Acc: 81.460
0.03,0.4896
Epoch: 133
batch idx 1 hidden train
batch idx 32 hidden train
batch idx 70 hidden train
batch idx 140 hidden train
batch idx 158 hidden train
batch idx 173 hidden train
batch idx 180 hidden train
batch idx 264 hidden train
batch idx 269 hidden train
batch idx 296 hidden train
36036 torch.Size([50000]) tensor(727.8447, device='cuda:0')
[TRAIN] Acc: 80.000
[TEST] Acc: 81.930
0.03,0.506
Epoch: 134
batch idx 110 hidden train
batch idx 116 hidden train
batch idx 118 hidden train
batch idx 167 hidden train
batch idx 179 hidden train
batch idx 188 hidden train
batch idx 202 hidden train
batch idx 205 hidden train
batch idx 270 hidden train
batch idx 295 hidden train
36262 torch.Size([50000]) tensor(694.1459, device='cuda:0')
[TRAIN] Acc: 78.750
[TEST] Acc: 81.630
0.03,0.4732
Epoch: 135
batch idx 12 hidden train
batch idx 38 hidden train
batch idx 167 hidden train
batch idx 256 hidden train
batch idx 260 hidden train
batch idx 271 hidden train
batch idx 277 hidden train
batch idx 313 hidden train
batch idx 321 hidden train
batch idx 353 hidden train
36319 torch.Size([50000]) tensor(666.2841, device='cuda:0')
[TRAIN] Acc: 87.500
[TEST] Acc: 81.800
0.03,0.5163
Epoch: 136
batch idx 1 hidden train
batch idx 92 hidden train
batch idx 120 hidden train
batch idx 162 hidden train
batch idx 178 hidden train
batch idx 186 hidden train
batch idx 217 hidden train
batch idx 317 hidden train
batch idx 369 hidden train
batch idx 373 hidden train
35984 torch.Size([50000]) tensor(729.9368, device='cuda:0')
[TRAIN] Acc: 75.000
[TEST] Acc: 81.990
0.03,0.4928
Epoch: 137
batch idx 37 hidden train
batch idx 63 hidden train
batch idx 192 hidden train
batch idx 235 hidden train
batch idx 242 hidden train
batch idx 246 hidden train
batch idx 279 hidden train
batch idx 319 hidden train
batch idx 338 hidden train
batch idx 389 hidden train
36488 torch.Size([50000]) tensor(713.1702, device='cuda:0')
[TRAIN] Acc: 88.750
[TEST] Acc: 81.570
0.03,0.5027
Epoch: 138
batch idx 104 hidden train
batch idx 149 hidden train
batch idx 161 hidden train
batch idx 162 hidden train
batch idx 171 hidden train
batch idx 272 hidden train
batch idx 291 hidden train
batch idx 292 hidden train
batch idx 293 hidden train
batch idx 311 hidden train
36250 torch.Size([50000]) tensor(669.1386, device='cuda:0')
[TRAIN] Acc: 78.750
[TEST] Acc: 81.860
0.03,0.4602
Epoch: 139
batch idx 29 hidden train
batch idx 64 hidden train
batch idx 168 hidden train
batch idx 216 hidden train
batch idx 221 hidden train
batch idx 270 hidden train
batch idx 310 hidden train
batch idx 329 hidden train
batch idx 348 hidden train
batch idx 366 hidden train
36282 torch.Size([50000]) tensor(694.4370, device='cuda:0')
[TRAIN] Acc: 80.000
[TEST] Acc: 81.820
0.03,0.4865
Epoch: 140
batch idx 13 hidden train
batch idx 57 hidden train
batch idx 88 hidden train
batch idx 94 hidden train
batch idx 98 hidden train
batch idx 117 hidden train
batch idx 188 hidden train
batch idx 260 hidden train
batch idx 294 hidden train
batch idx 365 hidden train
37784 torch.Size([50000]) tensor(668.3209, device='cuda:0')
[TRAIN] Acc: 81.250
[TEST] Acc: 83.120
0.03,0.5287
Epoch: 141
batch idx 70 hidden train
batch idx 104 hidden train
batch idx 211 hidden train
batch idx 212 hidden train
batch idx 218 hidden train
batch idx 243 hidden train
batch idx 272 hidden train
batch idx 315 hidden train
batch idx 359 hidden train
batch idx 368 hidden train
38326 torch.Size([50000]) tensor(766.9877, device='cuda:0')
[TRAIN] Acc: 90.000
[TEST] Acc: 83.460
0.03,0.5655
Epoch: 142
batch idx 72 hidden train
batch idx 99 hidden train
batch idx 124 hidden train
batch idx 145 hidden train
batch idx 222 hidden train
batch idx 234 hidden train
batch idx 269 hidden train
batch idx 282 hidden train
batch idx 297 hidden train
batch idx 338 hidden train
38206 torch.Size([50000]) tensor(756.3313, device='cuda:0')
[TRAIN] Acc: 82.500
[TEST] Acc: 83.560
0.03,0.5624
Epoch: 143
batch idx 36 hidden train
batch idx 75 hidden train
batch idx 81 hidden train
batch idx 122 hidden train
batch idx 155 hidden train
batch idx 181 hidden train
batch idx 282 hidden train
batch idx 369 hidden train
batch idx 382 hidden train
batch idx 383 hidden train
37912 torch.Size([50000]) tensor(752.4237, device='cuda:0')
[TRAIN] Acc: 88.750
[TEST] Acc: 83.550
0.03,0.5921
Epoch: 144
batch idx 161 hidden train
batch idx 205 hidden train
batch idx 233 hidden train
batch idx 241 hidden train
batch idx 249 hidden train
batch idx 274 hidden train
batch idx 320 hidden train
batch idx 323 hidden train
batch idx 342 hidden train
batch idx 343 hidden train
37830 torch.Size([50000]) tensor(796.5213, device='cuda:0')
[TRAIN] Acc: 85.000
[TEST] Acc: 83.320
0.03,0.5786
Epoch: 145
batch idx 0 hidden train
batch idx 80 hidden train
batch idx 116 hidden train
batch idx 172 hidden train
batch idx 176 hidden train
batch idx 212 hidden train
batch idx 253 hidden train
batch idx 382 hidden train
batch idx 388 hidden train
batch idx 389 hidden train
37819 torch.Size([50000]) tensor(796.9788, device='cuda:0')
[TRAIN] Acc: 82.500
[TEST] Acc: 83.160
0.03,0.5976
Epoch: 146
batch idx 14 hidden train
batch idx 26 hidden train
batch idx 37 hidden train
batch idx 162 hidden train
batch idx 192 hidden train
batch idx 264 hidden train
batch idx 265 hidden train
batch idx 277 hidden train
batch idx 342 hidden train
batch idx 375 hidden train
38198 torch.Size([50000]) tensor(791.9745, device='cuda:0')
[TRAIN] Acc: 82.500
[TEST] Acc: 83.250
0.03,0.6058
Epoch: 147
batch idx 1 hidden train
batch idx 11 hidden train
batch idx 45 hidden train
batch idx 51 hidden train
batch idx 68 hidden train
batch idx 112 hidden train
batch idx 125 hidden train
batch idx 191 hidden train
batch idx 338 hidden train
batch idx 370 hidden train
37993 torch.Size([50000]) tensor(826.2095, device='cuda:0')
[TRAIN] Acc: 85.000
[TEST] Acc: 83.350
0.03,0.5953
Epoch: 148
batch idx 43 hidden train
batch idx 85 hidden train
batch idx 94 hidden train
batch idx 148 hidden train
batch idx 185 hidden train
batch idx 187 hidden train
batch idx 223 hidden train
batch idx 250 hidden train
batch idx 310 hidden train
batch idx 354 hidden train
38289 torch.Size([50000]) tensor(858.7170, device='cuda:0')
[TRAIN] Acc: 81.250
[TEST] Acc: 83.370
0.03,0.6181
Epoch: 149
batch idx 14 hidden train
batch idx 25 hidden train
batch idx 41 hidden train
batch idx 93 hidden train
batch idx 157 hidden train
batch idx 160 hidden train
batch idx 181 hidden train
batch idx 187 hidden train
batch idx 249 hidden train
batch idx 297 hidden train
38132 torch.Size([50000]) tensor(800.1085, device='cuda:0')
[TRAIN] Acc: 76.250
[TEST] Acc: 83.370
0.03,0.6131
Epoch: 150
batch idx 122 hidden train
batch idx 135 hidden train
batch idx 136 hidden train
batch idx 142 hidden train
batch idx 228 hidden train
batch idx 257 hidden train
batch idx 269 hidden train
batch idx 301 hidden train
batch idx 356 hidden train
batch idx 367 hidden train
38367 torch.Size([50000]) tensor(794.1016, device='cuda:0')
[TRAIN] Acc: 88.750
[TEST] Acc: 83.420
0.03,0.6032
Epoch: 151
batch idx 45 hidden train
batch idx 102 hidden train
batch idx 124 hidden train
batch idx 131 hidden train
batch idx 154 hidden train
batch idx 179 hidden train
batch idx 223 hidden train
batch idx 271 hidden train
batch idx 323 hidden train
batch idx 386 hidden train
38338 torch.Size([50000]) tensor(837.5076, device='cuda:0')
[TRAIN] Acc: 83.750
[TEST] Acc: 83.670
0.03,0.5994
Epoch: 152
batch idx 34 hidden train
batch idx 49 hidden train
batch idx 100 hidden train
batch idx 145 hidden train
batch idx 198 hidden train
batch idx 217 hidden train
batch idx 221 hidden train
batch idx 267 hidden train
batch idx 330 hidden train
batch idx 343 hidden train
38487 torch.Size([50000]) tensor(812.0078, device='cuda:0')
[TRAIN] Acc: 86.250
[TEST] Acc: 83.770
0.03,0.6259
Epoch: 153
batch idx 62 hidden train
batch idx 81 hidden train
batch idx 109 hidden train
batch idx 193 hidden train
batch idx 233 hidden train
batch idx 241 hidden train
batch idx 243 hidden train
batch idx 299 hidden train
batch idx 325 hidden train
batch idx 350 hidden train
38649 torch.Size([50000]) tensor(881.6953, device='cuda:0')
[TRAIN] Acc: 90.000
[TEST] Acc: 83.880
0.03,0.6115
Epoch: 154
batch idx 12 hidden train
batch idx 19 hidden train
batch idx 20 hidden train
batch idx 43 hidden train
batch idx 84 hidden train
batch idx 178 hidden train
batch idx 199 hidden train
batch idx 312 hidden train
batch idx 358 hidden train
batch idx 364 hidden train
38575 torch.Size([50000]) tensor(837.0984, device='cuda:0')
[TRAIN] Acc: 82.500
[TEST] Acc: 83.790
0.03,0.6224
Epoch: 155
batch idx 14 hidden train
batch idx 56 hidden train
batch idx 60 hidden train
batch idx 77 hidden train
batch idx 130 hidden train
batch idx 141 hidden train
batch idx 168 hidden train
batch idx 184 hidden train
batch idx 187 hidden train
batch idx 263 hidden train
38529 torch.Size([50000]) tensor(855.4348, device='cuda:0')
[TRAIN] Acc: 88.750
[TEST] Acc: 83.480
0.03,0.62
Epoch: 156
batch idx 40 hidden train
batch idx 88 hidden train
batch idx 110 hidden train
batch idx 153 hidden train
batch idx 192 hidden train
batch idx 204 hidden train
batch idx 208 hidden train
batch idx 270 hidden train
batch idx 287 hidden train
batch idx 384 hidden train
38355 torch.Size([50000]) tensor(817.4708, device='cuda:0')
[TRAIN] Acc: 92.500
[TEST] Acc: 83.650
0.03,0.6447
Epoch: 157
batch idx 5 hidden train
batch idx 104 hidden train
batch idx 154 hidden train
batch idx 222 hidden train
batch idx 228 hidden train
batch idx 239 hidden train
batch idx 247 hidden train
batch idx 255 hidden train
batch idx 263 hidden train
batch idx 370 hidden train
38752 torch.Size([50000]) tensor(824.8167, device='cuda:0')
[TRAIN] Acc: 88.750
[TEST] Acc: 83.770
0.03,0.6164
Epoch: 158
batch idx 97 hidden train
batch idx 223 hidden train
batch idx 239 hidden train
batch idx 256 hidden train
batch idx 267 hidden train
batch idx 278 hidden train
batch idx 331 hidden train
batch idx 340 hidden train
batch idx 356 hidden train
batch idx 366 hidden train
38770 torch.Size([50000]) tensor(831.8739, device='cuda:0')
[TRAIN] Acc: 92.500
[TEST] Acc: 83.700
0.03,0.6242
Epoch: 159
batch idx 13 hidden train
batch idx 17 hidden train
batch idx 47 hidden train
batch idx 75 hidden train
batch idx 84 hidden train
batch idx 111 hidden train
batch idx 172 hidden train
batch idx 202 hidden train
batch idx 203 hidden train
batch idx 224 hidden train
38326 torch.Size([50000]) tensor(821.9122, device='cuda:0')
[TRAIN] Acc: 81.250
[TEST] Acc: 83.920
0.03,0.6223
Epoch: 160
batch idx 31 hidden train
batch idx 109 hidden train
batch idx 123 hidden train
batch idx 139 hidden train
batch idx 159 hidden train
batch idx 201 hidden train
batch idx 205 hidden train
batch idx 214 hidden train
batch idx 321 hidden train
batch idx 359 hidden train
38800 torch.Size([50000]) tensor(835.1283, device='cuda:0')
[TRAIN] Acc: 86.250
[TEST] Acc: 83.970
0.03,0.6161
Epoch: 161
batch idx 53 hidden train
batch idx 55 hidden train
batch idx 58 hidden train
batch idx 76 hidden train
batch idx 130 hidden train
batch idx 155 hidden train
batch idx 172 hidden train
batch idx 227 hidden train
batch idx 270 hidden train
batch idx 303 hidden train
38383 torch.Size([50000]) tensor(812.1710, device='cuda:0')
[TRAIN] Acc: 81.250
[TEST] Acc: 84.110
0.03,0.6175
Epoch: 162
batch idx 17 hidden train
batch idx 64 hidden train
batch idx 100 hidden train
batch idx 113 hidden train
batch idx 242 hidden train
batch idx 258 hidden train
batch idx 267 hidden train
batch idx 313 hidden train
batch idx 325 hidden train
batch idx 390 hidden train
38773 torch.Size([50000]) tensor(842.2512, device='cuda:0')
[TRAIN] Acc: 88.750
[TEST] Acc: 83.980
0.03,0.6095
Epoch: 163
batch idx 9 hidden train
batch idx 15 hidden train
batch idx 111 hidden train
batch idx 115 hidden train
batch idx 127 hidden train
batch idx 197 hidden train
batch idx 249 hidden train
batch idx 328 hidden train
batch idx 332 hidden train
batch idx 375 hidden train
38662 torch.Size([50000]) tensor(842.4824, device='cuda:0')
[TRAIN] Acc: 90.000
[TEST] Acc: 83.870
0.03,0.6114
Epoch: 164
batch idx 67 hidden train
batch idx 122 hidden train
batch idx 145 hidden train
batch idx 155 hidden train
batch idx 183 hidden train
batch idx 200 hidden train
batch idx 220 hidden train
batch idx 359 hidden train
batch idx 367 hidden train
batch idx 386 hidden train
38856 torch.Size([50000]) tensor(856.9683, device='cuda:0')
[TRAIN] Acc: 80.000
[TEST] Acc: 84.010
0.03,0.5983
Epoch: 165
batch idx 35 hidden train
batch idx 39 hidden train
batch idx 40 hidden train
batch idx 132 hidden train
batch idx 135 hidden train
batch idx 208 hidden train
batch idx 230 hidden train
batch idx 294 hidden train
batch idx 309 hidden train
batch idx 386 hidden train
38724 torch.Size([50000]) tensor(824.4596, device='cuda:0')
[TRAIN] Acc: 88.750
[TEST] Acc: 84.030
0.03,0.627
Epoch: 166
batch idx 53 hidden train
batch idx 64 hidden train
batch idx 67 hidden train
batch idx 128 hidden train
batch idx 165 hidden train
batch idx 223 hidden train
batch idx 320 hidden train
batch idx 327 hidden train
batch idx 363 hidden train
batch idx 367 hidden train
38874 torch.Size([50000]) tensor(843.3206, device='cuda:0')
[TRAIN] Acc: 85.000
[TEST] Acc: 83.880
0.03,0.6167
Epoch: 167
batch idx 71 hidden train
batch idx 79 hidden train
batch idx 121 hidden train
batch idx 139 hidden train
batch idx 203 hidden train
batch idx 229 hidden train
batch idx 233 hidden train
batch idx 252 hidden train
batch idx 263 hidden train
batch idx 367 hidden train
38615 torch.Size([50000]) tensor(838.9489, device='cuda:0')
[TRAIN] Acc: 83.750
[TEST] Acc: 84.090
0.03,0.6259
Epoch: 168
batch idx 40 hidden train
batch idx 109 hidden train
batch idx 134 hidden train
batch idx 204 hidden train
batch idx 229 hidden train
batch idx 249 hidden train
batch idx 299 hidden train
batch idx 352 hidden train
batch idx 367 hidden train
batch idx 383 hidden train
38879 torch.Size([50000]) tensor(838.6990, device='cuda:0')
[TRAIN] Acc: 91.250
[TEST] Acc: 84.190
0.03,0.6094
Epoch: 169
batch idx 55 hidden train
batch idx 76 hidden train
batch idx 99 hidden train
batch idx 182 hidden train
batch idx 192 hidden train
batch idx 202 hidden train
batch idx 220 hidden train
batch idx 296 hidden train
batch idx 316 hidden train
batch idx 348 hidden train
38775 torch.Size([50000]) tensor(827.1666, device='cuda:0')
[TRAIN] Acc: 83.750
[TEST] Acc: 83.940
0.03,0.62
Epoch: 170
batch idx 54 hidden train
batch idx 74 hidden train
batch idx 94 hidden train
batch idx 112 hidden train
batch idx 126 hidden train
batch idx 128 hidden train
batch idx 184 hidden train
batch idx 220 hidden train
batch idx 299 hidden train
batch idx 322 hidden train
38771 torch.Size([50000]) tensor(820.5419, device='cuda:0')
[TRAIN] Acc: 87.500
[TEST] Acc: 84.000
0.03,0.6166
Epoch: 171
batch idx 40 hidden train
batch idx 44 hidden train
batch idx 61 hidden train
batch idx 188 hidden train
batch idx 223 hidden train
batch idx 226 hidden train
batch idx 231 hidden train
batch idx 278 hidden train
batch idx 307 hidden train
batch idx 374 hidden train
38641 torch.Size([50000]) tensor(862.0297, device='cuda:0')
[TRAIN] Acc: 86.250
[TEST] Acc: 84.140
0.03,0.6039
Epoch: 172
batch idx 5 hidden train
batch idx 84 hidden train
batch idx 104 hidden train
batch idx 115 hidden train
batch idx 117 hidden train
batch idx 140 hidden train
batch idx 141 hidden train
batch idx 175 hidden train
batch idx 226 hidden train
batch idx 355 hidden train
38895 torch.Size([50000]) tensor(840.9484, device='cuda:0')
[TRAIN] Acc: 91.250
[TEST] Acc: 84.120
0.03,0.6183
Epoch: 173
batch idx 3 hidden train
batch idx 10 hidden train
batch idx 73 hidden train
batch idx 100 hidden train
batch idx 172 hidden train
batch idx 205 hidden train
batch idx 229 hidden train
batch idx 278 hidden train
batch idx 320 hidden train
batch idx 385 hidden train
38902 torch.Size([50000]) tensor(794.0129, device='cuda:0')
[TRAIN] Acc: 88.750
[TEST] Acc: 84.140
0.03,0.6273
Epoch: 174
batch idx 15 hidden train
batch idx 40 hidden train
batch idx 139 hidden train
batch idx 172 hidden train
batch idx 200 hidden train
batch idx 215 hidden train
batch idx 252 hidden train
batch idx 335 hidden train
batch idx 359 hidden train
batch idx 363 hidden train
39050 torch.Size([50000]) tensor(877.0125, device='cuda:0')
[TRAIN] Acc: 85.000
[TEST] Acc: 84.090
0.03,0.609
Epoch: 175
batch idx 81 hidden train
batch idx 106 hidden train
batch idx 134 hidden train
batch idx 163 hidden train
batch idx 255 hidden train
batch idx 273 hidden train
batch idx 286 hidden train
batch idx 304 hidden train
batch idx 310 hidden train
batch idx 382 hidden train
39088 torch.Size([50000]) tensor(830.7333, device='cuda:0')
[TRAIN] Acc: 91.250
[TEST] Acc: 84.290
0.03,0.62
Epoch: 176
batch idx 14 hidden train
batch idx 74 hidden train
batch idx 85 hidden train
batch idx 89 hidden train
batch idx 113 hidden train
batch idx 313 hidden train
batch idx 318 hidden train
batch idx 359 hidden train
batch idx 363 hidden train
batch idx 385 hidden train
39022 torch.Size([50000]) tensor(825.1744, device='cuda:0')
[TRAIN] Acc: 92.500
[TEST] Acc: 84.170
0.03,0.62
Epoch: 177
batch idx 40 hidden train
batch idx 53 hidden train
batch idx 97 hidden train
batch idx 120 hidden train
batch idx 140 hidden train
batch idx 148 hidden train
batch idx 167 hidden train
batch idx 264 hidden train
batch idx 268 hidden train
batch idx 273 hidden train
38872 torch.Size([50000]) tensor(822.2122, device='cuda:0')
[TRAIN] Acc: 85.000
[TEST] Acc: 84.100
0.03,0.6178
Epoch: 178
batch idx 53 hidden train
batch idx 66 hidden train
batch idx 82 hidden train
batch idx 163 hidden train
batch idx 188 hidden train
batch idx 198 hidden train
batch idx 242 hidden train
batch idx 272 hidden train
batch idx 327 hidden train
batch idx 386 hidden train
38962 torch.Size([50000]) tensor(820.1797, device='cuda:0')
[TRAIN] Acc: 86.250
[TEST] Acc: 84.260
0.03,0.6148
Epoch: 179
batch idx 51 hidden train
batch idx 56 hidden train
batch idx 121 hidden train
batch idx 124 hidden train
batch idx 151 hidden train
batch idx 155 hidden train
batch idx 284 hidden train
batch idx 308 hidden train
batch idx 313 hidden train
batch idx 340 hidden train
39004 torch.Size([50000]) tensor(861.1116, device='cuda:0')
[TRAIN] Acc: 90.000
[TEST] Acc: 84.270
0.03,0.612
Epoch: 180
batch idx 39 hidden train
batch idx 89 hidden train
batch idx 103 hidden train
batch idx 111 hidden train
batch idx 138 hidden train
batch idx 193 hidden train
batch idx 223 hidden train
batch idx 282 hidden train
batch idx 291 hidden train
batch idx 298 hidden train
39032 torch.Size([50000]) tensor(851.1790, device='cuda:0')
[TRAIN] Acc: 91.250
[TEST] Acc: 84.280
0.03,0.6244
Epoch: 181
batch idx 6 hidden train
batch idx 21 hidden train
batch idx 82 hidden train
batch idx 117 hidden train
batch idx 162 hidden train
batch idx 211 hidden train
batch idx 216 hidden train
batch idx 254 hidden train
batch idx 286 hidden train
batch idx 358 hidden train
39221 torch.Size([50000]) tensor(830.7418, device='cuda:0')
[TRAIN] Acc: 83.750
[TEST] Acc: 84.300
0.03,0.6441
Epoch: 182
batch idx 81 hidden train
batch idx 95 hidden train
batch idx 97 hidden train
batch idx 98 hidden train
batch idx 99 hidden train
batch idx 145 hidden train
batch idx 212 hidden train
batch idx 308 hidden train
batch idx 357 hidden train
batch idx 371 hidden train
39315 torch.Size([50000]) tensor(856.7995, device='cuda:0')
[TRAIN] Acc: 81.250
[TEST] Acc: 84.380
0.03,0.6315
Epoch: 183
batch idx 0 hidden train
batch idx 80 hidden train
batch idx 94 hidden train
batch idx 111 hidden train
batch idx 144 hidden train
batch idx 238 hidden train
batch idx 318 hidden train
batch idx 330 hidden train
batch idx 355 hidden train
batch idx 374 hidden train
39151 torch.Size([50000]) tensor(881.2856, device='cuda:0')
[TRAIN] Acc: 93.750
[TEST] Acc: 84.230
0.03,0.6264
Epoch: 184
batch idx 12 hidden train
batch idx 68 hidden train
batch idx 87 hidden train
batch idx 162 hidden train
batch idx 168 hidden train
batch idx 211 hidden train
batch idx 217 hidden train
batch idx 235 hidden train
batch idx 281 hidden train
batch idx 289 hidden train
39202 torch.Size([50000]) tensor(905.9426, device='cuda:0')
[TRAIN] Acc: 85.000
[TEST] Acc: 84.420
0.03,0.6375
Epoch: 185
batch idx 52 hidden train
batch idx 127 hidden train
batch idx 172 hidden train
batch idx 180 hidden train
batch idx 181 hidden train
batch idx 190 hidden train
batch idx 227 hidden train
batch idx 268 hidden train
batch idx 287 hidden train
batch idx 294 hidden train
39197 torch.Size([50000]) tensor(844.5413, device='cuda:0')
[TRAIN] Acc: 90.000
[TEST] Acc: 84.490
0.03,0.639
Epoch: 186
batch idx 13 hidden train
batch idx 36 hidden train
batch idx 71 hidden train
batch idx 120 hidden train
batch idx 150 hidden train
batch idx 213 hidden train
batch idx 255 hidden train
batch idx 293 hidden train
batch idx 325 hidden train
batch idx 360 hidden train
39260 torch.Size([50000]) tensor(850.7650, device='cuda:0')
[TRAIN] Acc: 91.250
[TEST] Acc: 84.420
0.03,0.6241
Epoch: 187
batch idx 0 hidden train
batch idx 11 hidden train
batch idx 73 hidden train
batch idx 87 hidden train
batch idx 130 hidden train
batch idx 160 hidden train
batch idx 179 hidden train
batch idx 189 hidden train
batch idx 281 hidden train
batch idx 291 hidden train
39249 torch.Size([50000]) tensor(894.1345, device='cuda:0')
[TRAIN] Acc: 92.500
[TEST] Acc: 84.320
0.03,0.6456
Epoch: 188
batch idx 30 hidden train
batch idx 60 hidden train
batch idx 80 hidden train
batch idx 214 hidden train
batch idx 220 hidden train
batch idx 291 hidden train
batch idx 295 hidden train
batch idx 317 hidden train
batch idx 352 hidden train
batch idx 389 hidden train
39212 torch.Size([50000]) tensor(845.7758, device='cuda:0')
[TRAIN] Acc: 93.750
[TEST] Acc: 84.470
0.03,0.637
Epoch: 189
batch idx 23 hidden train
batch idx 31 hidden train
batch idx 199 hidden train
batch idx 205 hidden train
batch idx 245 hidden train
batch idx 293 hidden train
batch idx 371 hidden train
batch idx 380 hidden train
batch idx 385 hidden train
batch idx 387 hidden train
39257 torch.Size([50000]) tensor(862.3827, device='cuda:0')
[TRAIN] Acc: 92.500
[TEST] Acc: 84.430
0.03,0.6306
Epoch: 190
batch idx 59 hidden train
batch idx 63 hidden train
batch idx 78 hidden train
batch idx 159 hidden train
batch idx 175 hidden train
batch idx 204 hidden train
batch idx 214 hidden train
batch idx 361 hidden train
batch idx 380 hidden train
batch idx 382 hidden train
39153 torch.Size([50000]) tensor(849.3931, device='cuda:0')
[TRAIN] Acc: 86.250
[TEST] Acc: 84.450
0.03,0.6303
Epoch: 191
batch idx 28 hidden train
batch idx 72 hidden train
batch idx 78 hidden train
batch idx 130 hidden train
batch idx 165 hidden train
batch idx 196 hidden train
batch idx 200 hidden train
batch idx 319 hidden train
batch idx 342 hidden train
batch idx 388 hidden train
39269 torch.Size([50000]) tensor(833.4052, device='cuda:0')
[TRAIN] Acc: 83.750
[TEST] Acc: 84.400
0.03,0.6217
Epoch: 192
batch idx 137 hidden train
batch idx 139 hidden train
batch idx 153 hidden train
batch idx 171 hidden train
batch idx 235 hidden train
batch idx 261 hidden train
batch idx 268 hidden train
batch idx 309 hidden train
batch idx 346 hidden train
batch idx 362 hidden train
39236 torch.Size([50000]) tensor(836.5577, device='cuda:0')
[TRAIN] Acc: 86.250
[TEST] Acc: 84.400
0.03,0.634
Epoch: 193
batch idx 139 hidden train
batch idx 161 hidden train
batch idx 179 hidden train
batch idx 188 hidden train
batch idx 228 hidden train
batch idx 268 hidden train
batch idx 301 hidden train
batch idx 330 hidden train
batch idx 357 hidden train
batch idx 366 hidden train
39395 torch.Size([50000]) tensor(840.4259, device='cuda:0')
[TRAIN] Acc: 82.500
[TEST] Acc: 84.510
0.03,0.6384
Epoch: 194
batch idx 25 hidden train
batch idx 54 hidden train
batch idx 94 hidden train
batch idx 130 hidden train
batch idx 150 hidden train
batch idx 155 hidden train
batch idx 164 hidden train
batch idx 207 hidden train
batch idx 284 hidden train
batch idx 387 hidden train
39153 torch.Size([50000]) tensor(872.0273, device='cuda:0')
[TRAIN] Acc: 85.000
[TEST] Acc: 84.280
0.03,0.6431
Epoch: 195
batch idx 16 hidden train
batch idx 62 hidden train
batch idx 68 hidden train
batch idx 109 hidden train
batch idx 209 hidden train
batch idx 223 hidden train
batch idx 294 hidden train
batch idx 304 hidden train
batch idx 313 hidden train
batch idx 327 hidden train
39346 torch.Size([50000]) tensor(863.1935, device='cuda:0')
[TRAIN] Acc: 86.250
[TEST] Acc: 84.370
0.03,0.6514
Epoch: 196
batch idx 18 hidden train
batch idx 31 hidden train
batch idx 66 hidden train
batch idx 147 hidden train
batch idx 148 hidden train
batch idx 284 hidden train
batch idx 294 hidden train
batch idx 301 hidden train
batch idx 343 hidden train
batch idx 361 hidden train
39316 torch.Size([50000]) tensor(823.8638, device='cuda:0')
[TRAIN] Acc: 83.750
[TEST] Acc: 84.360
0.03,0.6335
Epoch: 197
batch idx 20 hidden train
batch idx 26 hidden train
batch idx 250 hidden train
batch idx 257 hidden train
batch idx 267 hidden train
batch idx 286 hidden train
batch idx 311 hidden train
batch idx 315 hidden train
batch idx 323 hidden train
batch idx 379 hidden train
39260 torch.Size([50000]) tensor(838.2946, device='cuda:0')
[TRAIN] Acc: 85.000
[TEST] Acc: 84.500
0.03,0.6338
Epoch: 198
batch idx 6 hidden train
batch idx 47 hidden train
batch idx 64 hidden train
batch idx 99 hidden train
batch idx 108 hidden train
batch idx 118 hidden train
batch idx 124 hidden train
batch idx 177 hidden train
batch idx 215 hidden train
batch idx 387 hidden train
39291 torch.Size([50000]) tensor(837.8615, device='cuda:0')
[TRAIN] Acc: 87.500
[TEST] Acc: 84.420
0.03,0.6432
Epoch: 199
batch idx 52 hidden train
batch idx 62 hidden train
batch idx 78 hidden train
batch idx 169 hidden train
batch idx 182 hidden train
batch idx 280 hidden train
batch idx 311 hidden train
batch idx 344 hidden train
batch idx 356 hidden train
batch idx 371 hidden train
39298 torch.Size([50000]) tensor(880.1114, device='cuda:0')
[TRAIN] Acc: 81.250
[TEST] Acc: 84.370
0.03,0.6416
