model_out:  ./checkpoint/cifar10_vgg_adv
==> Preparing data..
Files already downloaded and verified
Training data will be SHUFFLED
Files already downloaded and verified
running experiment with mixup_in_epoch=1, hidden_in_epoch=1, mixup_alpha=1.0
Epoch: 0
batch idx 83 hidden train
batch idx 344 mixup train
4537 torch.Size([50000]) tensor(72.3733, device='cuda:0')
[TRAIN] Acc: 8.750
[TEST] Acc: 10.940
Epoch: 1
batch idx 349 hidden train
batch idx 382 mixup train
5187 torch.Size([50000]) tensor(18.3677, device='cuda:0')
[TRAIN] Acc: 18.750
[TEST] Acc: 11.290
Epoch: 2
batch idx 54 mixup train
batch idx 116 hidden train
4301 torch.Size([50000]) tensor(21.6907, device='cuda:0')
[TRAIN] Acc: 12.500
[TEST] Acc: 14.360
Epoch: 3
batch idx 308 hidden train
batch idx 370 mixup train
3951 torch.Size([50000]) tensor(17.2652, device='cuda:0')
[TRAIN] Acc: 17.500
[TEST] Acc: 15.180
Epoch: 4
batch idx 31 hidden train
batch idx 175 mixup train
7093 torch.Size([50000]) tensor(34.2228, device='cuda:0')
[TRAIN] Acc: 15.000
[TEST] Acc: 16.630
Epoch: 5
batch idx 69 hidden train
batch idx 254 mixup train
7216 torch.Size([50000]) tensor(50.8855, device='cuda:0')
[TRAIN] Acc: 17.500
[TEST] Acc: 16.750
Epoch: 6
batch idx 52 hidden train
batch idx 383 mixup train
7484 torch.Size([50000]) tensor(67.7907, device='cuda:0')
[TRAIN] Acc: 16.250
[TEST] Acc: 17.110
Epoch: 7
batch idx 205 mixup train
batch idx 271 hidden train
7617 torch.Size([50000]) tensor(84.4284, device='cuda:0')
[TRAIN] Acc: 21.250
[TEST] Acc: 17.500
Epoch: 8
batch idx 77 mixup train
batch idx 266 hidden train
8303 torch.Size([50000]) tensor(102.1712, device='cuda:0')
[TRAIN] Acc: 28.750
[TEST] Acc: 18.910
Epoch: 9
batch idx 247 mixup train
batch idx 374 hidden train
9746 torch.Size([50000]) tensor(126.6365, device='cuda:0')
[TRAIN] Acc: 27.500
[TEST] Acc: 22.380
Epoch: 10
batch idx 250 mixup train
batch idx 364 hidden train
10436 torch.Size([50000]) tensor(142.8008, device='cuda:0')
[TRAIN] Acc: 20.000
[TEST] Acc: 23.310
Epoch: 11
batch idx 11 hidden train
batch idx 307 mixup train
10752 torch.Size([50000]) tensor(172.1198, device='cuda:0')
[TRAIN] Acc: 17.500
[TEST] Acc: 23.530
Epoch: 12
batch idx 176 mixup train
batch idx 348 hidden train
10664 torch.Size([50000]) tensor(191.7509, device='cuda:0')
[TRAIN] Acc: 20.000
[TEST] Acc: 23.830
Epoch: 13
batch idx 194 mixup train
batch idx 248 hidden train
10602 torch.Size([50000]) tensor(209.9403, device='cuda:0')
[TRAIN] Acc: 30.000
[TEST] Acc: 22.110
Epoch: 14
batch idx 41 mixup train
batch idx 171 hidden train
10666 torch.Size([50000]) tensor(265.2358, device='cuda:0')
[TRAIN] Acc: 18.750
[TEST] Acc: 22.990
Epoch: 15
batch idx 58 hidden train
batch idx 69 mixup train
10991 torch.Size([50000]) tensor(223.9480, device='cuda:0')
[TRAIN] Acc: 23.750
[TEST] Acc: 24.740
Epoch: 16
batch idx 27 mixup train
batch idx 257 hidden train
10882 torch.Size([50000]) tensor(240.9550, device='cuda:0')
[TRAIN] Acc: 27.500
[TEST] Acc: 24.970
Epoch: 17
batch idx 312 hidden train
batch idx 322 mixup train
11388 torch.Size([50000]) tensor(221.3840, device='cuda:0')
[TRAIN] Acc: 22.500
[TEST] Acc: 25.960
Epoch: 18
batch idx 83 hidden train
batch idx 126 mixup train
12347 torch.Size([50000]) tensor(249.1864, device='cuda:0')
[TRAIN] Acc: 32.500
[TEST] Acc: 29.060
Epoch: 19
batch idx 196 hidden train
batch idx 206 mixup train
13097 torch.Size([50000]) tensor(224.9273, device='cuda:0')
[TRAIN] Acc: 30.000
[TEST] Acc: 28.660
Epoch: 20
batch idx 166 hidden train
batch idx 370 mixup train
14230 torch.Size([50000]) tensor(207.8927, device='cuda:0')
[TRAIN] Acc: 35.000
[TEST] Acc: 30.780
Epoch: 21
batch idx 75 mixup train
batch idx 125 hidden train
14642 torch.Size([50000]) tensor(201.0542, device='cuda:0')
[TRAIN] Acc: 26.250
[TEST] Acc: 36.190
Epoch: 22
batch idx 280 mixup train
batch idx 358 hidden train
15428 torch.Size([50000]) tensor(210.8176, device='cuda:0')
[TRAIN] Acc: 46.250
[TEST] Acc: 39.430
Epoch: 23
batch idx 231 hidden train
batch idx 274 mixup train
16408 torch.Size([50000]) tensor(220.7833, device='cuda:0')
[TRAIN] Acc: 38.750
[TEST] Acc: 40.550
Epoch: 24
batch idx 70 hidden train
batch idx 98 mixup train
17401 torch.Size([50000]) tensor(230.0169, device='cuda:0')
[TRAIN] Acc: 43.750
[TEST] Acc: 40.610
Epoch: 25
batch idx 89 mixup train
batch idx 330 hidden train
18713 torch.Size([50000]) tensor(212.0403, device='cuda:0')
[TRAIN] Acc: 46.250
[TEST] Acc: 47.660
Epoch: 26
batch idx 48 mixup train
batch idx 95 hidden train
20451 torch.Size([50000]) tensor(204.0947, device='cuda:0')
[TRAIN] Acc: 43.750
[TEST] Acc: 45.490
Epoch: 27
batch idx 51 hidden train
batch idx 226 mixup train
20939 torch.Size([50000]) tensor(232.0634, device='cuda:0')
[TRAIN] Acc: 48.750
[TEST] Acc: 51.530
Epoch: 28
batch idx 167 hidden train
batch idx 211 mixup train
22319 torch.Size([50000]) tensor(253.0783, device='cuda:0')
[TRAIN] Acc: 46.250
[TEST] Acc: 53.480
Epoch: 29
batch idx 219 mixup train
batch idx 317 hidden train
22825 torch.Size([50000]) tensor(260.9881, device='cuda:0')
[TRAIN] Acc: 63.750
[TEST] Acc: 51.640
Epoch: 30
batch idx 265 mixup train
batch idx 305 hidden train
23421 torch.Size([50000]) tensor(264.3391, device='cuda:0')
[TRAIN] Acc: 55.000
[TEST] Acc: 57.720
Epoch: 31
batch idx 234 mixup train
batch idx 319 hidden train
23382 torch.Size([50000]) tensor(254.3162, device='cuda:0')
[TRAIN] Acc: 66.250
[TEST] Acc: 59.140
Epoch: 32
batch idx 25 mixup train
batch idx 308 hidden train
24039 torch.Size([50000]) tensor(334.5984, device='cuda:0')
[TRAIN] Acc: 56.250
[TEST] Acc: 58.610
Epoch: 33
batch idx 48 mixup train
batch idx 222 hidden train
24518 torch.Size([50000]) tensor(314.5065, device='cuda:0')
[TRAIN] Acc: 57.500
[TEST] Acc: 61.060
Epoch: 34
batch idx 22 mixup train
batch idx 132 hidden train
25103 torch.Size([50000]) tensor(322.3536, device='cuda:0')
[TRAIN] Acc: 56.250
[TEST] Acc: 63.590
Epoch: 35
batch idx 68 hidden train
batch idx 224 mixup train
25742 torch.Size([50000]) tensor(322.2079, device='cuda:0')
[TRAIN] Acc: 61.250
[TEST] Acc: 58.980
Epoch: 36
batch idx 28 hidden train
batch idx 308 mixup train
25649 torch.Size([50000]) tensor(314.6157, device='cuda:0')
[TRAIN] Acc: 61.250
[TEST] Acc: 60.320
Epoch: 37
batch idx 181 mixup train
batch idx 337 hidden train
25859 torch.Size([50000]) tensor(329.6765, device='cuda:0')
[TRAIN] Acc: 53.750
[TEST] Acc: 61.890
Epoch: 38
batch idx 297 hidden train
batch idx 335 mixup train
26426 torch.Size([50000]) tensor(294.3157, device='cuda:0')
[TRAIN] Acc: 68.750
[TEST] Acc: 65.320
Epoch: 39
batch idx 292 mixup train
batch idx 330 hidden train
26532 torch.Size([50000]) tensor(308.3372, device='cuda:0')
[TRAIN] Acc: 65.000
[TEST] Acc: 67.220
Epoch: 40
batch idx 219 mixup train
batch idx 291 hidden train
26676 torch.Size([50000]) tensor(291.3317, device='cuda:0')
[TRAIN] Acc: 75.000
[TEST] Acc: 64.510
Epoch: 41
batch idx 53 mixup train
batch idx 110 hidden train
27053 torch.Size([50000]) tensor(297.6575, device='cuda:0')
[TRAIN] Acc: 62.500
[TEST] Acc: 64.080
Epoch: 42
batch idx 29 mixup train
batch idx 309 hidden train
27527 torch.Size([50000]) tensor(306.0174, device='cuda:0')
[TRAIN] Acc: 66.250
[TEST] Acc: 65.380
Epoch: 43
batch idx 62 hidden train
batch idx 218 mixup train
28126 torch.Size([50000]) tensor(307.8360, device='cuda:0')
[TRAIN] Acc: 72.500
[TEST] Acc: 67.120
Epoch: 44
batch idx 167 mixup train
batch idx 385 hidden train
28341 torch.Size([50000]) tensor(299.2612, device='cuda:0')
[TRAIN] Acc: 68.750
[TEST] Acc: 68.570
Epoch: 45
batch idx 116 hidden train
batch idx 189 mixup train
29534 torch.Size([50000]) tensor(305.6038, device='cuda:0')
[TRAIN] Acc: 67.500
[TEST] Acc: 66.830
Epoch: 46
batch idx 152 mixup train
batch idx 229 hidden train
29293 torch.Size([50000]) tensor(318.7388, device='cuda:0')
[TRAIN] Acc: 80.000
[TEST] Acc: 72.490
Epoch: 47
batch idx 72 hidden train
batch idx 209 mixup train
29351 torch.Size([50000]) tensor(345.9368, device='cuda:0')
[TRAIN] Acc: 75.000
[TEST] Acc: 70.790
Epoch: 48
batch idx 151 mixup train
batch idx 338 hidden train
29182 torch.Size([50000]) tensor(312.0781, device='cuda:0')
[TRAIN] Acc: 66.250
[TEST] Acc: 69.990
Epoch: 49
batch idx 85 mixup train
batch idx 123 hidden train
30577 torch.Size([50000]) tensor(329.9474, device='cuda:0')
[TRAIN] Acc: 73.750
[TEST] Acc: 69.590
Epoch: 50
batch idx 362 hidden train
batch idx 364 mixup train
30176 torch.Size([50000]) tensor(312.2501, device='cuda:0')
[TRAIN] Acc: 72.500
[TEST] Acc: 75.570
Epoch: 51
batch idx 305 hidden train
batch idx 335 mixup train
30183 torch.Size([50000]) tensor(314.8963, device='cuda:0')
[TRAIN] Acc: 81.250
[TEST] Acc: 74.790
Epoch: 52
batch idx 141 hidden train
batch idx 362 mixup train
30627 torch.Size([50000]) tensor(315.9167, device='cuda:0')
[TRAIN] Acc: 81.250
[TEST] Acc: 75.440
Epoch: 53
batch idx 55 mixup train
batch idx 328 hidden train
29962 torch.Size([50000]) tensor(315.0038, device='cuda:0')
[TRAIN] Acc: 65.000
[TEST] Acc: 74.010
Epoch: 54
batch idx 113 mixup train
batch idx 361 hidden train
31096 torch.Size([50000]) tensor(335.4385, device='cuda:0')
[TRAIN] Acc: 77.500
[TEST] Acc: 73.330
Epoch: 55
batch idx 123 mixup train
batch idx 357 hidden train
31264 torch.Size([50000]) tensor(337.4634, device='cuda:0')
[TRAIN] Acc: 81.250
[TEST] Acc: 76.470
Epoch: 56
batch idx 241 hidden train
batch idx 243 mixup train
31081 torch.Size([50000]) tensor(334.1131, device='cuda:0')
[TRAIN] Acc: 81.250
[TEST] Acc: 76.220
Epoch: 57
batch idx 72 hidden train
batch idx 376 mixup train
30557 torch.Size([50000]) tensor(321.5134, device='cuda:0')
[TRAIN] Acc: 75.000
[TEST] Acc: 76.090
Epoch: 58
batch idx 40 mixup train
batch idx 272 hidden train
31849 torch.Size([50000]) tensor(329.5047, device='cuda:0')
[TRAIN] Acc: 72.500
[TEST] Acc: 75.630
Epoch: 59
batch idx 0 hidden train
batch idx 217 mixup train
31108 torch.Size([50000]) tensor(342.4054, device='cuda:0')
[TRAIN] Acc: 81.250
[TEST] Acc: 75.660
Epoch: 60
batch idx 198 mixup train
batch idx 224 hidden train
31660 torch.Size([50000]) tensor(332.4094, device='cuda:0')
[TRAIN] Acc: 78.750
[TEST] Acc: 77.820
Epoch: 61
batch idx 65 hidden train
batch idx 160 mixup train
30482 torch.Size([50000]) tensor(326.9051, device='cuda:0')
[TRAIN] Acc: 75.000
[TEST] Acc: 71.640
0.03,0.3067
Epoch: 62
batch idx 41 hidden train
batch idx 184 mixup train
31163 torch.Size([50000]) tensor(350.1808, device='cuda:0')
[TRAIN] Acc: 82.500
[TEST] Acc: 74.300
0.03,0.311
Epoch: 63
batch idx 148 mixup train
batch idx 164 hidden train
31890 torch.Size([50000]) tensor(334.1296, device='cuda:0')
[TRAIN] Acc: 75.000
[TEST] Acc: 75.550
0.03,0.3266
Epoch: 64
batch idx 60 hidden train
batch idx 91 mixup train
31788 torch.Size([50000]) tensor(328.8002, device='cuda:0')
[TRAIN] Acc: 83.750
[TEST] Acc: 73.340
0.03,0.3175
Epoch: 65
batch idx 59 hidden train
batch idx 207 mixup train
31642 torch.Size([50000]) tensor(332.6342, device='cuda:0')
[TRAIN] Acc: 81.250
[TEST] Acc: 71.470
0.03,0.3262
Epoch: 66
batch idx 150 mixup train
batch idx 361 hidden train
31611 torch.Size([50000]) tensor(346.8038, device='cuda:0')
[TRAIN] Acc: 70.000
[TEST] Acc: 76.320
0.03,0.3264
Epoch: 67
batch idx 64 mixup train
batch idx 145 hidden train
32219 torch.Size([50000]) tensor(331.0919, device='cuda:0')
[TRAIN] Acc: 81.250
[TEST] Acc: 74.470
0.03,0.3161
Epoch: 68
batch idx 234 mixup train
batch idx 369 hidden train
31743 torch.Size([50000]) tensor(339.7305, device='cuda:0')
[TRAIN] Acc: 78.750
[TEST] Acc: 76.530
0.03,0.3208
Epoch: 69
batch idx 230 hidden train
batch idx 276 mixup train
31879 torch.Size([50000]) tensor(339.4162, device='cuda:0')
[TRAIN] Acc: 76.250
[TEST] Acc: 76.380
0.03,0.326
Epoch: 70
batch idx 249 mixup train
batch idx 365 hidden train
32361 torch.Size([50000]) tensor(354.4807, device='cuda:0')
[TRAIN] Acc: 83.750
[TEST] Acc: 72.460
0.03,0.3293
Epoch: 71
batch idx 185 mixup train
batch idx 366 hidden train
31903 torch.Size([50000]) tensor(359.5947, device='cuda:0')
[TRAIN] Acc: 76.250
[TEST] Acc: 74.120
0.03,0.334
Epoch: 72
batch idx 29 hidden train
batch idx 162 mixup train
32272 torch.Size([50000]) tensor(356.1621, device='cuda:0')
[TRAIN] Acc: 80.000
[TEST] Acc: 79.030
0.03,0.3302
Epoch: 73
batch idx 299 mixup train
batch idx 335 hidden train
32533 torch.Size([50000]) tensor(352.9247, device='cuda:0')
[TRAIN] Acc: 77.500
[TEST] Acc: 74.640
0.03,0.3367
Epoch: 74
batch idx 159 hidden train
batch idx 161 mixup train
32586 torch.Size([50000]) tensor(344.1273, device='cuda:0')
[TRAIN] Acc: 77.500
[TEST] Acc: 78.980
0.03,0.3682
Epoch: 75
batch idx 9 hidden train
batch idx 390 mixup train
32607 torch.Size([50000]) tensor(362.7738, device='cuda:0')
[TRAIN] Acc: 82.500
[TEST] Acc: 75.700
0.03,0.3489
Epoch: 76
batch idx 140 mixup train
batch idx 185 hidden train
31843 torch.Size([50000]) tensor(366.6071, device='cuda:0')
[TRAIN] Acc: 80.000
[TEST] Acc: 78.950
0.03,0.3417
Epoch: 77
batch idx 265 mixup train
batch idx 383 hidden train
32344 torch.Size([50000]) tensor(383.0615, device='cuda:0')
[TRAIN] Acc: 75.000
[TEST] Acc: 75.440
0.03,0.3268
Epoch: 78
batch idx 131 hidden train
batch idx 222 mixup train
32773 torch.Size([50000]) tensor(350.3054, device='cuda:0')
[TRAIN] Acc: 81.250
[TEST] Acc: 74.690
0.03,0.3032
Epoch: 79
batch idx 109 mixup train
batch idx 347 hidden train
33140 torch.Size([50000]) tensor(363.7830, device='cuda:0')
[TRAIN] Acc: 83.750
[TEST] Acc: 74.420
0.03,0.315
Epoch: 80
batch idx 75 mixup train
batch idx 272 hidden train
38752 torch.Size([50000]) tensor(418.4658, device='cuda:0')
[TRAIN] Acc: 87.500
[TEST] Acc: 83.800
0.03,0.4329
Epoch: 81
batch idx 77 mixup train
batch idx 78 hidden train
39162 torch.Size([50000]) tensor(477.2251, device='cuda:0')
[TRAIN] Acc: 87.500
[TEST] Acc: 84.010
0.03,0.4618
Epoch: 82
batch idx 69 hidden train
batch idx 265 mixup train
38509 torch.Size([50000]) tensor(531.6626, device='cuda:0')
[TRAIN] Acc: 78.750
[TEST] Acc: 84.060
0.03,0.4736
Epoch: 83
batch idx 28 mixup train
batch idx 165 hidden train
37912 torch.Size([50000]) tensor(571.0569, device='cuda:0')
[TRAIN] Acc: 86.250
[TEST] Acc: 83.640
0.03,0.4916
Epoch: 84
batch idx 93 hidden train
batch idx 144 mixup train
37845 torch.Size([50000]) tensor(605.0476, device='cuda:0')
[TRAIN] Acc: 92.500
[TEST] Acc: 83.820
0.03,0.5298
Epoch: 85
batch idx 69 mixup train
batch idx 309 hidden train
37673 torch.Size([50000]) tensor(632.0533, device='cuda:0')
[TRAIN] Acc: 80.000
[TEST] Acc: 83.000
0.03,0.5205
Epoch: 86
batch idx 148 hidden train
batch idx 313 mixup train
37340 torch.Size([50000]) tensor(647.7690, device='cuda:0')
[TRAIN] Acc: 86.250
[TEST] Acc: 82.950
0.03,0.5299
Epoch: 87
batch idx 23 mixup train
batch idx 86 hidden train
37357 torch.Size([50000]) tensor(659.6626, device='cuda:0')
[TRAIN] Acc: 76.250
[TEST] Acc: 82.800
0.03,0.5158
Epoch: 88
batch idx 169 hidden train
batch idx 217 mixup train
37623 torch.Size([50000]) tensor(670.6231, device='cuda:0')
[TRAIN] Acc: 82.500
[TEST] Acc: 82.510
0.03,0.5169
Epoch: 89
batch idx 162 mixup train
batch idx 272 hidden train
37269 torch.Size([50000]) tensor(673.5992, device='cuda:0')
[TRAIN] Acc: 80.000
[TEST] Acc: 81.800
0.03,0.5323
Epoch: 90
batch idx 19 mixup train
batch idx 172 hidden train
37568 torch.Size([50000]) tensor(678.7764, device='cuda:0')
[TRAIN] Acc: 81.250
[TEST] Acc: 80.460
0.03,0.5079
Epoch: 91
batch idx 48 mixup train
batch idx 75 hidden train
37377 torch.Size([50000]) tensor(669.3903, device='cuda:0')
[TRAIN] Acc: 81.250
[TEST] Acc: 82.460
0.03,0.5143
Epoch: 92
batch idx 93 hidden train
batch idx 183 mixup train
37957 torch.Size([50000]) tensor(672.0005, device='cuda:0')
[TRAIN] Acc: 88.750
[TEST] Acc: 81.930
0.03,0.538
Epoch: 93
batch idx 91 hidden train
batch idx 342 mixup train
38167 torch.Size([50000]) tensor(675.8369, device='cuda:0')
[TRAIN] Acc: 88.750
[TEST] Acc: 82.590
0.03,0.5265
Epoch: 94
batch idx 122 hidden train
batch idx 157 mixup train
37917 torch.Size([50000]) tensor(677.6147, device='cuda:0')
[TRAIN] Acc: 77.500
[TEST] Acc: 82.850
0.03,0.5394
Epoch: 95
batch idx 5 hidden train
batch idx 93 mixup train
37942 torch.Size([50000]) tensor(676.9919, device='cuda:0')
[TRAIN] Acc: 81.250
[TEST] Acc: 83.140
0.03,0.5382
Epoch: 96
batch idx 86 hidden train
batch idx 111 mixup train
38028 torch.Size([50000]) tensor(678.4745, device='cuda:0')
[TRAIN] Acc: 83.750
[TEST] Acc: 82.790
0.03,0.5269
Epoch: 97
batch idx 149 hidden train
batch idx 321 mixup train
37904 torch.Size([50000]) tensor(678.3060, device='cuda:0')
[TRAIN] Acc: 81.250
[TEST] Acc: 82.750
0.03,0.5182
Epoch: 98
batch idx 99 hidden train
batch idx 354 mixup train
37634 torch.Size([50000]) tensor(675.5590, device='cuda:0')
[TRAIN] Acc: 88.750
[TEST] Acc: 82.340
0.03,0.5401
Epoch: 99
batch idx 291 mixup train
batch idx 312 hidden train
38299 torch.Size([50000]) tensor(681.4093, device='cuda:0')
[TRAIN] Acc: 87.500
[TEST] Acc: 83.280
0.03,0.5567
Epoch: 100
batch idx 179 hidden train
batch idx 342 mixup train
38268 torch.Size([50000]) tensor(687.3318, device='cuda:0')
[TRAIN] Acc: 82.500
[TEST] Acc: 82.640
0.03,0.5317
Epoch: 101
batch idx 292 hidden train
batch idx 360 mixup train
38117 torch.Size([50000]) tensor(689.8419, device='cuda:0')
[TRAIN] Acc: 86.250
[TEST] Acc: 83.250
0.03,0.539
Epoch: 102
batch idx 107 hidden train
batch idx 369 mixup train
38130 torch.Size([50000]) tensor(692.1870, device='cuda:0')
[TRAIN] Acc: 86.250
[TEST] Acc: 82.820
0.03,0.538
Epoch: 103
batch idx 347 hidden train
batch idx 390 mixup train
38010 torch.Size([50000]) tensor(689.2523, device='cuda:0')
[TRAIN] Acc: 67.500
[TEST] Acc: 83.400
0.03,0.5576
Epoch: 104
batch idx 225 mixup train
batch idx 254 hidden train
38184 torch.Size([50000]) tensor(688.5894, device='cuda:0')
[TRAIN] Acc: 85.000
[TEST] Acc: 83.390
0.03,0.5371
Epoch: 105
batch idx 30 mixup train
batch idx 51 hidden train
38029 torch.Size([50000]) tensor(684.1254, device='cuda:0')
[TRAIN] Acc: 80.000
[TEST] Acc: 83.080
0.03,0.5447
Epoch: 106
batch idx 67 hidden train
batch idx 124 mixup train
38423 torch.Size([50000]) tensor(686.2015, device='cuda:0')
[TRAIN] Acc: 90.000
[TEST] Acc: 83.520
0.03,0.5364
Epoch: 107
batch idx 134 mixup train
batch idx 253 hidden train
38096 torch.Size([50000]) tensor(680.1022, device='cuda:0')
[TRAIN] Acc: 92.500
[TEST] Acc: 83.290
0.03,0.5394
Epoch: 108
batch idx 33 mixup train
batch idx 70 hidden train
38333 torch.Size([50000]) tensor(681.2288, device='cuda:0')
[TRAIN] Acc: 78.750
[TEST] Acc: 83.520
0.03,0.5516
Epoch: 109
batch idx 212 hidden train
batch idx 247 mixup train
38728 torch.Size([50000]) tensor(687.0132, device='cuda:0')
[TRAIN] Acc: 92.500
[TEST] Acc: 83.930
0.03,0.5612
Epoch: 110
batch idx 191 mixup train
batch idx 217 hidden train
38276 torch.Size([50000]) tensor(685.6539, device='cuda:0')
[TRAIN] Acc: 90.000
[TEST] Acc: 83.320
0.03,0.5496
Epoch: 111
batch idx 216 mixup train
batch idx 255 hidden train
38348 torch.Size([50000]) tensor(686.5773, device='cuda:0')
[TRAIN] Acc: 91.250
[TEST] Acc: 82.960
0.03,0.5572
Epoch: 112
batch idx 34 mixup train
batch idx 264 hidden train
38470 torch.Size([50000]) tensor(689.7180, device='cuda:0')
[TRAIN] Acc: 88.750
[TEST] Acc: 83.330
0.03,0.5697
Epoch: 113
batch idx 106 mixup train
batch idx 208 hidden train
38636 torch.Size([50000]) tensor(691.3135, device='cuda:0')
[TRAIN] Acc: 83.750
[TEST] Acc: 84.050
0.03,0.5691
Epoch: 114
batch idx 19 mixup train
batch idx 96 hidden train
38526 torch.Size([50000]) tensor(695.5455, device='cuda:0')
[TRAIN] Acc: 86.250
[TEST] Acc: 82.700
0.03,0.5593
Epoch: 115
batch idx 274 mixup train
batch idx 349 hidden train
38282 torch.Size([50000]) tensor(687.3331, device='cuda:0')
[TRAIN] Acc: 85.000
[TEST] Acc: 84.360
0.03,0.5529
Epoch: 116
batch idx 48 mixup train
batch idx 223 hidden train
38669 torch.Size([50000]) tensor(691.4430, device='cuda:0')
[TRAIN] Acc: 85.000
[TEST] Acc: 83.270
0.03,0.5554
Epoch: 117
batch idx 302 hidden train
batch idx 388 mixup train
38828 torch.Size([50000]) tensor(688.2015, device='cuda:0')
[TRAIN] Acc: 90.000
[TEST] Acc: 83.920
0.03,0.5572
Epoch: 118
batch idx 275 mixup train
batch idx 344 hidden train
38573 torch.Size([50000]) tensor(684.9785, device='cuda:0')
[TRAIN] Acc: 95.000
[TEST] Acc: 84.120
0.03,0.5648
Epoch: 119
batch idx 166 mixup train
batch idx 218 hidden train
38379 torch.Size([50000]) tensor(677.5808, device='cuda:0')
[TRAIN] Acc: 86.250
[TEST] Acc: 83.400
0.03,0.5434
Epoch: 120
batch idx 301 mixup train
batch idx 303 hidden train
38730 torch.Size([50000]) tensor(681.8568, device='cuda:0')
[TRAIN] Acc: 86.250
[TEST] Acc: 82.050
0.03,0.5326
Epoch: 121
batch idx 39 hidden train
batch idx 81 mixup train
39228 torch.Size([50000]) tensor(688.8876, device='cuda:0')
[TRAIN] Acc: 83.750
[TEST] Acc: 83.810
0.03,0.5623
Epoch: 122
batch idx 220 mixup train
batch idx 303 hidden train
38736 torch.Size([50000]) tensor(691.0962, device='cuda:0')
[TRAIN] Acc: 87.500
[TEST] Acc: 83.470
0.03,0.5572
Epoch: 123
batch idx 125 mixup train
batch idx 151 hidden train
38465 torch.Size([50000]) tensor(685.2582, device='cuda:0')
[TRAIN] Acc: 86.250
[TEST] Acc: 83.960
0.03,0.5669
Epoch: 124
batch idx 218 hidden train
batch idx 379 mixup train
38942 torch.Size([50000]) tensor(689.2489, device='cuda:0')
[TRAIN] Acc: 81.250
[TEST] Acc: 83.910
0.03,0.5318
Epoch: 125
batch idx 317 mixup train
batch idx 380 hidden train
38931 torch.Size([50000]) tensor(688.5956, device='cuda:0')
[TRAIN] Acc: 88.750
[TEST] Acc: 83.760
0.03,0.5752
Epoch: 126
batch idx 193 hidden train
batch idx 361 mixup train
39120 torch.Size([50000]) tensor(695.0828, device='cuda:0')
[TRAIN] Acc: 92.500
[TEST] Acc: 83.810
0.03,0.5659
Epoch: 127
batch idx 124 hidden train
batch idx 343 mixup train
39120 torch.Size([50000]) tensor(700.0648, device='cuda:0')
[TRAIN] Acc: 88.750
[TEST] Acc: 83.380
0.03,0.5592
Epoch: 128
batch idx 25 hidden train
batch idx 173 mixup train
38812 torch.Size([50000]) tensor(699.7351, device='cuda:0')
[TRAIN] Acc: 85.000
[TEST] Acc: 83.580
0.03,0.5795
Epoch: 129
batch idx 226 hidden train
batch idx 321 mixup train
39208 torch.Size([50000]) tensor(701.4658, device='cuda:0')
[TRAIN] Acc: 87.500
[TEST] Acc: 84.330
0.03,0.5697
Epoch: 130
batch idx 265 mixup train
batch idx 290 hidden train
38698 torch.Size([50000]) tensor(698.7000, device='cuda:0')
[TRAIN] Acc: 91.250
[TEST] Acc: 83.150
0.03,0.5531
Epoch: 131
batch idx 91 hidden train
batch idx 295 mixup train
38340 torch.Size([50000]) tensor(686.8689, device='cuda:0')
[TRAIN] Acc: 90.000
[TEST] Acc: 83.550
0.03,0.5509
Epoch: 132
batch idx 211 hidden train
batch idx 325 mixup train
39131 torch.Size([50000]) tensor(692.2837, device='cuda:0')
[TRAIN] Acc: 82.500
[TEST] Acc: 84.390
0.03,0.58
Epoch: 133
batch idx 152 mixup train
batch idx 331 hidden train
39347 torch.Size([50000]) tensor(694.9492, device='cuda:0')
[TRAIN] Acc: 90.000
[TEST] Acc: 84.030
0.03,0.549
Epoch: 134
batch idx 49 hidden train
batch idx 64 mixup train
39255 torch.Size([50000]) tensor(700.2963, device='cuda:0')
[TRAIN] Acc: 82.500
[TEST] Acc: 83.690
0.03,0.565
Epoch: 135
batch idx 352 hidden train
batch idx 374 mixup train
39016 torch.Size([50000]) tensor(699.7620, device='cuda:0')
[TRAIN] Acc: 86.250
[TEST] Acc: 83.530
0.03,0.5533
Epoch: 136
batch idx 91 mixup train
batch idx 354 hidden train
38607 torch.Size([50000]) tensor(687.6044, device='cuda:0')
[TRAIN] Acc: 87.500
[TEST] Acc: 83.650
0.03,0.5655
Epoch: 137
batch idx 95 mixup train
batch idx 102 hidden train
39052 torch.Size([50000]) tensor(689.5864, device='cuda:0')
[TRAIN] Acc: 90.000
[TEST] Acc: 84.500
0.03,0.5837
Epoch: 138
batch idx 62 hidden train
batch idx 143 mixup train
39713 torch.Size([50000]) tensor(697.1740, device='cuda:0')
[TRAIN] Acc: 91.250
[TEST] Acc: 83.480
0.03,0.5596
Epoch: 139
batch idx 144 mixup train
batch idx 290 hidden train
39022 torch.Size([50000]) tensor(695.5571, device='cuda:0')
[TRAIN] Acc: 80.000
[TEST] Acc: 84.250
0.03,0.5831
Epoch: 140
batch idx 82 mixup train
batch idx 262 hidden train
40530 torch.Size([50000]) tensor(712.5569, device='cuda:0')
[TRAIN] Acc: 82.500
[TEST] Acc: 84.860
0.03,0.6279
Epoch: 141
batch idx 33 mixup train
batch idx 346 hidden train
40999 torch.Size([50000]) tensor(744.4565, device='cuda:0')
[TRAIN] Acc: 86.250
[TEST] Acc: 84.900
0.03,0.6337
Epoch: 142
batch idx 18 hidden train
batch idx 356 mixup train
41177 torch.Size([50000]) tensor(771.1260, device='cuda:0')
[TRAIN] Acc: 92.500
[TEST] Acc: 85.180
0.03,0.6367
Epoch: 143
batch idx 169 mixup train
batch idx 286 hidden train
40878 torch.Size([50000]) tensor(791.9642, device='cuda:0')
[TRAIN] Acc: 86.250
[TEST] Acc: 85.150
0.03,0.6542
Epoch: 144
batch idx 250 mixup train
batch idx 277 hidden train
40936 torch.Size([50000]) tensor(811.8914, device='cuda:0')
[TRAIN] Acc: 88.750
[TEST] Acc: 85.370
0.03,0.6557
Epoch: 145
batch idx 178 mixup train
batch idx 382 hidden train
40930 torch.Size([50000]) tensor(827.9137, device='cuda:0')
[TRAIN] Acc: 91.250
[TEST] Acc: 85.430
0.03,0.6569
Epoch: 146
batch idx 264 mixup train
batch idx 348 hidden train
41081 torch.Size([50000]) tensor(837.7692, device='cuda:0')
[TRAIN] Acc: 90.000
[TEST] Acc: 85.350
0.03,0.6524
Epoch: 147
batch idx 112 mixup train
batch idx 236 hidden train
41141 torch.Size([50000]) tensor(848.0195, device='cuda:0')
[TRAIN] Acc: 87.500
[TEST] Acc: 85.420
0.03,0.6561
Epoch: 148
batch idx 91 mixup train
batch idx 257 hidden train
40967 torch.Size([50000]) tensor(855.1101, device='cuda:0')
[TRAIN] Acc: 91.250
[TEST] Acc: 85.390
0.03,0.6584
Epoch: 149
batch idx 70 mixup train
batch idx 84 hidden train
40968 torch.Size([50000]) tensor(857.1343, device='cuda:0')
[TRAIN] Acc: 90.000
[TEST] Acc: 85.450
0.03,0.6684
Epoch: 150
batch idx 162 hidden train
batch idx 230 mixup train
41067 torch.Size([50000]) tensor(859.1339, device='cuda:0')
[TRAIN] Acc: 88.750
[TEST] Acc: 85.410
0.03,0.6637
Epoch: 151
batch idx 319 mixup train
batch idx 353 hidden train
41206 torch.Size([50000]) tensor(863.2642, device='cuda:0')
[TRAIN] Acc: 88.750
[TEST] Acc: 85.480
0.03,0.6479
Epoch: 152
batch idx 225 mixup train
batch idx 293 hidden train
41144 torch.Size([50000]) tensor(863.0268, device='cuda:0')
[TRAIN] Acc: 91.250
[TEST] Acc: 85.380
0.03,0.6628
Epoch: 153
batch idx 21 hidden train
batch idx 93 mixup train
41390 torch.Size([50000]) tensor(866.9746, device='cuda:0')
[TRAIN] Acc: 92.500
[TEST] Acc: 85.380
0.03,0.6422
Epoch: 154
batch idx 177 mixup train
batch idx 357 hidden train
41171 torch.Size([50000]) tensor(866.0967, device='cuda:0')
[TRAIN] Acc: 86.250
[TEST] Acc: 85.500
0.03,0.6448
Epoch: 155
batch idx 17 mixup train
batch idx 33 hidden train
41301 torch.Size([50000]) tensor(868.6398, device='cuda:0')
[TRAIN] Acc: 93.750
[TEST] Acc: 85.550
0.03,0.6803
Epoch: 156
batch idx 270 hidden train
batch idx 360 mixup train
41282 torch.Size([50000]) tensor(870.6104, device='cuda:0')
[TRAIN] Acc: 90.000
[TEST] Acc: 85.610
0.03,0.6688
Epoch: 157
batch idx 76 hidden train
batch idx 280 mixup train
41185 torch.Size([50000]) tensor(869.5241, device='cuda:0')
[TRAIN] Acc: 90.000
[TEST] Acc: 85.590
0.03,0.6728
Epoch: 158
batch idx 53 mixup train
batch idx 344 hidden train
41541 torch.Size([50000]) tensor(874.5905, device='cuda:0')
[TRAIN] Acc: 87.500
[TEST] Acc: 85.400
0.03,0.6763
Epoch: 159
batch idx 319 mixup train
batch idx 378 hidden train
41404 torch.Size([50000]) tensor(876.6981, device='cuda:0')
[TRAIN] Acc: 93.750
[TEST] Acc: 85.510
0.03,0.6695
Epoch: 160
batch idx 120 mixup train
batch idx 215 hidden train
41411 torch.Size([50000]) tensor(878.0626, device='cuda:0')
[TRAIN] Acc: 80.000
[TEST] Acc: 85.720
0.03,0.6672
Epoch: 161
batch idx 178 hidden train
batch idx 298 mixup train
41507 torch.Size([50000]) tensor(880.8516, device='cuda:0')
[TRAIN] Acc: 88.750
[TEST] Acc: 85.790
0.03,0.6605
Epoch: 162
batch idx 155 hidden train
batch idx 336 mixup train
41590 torch.Size([50000]) tensor(884.2363, device='cuda:0')
[TRAIN] Acc: 95.000
[TEST] Acc: 85.700
0.03,0.6691
Epoch: 163
batch idx 90 mixup train
batch idx 354 hidden train
41467 torch.Size([50000]) tensor(882.1162, device='cuda:0')
[TRAIN] Acc: 91.250
[TEST] Acc: 85.660
0.03,0.661
Epoch: 164
batch idx 114 mixup train
batch idx 136 hidden train
41254 torch.Size([50000]) tensor(879.3933, device='cuda:0')
[TRAIN] Acc: 87.500
[TEST] Acc: 85.770
0.03,0.6784
Epoch: 165
batch idx 108 hidden train
batch idx 358 mixup train
41650 torch.Size([50000]) tensor(884.2517, device='cuda:0')
[TRAIN] Acc: 90.000
[TEST] Acc: 85.830
0.03,0.6749
Epoch: 166
batch idx 81 mixup train
batch idx 258 hidden train
41357 torch.Size([50000]) tensor(881.9613, device='cuda:0')
[TRAIN] Acc: 90.000
[TEST] Acc: 85.770
0.03,0.673
Epoch: 167
batch idx 43 hidden train
batch idx 343 mixup train
41684 torch.Size([50000]) tensor(884.8805, device='cuda:0')
[TRAIN] Acc: 91.250
[TEST] Acc: 85.780
0.03,0.6646
Epoch: 168
batch idx 110 hidden train
batch idx 145 mixup train
41553 torch.Size([50000]) tensor(885.7578, device='cuda:0')
[TRAIN] Acc: 87.500
[TEST] Acc: 85.750
0.03,0.6741
Epoch: 169
batch idx 314 hidden train
batch idx 338 mixup train
41566 torch.Size([50000]) tensor(883.1891, device='cuda:0')
[TRAIN] Acc: 88.750
[TEST] Acc: 85.920
0.03,0.6728
Epoch: 170
batch idx 169 mixup train
batch idx 270 hidden train
41721 torch.Size([50000]) tensor(885.6938, device='cuda:0')
[TRAIN] Acc: 83.750
[TEST] Acc: 85.770
0.03,0.6689
Epoch: 171
batch idx 260 mixup train
batch idx 334 hidden train
41678 torch.Size([50000]) tensor(889.2671, device='cuda:0')
[TRAIN] Acc: 88.750
[TEST] Acc: 85.940
0.03,0.6693
Epoch: 172
batch idx 155 mixup train
batch idx 169 hidden train
41849 torch.Size([50000]) tensor(893.3640, device='cuda:0')
[TRAIN] Acc: 87.500
[TEST] Acc: 85.830
0.03,0.6774
Epoch: 173
batch idx 96 hidden train
batch idx 177 mixup train
41774 torch.Size([50000]) tensor(898.4659, device='cuda:0')
[TRAIN] Acc: 90.000
[TEST] Acc: 85.800
0.03,0.6929
Epoch: 174
batch idx 249 mixup train
batch idx 250 hidden train
41756 torch.Size([50000]) tensor(900.6121, device='cuda:0')
[TRAIN] Acc: 96.250
[TEST] Acc: 85.860
0.03,0.6884
Epoch: 175
batch idx 159 hidden train
batch idx 307 mixup train
41805 torch.Size([50000]) tensor(901.6167, device='cuda:0')
[TRAIN] Acc: 97.500
[TEST] Acc: 85.720
0.03,0.6774
Epoch: 176
batch idx 327 mixup train
batch idx 331 hidden train
41756 torch.Size([50000]) tensor(901.5347, device='cuda:0')
[TRAIN] Acc: 86.250
[TEST] Acc: 85.670
0.03,0.675
Epoch: 177
batch idx 4 mixup train
batch idx 299 hidden train
42011 torch.Size([50000]) tensor(905.9934, device='cuda:0')
[TRAIN] Acc: 87.500
[TEST] Acc: 85.830
0.03,0.6753
Epoch: 178
batch idx 203 mixup train
batch idx 350 hidden train
41510 torch.Size([50000]) tensor(904.4496, device='cuda:0')
[TRAIN] Acc: 85.000
[TEST] Acc: 85.770
0.03,0.6683
Epoch: 179
batch idx 40 hidden train
batch idx 186 mixup train
41552 torch.Size([50000]) tensor(896.0657, device='cuda:0')
[TRAIN] Acc: 93.750
[TEST] Acc: 86.050
0.03,0.6828
Epoch: 180
batch idx 8 mixup train
batch idx 198 hidden train
41785 torch.Size([50000]) tensor(898.6007, device='cuda:0')
[TRAIN] Acc: 93.750
[TEST] Acc: 86.020
0.03,0.6714
Epoch: 181
batch idx 106 hidden train
batch idx 214 mixup train
41736 torch.Size([50000]) tensor(895.9108, device='cuda:0')
[TRAIN] Acc: 91.250
[TEST] Acc: 85.940
0.03,0.6847
Epoch: 182
batch idx 343 hidden train
batch idx 352 mixup train
41961 torch.Size([50000]) tensor(901.2956, device='cuda:0')
[TRAIN] Acc: 91.250
[TEST] Acc: 85.940
0.03,0.6793
Epoch: 183
batch idx 74 hidden train
batch idx 206 mixup train
41929 torch.Size([50000]) tensor(903.7321, device='cuda:0')
[TRAIN] Acc: 86.250
[TEST] Acc: 86.070
0.03,0.6798
Epoch: 184
batch idx 165 mixup train
batch idx 214 hidden train
41879 torch.Size([50000]) tensor(904.1283, device='cuda:0')
[TRAIN] Acc: 88.750
[TEST] Acc: 85.900
0.03,0.6769
Epoch: 185
batch idx 59 hidden train
batch idx 231 mixup train
41965 torch.Size([50000]) tensor(907.5167, device='cuda:0')
[TRAIN] Acc: 91.250
[TEST] Acc: 85.990
0.03,0.6849
Epoch: 186
batch idx 23 hidden train
batch idx 252 mixup train
41872 torch.Size([50000]) tensor(909.8849, device='cuda:0')
[TRAIN] Acc: 81.250
[TEST] Acc: 85.880
0.03,0.6821
Epoch: 187
batch idx 58 hidden train
batch idx 94 mixup train
41787 torch.Size([50000]) tensor(908.5640, device='cuda:0')
[TRAIN] Acc: 93.750
[TEST] Acc: 85.960
0.03,0.6913
Epoch: 188
batch idx 191 mixup train
batch idx 388 hidden train
42034 torch.Size([50000]) tensor(910.5220, device='cuda:0')
[TRAIN] Acc: 91.250
[TEST] Acc: 85.870
0.03,0.6834
Epoch: 189
batch idx 12 hidden train
batch idx 179 mixup train
42055 torch.Size([50000]) tensor(915.3164, device='cuda:0')
[TRAIN] Acc: 83.750
[TEST] Acc: 85.890
0.03,0.6809
Epoch: 190
batch idx 59 mixup train
batch idx 91 hidden train
41932 torch.Size([50000]) tensor(916.5713, device='cuda:0')
[TRAIN] Acc: 95.000
[TEST] Acc: 86.040
0.03,0.6812
Epoch: 191
batch idx 152 mixup train
batch idx 167 hidden train
41925 torch.Size([50000]) tensor(916.2289, device='cuda:0')
[TRAIN] Acc: 91.250
[TEST] Acc: 85.850
0.03,0.6731
Epoch: 192
batch idx 130 mixup train
batch idx 383 hidden train
41825 torch.Size([50000]) tensor(915.6169, device='cuda:0')
[TRAIN] Acc: 87.500
[TEST] Acc: 86.080
0.03,0.6831
Epoch: 193
batch idx 179 mixup train
batch idx 254 hidden train
41949 torch.Size([50000]) tensor(914.3145, device='cuda:0')
[TRAIN] Acc: 90.000
[TEST] Acc: 85.940
0.03,0.6809
Epoch: 194
batch idx 134 mixup train
batch idx 340 hidden train
41926 torch.Size([50000]) tensor(915.2345, device='cuda:0')
[TRAIN] Acc: 93.750
[TEST] Acc: 86.020
0.03,0.6817
Epoch: 195
batch idx 2 mixup train
batch idx 200 hidden train
41883 torch.Size([50000]) tensor(916.3323, device='cuda:0')
[TRAIN] Acc: 90.000
[TEST] Acc: 86.050
0.03,0.6891
Epoch: 196
batch idx 218 hidden train
batch idx 372 mixup train
42018 torch.Size([50000]) tensor(917.4927, device='cuda:0')
[TRAIN] Acc: 87.500
[TEST] Acc: 86.090
0.03,0.6785
Epoch: 197
batch idx 13 mixup train
batch idx 45 hidden train
41902 torch.Size([50000]) tensor(914.6875, device='cuda:0')
[TRAIN] Acc: 96.250
[TEST] Acc: 86.080
0.03,0.6936
Epoch: 198
batch idx 42 mixup train
batch idx 110 hidden train
41966 torch.Size([50000]) tensor(916.0732, device='cuda:0')
[TRAIN] Acc: 88.750
[TEST] Acc: 86.150
0.03,0.6865
Epoch: 199
batch idx 293 mixup train
batch idx 349 hidden train
42130 torch.Size([50000]) tensor(920.3214, device='cuda:0')
[TRAIN] Acc: 88.750
[TEST] Acc: 86.080
0.03,0.6936
